0 5 5 6 5 0
1 4 5 6 5 0
2 5 5 5 5 0
3 5 5 0 5 1
4 4 5 0 5 0
5 3 5 1 5 0
6 2 5 1 5 0
7 1 5 1 5 0
8 1 5 7 9 0
9 1 4 7 9 0
10 1 3 7 9 0
11 0 3 8 9 0
12 1 3 7 9 0
13 1 4 7 9 0
14 2 4 7 9 0
15 3 4 6 9 0
16 3 5 7 9 0
17 3 6 7 8 0
18 4 6 7 9 0
19 3 6 7 9 0
20 3 7 7 9 0
21 2 7 7 8 0
22 1 7 7 8 0
23 2 7 7 8 0
24 2 6 7 7 0
25 2 7 7 8 0
26 3 7 7 9 0
27 2 7 7 9 0
28 1 7 7 9 1
29 2 7 8 9 0
30 3 7 8 9 0
31 4 7 8 9 0
32 4 8 8 9 0
33 5 8 7 9 0
34 6 8 8 9 0
35 5 8 8 9 0
36 4 8 8 9 0
37 5 8 8 9 0
38 5 9 8 8 0
39 5 8 8 8 0
40 5 7 8 8 0
41 6 7 8 8 0
42 7 7 8 8 0
43 8 7 7 8 0
44 7 7 7 8 0
45 7 6 7 7 0
46 6 6 8 7 0
47 5 6 8 7 0
48 5 5 8 7 0
49 6 5 8 7 0
50 7 5 7 7 0
51 8 5 7 7 0
52 8 4 7 8 0
53 9 4 7 8 0
54 8 4 7 8 0
55 8 5 7 8 1
56 8 6 7 8 0
57 9 6 7 8 0
58 9 7 7 8 0
59 8 7 7 8 0
60 8 8 7 8 0
61 8 9 7 7 0
62 8 8 7 7 1
63 8 7 7 8 0
64 7 7 7 8 0
65 6 7 7 8 0
66 6 6 7 8 0
67 7 6 7 9 0
68 8 6 7 9 0
69 8 7 7 9 0
70 7 7 7 9 0
71 8 7 7 8 0
72 8 6 7 7 0
73 7 6 7 7 0
74 6 6 7 7 0
75 6 5 7 7 1
76 6 6 7 6 0
77 6 7 8 6 1
78 7 7 8 7 0
79 8 7 8 8 1
80 8 8 7 8 0
81 9 8 7 7 0
82 9 9 7 8 1
83 8 9 7 8 0
84 8 8 7 7 0
85 7 8 7 7 0
86 8 8 7 7 0
87 9 8 7 7 0
88 8 8 7 6 1
89 8 7 7 6 0
90 7 7 7 6 0
91 6 7 7 6 0
92 7 7 7 6 0
93 7 6 8 6 0
94 8 6 8 6 0
95 8 6 3 9 0
96 8 5 3 9 0
97 7 5 3 9 0
98 8 5 4 9 0
99 7 5 4 9 0
0 5 5 2 5 1
1 4 5 1 5 0
2 3 5 1 5 0
3 2 5 1 6 0
4 2 6 1 6 0
5 3 6 1 6 1
6 2 6 1 7 0
7 1 6 1 8 0
8 0 6 1 8 0
9 0 5 1 9 0
10 0 4 1 8 0
11 1 4 1 8 1
12 1 5 1 7 0
13 1 6 0 7 0
14 1 7 0 7 0
15 0 7 0 7 0
16 0 7 4 7 0
17 0 8 4 7 0
18 0 9 4 7 0
19 1 9 4 8 0
20 1 8 4 8 0
21 2 8 3 8 0
22 2 7 3 7 0
23 3 7 2 7 0
24 2 7 2 7 0
25 2 7 4 6 0
26 1 7 4 5 0
27 2 7 4 5 0
28 2 8 4 5 0
29 2 7 4 5 0
30 3 7 5 5 0
31 3 8 6 5 0
32 2 8 6 5 0
33 2 7 7 5 0
34 2 8 8 5 1
35 2 7 8 4 0
36 3 7 8 4 0
37 4 7 8 4 0
38 5 7 7 4 0
39 6 7 7 3 0
40 7 7 7 3 0
41 8 7 7 4 0
42 8 6 7 4 0
43 8 5 7 4 0
44 9 5 7 4 0
45 9 4 7 4 0
46 9 5 7 4 0
47 9 6 8 4 0
48 8 6 8 4 0
49 7 6 8 5 0
50 8 6 7 5 0
51 8 5 7 4 0
52 8 4 6 4 0
53 9 4 6 4 0
54 8 4 6 4 0
55 8 3 6 3 1
56 7 3 5 3 0
57 7 4 6 3 1
58 6 4 6 3 0
59 5 4 6 4 1
60 6 4 5 4 1
61 5 4 4 4 0
62 6 4 4 4 0
63 5 4 5 4 0
64 5 4 7 5 0
65 5 3 7 5 0
66 5 2 7 5 0
67 5 3 7 5 1
68 5 4 8 5 0
69 5 5 8 5 0
70 6 5 7 5 0
71 7 5 7 5 0
72 7 5 6 1 0
73 8 5 6 1 0
74 9 5 5 1 1
75 9 4 6 1 0
76 9 3 6 1 0
77 9 2 6 1 0
78 8 2 7 1 0
79 7 2 7 1 0
80 6 2 7 1 0
81 6 1 7 1 0
82 6 0 7 2 1
83 7 0 6 2 0
84 7 1 6 2 0
85 6 1 6 1 1
86 6 1 5 8 1
87 6 2 5 8 0
88 6 3 5 8 0
89 6 4 6 8 0
90 6 5 7 8 0
91 6 6 7 8 0
92 6 7 7 8 0
93 6 8 7 7 0
94 5 8 8 7 0
95 4 8 7 7 0
96 5 8 7 8 0
97 5 9 7 8 1
98 6 9 7 7 0
99 7 9 7 8 0
0 5 5 3 5 0
1 5 4 4 5 0
2 5 5 4 5 0
3 5 6 3 5 1
4 5 7 2 5 0
5 4 7 3 5 0
6 4 6 3 5 0
7 4 5 3 5 0
8 5 5 3 5 0
9 5 4 4 5 0
10 5 5 3 5 0
11 4 5 3 5 0
12 3 5 3 5 0
13 3 5 7 7 0
14 2 5 7 7 0
15 3 5 7 6 0
16 4 5 7 6 0
17 4 4 7 6 0
18 3 4 7 6 0
19 3 5 7 5 0
20 3 4 7 5 0
21 4 4 7 4 0
22 5 4 7 4 1
23 6 4 7 4 0
24 7 4 7 4 0
25 7 4 3 2 0
26 6 4 3 2 0
27 7 4 4 2 0
28 7 3 4 3 0
29 7 4 5 3 0
30 8 4 5 2 0
31 9 4 5 2 0
32 8 4 6 2 0
33 7 4 6 1 0
34 8 4 6 0 0
35 7 4 6 0 0
36 6 4 7 0 0
37 6 3 6 0 0
38 7 3 6 0 0
39 7 2 7 0 0
40 7 1 6 0 0
41 6 1 6 0 0
42 7 1 5 0 0
43 7 2 4 0 0
44 7 3 5 0 0
45 7 4 5 1 1
46 7 3 5 0 0
47 6 3 5 0 0
48 6 2 5 0 0
49 6 1 5 1 1
50 5 1 6 1 1
51 6 1 6 0 0
52 7 1 6 1 0
53 7 2 7 1 0
54 7 3 6 1 0
55 7 2 6 0 0
56 6 2 6 0 0
57 5 2 5 0 0
58 5 1 6 0 0
59 5 2 6 0 0
60 5 1 6 0 0
61 6 1 6 1 0
62 6 1 6 1 0
63 6 1 9 2 0
64 7 1 9 2 0
65 6 1 9 3 0
66 5 1 9 3 0
67 6 1 9 4 0
68 6 0 9 3 0
69 6 1 9 3 0
70 7 1 9 3 0
71 7 2 9 2 0
72 7 3 9 2 0
73 7 4 9 2 0
74 7 5 9 2 0
75 6 5 9 3 0
76 6 6 9 3 0
77 6 7 9 2 0
78 7 7 9 2 0
79 7 6 9 2 0
80 8 6 9 2 0
81 8 5 9 2 0
82 7 5 9 1 0
83 7 6 8 1 0
84 7 7 8 1 0
85 6 7 8 1 0
86 6 8 8 1 0
87 5 8 8 2 0
88 4 8 7 2 0
89 3 8 6 2 0
90 4 8 6 2 0
91 3 8 5 2 0
92 4 8 5 1 0
93 3 8 5 0 0
94 3 7 4 0 0
95 2 7 4 0 1
96 2 6 3 0 1
97 2 5 2 0 0
98 2 4 2 1 0
99 2 3 2 1 1
0 5 5 3 1 0
1 5 6 3 1 0
2 5 5 3 1 0
3 4 5 2 1 0
4 4 6 2 0 1
5 4 5 2 0 0
6 4 4 2 1 0
7 4 3 2 2 0
8 3 3 2 1 0
9 3 2 2 2 0
10 3 1 3 2 0
11 2 1 3 3 0
12 3 1 3 4 0
13 3 0 3 5 1
14 3 1 4 5 0
15 3 2 4 5 1
16 3 3 3 5 1
17 3 4 2 5 0
18 3 5 2 5 0
19 3 6 2 5 0
20 3 5 2 5 1
21 2 5 2 5 0
22 2 5 7 9 0
23 1 5 6 9 0
24 1 4 6 8 0
25 2 4 6 7 0
26 2 5 6 7 0
27 3 5 6 7 0
28 2 5 6 7 0
29 2 4 6 7 0
30 1 4 6 6 0
31 2 4 6 7 0
32 2 5 6 7 0
33 2 6 7 7 0
34 2 7 7 7 0
35 1 7 8 7 0
36 1 6 8 7 0
37 1 5 8 8 0
38 2 5 8 7 0
39 3 5 8 7 0
40 3 4 8 8 0
41 3 5 9 8 0
42 4 5 9 8 1
43 5 5 9 8 0
44 6 5 9 7 0
45 7 5 9 6 0
46 8 5 8 6 0
47 8 6 8 5 0
48 9 6 7 5 0
49 9 7 7 4 0
50 9 8 7 4 0
51 8 8 7 3 0
52 8 7 7 4 0
53 8 8 7 4 0
54 7 8 7 5 0
55 6 8 6 5 0
56 7 8 6 5 0
57 7 9 6 4 0
58 8 9 6 5 0
59 7 9 5 5 0
60 7 8 5 5 0
61 7 9 5 5 0
62 7 8 5 5 0
63 6 8 5 5 0
64 7 8 5 5 0
65 7 7 5 5 0
66 8 7 5 5 0
67 8 6 4 5 0
68 7 6 4 5 0
69 6 6 4 5 0
70 7 6 4 5 1
71 6 6 4 5 0
72 5 6 4 6 0
73 5 5 4 7 0
74 4 5 4 7 0
75 4 6 4 8 1
76 4 7 5 8 0
77 3 7 5 9 0
78 4 7 5 8 0
79 5 7 5 9 0
80 5 8 6 9 0
81 5 9 6 8 0
82 4 9 6 7 0
83 5 9 6 7 0
84 6 9 6 7 0
85 6 8 7 7 0
86 5 8 7 8 0
87 5 7 8 8 0
88 5 8 8 8 0
89 4 8 8 8 0
90 4 7 8 8 1
91 5 7 8 8 0
92 6 7 8 8 0
93 7 7 8 7 1
94 8 7 9 7 0
95 9 7 9 7 0
96 9 7 1 1 0
97 9 6 1 0 0
98 9 7 2 0 0
99 9 8 2 0 0
0 5 5 9 8 0
1 6 5 9 8 0
2 6 6 9 7 1
3 7 6 9 7 0
4 7 7 9 8 0
5 7 6 9 8 0
6 8 6 9 8 0
7 9 6 9 7 0
8 9 7 9 7 1
9 9 7 0 0 0
10 9 8 0 0 0
11 9 9 0 1 0
12 9 8 0 0 0
13 9 7 0 1 0
14 9 6 0 1 0
15 8 6 0 1 0
16 9 6 0 1 0
17 9 5 0 0 0
18 8 5 0 1 1
19 7 5 0 1 0
20 6 5 1 1 0
21 5 5 1 0 0
22 4 5 1 0 0
23 3 5 1 0 0
24 3 4 2 0 0
25 2 4 2 0 0
26 2 3 1 0 0
27 2 2 1 0 0
28 1 2 1 0 0
29 1 1 2 0 0
30 0 1 2 1 0
31 0 2 2 2 1
32 1 2 2 2 0
33 1 3 1 2 0
34 2 3 1 2 0
35 2 2 0 2 0
36 1 2 1 2 0
37 1 2 6 4 0
38 1 3 6 4 0
39 2 3 6 4 0
40 2 2 6 4 0
41 2 1 7 4 0
42 3 1 7 4 0
43 3 2 6 4 1
44 4 2 6 4 1
45 5 2 6 5 0
46 6 2 6 5 0
47 6 3 5 5 0
48 6 2 6 5 0
49 6 3 6 4 1
50 6 4 6 4 1
51 6 4 5 5 0
52 5 4 5 5 0
53 6 4 5 5 0
54 5 4 6 5 0
55 5 5 6 5 0
56 5 4 7 5 0
57 6 4 7 4 0
58 6 3 7 4 0
59 7 3 7 4 0
60 7 4 7 3 0
61 8 4 8 3 0
62 7 4 7 3 0
63 6 4 7 3 1
64 6 3 7 3 0
65 7 3 6 3 0
66 7 2 6 2 0
67 6 2 5 2 0
68 6 3 5 2 0
69 7 3 6 2 0
70 6 3 6 2 0
71 7 3 6 2 0
72 8 3 6 2 0
73 9 3 6 2 0
74 8 3 6 1 1
75 8 2 6 1 0
76 7 2 6 1 0
77 6 2 5 1 0
78 6 1 6 1 0
79 6 1 5 9 0
80 6 0 5 9 0
81 7 0 6 9 0
82 7 1 6 9 1
83 7 2 6 9 0
84 7 3 6 9 0
85 7 4 6 9 0
86 7 5 6 9 0
87 7 6 7 9 0
88 7 7 8 9 0
89 7 8 9 9 0
90 6 8 8 9 0
91 6 9 8 9 1
92 7 9 8 9 0
93 8 9 8 8 0
94 8 8 8 8 0
95 8 8 5 6 0
96 8 9 6 6 0
97 9 9 6 6 0
98 8 9 6 5 0
99 8 8 6 4 0
0 5 5 5 9
1 5 6 5 9
2 6 6 5 9
3 7 6 5 9
4 8 6 5 9
5 8 7 5 9
6 8 8 5 9
7 7 8 5 9
8 6 8 5 9
9 5 8 5 9
10 5 9 1 7
11 5 8 1 7
12 4 8 1 7
13 3 8 1 7
14 3 7 1 7
15 2 7 1 7
16 1 7 6 2
17 1 6 6 2
18 1 5 6 2
19 1 4 6 2
20 1 3 6 2
21 1 2 6 2
22 1 1 6 2
23 2 1 6 2
24 3 1 6 2
25 4 1 6 2
26 5 1 6 2
27 6 1 6 2
28 6 2 9 7
29 6 3 9 7
30 7 3 9 7
31 7 4 9 7
32 8 4 9 7
33 8 5 9 7
34 8 6 9 7
35 9 6 9 7
36 9 7 7 1
37 8 7 7 1
38 7 7 7 1
39 6 7 7 1
40 6 8 7 1
41 5 8 7 1
42 4 8 7 1
43 3 8 7 1
44 2 8 7 1
45 2 7 7 1
46 1 7 7 1
47 1 6 7 1
48 1 5 7 1
49 1 4 7 1
50 1 3 7 1
51 1 2 7 1
52 1 1 7 1
53 2 1 7 1
54 3 1 7 1
55 4 1 7 1
56 5 1 7 1
57 6 1 7 1
58 7 1 4 0
59 8 1 4 0
60 8 2 4 0
61 8 3 4 0
62 8 4 4 0
63 8 5 4 0
64 8 6 4 0
65 8 7 4 0
66 8 8 4 0
67 7 8 4 0
68 6 8 4 0
69 5 8 4 0
70 4 8 4 0
71 3 8 4 0
72 2 8 4 0
73 1 8 4 0
74 1 7 4 0
75 1 6 4 0
76 1 5 4 0
77 1 4 4 0
78 1 3 4 0
79 1 2 4 0
80 1 1 4 0
81 2 1 4 0
82 3 1 4 0
83 3 0 4 0
84 4 0 0 8
85 4 1 0 8
86 4 2 0 8
87 4 3 0 8
88 4 4 0 8
89 5 4 0 8
90 6 4 0 8
91 7 4 0 8
92 8 4 0 8
93 8 5 0 8
94 8 6 0 8
95 8 7 0 8
96 8 8 0 8
97 7 8 0 8
98 6 8 0 8
99 5 8 0 8
0 5 5 7 6
1 6 5 7 6
2 7 5 7 6
3 7 6 9 1
4 7 7 9 1
5 7 8 9 1
6 6 8 9 1
7 5 8 9 1
8 4 8 9 1
9 3 8 9 1
10 2 8 9 1
11 2 7 9 1
12 1 7 9 1
13 1 6 9 1
14 1 5 9 1
15 1 4 9 1
16 1 3 9 1
17 1 2 9 1
18 1 1 9 1
19 2 1 9 1
20 3 1 9 1
21 4 1 9 1
22 5 1 9 1
23 6 1 9 1
24 7 1 9 1
25 8 1 9 1
26 9 1 1 2
27 8 1 1 2
28 8 2 1 2
29 8 1 1 2
30 8 2 1 2
31 7 2 1 2
32 7 3 1 2
33 7 4 1 2
34 7 5 1 2
35 7 6 1 2
36 7 7 1 2
37 7 8 1 2
38 6 8 1 2
39 5 8 1 2
40 4 8 1 2
41 3 8 1 2
42 2 8 1 2
43 1 8 1 2
44 1 7 1 2
45 1 6 1 2
46 1 5 1 2
47 1 4 1 2
48 1 3 1 2
49 1 2 2 6
50 1 1 2 6
51 2 1 2 6
52 3 1 2 6
53 4 1 2 6
54 5 1 2 6
55 6 1 2 6
56 7 1 2 6
57 8 1 2 6
58 8 2 2 6
59 8 3 2 6
60 8 4 2 6
61 7 4 2 6
62 6 4 2 6
63 5 4 2 6
64 4 4 2 6
65 4 5 2 6
66 4 6 2 6
67 4 7 2 6
68 5 7 2 6
69 6 7 2 6
70 7 7 2 6
71 8 7 2 6
72 8 8 2 6
73 7 8 2 6
74 6 8 2 6
75 5 8 2 6
76 4 8 2 6
77 3 8 2 6
78 2 8 2 6
79 1 8 2 6
80 1 7 2 6
81 2 7 2 6
82 2 6 6 7
83 2 5 6 7
84 2 4 6 7
85 2 3 6 7
86 2 2 6 7
87 2 1 6 7
88 3 1 6 7
89 4 1 6 7
90 4 2 6 7
91 4 3 6 7
92 4 4 6 7
93 5 4 6 7
94 5 5 6 7
95 5 6 6 7
96 5 7 6 7
97 6 7 4 4
98 6 6 4 4
99 6 7 4 4
0 5 5 8 7
1 6 5 8 7
2 7 5 8 7
3 8 5 8 7
4 8 6 8 7
5 8 7 4 0
6 8 8 4 0
7 7 8 4 0
8 6 8 4 0
9 5 8 4 0
10 4 8 4 0
11 3 8 4 0
12 2 8 4 0
13 1 8 4 0
14 1 7 4 0
15 1 6 4 0
16 1 5 4 0
17 1 4 4 0
18 1 3 4 0
19 1 2 4 0
20 1 1 4 0
21 2 1 4 0
22 3 1 4 0
23 3 0 4 0
24 4 0 1 7
25 4 1 1 7
26 4 2 1 7
27 5 2 1 7
28 5 3 1 7
29 5 4 1 7
30 5 5 1 7
31 6 5 1 7
32 7 5 1 7
33 7 6 1 7
34 8 6 1 7
35 8 7 1 7
36 8 8 1 7
37 7 8 1 7
38 6 8 1 7
39 5 8 1 7
40 4 8 1 7
41 3 8 1 7
42 2 8 1 7
43 1 8 1 7
44 1 7 6 6
45 1 6 6 6
46 1 5 6 6
47 1 4 6 6
48 1 3 6 6
49 1 2 6 6
50 2 2 6 6
51 2 1 6 6
52 3 1 6 6
53 4 1 6 6
54 5 1 6 6
55 6 1 6 6
56 7 1 6 6
57 8 1 6 6
58 8 2 6 6
59 8 3 6 6
60 8 4 6 6
61 7 4 6 6
62 6 4 6 6
63 5 4 6 6
64 4 4 6 6
65 4 5 6 6
66 4 6 6 6
67 4 7 6 6
68 5 7 6 6
69 6 7 6 6
70 6 6 2 6
71 6 7 2 6
72 7 7 2 6
73 7 8 2 6
74 6 8 2 6
75 5 8 2 6
76 4 8 2 6
77 3 8 2 6
78 2 8 2 6
79 1 8 2 6
80 1 7 2 6
81 2 7 2 6
82 2 6 0 9
83 2 5 0 9
84 1 5 0 9
85 1 4 0 9
86 1 3 0 9
87 1 2 0 9
88 1 1 0 9
89 2 1 0 9
90 3 1 0 9
91 4 1 0 9
92 5 1 0 9
93 6 1 0 9
94 7 1 0 9
95 8 1 0 9
96 8 2 0 9
97 8 3 0 9
98 8 4 0 9
99 7 4 0 9
0 5 5 5 3
1 6 5 5 3
2 7 5 5 3
3 8 5 5 3
4 8 6 5 3
5 8 7 5 3
6 8 8 5 3
7 7 8 5 3
8 6 8 5 3
9 5 8 5 3
10 4 8 5 3
11 3 8 5 3
12 2 8 5 3
13 1 8 5 3
14 1 7 5 3
15 1 6 5 3
16 1 5 5 3
17 1 4 5 3
18 1 3 5 3
19 1 2 5 3
20 1 1 5 3
21 2 1 5 3
22 3 1 5 3
23 4 1 5 3
24 5 1 5 3
25 6 1 5 3
26 7 1 5 3
27 8 1 5 3
28 8 2 5 3
29 8 3 5 3
30 8 4 5 3
31 7 4 5 3
32 6 4 5 3
33 5 4 5 3
34 5 3 9 9
35 5 4 9 9
36 6 4 9 9
37 7 4 9 9
38 8 4 9 9
39 8 5 9 9
40 8 6 9 9
41 7 6 9 9
42 7 7 9 9
43 7 8 9 9
44 6 8 9 9
45 5 8 9 9
46 4 8 9 9
47 3 8 9 9
48 2 8 9 9
49 1 8 9 9
50 1 7 9 9
51 1 6 9 9
52 1 5 9 9
53 1 4 9 9
54 1 3 9 9
55 1 2 9 9
56 1 1 9 9
57 2 1 9 9
58 3 1 9 9
59 4 1 9 9
60 5 1 9 9
61 6 1 9 9
62 7 1 9 9
63 8 1 9 9
64 8 2 9 9
65 8 3 9 9
66 8 4 9 9
67 7 4 9 9
68 6 4 9 9
69 5 4 9 9
70 4 4 9 9
71 4 5 9 9
72 4 6 9 9
73 4 7 9 9
74 5 7 9 9
75 6 7 9 9
76 7 7 9 9
77 8 7 9 9
78 8 8 9 9
79 8 9 9 9
80 9 9 7 7
81 9 8 7 7
82 9 7 7 7
83 8 7 7 7
84 7 7 4 7
85 6 7 4 7
86 5 7 4 7
87 4 7 7 4
88 4 8 7 4
89 4 7 7 4
90 4 6 7 4
91 3 6 7 4
92 3 7 7 4
93 2 7 7 4
94 2 6 7 4
95 2 5 7 4
96 2 4 7 4
97 2 3 7 4
98 2 2 7 4
99 2 1 7 4
0 5 5 1 1
1 6 5 1 1
2 7 5 1 1
3 8 5 1 1
4 8 6 1 1
5 8 7 1 1
6 8 8 1 1
7 7 8 1 1
8 6 8 1 1
9 5 8 1 1
10 4 8 1 1
11 3 8 1 1
12 2 8 1 1
13 2 7 1 1
14 1 7 1 1
15 1 6 1 1
16 1 5 1 1
17 1 4 1 1
18 1 3 1 1
19 1 2 1 1
20 1 1 2 3
21 2 1 2 3
22 3 1 2 3
23 4 1 2 3
24 5 1 2 3
25 6 1 2 3
26 7 1 2 3
27 8 1 2 3
28 8 2 2 3
29 8 3 2 3
30 8 4 2 3
31 7 4 2 3
32 6 4 2 3
33 5 4 2 3
34 4 4 2 3
35 4 5 2 3
36 4 6 2 3
37 4 7 2 3
38 5 7 2 3
39 6 7 2 3
40 7 7 2 3
41 8 7 2 3
42 8 8 2 3
43 7 8 2 3
44 6 8 2 3
45 5 8 2 3
46 4 8 2 3
47 3 8 2 3
48 2 8 2 3
49 1 8 2 3
50 1 7 2 3
51 1 6 2 3
52 1 5 2 3
53 1 4 2 3
54 2 4 2 3
55 2 3 1 9
56 2 2 1 9
57 2 1 1 9
58 3 1 1 9
59 4 1 1 9
60 5 1 1 9
61 6 1 1 9
62 7 1 1 9
63 8 1 1 9
64 8 2 1 9
65 8 3 1 9
66 8 4 1 9
67 7 4 1 9
68 6 4 1 9
69 5 4 1 9
70 4 4 1 9
71 4 5 1 9
72 4 6 1 9
73 4 7 1 9
74 5 7 1 9
75 6 7 1 9
76 7 7 1 9
77 8 7 1 9
78 8 8 1 9
79 7 8 1 9
80 6 8 1 9
81 5 8 1 9
82 4 8 1 9
83 3 8 1 9
84 2 8 1 9
85 2 9 1 9
86 1 9 7 4
87 1 8 7 4
88 1 7 7 4
89 1 6 7 4
90 1 5 7 4
91 1 4 7 4
92 1 3 7 4
93 1 2 7 4
94 1 1 7 4
95 2 1 7 4
96 3 1 7 4
97 4 1 7 4
98 5 1 7 4
99 5 2 7 4
