Iteration 0 Time: 0 0 Loss: 0.001 Win: 0 valueNorm: 5
Iteration 1000 Time: 24 3.843 Loss: 0.383 Win: 0 valueNorm: 5
Iteration 2000 Time: 50 9.425 Loss: 0.323 Win: 0 valueNorm: 5
Iteration 3000 Time: 74 10.949 Loss: 0.467 Win: 0 valueNorm: 5
Iteration 4000 Time: 99 12.254 Loss: 0.448 Win: 0 valueNorm: 5
Iteration 5000 Time: 122 12.872 Loss: 0.493 Win: 0.002 valueNorm: 5 Win Time: 181
Iteration 6000 Time: 147 14.39 Loss: 0.392 Win: 0 valueNorm: 5
Iteration 7000 Time: 172 16.992 Loss: 0.228 Win: 0.011 valueNorm: 5 Win Time: 184.364
Iteration 8000 Time: 198 20.638 Loss: 0.157 Win: 0.069 valueNorm: 5 Win Time: 188.812
Iteration 9000 Time: 224 22.209 Loss: 0.128 Win: 0.101 valueNorm: 5 Win Time: 187.158
Iteration 10000 Time: 250 23.236 Loss: 0.129 Win: 0.126 valueNorm: 5 Win Time: 186.04
Iteration 11000 Time: 277 23.657 Loss: 0.104 Win: 0.121 valueNorm: 5 Win Time: 189.719
Iteration 12000 Time: 303 23.859 Loss: 0.109 Win: 0.135 valueNorm: 5 Win Time: 189.2
Iteration 13000 Time: 329 24.922 Loss: 0.093 Win: 0.167 valueNorm: 5 Win Time: 185.635
Iteration 14000 Time: 355 24.924 Loss: 0.111 Win: 0.185 valueNorm: 5 Win Time: 186.914
Iteration 15000 Time: 381 25.848 Loss: 0.112 Win: 0.22 valueNorm: 5 Win Time: 187.841
Iteration 16000 Time: 408 26.3 Loss: 0.106 Win: 0.229 valueNorm: 5 Win Time: 187.729
Iteration 17000 Time: 433 26.807 Loss: 0.127 Win: 0.267 valueNorm: 5 Win Time: 186.022
Iteration 18000 Time: 459 27.576 Loss: 0.124 Win: 0.299 valueNorm: 5 Win Time: 186.629
Iteration 19000 Time: 485 28.174 Loss: 0.102 Win: 0.326 valueNorm: 5 Win Time: 185.653
Iteration 20000 Time: 511 28.505 Loss: 0.094 Win: 0.329 valueNorm: 5 Win Time: 186.07
Iteration 21000 Time: 537 28.866 Loss: 0.102 Win: 0.353 valueNorm: 5 Win Time: 185.051
Iteration 22000 Time: 563 28.044 Loss: 0.124 Win: 0.329 valueNorm: 5 Win Time: 184.924
Iteration 23000 Time: 589 29.876 Loss: 0.119 Win: 0.43 valueNorm: 5 Win Time: 182.96
Iteration 24000 Time: 614 29.565 Loss: 0.136 Win: 0.444 valueNorm: 5 Win Time: 183.005
Iteration 25000 Time: 640 30.333 Loss: 0.091 Win: 0.456 valueNorm: 5 Win Time: 184.039
Iteration 26000 Time: 666 30.937 Loss: 0.098 Win: 0.491 valueNorm: 5 Win Time: 183.42
Iteration 27000 Time: 692 30.849 Loss: 0.114 Win: 0.486 valueNorm: 5 Win Time: 181.564
Iteration 28000 Time: 717 30.928 Loss: 0.119 Win: 0.504 valueNorm: 5 Win Time: 181.655
Iteration 29000 Time: 743 31.091 Loss: 0.129 Win: 0.513 valueNorm: 5 Win Time: 180.347
Iteration 30000 Time: 768 32.365 Loss: 0.107 Win: 0.585 valueNorm: 5 Win Time: 181.029
Iteration 31000 Time: 794 32.551 Loss: 0.108 Win: 0.597 valueNorm: 5 Win Time: 179.362
Iteration 32000 Time: 819 32.568 Loss: 0.093 Win: 0.611 valueNorm: 5 Win Time: 180.411
Iteration 33000 Time: 845 33.503 Loss: 0.067 Win: 0.645 valueNorm: 5 Win Time: 179.546
Iteration 34000 Time: 870 32.436 Loss: 0.138 Win: 0.626 valueNorm: 5 Win Time: 177.286
Iteration 35000 Time: 895 33.73 Loss: 0.094 Win: 0.694 valueNorm: 5 Win Time: 177.484
Iteration 36000 Time: 920 33.036 Loss: 0.103 Win: 0.678 valueNorm: 5 Win Time: 178.258
Iteration 37000 Time: 945 33.901 Loss: 0.081 Win: 0.685 valueNorm: 5 Win Time: 177.93
Iteration 38000 Time: 970 33.935 Loss: 0.084 Win: 0.707 valueNorm: 5 Win Time: 177.274
Iteration 39000 Time: 995 33.295 Loss: 0.097 Win: 0.666 valueNorm: 5 Win Time: 177.345
Iteration 40000 Time: 1020 34.136 Loss: 0.081 Win: 0.73 valueNorm: 5 Win Time: 178.848
Iteration 41000 Time: 1044 34.112 Loss: 0.091 Win: 0.741 valueNorm: 5 Win Time: 176.744
Iteration 42000 Time: 1070 34.305 Loss: 0.08 Win: 0.735 valueNorm: 5 Win Time: 176.867
Iteration 43000 Time: 1095 34.419 Loss: 0.066 Win: 0.74 valueNorm: 5 Win Time: 176.265
Iteration 44000 Time: 1120 34.741 Loss: 0.063 Win: 0.77 valueNorm: 5 Win Time: 175.139
Iteration 45000 Time: 1144 34.536 Loss: 0.084 Win: 0.764 valueNorm: 5 Win Time: 176.355
Iteration 46000 Time: 1169 34.696 Loss: 0.071 Win: 0.76 valueNorm: 5 Win Time: 176.417
Iteration 47000 Time: 1194 34.788 Loss: 0.073 Win: 0.777 valueNorm: 5 Win Time: 176.427
Iteration 48000 Time: 1220 35.472 Loss: 0.056 Win: 0.81 valueNorm: 5 Win Time: 174.656
Iteration 49000 Time: 1244 35.135 Loss: 0.071 Win: 0.803 valueNorm: 5 Win Time: 174.101
Iteration 50000 Time: 1269 35.117 Loss: 0.065 Win: 0.807 valueNorm: 5 Win Time: 176.076
Iteration 51000 Time: 1294 35.354 Loss: 0.068 Win: 0.817 valueNorm: 5 Win Time: 175.053
Iteration 52000 Time: 1318 35.67 Loss: 0.061 Win: 0.843 valueNorm: 5 Win Time: 174.011
Iteration 53000 Time: 1343 34.42 Loss: 0.099 Win: 0.784 valueNorm: 5 Win Time: 174.671
Iteration 54000 Time: 1367 34.966 Loss: 0.072 Win: 0.799 valueNorm: 5 Win Time: 173.897
Iteration 55000 Time: 1392 35.125 Loss: 0.071 Win: 0.814 valueNorm: 5 Win Time: 174.832
Iteration 56000 Time: 1416 35.462 Loss: 0.065 Win: 0.815 valueNorm: 5 Win Time: 174.701
Iteration 57000 Time: 1441 35.676 Loss: 0.06 Win: 0.844 valueNorm: 5 Win Time: 173.395
Iteration 58000 Time: 1465 35.129 Loss: 0.073 Win: 0.816 valueNorm: 5 Win Time: 172.915
Iteration 59000 Time: 1490 35.03 Loss: 0.085 Win: 0.819 valueNorm: 5 Win Time: 174.116
Iteration 60000 Time: 1514 35.061 Loss: 0.09 Win: 0.802 valueNorm: 5 Win Time: 173.652
Iteration 61000 Time: 1539 35.945 Loss: 0.056 Win: 0.863 valueNorm: 5 Win Time: 172.927
Iteration 62000 Time: 1563 35.869 Loss: 0.058 Win: 0.861 valueNorm: 5 Win Time: 173.056
Iteration 63000 Time: 1587 35.755 Loss: 0.059 Win: 0.851 valueNorm: 5 Win Time: 172.576
Iteration 64000 Time: 1611 35.092 Loss: 0.079 Win: 0.833 valueNorm: 5 Win Time: 172.657
Iteration 65000 Time: 1635 35.848 Loss: 0.048 Win: 0.862 valueNorm: 5 Win Time: 172.461
Iteration 66000 Time: 1659 35.981 Loss: 0.06 Win: 0.865 valueNorm: 5 Win Time: 171.44
Iteration 67000 Time: 1684 35.724 Loss: 0.066 Win: 0.863 valueNorm: 5 Win Time: 172.012
Iteration 68000 Time: 1708 35.63 Loss: 0.066 Win: 0.849 valueNorm: 5 Win Time: 172.034
Iteration 69000 Time: 1732 35.959 Loss: 0.053 Win: 0.866 valueNorm: 5 Win Time: 172.874
Iteration 70000 Time: 1757 35.506 Loss: 0.063 Win: 0.841 valueNorm: 5 Win Time: 173.472
Iteration 71000 Time: 1781 35.325 Loss: 0.069 Win: 0.818 valueNorm: 5 Win Time: 172.104
Iteration 72000 Time: 1806 36.124 Loss: 0.046 Win: 0.868 valueNorm: 5 Win Time: 172.904
Iteration 73000 Time: 1829 34.79 Loss: 0.096 Win: 0.812 valueNorm: 5 Win Time: 170.9
Iteration 74000 Time: 1853 35.006 Loss: 0.088 Win: 0.832 valueNorm: 5 Win Time: 172.008
Iteration 75000 Time: 1877 35.305 Loss: 0.081 Win: 0.844 valueNorm: 5 Win Time: 170.326
Iteration 76000 Time: 1901 35.604 Loss: 0.066 Win: 0.862 valueNorm: 5 Win Time: 170.72
Iteration 77000 Time: 1926 35.868 Loss: 0.059 Win: 0.857 valueNorm: 5 Win Time: 171.009
Iteration 78000 Time: 1950 35.824 Loss: 0.067 Win: 0.866 valueNorm: 5 Win Time: 171.318
Iteration 79000 Time: 1974 35.964 Loss: 0.052 Win: 0.862 valueNorm: 5 Win Time: 173.241
Iteration 80000 Time: 1998 35.24 Loss: 0.072 Win: 0.839 valueNorm: 5 Win Time: 171.315
Iteration 81000 Time: 2022 35.852 Loss: 0.047 Win: 0.849 valueNorm: 5 Win Time: 172.236
Iteration 82000 Time: 2047 35.981 Loss: 0.057 Win: 0.86 valueNorm: 5 Win Time: 171.453
Iteration 83000 Time: 2071 35.903 Loss: 0.062 Win: 0.857 valueNorm: 5 Win Time: 172.309
Iteration 84000 Time: 2095 35.747 Loss: 0.061 Win: 0.853 valueNorm: 5 Win Time: 171.041
Iteration 85000 Time: 2119 36.428 Loss: 0.039 Win: 0.898 valueNorm: 5 Win Time: 170.329
Iteration 86000 Time: 2144 36.291 Loss: 0.044 Win: 0.882 valueNorm: 5 Win Time: 171.307
Iteration 87000 Time: 2168 35.658 Loss: 0.071 Win: 0.863 valueNorm: 5 Win Time: 171.167
Iteration 88000 Time: 2192 35.985 Loss: 0.059 Win: 0.873 valueNorm: 5 Win Time: 171.112
Iteration 89000 Time: 2216 35.591 Loss: 0.075 Win: 0.852 valueNorm: 5 Win Time: 171.284
Iteration 90000 Time: 2240 36.206 Loss: 0.047 Win: 0.879 valueNorm: 5 Win Time: 171.134
Iteration 91000 Time: 2264 35.739 Loss: 0.064 Win: 0.867 valueNorm: 5 Win Time: 169.978
Iteration 92000 Time: 2288 35.705 Loss: 0.068 Win: 0.868 valueNorm: 5 Win Time: 169.736
Iteration 93000 Time: 2311 35.832 Loss: 0.069 Win: 0.874 valueNorm: 5 Win Time: 169.057
Iteration 94000 Time: 2335 36.08 Loss: 0.054 Win: 0.874 valueNorm: 5 Win Time: 170.959
Iteration 95000 Time: 2360 36.127 Loss: 0.045 Win: 0.874 valueNorm: 5 Win Time: 171.939
Iteration 96000 Time: 2383 35.379 Loss: 0.075 Win: 0.85 valueNorm: 5 Win Time: 171.068
Iteration 97000 Time: 2407 35.359 Loss: 0.08 Win: 0.85 valueNorm: 5 Win Time: 169.406
Iteration 98000 Time: 2430 35.997 Loss: 0.064 Win: 0.891 valueNorm: 5 Win Time: 170.231
Iteration 99000 Time: 2454 35.95 Loss: 0.064 Win: 0.884 valueNorm: 5 Win Time: 170.258
Evaluation score: 35.6469
