Time: 0 Agent: 5 5 Token: 0 3Policy: 1.18179e-05 1.97096e-07 0.0441254 0.955863 
Value: 0.867127
Action: 3 Reward: 0

Time: 1 Agent: 4 5 Token: 0 3Policy: 1.73974e-06 1.03742e-07 0.160189 0.839809 
Value: 1.22599
Action: 3 Reward: 0

Time: 2 Agent: 3 5 Token: 0 3Policy: 8.07128e-07 9.50806e-08 0.27929 0.720709 
Value: 1.39225
Action: 3 Reward: 0

Time: 3 Agent: 2 5 Token: 0 3Policy: 6.36069e-07 2.7209e-07 0.586283 0.413716 
Value: 1.5523
Action: 2 Reward: 0

Time: 4 Agent: 2 4 Token: 0 3Policy: 3.13403e-06 1.91628e-07 0.161624 0.838373 
Value: 1.69678
Action: 3 Reward: 0

Time: 5 Agent: 1 4 Token: 0 3Policy: 1.50929e-05 1.05728e-05 0.709365 0.29061 
Value: 1.91487
Action: 2 Reward: 0

Time: 6 Agent: 1 3 Token: 0 3Policy: 0.00752643 3.78146e-05 0.0164124 0.976023 
Value: 2.03808
Action: 3 Reward: 1

Time: 7 Agent: 0 3 Token: 0 1Policy: 3.41432e-07 0.00101761 0.998834 0.000148027 
Value: 1.86447
Action: 2 Reward: 0

Time: 8 Agent: 0 2 Token: 0 1Policy: 4.04705e-05 0.0218418 0.97755 0.00056765 
Value: 2.11173
Action: 2 Reward: 1

Time: 9 Agent: 0 1 Token: 3 8Policy: 0.714126 0.28587 1.01769e-06 2.20991e-06 
Value: 1.03484
Action: 0 Reward: 0

Time: 10 Agent: 0 2 Token: 3 8Policy: 0.0976401 0.90236 2.88564e-07 3.96699e-08 
Value: 1.15323
Action: 1 Reward: 0

Time: 11 Agent: 1 2 Token: 3 8Policy: 0.914864 0.085135 8.35999e-08 4.48619e-07 
Value: 1.26247
Action: 0 Reward: 0

Time: 12 Agent: 1 3 Token: 3 8Policy: 0.32285 0.67715 2.8508e-07 9.85648e-08 
Value: 1.36408
Action: 1 Reward: 0

Time: 13 Agent: 2 3 Token: 3 8Policy: 0.997716 0.00228247 1.60529e-08 1.34652e-06 
Value: 1.53187
Action: 0 Reward: 0

Time: 14 Agent: 2 4 Token: 3 8Policy: 0.935595 0.064404 2.09693e-07 9.87156e-07 
Value: 1.63031
Action: 0 Reward: 0

Time: 15 Agent: 2 5 Token: 3 8Policy: 0.893182 0.106817 4.62741e-07 1.30453e-06 
Value: 1.74704
Action: 1 Reward: 0

Time: 16 Agent: 3 5 Token: 3 8Policy: 0.999804 0.00016606 4.51177e-08 2.95342e-05 
Value: 1.93304
Action: 0 Reward: 0

Time: 17 Agent: 3 6 Token: 3 8Policy: 0.998944 0.00089671 7.44134e-07 0.00015851 
Value: 2.00915
Action: 0 Reward: 0

Time: 18 Agent: 3 7 Token: 3 8Policy: 0.990725 0.00529936 9.42919e-05 0.00388132 
Value: 2.19533
Action: 0 Reward: 1

Time: 19 Agent: 3 8 Token: 0 8Policy: 0.000311752 4.28668e-08 0.000214025 0.999474 
Value: 1.6135
Action: 3 Reward: 0

Time: 20 Agent: 2 8 Token: 0 8Policy: 0.000187259 9.38818e-08 0.00120284 0.99861 
Value: 1.74703
Action: 3 Reward: 0

Time: 21 Agent: 1 8 Token: 0 8Policy: 0.00363599 1.27719e-05 0.0155483 0.980803 
Value: 2.01262
Action: 3 Reward: 1

Time: 22 Agent: 0 8 Token: 6 3Policy: 1.85723e-06 0.284003 0.715988 7.23648e-06 
Value: 0.834716
Action: 2 Reward: 0

Time: 23 Agent: 0 7 Token: 6 3Policy: 7.24165e-06 0.887903 0.112089 9.12279e-07 
Value: 0.999734
Action: 1 Reward: 0

Time: 24 Agent: 1 7 Token: 6 3Policy: 8.63181e-07 0.271112 0.728885 2.87757e-06 
Value: 0.989383
Action: 2 Reward: 0

Time: 25 Agent: 1 6 Token: 6 3Policy: 4.56371e-06 0.973396 0.0265997 1.02853e-07 
Value: 1.19474
Action: 1 Reward: 0

Time: 26 Agent: 2 6 Token: 6 3Policy: 1.37736e-06 0.603283 0.396715 7.4942e-07 
Value: 1.25913
Action: 1 Reward: 0

Time: 27 Agent: 3 6 Token: 6 3Policy: 3.87579e-07 0.199381 0.800617 1.00838e-06 
Value: 1.41633
Action: 2 Reward: 0

Time: 28 Agent: 3 5 Token: 6 3Policy: 2.8691e-06 0.950974 0.0490226 7.46175e-08 
Value: 1.57289
Action: 1 Reward: 0

Time: 29 Agent: 4 5 Token: 6 3Policy: 6.4477e-07 0.206855 0.793143 1.04994e-06 
Value: 1.74995
Action: 2 Reward: 0

Time: 30 Agent: 4 4 Token: 6 3Policy: 1.18548e-05 0.986513 0.0134747 6.58362e-08 
Value: 1.85451
Action: 1 Reward: 0

Time: 31 Agent: 5 4 Token: 6 3Policy: 1.12782e-05 0.284528 0.715452 8.94643e-06 
Value: 2.12039
Action: 1 Reward: 0

Time: 32 Agent: 6 4 Token: 6 3Policy: 1.21668e-05 0.00780439 0.99182 0.000363111 
Value: 2.29764
Action: 2 Reward: 1

Time: 33 Agent: 6 3 Token: 1 0Policy: 6.59073e-07 5.15703e-08 0.180368 0.819631 
Value: 1.04331
Action: 2 Reward: 0

Time: 34 Agent: 6 2 Token: 1 0Policy: 1.22545e-06 5.98982e-08 0.128287 0.871711 
Value: 1.12601
Action: 3 Reward: 0

Time: 35 Agent: 5 2 Token: 1 0Policy: 1.40193e-06 7.6825e-08 0.147128 0.85287 
Value: 1.16412
Action: 3 Reward: 0

Time: 36 Agent: 4 2 Token: 1 0Policy: 1.31686e-06 9.81511e-08 0.198551 0.801447 
Value: 1.25072
Action: 2 Reward: 0

Time: 37 Agent: 4 1 Token: 1 0Policy: 4.29194e-06 5.83198e-08 0.0371364 0.962859 
Value: 1.40729
Action: 3 Reward: 0

Time: 38 Agent: 3 1 Token: 1 0Policy: 9.82783e-06 1.26942e-07 0.0376053 0.962385 
Value: 1.54019
Action: 3 Reward: 0

Time: 39 Agent: 2 1 Token: 1 0Policy: 4.15756e-05 4.85467e-06 0.293485 0.706469 
Value: 1.71963
Action: 3 Reward: 0

Time: 40 Agent: 1 1 Token: 1 0Policy: 1.8209e-05 0.00145147 0.9944 0.0041301 
Value: 1.92446
Action: 2 Reward: 1

Time: 41 Agent: 1 0 Token: 7 9Policy: 0.0480098 0.951989 8.17634e-07 1.59616e-07 
Value: 0.523552
Action: 1 Reward: 0

Time: 42 Agent: 2 0 Token: 7 9Policy: 0.135487 0.864513 9.19374e-08 5.11394e-08 
Value: 0.530737
Action: 1 Reward: 0

Time: 43 Agent: 3 0 Token: 7 9Policy: 0.802196 0.197804 3.31803e-08 2.63216e-07 
Value: 0.565397
Action: 0 Reward: 0

Time: 44 Agent: 3 1 Token: 7 9Policy: 0.287433 0.712567 5.36697e-08 5.61434e-08 
Value: 0.640861
Action: 0 Reward: 0

Time: 45 Agent: 3 2 Token: 7 9Policy: 0.185424 0.814576 5.40914e-08 3.21349e-08 
Value: 0.701513
Action: 1 Reward: 0

Time: 46 Agent: 4 2 Token: 7 9Policy: 0.906506 0.0934935 2.01942e-08 2.40012e-07 
Value: 0.754124
Action: 0 Reward: 0

Time: 47 Agent: 4 3 Token: 7 9Policy: 0.334663 0.665337 6.05237e-08 5.3275e-08 
Value: 0.83371
Action: 1 Reward: 0

Time: 48 Agent: 5 3 Token: 7 9Policy: 0.994591 0.0054086 3.92881e-09 3.95114e-07 
Value: 0.920546
Action: 0 Reward: 0

Time: 49 Agent: 5 4 Token: 7 9Policy: 0.692719 0.30728 6.14526e-08 1.34237e-07 
Value: 1.0159
Action: 1 Reward: 0

Time: 50 Agent: 6 4 Token: 7 9Policy: 0.999474 0.000525496 2.01265e-09 9.47485e-07 
Value: 1.16764
Action: 0 Reward: 0

Time: 51 Agent: 6 5 Token: 7 9Policy: 0.986914 0.0130857 2.18414e-08 6.21919e-07 
Value: 1.27427
Action: 0 Reward: 0

Time: 52 Agent: 6 6 Token: 7 9Policy: 0.959875 0.0401247 7.65995e-08 7.48926e-07 
Value: 1.39319
Action: 0 Reward: 0

Time: 53 Agent: 6 7 Token: 7 9Policy: 0.730407 0.269591 7.00082e-07 9.50302e-07 
Value: 1.56322
Action: 0 Reward: 0

Time: 54 Agent: 6 8 Token: 7 9Policy: 0.19718 0.802802 1.59092e-05 2.08431e-06 
Value: 1.75305
Action: 0 Reward: 0

Time: 55 Agent: 6 9 Token: 7 9Policy: 0.00273992 0.9893 0.00795003 1.02141e-05 
Value: 1.88742
Action: 1 Reward: 1

Time: 56 Agent: 7 9 Token: 6 8Policy: 7.76328e-05 6.57835e-05 0.834056 0.165801 
Value: 1.95356
Action: 2 Reward: 0

Time: 57 Agent: 7 8 Token: 6 8Policy: 0.000511819 2.01619e-06 0.0147919 0.984694 
Value: 1.81622
Action: 3 Reward: 1

Time: 58 Agent: 6 8 Token: 8 7Policy: 9.23306e-06 0.690768 0.30922 2.86665e-06 
Value: 1.58371
Action: 1 Reward: 0

Time: 59 Agent: 7 8 Token: 8 7Policy: 6.3168e-06 0.194775 0.805208 1.1538e-05 
Value: 1.82076
Action: 2 Reward: 0

Time: 60 Agent: 7 7 Token: 8 7Policy: 0.00172905 0.985259 0.0129974 1.42033e-05 
Value: 1.77206
Action: 1 Reward: 1

Time: 61 Agent: 8 7 Token: 2 3Policy: 6.78209e-07 3.98779e-08 0.122146 0.877853 
Value: 0.665332
Action: 3 Reward: 0

Time: 62 Agent: 7 7 Token: 2 3Policy: 2.95587e-07 3.03071e-08 0.215008 0.784991 
Value: 0.718142
Action: 3 Reward: 0

Time: 63 Agent: 6 7 Token: 2 3Policy: 1.90833e-07 2.53089e-08 0.267607 0.732393 
Value: 0.77323
Action: 3 Reward: 0

Time: 64 Agent: 5 7 Token: 2 3Policy: 1.64431e-07 3.68308e-08 0.386481 0.613519 
Value: 0.86013
Action: 3 Reward: 0

Time: 65 Agent: 4 7 Token: 2 3Policy: 7.61793e-08 1.91877e-07 0.858038 0.141962 
Value: 0.984898
Action: 2 Reward: 0

Time: 66 Agent: 4 6 Token: 2 3Policy: 2.02499e-07 1.05438e-07 0.63378 0.36622 
Value: 1.18613
Action: 2 Reward: 0

Time: 67 Agent: 4 5 Token: 2 3Policy: 3.98126e-07 1.01858e-07 0.478932 0.521067 
Value: 1.33479
Action: 2 Reward: 0

Time: 68 Agent: 4 4 Token: 2 3Policy: 1.95965e-06 7.34078e-08 0.108214 0.891784 
Value: 1.44827
Action: 3 Reward: 0

Time: 69 Agent: 3 4 Token: 2 3Policy: 8.34159e-06 2.25478e-06 0.537985 0.462005 
Value: 1.72069
Action: 3 Reward: 0

Time: 70 Agent: 2 4 Token: 2 3Policy: 1.93328e-06 0.0004041 0.998192 0.00140159 
Value: 1.93209
Action: 2 Reward: 1

Time: 71 Agent: 2 3 Token: 6 3Policy: 0.000164685 0.999707 0.000128775 2.87268e-08 
Value: 1.20133
Action: 1 Reward: 0

Time: 72 Agent: 3 3 Token: 6 3Policy: 0.000222868 0.999746 3.10057e-05 5.35652e-09 
Value: 1.3935
Action: 1 Reward: 0

Time: 73 Agent: 4 3 Token: 6 3Policy: 0.000462345 0.999398 0.00014009 4.21338e-08 
Value: 1.62009
Action: 1 Reward: 0

Time: 74 Agent: 5 3 Token: 6 3Policy: 0.0025875 0.993524 0.00388298 5.29219e-06 
Value: 1.86916
Action: 1 Reward: 1

Time: 75 Agent: 6 3 Token: 6 9Policy: 0.999899 7.80714e-05 1.07217e-08 2.30842e-05 
Value: 1.03336
Action: 0 Reward: 0

Time: 76 Agent: 6 4 Token: 6 9Policy: 0.999948 4.23639e-05 2.4457e-09 9.64167e-06 
Value: 1.12166
Action: 0 Reward: 0

Time: 77 Agent: 6 5 Token: 6 9Policy: 0.999941 4.84871e-05 3.13032e-09 1.07417e-05 
Value: 1.23731
Action: 0 Reward: 0

Time: 78 Agent: 6 6 Token: 6 9Policy: 0.999883 9.74098e-05 1.07077e-08 1.96734e-05 
Value: 1.3769
Action: 0 Reward: 0

Time: 79 Agent: 6 7 Token: 6 9Policy: 0.999419 0.000439674 2.84058e-07 0.000141087 
Value: 1.56343
Action: 0 Reward: 0

Time: 80 Agent: 6 8 Token: 6 9Policy: 0.977813 0.00678285 0.000367286 0.0150368 
Value: 1.77509
Action: 0 Reward: 1

Time: 81 Agent: 6 9 Token: 1 0Policy: 2.8717e-06 1.02269e-06 0.385853 0.614143 
Value: 0.566799
Action: 3 Reward: 0

Time: 82 Agent: 5 9 Token: 1 0Policy: 4.27524e-07 1.00143e-06 0.791733 0.208265 
Value: 0.464479
Action: 3 Reward: 0

Time: 83 Agent: 4 9 Token: 1 0Policy: 9.64937e-09 4.49467e-06 0.997419 0.00257644 
Value: 0.470915
Action: 2 Reward: 0

Time: 84 Agent: 4 8 Token: 1 0Policy: 6.58655e-08 7.39673e-07 0.942753 0.0572464 
Value: 0.481823
Action: 2 Reward: 0

Time: 85 Agent: 4 7 Token: 1 0Policy: 8.6617e-08 3.67271e-07 0.867408 0.132592 
Value: 0.444692
Action: 2 Reward: 0

Time: 86 Agent: 4 6 Token: 1 0Policy: 1.6095e-07 1.31162e-07 0.612373 0.387627 
Value: 0.452435
Action: 3 Reward: 0

Time: 87 Agent: 3 6 Token: 1 0Policy: 7.61253e-09 1.74704e-06 0.995471 0.00452755 
Value: 0.483714
Action: 2 Reward: 0

Time: 88 Agent: 3 5 Token: 1 0Policy: 9.41992e-08 4.47777e-07 0.897966 0.102033 
Value: 0.576398
Action: 2 Reward: 0

Time: 89 Agent: 3 4 Token: 1 0Policy: 1.30732e-07 3.27585e-07 0.832456 0.167544 
Value: 0.637412
Action: 2 Reward: 0

Time: 90 Agent: 3 3 Token: 1 0Policy: 2.95422e-07 1.75882e-07 0.603139 0.39686 
Value: 0.788696
Action: 2 Reward: 0

Time: 91 Agent: 3 2 Token: 1 0Policy: 6.21608e-07 1.32055e-07 0.378926 0.621074 
Value: 0.951189
Action: 2 Reward: 0

Time: 92 Agent: 3 1 Token: 1 0Policy: 2.81498e-06 7.31804e-08 0.0643781 0.935619 
Value: 1.10272
Action: 3 Reward: 0

Time: 93 Agent: 2 1 Token: 1 0Policy: 1.54304e-05 2.90448e-06 0.355946 0.644036 
Value: 1.2819
Action: 3 Reward: 0

Time: 94 Agent: 1 1 Token: 1 0Policy: 5.1926e-06 0.000604761 0.995812 0.00357793 
Value: 1.46187
Action: 2 Reward: 1

Time: 95 Agent: 1 0 Token: 6 2Policy: 0.0223811 0.977616 2.36617e-06 1.69927e-07 
Value: 0.633453
Action: 1 Reward: 0

Time: 96 Agent: 2 0 Token: 6 2Policy: 0.0366889 0.963311 1.15594e-07 9.75398e-09 
Value: 0.715097
Action: 1 Reward: 0

Time: 97 Agent: 3 0 Token: 6 2Policy: 0.0364026 0.963597 7.25353e-08 4.93666e-09 
Value: 0.89131
Action: 1 Reward: 0

Time: 98 Agent: 4 0 Token: 6 2Policy: 0.0579351 0.942065 1.06172e-07 8.67323e-09 
Value: 1.08184
Action: 1 Reward: 0

Time: 99 Agent: 5 0 Token: 6 2Policy: 0.457413 0.542586 4.47955e-07 2.63633e-07 
Value: 1.29924
Action: 1 Reward: 0

Time: 0 Agent: 5 5 Token: 3 2Policy: 4.26622e-06 1.40236e-06 0.596991 0.403003 
Value: 1.11547
Action: 3 Reward: 0

Time: 1 Agent: 4 5 Token: 3 2Policy: 3.6851e-08 1.82291e-06 0.993492 0.00650659 
Value: 1.57661
Action: 2 Reward: 0

Time: 2 Agent: 4 4 Token: 3 2Policy: 3.21387e-07 9.11475e-07 0.935428 0.0645711 
Value: 1.8833
Action: 2 Reward: 0

Time: 3 Agent: 4 3 Token: 3 2Policy: 9.49329e-06 3.67688e-06 0.66469 0.335297 
Value: 2.05411
Action: 2 Reward: 0

Time: 4 Agent: 4 2 Token: 3 2Policy: 0.00320656 7.47205e-06 0.00979994 0.986986 
Value: 2.1666
Action: 3 Reward: 1

Time: 5 Agent: 3 2 Token: 6 5Policy: 0.0582076 0.94179 2.15196e-06 2.13165e-07 
Value: 1.40501
Action: 1 Reward: 0

Time: 6 Agent: 4 2 Token: 6 5Policy: 0.179802 0.820198 4.81686e-07 9.45125e-08 
Value: 1.54879
Action: 1 Reward: 0

Time: 7 Agent: 5 2 Token: 6 5Policy: 0.965453 0.0345453 1.76116e-07 1.47081e-06 
Value: 1.78604
Action: 0 Reward: 0

Time: 8 Agent: 5 3 Token: 6 5Policy: 0.60687 0.393127 1.77146e-06 1.23245e-06 
Value: 1.93834
Action: 1 Reward: 0

Time: 9 Agent: 6 3 Token: 6 5Policy: 0.999459 0.000459763 2.83205e-07 8.09516e-05 
Value: 2.16558
Action: 0 Reward: 0

Time: 10 Agent: 6 4 Token: 6 5Policy: 0.988887 0.00685534 0.000113686 0.00414395 
Value: 2.25565
Action: 0 Reward: 1

Time: 11 Agent: 6 5 Token: 0 8Policy: 0.000860435 5.30831e-09 6.00965e-06 0.999134 
Value: 1.00327
Action: 3 Reward: 0

Time: 12 Agent: 5 5 Token: 0 8Policy: 0.00211472 7.33529e-09 3.85114e-06 0.997881 
Value: 0.990042
Action: 3 Reward: 0

Time: 13 Agent: 4 5 Token: 0 8Policy: 0.0184781 4.83208e-08 3.48197e-06 0.981518 
Value: 1.04792
Action: 3 Reward: 0

Time: 14 Agent: 3 5 Token: 0 8Policy: 0.284619 6.04244e-07 2.71943e-06 0.715378 
Value: 1.12492
Action: 0 Reward: 0

Time: 15 Agent: 3 6 Token: 0 8Policy: 0.0275998 1.04594e-07 5.59661e-06 0.972394 
Value: 1.30531
Action: 3 Reward: 0

Time: 16 Agent: 2 6 Token: 0 8Policy: 0.389456 1.7491e-06 6.16026e-06 0.610536 
Value: 1.4316
Action: 0 Reward: 0

Time: 17 Agent: 2 7 Token: 0 8Policy: 0.0188452 2.73384e-07 2.64739e-05 0.981128 
Value: 1.61456
Action: 3 Reward: 0

Time: 18 Agent: 1 7 Token: 0 8Policy: 0.585333 2.44712e-05 6.87885e-05 0.414574 
Value: 1.87903
Action: 0 Reward: 0

Time: 19 Agent: 1 8 Token: 0 8Policy: 0.0111434 3.61991e-05 0.0103848 0.978436 
Value: 1.94488
Action: 3 Reward: 1

Time: 20 Agent: 0 8 Token: 6 6Policy: 6.66772e-06 0.997979 0.00201395 1.49674e-08 
Value: 1.27408
Action: 1 Reward: 0

Time: 21 Agent: 1 8 Token: 6 6Policy: 4.46356e-06 0.998508 0.0014875 5.01667e-09 
Value: 1.37058
Action: 1 Reward: 0

Time: 22 Agent: 2 8 Token: 6 6Policy: 3.14612e-06 0.990298 0.00969834 1.96203e-08 
Value: 1.50049
Action: 1 Reward: 0

Time: 23 Agent: 3 8 Token: 6 6Policy: 2.22261e-06 0.851475 0.148522 2.10581e-07 
Value: 1.66319
Action: 1 Reward: 0

Time: 24 Agent: 4 8 Token: 6 6Policy: 7.9929e-07 0.252815 0.747183 1.03192e-06 
Value: 1.84732
Action: 1 Reward: 0

Time: 25 Agent: 5 8 Token: 6 6Policy: 1.07589e-07 0.0139424 0.986055 2.33505e-06 
Value: 2.0853
Action: 2 Reward: 0

Time: 26 Agent: 5 7 Token: 6 6Policy: 1.47526e-05 0.386675 0.613302 8.18004e-06 
Value: 2.11495
Action: 1 Reward: 0

Time: 27 Agent: 6 7 Token: 6 6Policy: 4.30425e-06 0.00441714 0.995364 0.000214625 
Value: 2.32803
Action: 2 Reward: 1

Time: 28 Agent: 6 6 Token: 5 6Policy: 0.00470164 1.4389e-05 0.0134476 0.981836 
Value: 2.09754
Action: 3 Reward: 1

Time: 29 Agent: 5 6 Token: 4 7Policy: 0.230362 2.48349e-05 0.000357505 0.769255 
Value: 2.01312
Action: 3 Reward: 0

Time: 30 Agent: 4 6 Token: 4 7Policy: 0.986177 0.0013498 9.58001e-05 0.0123769 
Value: 2.14626
Action: 0 Reward: 1

Time: 31 Agent: 4 7 Token: 4 2Policy: 1.78977e-08 0.00015166 0.999798 5.01384e-05 
Value: 1.45296
Action: 2 Reward: 0

Time: 32 Agent: 4 6 Token: 4 2Policy: 2.9963e-09 3.20937e-05 0.999931 3.69615e-05 
Value: 1.59492
Action: 2 Reward: 0

Time: 33 Agent: 4 5 Token: 4 2Policy: 4.47324e-09 3.44718e-05 0.999926 3.90585e-05 
Value: 1.84601
Action: 2 Reward: 0

Time: 34 Agent: 4 4 Token: 4 2Policy: 2.83674e-08 8.87533e-05 0.999832 7.94353e-05 
Value: 2.03965
Action: 2 Reward: 0

Time: 35 Agent: 4 3 Token: 4 2Policy: 1.01339e-05 0.00203882 0.996825 0.00112625 
Value: 2.17269
Action: 2 Reward: 1

Time: 36 Agent: 4 2 Token: 5 7Policy: 0.99886 0.0011039 1.67903e-07 3.56494e-05 
Value: 1.27179
Action: 0 Reward: 0

Time: 37 Agent: 4 3 Token: 5 7Policy: 0.963963 0.0360358 1.52196e-07 1.49892e-06 
Value: 1.44866
Action: 0 Reward: 0

Time: 38 Agent: 4 4 Token: 5 7Policy: 0.928441 0.0715573 2.40254e-07 1.171e-06 
Value: 1.60328
Action: 0 Reward: 0

Time: 39 Agent: 4 5 Token: 5 7Policy: 0.645985 0.354012 1.43672e-06 1.19157e-06 
Value: 1.78647
Action: 0 Reward: 0

Time: 40 Agent: 4 6 Token: 5 7Policy: 0.202095 0.797887 1.61042e-05 1.94468e-06 
Value: 1.97249
Action: 1 Reward: 0

Time: 41 Agent: 5 6 Token: 5 7Policy: 0.988865 0.00918263 9.19649e-05 0.00186054 
Value: 2.20049
Action: 0 Reward: 1

Time: 42 Agent: 5 7 Token: 4 6Policy: 0.000186182 6.61645e-05 0.581385 0.418362 
Value: 1.96677
Action: 2 Reward: 0

Time: 43 Agent: 5 6 Token: 4 6Policy: 0.00147934 3.46544e-06 0.0100185 0.988499 
Value: 2.02525
Action: 3 Reward: 1

Time: 44 Agent: 4 6 Token: 5 2Policy: 1.33451e-08 0.00073627 0.999256 7.33057e-06 
Value: 1.5576
Action: 2 Reward: 0

Time: 45 Agent: 4 5 Token: 5 2Policy: 1.12012e-08 0.00165117 0.998346 2.79156e-06 
Value: 1.62794
Action: 2 Reward: 0

Time: 46 Agent: 4 4 Token: 5 2Policy: 9.85528e-08 0.0117649 0.988232 2.95219e-06 
Value: 1.80761
Action: 2 Reward: 0

Time: 47 Agent: 4 3 Token: 5 2Policy: 2.74265e-05 0.583516 0.41645 6.78355e-06 
Value: 1.92547
Action: 2 Reward: 0

Time: 48 Agent: 4 2 Token: 5 2Policy: 0.00238588 0.995416 0.00219565 2.42537e-06 
Value: 2.02476
Action: 1 Reward: 1

Time: 49 Agent: 5 2 Token: 9 2Policy: 0.000173734 0.999807 1.87971e-05 3.23643e-09 
Value: 1.44869
Action: 1 Reward: 0

Time: 50 Agent: 6 2 Token: 9 2Policy: 0.000193049 0.999781 2.568e-05 4.19379e-09 
Value: 1.5286
Action: 1 Reward: 0

Time: 51 Agent: 7 2 Token: 9 2Policy: 0.000444396 0.999426 0.000129501 4.27046e-08 
Value: 1.70557
Action: 1 Reward: 0

Time: 52 Agent: 8 2 Token: 9 2Policy: 0.0032205 0.992774 0.0039983 7.42067e-06 
Value: 1.94788
Action: 1 Reward: 1

Time: 53 Agent: 9 2 Token: 5 8Policy: 0.950566 2.36251e-06 2.43676e-07 0.0494315 
Value: 0.565526
Action: 0 Reward: 0

Time: 54 Agent: 9 3 Token: 5 8Policy: 0.880113 1.10397e-06 3.06373e-07 0.119886 
Value: 0.842905
Action: 0 Reward: 0

Time: 55 Agent: 9 4 Token: 5 8Policy: 0.262177 4.30503e-07 2.00879e-06 0.737821 
Value: 0.949537
Action: 3 Reward: 0

Time: 56 Agent: 8 4 Token: 5 8Policy: 0.775659 1.15524e-06 7.1192e-07 0.224339 
Value: 1.01492
Action: 0 Reward: 0

Time: 57 Agent: 8 5 Token: 5 8Policy: 0.132798 3.16716e-07 3.54304e-06 0.867198 
Value: 1.13723
Action: 0 Reward: 0

Time: 58 Agent: 8 6 Token: 5 8Policy: 0.00613968 2.80427e-08 6.55903e-06 0.993854 
Value: 1.31025
Action: 3 Reward: 0

Time: 59 Agent: 7 6 Token: 5 8Policy: 0.0995922 5.67618e-07 1.19838e-05 0.900395 
Value: 1.4549
Action: 3 Reward: 0

Time: 60 Agent: 6 6 Token: 5 8Policy: 0.907328 9.01491e-06 3.99036e-06 0.0926587 
Value: 1.63135
Action: 0 Reward: 0

Time: 61 Agent: 6 7 Token: 5 8Policy: 0.115428 4.9785e-06 0.000123126 0.884444 
Value: 1.79412
Action: 3 Reward: 0

Time: 62 Agent: 5 7 Token: 5 8Policy: 0.983467 0.000707476 6.69175e-05 0.0157585 
Value: 1.98624
Action: 0 Reward: 1

Time: 63 Agent: 5 8 Token: 6 1Policy: 3.20356e-08 0.00144923 0.998539 1.13853e-05 
Value: 1.18285
Action: 2 Reward: 0

Time: 64 Agent: 5 7 Token: 6 1Policy: 4.9054e-09 0.000525939 0.999469 4.87234e-06 
Value: 1.1195
Action: 2 Reward: 0

Time: 65 Agent: 5 6 Token: 6 1Policy: 4.09457e-09 0.000614047 0.999383 3.436e-06 
Value: 1.15018
Action: 2 Reward: 0

Time: 66 Agent: 5 5 Token: 6 1Policy: 4.87303e-09 0.000899887 0.999097 2.66076e-06 
Value: 1.24877
Action: 2 Reward: 0

Time: 67 Agent: 5 4 Token: 6 1Policy: 9.12632e-09 0.00182636 0.998171 2.29511e-06 
Value: 1.40262
Action: 2 Reward: 0

Time: 68 Agent: 5 3 Token: 6 1Policy: 7.1204e-08 0.0103489 0.989648 2.89864e-06 
Value: 1.57643
Action: 2 Reward: 0

Time: 69 Agent: 5 2 Token: 6 1Policy: 2.00342e-05 0.498076 0.501895 8.57294e-06 
Value: 1.70959
Action: 2 Reward: 0

Time: 70 Agent: 5 1 Token: 6 1Policy: 0.00229978 0.995685 0.00201298 2.62078e-06 
Value: 1.81265
Action: 1 Reward: 1

Time: 71 Agent: 6 1 Token: 5 9Policy: 0.999686 1.46091e-05 2.46475e-08 0.000299178 
Value: 0.908968
Action: 0 Reward: 0

Time: 72 Agent: 6 2 Token: 5 9Policy: 0.999734 3.59396e-06 4.31511e-09 0.000262485 
Value: 0.952566
Action: 0 Reward: 0

Time: 73 Agent: 6 3 Token: 5 9Policy: 0.999711 2.55028e-06 3.28564e-09 0.000286746 
Value: 1.00733
Action: 0 Reward: 0

Time: 74 Agent: 6 4 Token: 5 9Policy: 0.99965 2.41291e-06 3.64404e-09 0.000347903 
Value: 1.04308
Action: 0 Reward: 0

Time: 75 Agent: 6 5 Token: 5 9Policy: 0.999478 2.6424e-06 5.77011e-09 0.000519378 
Value: 1.10391
Action: 0 Reward: 0

Time: 76 Agent: 6 6 Token: 5 9Policy: 0.998196 3.60842e-06 2.53475e-08 0.00179994 
Value: 1.21109
Action: 0 Reward: 0

Time: 77 Agent: 6 7 Token: 5 9Policy: 0.925039 7.66338e-06 2.04655e-06 0.0749512 
Value: 1.40363
Action: 0 Reward: 0

Time: 78 Agent: 6 8 Token: 5 9Policy: 0.0907893 3.6945e-06 0.000116555 0.90909 
Value: 1.6482
Action: 3 Reward: 0

Time: 79 Agent: 5 8 Token: 5 9Policy: 0.965643 0.000862458 0.000156929 0.0333376 
Value: 1.81432
Action: 0 Reward: 1

Time: 80 Agent: 5 9 Token: 0 8Policy: 1.60827e-05 1.37322e-08 0.00120865 0.998775 
Value: 0.913771
Action: 3 Reward: 0

Time: 81 Agent: 4 9 Token: 0 8Policy: 1.86525e-06 1.14315e-08 0.0114374 0.988561 
Value: 0.932465
Action: 3 Reward: 0

Time: 82 Agent: 3 9 Token: 0 8Policy: 1.28842e-06 1.87989e-08 0.0318989 0.9681 
Value: 1.02822
Action: 3 Reward: 0

Time: 83 Agent: 2 9 Token: 0 8Policy: 2.15461e-06 8.93312e-08 0.108508 0.89149 
Value: 1.20799
Action: 3 Reward: 0

Time: 84 Agent: 1 9 Token: 0 8Policy: 3.19109e-06 4.14337e-06 0.825992 0.174001 
Value: 1.50979
Action: 2 Reward: 0

Time: 85 Agent: 1 8 Token: 0 8Policy: 0.000202378 3.20306e-06 0.0456784 0.954116 
Value: 1.57174
Action: 3 Reward: 1

Time: 86 Agent: 0 8 Token: 7 8Policy: 2.43183e-05 0.992384 0.00759177 3.85147e-07 
Value: 0.773747
Action: 1 Reward: 0

Time: 87 Agent: 1 8 Token: 7 8Policy: 4.8214e-05 0.999895 5.63539e-05 3.61467e-09 
Value: 0.866425
Action: 1 Reward: 0

Time: 88 Agent: 2 8 Token: 7 8Policy: 5.31275e-05 0.999927 2.0067e-05 1.12835e-09 
Value: 1.01934
Action: 1 Reward: 0

Time: 89 Agent: 3 8 Token: 7 8Policy: 7.12903e-05 0.999912 1.65129e-05 1.03503e-09 
Value: 1.18362
Action: 1 Reward: 0

Time: 90 Agent: 4 8 Token: 7 8Policy: 0.000114774 0.999854 3.16551e-05 2.73817e-09 
Value: 1.34985
Action: 1 Reward: 0

Time: 91 Agent: 5 8 Token: 7 8Policy: 0.000242151 0.999379 0.000379265 6.19189e-08 
Value: 1.54214
Action: 1 Reward: 0

Time: 92 Agent: 6 8 Token: 7 8Policy: 0.00126114 0.977653 0.0210703 1.54576e-05 
Value: 1.75109
Action: 1 Reward: 1

Time: 93 Agent: 7 8 Token: 3 9Policy: 0.000165359 3.43342e-09 1.9495e-05 0.999815 
Value: 0.923984
Action: 3 Reward: 0

Time: 94 Agent: 6 8 Token: 3 9Policy: 0.000158542 2.56977e-09 1.85398e-05 0.999823 
Value: 1.09131
Action: 3 Reward: 0

Time: 95 Agent: 5 8 Token: 3 9Policy: 0.000586923 1.3137e-08 4.0312e-05 0.999373 
Value: 1.31616
Action: 3 Reward: 0

Time: 96 Agent: 4 8 Token: 3 9Policy: 0.0240341 1.39803e-06 0.000219731 0.975745 
Value: 1.60846
Action: 3 Reward: 0

Time: 97 Agent: 3 8 Token: 3 9Policy: 0.957799 0.00238394 0.000422702 0.0393946 
Value: 1.67048
Action: 0 Reward: 1

Time: 98 Agent: 3 9 Token: 1 9Policy: 0.000391002 1.6699e-07 0.000802932 0.998806 
Value: 1.28238
Action: 3 Reward: 0

Time: 99 Agent: 2 9 Token: 1 9Policy: 0.000689059 2.03671e-06 0.0119608 0.987348 
Value: 1.56659
Action: 3 Reward: 1

Time: 0 Agent: 5 5 Token: 4 2Policy: 4.31574e-07 1.34202e-05 0.993387 0.00659961 
Value: 1.41748
Action: 2 Reward: 0

Time: 1 Agent: 5 4 Token: 4 2Policy: 5.0528e-07 1.29639e-06 0.927437 0.0725608 
Value: 1.75155
Action: 3 Reward: 0

Time: 2 Agent: 4 4 Token: 4 2Policy: 1.63083e-08 3.819e-05 0.999857 0.000104501 
Value: 2.14267
Action: 2 Reward: 0

Time: 3 Agent: 4 3 Token: 4 2Policy: 1.67126e-05 0.00152828 0.996327 0.00212768 
Value: 2.28904
Action: 2 Reward: 1

Time: 4 Agent: 4 2 Token: 1 5Policy: 0.272714 3.6262e-06 1.97001e-05 0.727262 
Value: 1.31026
Action: 3 Reward: 0

Time: 5 Agent: 3 2 Token: 1 5Policy: 0.772504 2.04316e-06 1.51247e-06 0.227493 
Value: 1.35684
Action: 0 Reward: 0

Time: 6 Agent: 3 3 Token: 1 5Policy: 0.37871 1.2441e-06 4.86674e-06 0.621284 
Value: 1.58981
Action: 0 Reward: 0

Time: 7 Agent: 3 4 Token: 1 5Policy: 0.0327126 2.74543e-07 1.67831e-05 0.96727 
Value: 1.80018
Action: 3 Reward: 0

Time: 8 Agent: 2 4 Token: 1 5Policy: 0.599032 1.16211e-05 3.12004e-05 0.400925 
Value: 2.04104
Action: 0 Reward: 0

Time: 9 Agent: 2 5 Token: 1 5Policy: 0.01743 1.0531e-05 0.00205354 0.980506 
Value: 2.11598
Action: 3 Reward: 1

Time: 10 Agent: 1 5 Token: 0 0Policy: 2.84593e-08 0.000152934 0.999652 0.000194964 
Value: 1.04467
Action: 2 Reward: 0

Time: 11 Agent: 1 4 Token: 0 0Policy: 7.58557e-09 1.71277e-05 0.999656 0.000327209 
Value: 1.21567
Action: 2 Reward: 0

Time: 12 Agent: 1 3 Token: 0 0Policy: 1.9873e-08 7.46548e-06 0.998616 0.00137657 
Value: 1.42709
Action: 2 Reward: 0

Time: 13 Agent: 1 2 Token: 0 0Policy: 1.82221e-07 6.72723e-06 0.990139 0.00985415 
Value: 1.63834
Action: 2 Reward: 0

Time: 14 Agent: 1 1 Token: 0 0Policy: 2.83631e-05 2.81263e-05 0.760202 0.239742 
Value: 1.80089
Action: 2 Reward: 0

Time: 15 Agent: 1 0 Token: 0 0Policy: 0.0115872 3.18385e-05 0.00769672 0.980684 
Value: 1.90894
Action: 3 Reward: 1

Time: 16 Agent: 0 0 Token: 9 2Policy: 0.0166213 0.983376 2.20138e-06 1.24111e-07 
Value: 0.852514
Action: 1 Reward: 0

Time: 17 Agent: 1 0 Token: 9 2Policy: 0.0188056 0.981194 6.16796e-07 3.41931e-08 
Value: 0.984048
Action: 1 Reward: 0

Time: 18 Agent: 2 0 Token: 9 2Policy: 0.0171621 0.982838 3.08596e-07 1.56669e-08 
Value: 1.04063
Action: 1 Reward: 0

Time: 19 Agent: 3 0 Token: 9 2Policy: 0.0170398 0.98296 2.08239e-07 9.83643e-09 
Value: 1.10576
Action: 1 Reward: 0

Time: 20 Agent: 4 0 Token: 9 2Policy: 0.0176962 0.982304 1.64588e-07 7.22091e-09 
Value: 1.18773
Action: 1 Reward: 0

Time: 21 Agent: 5 0 Token: 9 2Policy: 0.0193832 0.980617 1.50773e-07 6.18508e-09 
Value: 1.2914
Action: 1 Reward: 0

Time: 22 Agent: 6 0 Token: 9 2Policy: 0.024978 0.975022 1.74903e-07 7.42207e-09 
Value: 1.4237
Action: 1 Reward: 0

Time: 23 Agent: 7 0 Token: 9 2Policy: 0.064527 0.935473 3.55394e-07 2.75453e-08 
Value: 1.60305
Action: 1 Reward: 0

Time: 24 Agent: 8 0 Token: 9 2Policy: 0.830148 0.16985 8.33927e-07 1.74641e-06 
Value: 1.86573
Action: 1 Reward: 0

Time: 25 Agent: 9 0 Token: 9 2Policy: 0.999507 0.000408464 2.2754e-07 8.38735e-05 
Value: 2.10998
Action: 0 Reward: 0

Time: 26 Agent: 9 1 Token: 9 2Policy: 0.992499 0.00241182 4.91766e-05 0.00504 
Value: 2.19472
Action: 0 Reward: 1

Time: 27 Agent: 9 2 Token: 0 9Policy: 0.0405635 6.82889e-08 1.72882e-06 0.959435 
Value: 0.362089
Action: 3 Reward: 0

Time: 28 Agent: 8 2 Token: 0 9Policy: 0.0717086 7.22026e-08 1.1417e-06 0.92829 
Value: 0.436882
Action: 0 Reward: 0

Time: 29 Agent: 8 3 Token: 0 9Policy: 0.0240497 2.65026e-08 1.21586e-06 0.975949 
Value: 0.478199
Action: 3 Reward: 0

Time: 30 Agent: 7 3 Token: 0 9Policy: 0.0500666 5.10324e-08 1.17302e-06 0.949932 
Value: 0.513081
Action: 3 Reward: 0

Time: 31 Agent: 6 3 Token: 0 9Policy: 0.254667 2.16608e-07 8.84779e-07 0.745332 
Value: 0.555842
Action: 3 Reward: 0

Time: 32 Agent: 5 3 Token: 0 9Policy: 0.734676 5.18853e-07 3.11327e-07 0.265323 
Value: 0.622792
Action: 3 Reward: 0

Time: 33 Agent: 4 3 Token: 0 9Policy: 0.93704 5.96059e-07 7.98083e-08 0.0629593 
Value: 0.722234
Action: 0 Reward: 0

Time: 34 Agent: 4 4 Token: 0 9Policy: 0.914701 6.71249e-07 1.19387e-07 0.0852987 
Value: 0.76321
Action: 0 Reward: 0

Time: 35 Agent: 4 5 Token: 0 9Policy: 0.580357 6.2903e-07 7.63796e-07 0.419642 
Value: 0.84024
Action: 3 Reward: 0

Time: 36 Agent: 3 5 Token: 0 9Policy: 0.868268 9.84908e-07 3.02663e-07 0.131731 
Value: 0.915897
Action: 0 Reward: 0

Time: 37 Agent: 3 6 Token: 0 9Policy: 0.403621 7.39274e-07 1.91811e-06 0.596376 
Value: 1.03951
Action: 3 Reward: 0

Time: 38 Agent: 2 6 Token: 0 9Policy: 0.897042 1.90152e-06 5.41202e-07 0.102956 
Value: 1.15493
Action: 0 Reward: 0

Time: 39 Agent: 2 7 Token: 0 9Policy: 0.333473 1.49253e-06 6.08835e-06 0.666519 
Value: 1.32418
Action: 0 Reward: 0

Time: 40 Agent: 2 8 Token: 0 9Policy: 0.0129244 2.05879e-07 2.86146e-05 0.987047 
Value: 1.52093
Action: 3 Reward: 0

Time: 41 Agent: 1 8 Token: 0 9Policy: 0.459893 2.28018e-05 0.000105955 0.539978 
Value: 1.78288
Action: 3 Reward: 0

Time: 42 Agent: 0 8 Token: 0 9Policy: 0.98728 0.00558975 0.000163567 0.00696635 
Value: 1.9576
Action: 0 Reward: 1

Time: 43 Agent: 0 9 Token: 4 5Policy: 3.78647e-07 0.0394678 0.960521 1.06744e-05 
Value: 1.11729
Action: 2 Reward: 0

Time: 44 Agent: 0 8 Token: 4 5Policy: 4.57293e-06 0.741191 0.258804 1.2761e-06 
Value: 1.31751
Action: 2 Reward: 0

Time: 45 Agent: 0 7 Token: 4 5Policy: 6.97239e-06 0.983171 0.0168216 7.50795e-08 
Value: 1.4384
Action: 1 Reward: 0

Time: 46 Agent: 1 7 Token: 4 5Policy: 3.3786e-06 0.773517 0.226479 5.48166e-07 
Value: 1.58084
Action: 1 Reward: 0

Time: 47 Agent: 2 7 Token: 4 5Policy: 1.12537e-06 0.236065 0.763932 1.53918e-06 
Value: 1.76508
Action: 2 Reward: 0

Time: 48 Agent: 2 6 Token: 4 5Policy: 1.56969e-05 0.979393 0.0205916 1.32968e-07 
Value: 1.82097
Action: 1 Reward: 0

Time: 49 Agent: 3 6 Token: 4 5Policy: 1.10171e-05 0.241149 0.758829 1.02557e-05 
Value: 2.11299
Action: 2 Reward: 0

Time: 50 Agent: 3 5 Token: 4 5Policy: 0.00253204 0.994705 0.00276014 2.99986e-06 
Value: 2.09523
Action: 1 Reward: 1

Time: 51 Agent: 4 5 Token: 1 5Policy: 0.000249085 4.03129e-08 0.000267399 0.999483 
Value: 1.64504
Action: 3 Reward: 0

Time: 52 Agent: 3 5 Token: 1 5Policy: 0.00028962 5.98589e-08 0.00045906 0.999251 
Value: 1.71217
Action: 3 Reward: 0

Time: 53 Agent: 2 5 Token: 1 5Policy: 0.00482156 4.9202e-06 0.00425483 0.990919 
Value: 1.95952
Action: 3 Reward: 1

Time: 54 Agent: 1 5 Token: 6 4Policy: 1.19208e-05 0.999276 0.000711678 9.24157e-09 
Value: 1.18548
Action: 1 Reward: 0

Time: 55 Agent: 2 5 Token: 6 4Policy: 8.39342e-06 0.999461 0.000530679 2.79169e-09 
Value: 1.38453
Action: 1 Reward: 0

Time: 56 Agent: 3 5 Token: 6 4Policy: 8.11431e-06 0.996598 0.00339385 1.43507e-08 
Value: 1.55737
Action: 1 Reward: 0

Time: 57 Agent: 4 5 Token: 6 4Policy: 1.13707e-05 0.936839 0.0631496 3.42461e-07 
Value: 1.74037
Action: 1 Reward: 0

Time: 58 Agent: 5 5 Token: 6 4Policy: 1.33889e-05 0.319766 0.68021 1.01603e-05 
Value: 1.95468
Action: 1 Reward: 0

Time: 59 Agent: 6 5 Token: 6 4Policy: 8.29343e-06 0.00642463 0.993233 0.000334076 
Value: 2.11873
Action: 2 Reward: 1

Time: 60 Agent: 6 4 Token: 7 8Policy: 0.997499 0.00247005 2.52845e-07 3.11943e-05 
Value: 1.2261
Action: 0 Reward: 0

Time: 61 Agent: 6 5 Token: 7 8Policy: 0.825284 0.174714 4.70106e-07 1.1727e-06 
Value: 1.38651
Action: 0 Reward: 0

Time: 62 Agent: 6 6 Token: 7 8Policy: 0.783881 0.216117 9.25857e-07 1.6302e-06 
Value: 1.56348
Action: 0 Reward: 0

Time: 63 Agent: 6 7 Token: 7 8Policy: 0.187707 0.81227 2.03455e-05 2.62567e-06 
Value: 1.77306
Action: 1 Reward: 0

Time: 64 Agent: 7 7 Token: 7 8Policy: 0.988613 0.0069503 0.000150102 0.00428691 
Value: 2.0152
Action: 0 Reward: 1

Time: 65 Agent: 7 8 Token: 3 9Policy: 0.000315948 4.93699e-09 1.57206e-05 0.999668 
Value: 1.19062
Action: 3 Reward: 0

Time: 66 Agent: 6 8 Token: 3 9Policy: 0.000235901 3.88761e-09 2.08654e-05 0.999743 
Value: 1.32146
Action: 3 Reward: 0

Time: 67 Agent: 5 8 Token: 3 9Policy: 0.00116405 2.70574e-08 4.64809e-05 0.998789 
Value: 1.52514
Action: 3 Reward: 0

Time: 68 Agent: 4 8 Token: 3 9Policy: 0.0861127 4.59357e-06 0.000211179 0.913672 
Value: 1.79521
Action: 3 Reward: 0

Time: 69 Agent: 3 8 Token: 3 9Policy: 0.978683 0.00197541 0.000194709 0.0191474 
Value: 1.89493
Action: 0 Reward: 1

Time: 70 Agent: 3 9 Token: 3 4Policy: 1.92605e-08 0.000218122 0.99974 4.16284e-05 
Value: 1.30968
Action: 2 Reward: 0

Time: 71 Agent: 3 8 Token: 3 4Policy: 4.196e-09 4.91571e-05 0.999915 3.55602e-05 
Value: 1.48303
Action: 2 Reward: 0

Time: 72 Agent: 3 7 Token: 3 4Policy: 5.83065e-09 5.10513e-05 0.99991 3.84666e-05 
Value: 1.70495
Action: 2 Reward: 0

Time: 73 Agent: 3 6 Token: 3 4Policy: 2.54666e-08 9.91794e-05 0.999828 7.30469e-05 
Value: 1.8773
Action: 2 Reward: 0

Time: 74 Agent: 3 5 Token: 3 4Policy: 3.14676e-06 0.00101431 0.998148 0.000834828 
Value: 1.98329
Action: 2 Reward: 1

Time: 75 Agent: 3 4 Token: 2 8Policy: 0.983688 2.14361e-05 1.83356e-06 0.0162882 
Value: 1.18954
Action: 0 Reward: 0

Time: 76 Agent: 3 5 Token: 2 8Policy: 0.991898 6.02984e-06 1.88554e-07 0.00809624 
Value: 1.19238
Action: 0 Reward: 0

Time: 77 Agent: 3 6 Token: 2 8Policy: 0.912597 7.70647e-06 2.50503e-06 0.0873931 
Value: 1.41503
Action: 0 Reward: 0

Time: 78 Agent: 3 7 Token: 2 8Policy: 0.17375 6.07933e-06 8.97397e-05 0.826155 
Value: 1.65124
Action: 3 Reward: 0

Time: 79 Agent: 2 7 Token: 2 8Policy: 0.985585 0.00101068 7.22681e-05 0.0133316 
Value: 1.87021
Action: 0 Reward: 1

Time: 80 Agent: 2 8 Token: 7 5Policy: 4.74226e-06 0.962258 0.0377368 2.60175e-07 
Value: 0.844525
Action: 2 Reward: 0

Time: 81 Agent: 2 7 Token: 7 5Policy: 5.11817e-06 0.998238 0.00175676 7.82709e-09 
Value: 1.04194
Action: 1 Reward: 0

Time: 82 Agent: 3 7 Token: 7 5Policy: 3.16442e-06 0.97562 0.024377 6.27173e-08 
Value: 1.15572
Action: 1 Reward: 0

Time: 83 Agent: 4 7 Token: 7 5Policy: 2.14322e-06 0.756475 0.243523 4.84002e-07 
Value: 1.27954
Action: 2 Reward: 0

Time: 84 Agent: 4 6 Token: 7 5Policy: 8.62727e-06 0.996908 0.00308357 1.73383e-08 
Value: 1.3323
Action: 1 Reward: 0

Time: 85 Agent: 5 6 Token: 7 5Policy: 9.65712e-06 0.864992 0.134997 8.46797e-07 
Value: 1.53426
Action: 1 Reward: 0

Time: 86 Agent: 6 6 Token: 7 5Policy: 9.60051e-06 0.255273 0.744705 1.24376e-05 
Value: 1.74023
Action: 2 Reward: 0

Time: 87 Agent: 6 5 Token: 7 5Policy: 0.00214929 0.991449 0.00639305 8.73914e-06 
Value: 1.73175
Action: 1 Reward: 1

Time: 88 Agent: 7 5 Token: 5 7Policy: 0.137553 2.48856e-06 3.83255e-05 0.862406 
Value: 1.37063
Action: 3 Reward: 0

Time: 89 Agent: 6 5 Token: 5 7Policy: 0.84103 9.99052e-06 6.72793e-06 0.158953 
Value: 1.42261
Action: 0 Reward: 0

Time: 90 Agent: 6 6 Token: 5 7Policy: 0.0911215 3.67669e-06 0.000110187 0.908765 
Value: 1.62674
Action: 3 Reward: 0

Time: 91 Agent: 5 6 Token: 5 7Policy: 0.979919 0.000703074 7.07918e-05 0.0193069 
Value: 1.80092
Action: 0 Reward: 1

Time: 92 Agent: 5 7 Token: 1 0Policy: 2.47137e-06 2.44718e-06 0.586043 0.413952 
Value: 0.526977
Action: 2 Reward: 0

Time: 93 Agent: 5 6 Token: 1 0Policy: 6.59055e-07 7.99875e-08 0.222172 0.777827 
Value: 0.448005
Action: 2 Reward: 0

Time: 94 Agent: 5 5 Token: 1 0Policy: 4.31562e-07 5.13436e-08 0.224128 0.775872 
Value: 0.447779
Action: 2 Reward: 0

Time: 95 Agent: 5 4 Token: 1 0Policy: 3.71127e-07 4.01682e-08 0.215258 0.784742 
Value: 0.513083
Action: 3 Reward: 0

Time: 96 Agent: 4 4 Token: 1 0Policy: 3.40334e-07 6.82511e-08 0.32924 0.67076 
Value: 0.543053
Action: 3 Reward: 0

Time: 97 Agent: 3 4 Token: 1 0Policy: 1.36438e-07 4.83374e-07 0.865753 0.134247 
Value: 0.598369
Action: 2 Reward: 0

Time: 98 Agent: 3 3 Token: 1 0Policy: 3.57e-07 1.85968e-07 0.574338 0.425661 
Value: 0.770923
Action: 2 Reward: 0

Time: 99 Agent: 3 2 Token: 1 0Policy: 6.66057e-07 1.406e-07 0.375672 0.624327 
Value: 0.929311
Action: 3 Reward: 0

Time: 0 Agent: 5 5 Token: 8 1Policy: 1.13024e-07 0.0386602 0.961336 3.17911e-06 
Value: 0.800185
Action: 2 Reward: 0

Time: 1 Agent: 5 4 Token: 8 1Policy: 3.56427e-07 0.225763 0.774236 8.88027e-07 
Value: 1.27007
Action: 2 Reward: 0

Time: 2 Agent: 5 3 Token: 8 1Policy: 1.97023e-06 0.946384 0.0536142 6.21886e-08 
Value: 1.48291
Action: 1 Reward: 0

Time: 3 Agent: 6 3 Token: 8 1Policy: 4.52735e-07 0.203638 0.796361 8.45858e-07 
Value: 1.65474
Action: 2 Reward: 0

Time: 4 Agent: 6 2 Token: 8 1Policy: 8.94242e-06 0.987371 0.0126197 5.27506e-08 
Value: 1.7958
Action: 1 Reward: 0

Time: 5 Agent: 7 2 Token: 8 1Policy: 1.04053e-05 0.308482 0.691499 8.61997e-06 
Value: 2.03958
Action: 2 Reward: 0

Time: 6 Agent: 7 1 Token: 8 1Policy: 0.00292301 0.995501 0.00157349 2.30546e-06 
Value: 2.13001
Action: 1 Reward: 1

Time: 7 Agent: 8 1 Token: 4 0Policy: 3.6286e-05 4.24318e-08 0.00197493 0.997989 
Value: 1.46217
Action: 3 Reward: 0

Time: 8 Agent: 7 1 Token: 4 0Policy: 2.18124e-05 4.96474e-08 0.00611051 0.993868 
Value: 1.66384
Action: 3 Reward: 0

Time: 9 Agent: 6 1 Token: 4 0Policy: 2.14028e-05 1.46751e-07 0.0242413 0.975737 
Value: 1.78033
Action: 3 Reward: 0

Time: 10 Agent: 5 1 Token: 4 0Policy: 6.41722e-05 3.54149e-06 0.225942 0.773991 
Value: 1.98376
Action: 3 Reward: 0

Time: 11 Agent: 4 1 Token: 4 0Policy: 2.58773e-05 0.00107551 0.993668 0.00523037 
Value: 2.18242
Action: 2 Reward: 1

Time: 12 Agent: 4 0 Token: 7 5Policy: 0.213975 0.786022 2.11493e-06 7.798e-07 
Value: 1.13271
Action: 1 Reward: 0

Time: 13 Agent: 5 0 Token: 7 5Policy: 0.862884 0.137116 1.22412e-07 5.48537e-07 
Value: 1.25727
Action: 0 Reward: 0

Time: 14 Agent: 5 1 Token: 7 5Policy: 0.394223 0.605777 1.98976e-07 1.19058e-07 
Value: 1.37044
Action: 1 Reward: 0

Time: 15 Agent: 6 1 Token: 7 5Policy: 0.997045 0.00295396 1.51604e-08 1.27798e-06 
Value: 1.56891
Action: 0 Reward: 0

Time: 16 Agent: 6 2 Token: 7 5Policy: 0.915592 0.0844065 2.28629e-07 9.97815e-07 
Value: 1.70754
Action: 0 Reward: 0

Time: 17 Agent: 6 3 Token: 7 5Policy: 0.773717 0.22628 1.05353e-06 1.56161e-06 
Value: 1.86463
Action: 0 Reward: 0

Time: 18 Agent: 6 4 Token: 7 5Policy: 0.257081 0.742902 1.49964e-05 2.58112e-06 
Value: 2.03855
Action: 1 Reward: 0

Time: 19 Agent: 7 4 Token: 7 5Policy: 0.993485 0.00468623 4.77202e-05 0.00178131 
Value: 2.29082
Action: 0 Reward: 1

Time: 20 Agent: 7 5 Token: 1 7Policy: 0.000437167 3.72008e-09 7.90851e-06 0.999555 
Value: 1.15346
Action: 3 Reward: 0

Time: 21 Agent: 6 5 Token: 1 7Policy: 0.000393882 2.21663e-09 5.61417e-06 0.999601 
Value: 1.17685
Action: 3 Reward: 0

Time: 22 Agent: 5 5 Token: 1 7Policy: 0.00104774 5.14482e-09 5.63937e-06 0.998947 
Value: 1.25408
Action: 3 Reward: 0

Time: 23 Agent: 4 5 Token: 1 7Policy: 0.0130008 5.60129e-08 6.41501e-06 0.986993 
Value: 1.34074
Action: 3 Reward: 0

Time: 24 Agent: 3 5 Token: 1 7Policy: 0.327043 1.37121e-06 6.57805e-06 0.672949 
Value: 1.47398
Action: 3 Reward: 0

Time: 25 Agent: 2 5 Token: 1 7Policy: 0.950285 6.28061e-06 1.36995e-06 0.0497073 
Value: 1.69911
Action: 0 Reward: 0

Time: 26 Agent: 2 6 Token: 1 7Policy: 0.392916 1.2761e-05 6.40831e-05 0.607007 
Value: 1.89041
Action: 3 Reward: 0

Time: 27 Agent: 1 6 Token: 1 7Policy: 0.99208 0.000967187 3.83918e-05 0.00691428 
Value: 2.1627
Action: 0 Reward: 1

Time: 28 Agent: 1 7 Token: 2 7Policy: 0.00661053 0.983714 0.00964935 2.64729e-05 
Value: 2.13655
Action: 1 Reward: 1

Time: 29 Agent: 2 7 Token: 4 8Policy: 0.011679 0.988313 7.82307e-06 7.37086e-08 
Value: 1.84402
Action: 1 Reward: 0

Time: 30 Agent: 3 7 Token: 4 8Policy: 0.0896043 0.910361 3.35393e-05 1.38627e-06 
Value: 2.10082
Action: 1 Reward: 0

Time: 31 Agent: 4 7 Token: 4 8Policy: 0.98154 0.0162085 0.000176612 0.00207483 
Value: 2.24165
Action: 0 Reward: 1

Time: 32 Agent: 4 8 Token: 3 4Policy: 2.96215e-08 3.3593e-05 0.999398 0.00056868 
Value: 1.36254
Action: 2 Reward: 0

Time: 33 Agent: 4 7 Token: 3 4Policy: 1.85662e-07 9.70074e-07 0.959242 0.0407564 
Value: 1.72044
Action: 2 Reward: 0

Time: 34 Agent: 4 6 Token: 3 4Policy: 1.43365e-07 1.35764e-06 0.976325 0.0236733 
Value: 1.8713
Action: 2 Reward: 0

Time: 35 Agent: 4 5 Token: 3 4Policy: 7.4657e-06 2.5146e-06 0.635625 0.364365 
Value: 1.98841
Action: 3 Reward: 0

Time: 36 Agent: 3 5 Token: 3 4Policy: 2.19547e-06 0.000426203 0.998402 0.00116969 
Value: 2.22531
Action: 2 Reward: 1

Time: 37 Agent: 3 4 Token: 8 7Policy: 0.0184374 0.98156 2.39665e-06 1.26079e-07 
Value: 1.1006
Action: 1 Reward: 0

Time: 38 Agent: 4 4 Token: 8 7Policy: 0.0445706 0.955429 1.82008e-07 1.8019e-08 
Value: 1.11249
Action: 1 Reward: 0

Time: 39 Agent: 5 4 Token: 8 7Policy: 0.0718093 0.928191 1.3549e-07 1.6984e-08 
Value: 1.22702
Action: 1 Reward: 0

Time: 40 Agent: 6 4 Token: 8 7Policy: 0.322178 0.677822 2.22372e-07 9.98975e-08 
Value: 1.36897
Action: 0 Reward: 0

Time: 41 Agent: 6 5 Token: 8 7Policy: 0.1077 0.8923 3.24009e-07 3.94503e-08 
Value: 1.50885
Action: 1 Reward: 0

Time: 42 Agent: 7 5 Token: 8 7Policy: 0.872583 0.127415 6.39607e-07 1.70921e-06 
Value: 1.74637
Action: 0 Reward: 0

Time: 43 Agent: 7 6 Token: 8 7Policy: 0.199108 0.800871 1.83258e-05 2.46347e-06 
Value: 1.91213
Action: 1 Reward: 0

Time: 44 Agent: 8 6 Token: 8 7Policy: 0.991553 0.00470252 9.39783e-05 0.00365008 
Value: 2.15072
Action: 0 Reward: 1

Time: 45 Agent: 8 7 Token: 9 1Policy: 4.22065e-08 0.00309188 0.996902 5.87179e-06 
Value: 1.3101
Action: 2 Reward: 0

Time: 46 Agent: 8 6 Token: 9 1Policy: 5.83255e-09 0.00117018 0.998827 2.51372e-06 
Value: 1.23595
Action: 2 Reward: 0

Time: 47 Agent: 8 5 Token: 9 1Policy: 4.96323e-09 0.00128938 0.998709 1.94732e-06 
Value: 1.31614
Action: 2 Reward: 0

Time: 48 Agent: 8 4 Token: 9 1Policy: 8.22645e-09 0.00223683 0.997761 1.80721e-06 
Value: 1.46309
Action: 2 Reward: 0

Time: 49 Agent: 8 3 Token: 9 1Policy: 5.74651e-08 0.0105331 0.989464 2.51605e-06 
Value: 1.6379
Action: 2 Reward: 0

Time: 50 Agent: 8 2 Token: 9 1Policy: 1.63067e-05 0.452051 0.547923 9.26478e-06 
Value: 1.77377
Action: 2 Reward: 0

Time: 51 Agent: 8 1 Token: 9 1Policy: 0.00262297 0.99478 0.00259243 4.14274e-06 
Value: 1.87833
Action: 1 Reward: 1

Time: 52 Agent: 9 1 Token: 5 7Policy: 0.950544 2.60292e-06 2.72378e-07 0.0494532 
Value: 0.6074
Action: 0 Reward: 0

Time: 53 Agent: 9 2 Token: 5 7Policy: 0.883135 1.07617e-06 2.98776e-07 0.116863 
Value: 0.895069
Action: 0 Reward: 0

Time: 54 Agent: 9 3 Token: 5 7Policy: 0.321826 4.98477e-07 1.80927e-06 0.678171 
Value: 1.00052
Action: 3 Reward: 0

Time: 55 Agent: 8 3 Token: 5 7Policy: 0.792907 1.12352e-06 6.38082e-07 0.207091 
Value: 1.06491
Action: 0 Reward: 0

Time: 56 Agent: 8 4 Token: 5 7Policy: 0.17919 3.96818e-07 3.22146e-06 0.820806 
Value: 1.18658
Action: 0 Reward: 0

Time: 57 Agent: 8 5 Token: 5 7Policy: 0.009243 3.88529e-08 6.18561e-06 0.990751 
Value: 1.3577
Action: 3 Reward: 0

Time: 58 Agent: 7 5 Token: 5 7Policy: 0.149778 7.64131e-07 1.02454e-05 0.850211 
Value: 1.49362
Action: 3 Reward: 0

Time: 59 Agent: 6 5 Token: 5 7Policy: 0.924541 8.05844e-06 2.83773e-06 0.0754481 
Value: 1.67231
Action: 0 Reward: 0

Time: 60 Agent: 6 6 Token: 5 7Policy: 0.150463 5.36682e-06 9.76679e-05 0.849434 
Value: 1.84105
Action: 3 Reward: 0

Time: 61 Agent: 5 6 Token: 5 7Policy: 0.987975 0.000548016 3.85348e-05 0.011438 
Value: 2.04502
Action: 0 Reward: 1

Time: 62 Agent: 5 7 Token: 8 8Policy: 0.00583152 0.994166 2.07363e-06 1.57088e-08 
Value: 1.4536
Action: 1 Reward: 0

Time: 63 Agent: 6 7 Token: 8 8Policy: 0.0125713 0.987426 2.45092e-06 2.88048e-08 
Value: 1.60388
Action: 1 Reward: 0

Time: 64 Agent: 7 7 Token: 8 8Policy: 0.141766 0.8582 3.16863e-05 2.76516e-06 
Value: 1.84143
Action: 1 Reward: 0

Time: 65 Agent: 8 7 Token: 8 8Policy: 0.986712 0.00691594 0.000211769 0.00616061 
Value: 2.04191
Action: 0 Reward: 1

Time: 66 Agent: 8 8 Token: 0 5Policy: 3.79661e-06 6.01381e-08 0.0328374 0.967159 
Value: 0.736029
Action: 3 Reward: 0

Time: 67 Agent: 7 8 Token: 0 5Policy: 6.51351e-07 4.396e-08 0.1455 0.854499 
Value: 0.708203
Action: 3 Reward: 0

Time: 68 Agent: 6 8 Token: 0 5Policy: 2.60553e-07 2.56937e-08 0.202993 0.797007 
Value: 0.75153
Action: 3 Reward: 0

Time: 69 Agent: 5 8 Token: 0 5Policy: 1.72779e-07 2.02303e-08 0.236015 0.763985 
Value: 0.824054
Action: 3 Reward: 0

Time: 70 Agent: 4 8 Token: 0 5Policy: 1.58201e-07 2.22054e-08 0.27688 0.723119 
Value: 0.916162
Action: 3 Reward: 0

Time: 71 Agent: 3 8 Token: 0 5Policy: 1.85654e-07 4.21547e-08 0.391174 0.608826 
Value: 1.03138
Action: 3 Reward: 0

Time: 72 Agent: 2 8 Token: 0 5Policy: 1.44022e-07 2.73555e-07 0.830676 0.169324 
Value: 1.18362
Action: 3 Reward: 0

Time: 73 Agent: 1 8 Token: 0 5Policy: 8.2358e-09 4.77559e-06 0.999055 0.000940102 
Value: 1.42183
Action: 2 Reward: 0

Time: 74 Agent: 1 7 Token: 0 5Policy: 1.53092e-07 3.25848e-06 0.986457 0.0135394 
Value: 1.62057
Action: 2 Reward: 0

Time: 75 Agent: 1 6 Token: 0 5Policy: 3.9713e-06 9.0057e-06 0.885243 0.114744 
Value: 1.70551
Action: 3 Reward: 0

Time: 76 Agent: 0 6 Token: 0 5Policy: 1.15958e-06 0.000806571 0.998669 0.000523405 
Value: 1.89701
Action: 2 Reward: 1

Time: 77 Agent: 0 5 Token: 5 9Policy: 0.0316109 0.968386 2.84405e-06 2.87323e-07 
Value: 0.757079
Action: 1 Reward: 0

Time: 78 Agent: 1 5 Token: 5 9Policy: 0.0720008 0.927999 1.2811e-07 2.27624e-08 
Value: 0.833755
Action: 1 Reward: 0

Time: 79 Agent: 2 5 Token: 5 9Policy: 0.11357 0.88643 8.38945e-08 1.79052e-08 
Value: 0.962357
Action: 1 Reward: 0

Time: 80 Agent: 3 5 Token: 5 9Policy: 0.521246 0.478754 1.05961e-07 1.04633e-07 
Value: 1.08696
Action: 1 Reward: 0

Time: 81 Agent: 4 5 Token: 5 9Policy: 0.995406 0.00459313 1.23922e-08 7.66813e-07 
Value: 1.26039
Action: 0 Reward: 0

Time: 82 Agent: 4 6 Token: 5 9Policy: 0.861156 0.138843 1.81141e-07 5.35822e-07 
Value: 1.3745
Action: 0 Reward: 0

Time: 83 Agent: 4 7 Token: 5 9Policy: 0.701695 0.298303 7.48034e-07 8.61621e-07 
Value: 1.52712
Action: 1 Reward: 0

Time: 84 Agent: 5 7 Token: 5 9Policy: 0.999384 0.000558967 2.01636e-07 5.72871e-05 
Value: 1.73117
Action: 0 Reward: 0

Time: 85 Agent: 5 8 Token: 5 9Policy: 0.975817 0.0155165 0.000420917 0.00824524 
Value: 1.84757
Action: 0 Reward: 1

Time: 86 Agent: 5 9 Token: 2 5Policy: 2.11882e-06 3.0265e-07 0.25734 0.742658 
Value: 0.864843
Action: 3 Reward: 0

Time: 87 Agent: 4 9 Token: 2 5Policy: 2.23255e-07 3.36509e-07 0.791522 0.208477 
Value: 1.02738
Action: 2 Reward: 0

Time: 88 Agent: 4 8 Token: 2 5Policy: 2.81599e-07 1.43596e-07 0.625798 0.374201 
Value: 1.19189
Action: 2 Reward: 0

Time: 89 Agent: 4 7 Token: 2 5Policy: 4.6189e-07 1.1213e-07 0.464471 0.535529 
Value: 1.30478
Action: 3 Reward: 0

Time: 90 Agent: 3 7 Token: 2 5Policy: 1.1329e-07 1.56764e-06 0.979874 0.0201247 
Value: 1.57106
Action: 2 Reward: 0

Time: 91 Agent: 3 6 Token: 2 5Policy: 5.97798e-06 2.391e-06 0.632133 0.367858 
Value: 1.66181
Action: 2 Reward: 0

Time: 92 Agent: 3 5 Token: 2 5Policy: 0.000311669 1.51466e-06 0.0162529 0.983434 
Value: 1.74812
Action: 3 Reward: 1

Time: 93 Agent: 2 5 Token: 5 4Policy: 1.47528e-05 0.985615 0.01437 1.93849e-07 
Value: 1.23559
Action: 1 Reward: 0

Time: 94 Agent: 3 5 Token: 5 4Policy: 1.5783e-05 0.945874 0.0541097 4.57381e-07 
Value: 1.48794
Action: 1 Reward: 0

Time: 95 Agent: 4 5 Token: 5 4Policy: 1.15033e-05 0.255338 0.744637 1.34791e-05 
Value: 1.72641
Action: 2 Reward: 0

Time: 96 Agent: 4 4 Token: 5 4Policy: 0.00247913 0.993832 0.00368362 5.23945e-06 
Value: 1.73151
Action: 1 Reward: 1

Time: 97 Agent: 5 4 Token: 2 9Policy: 0.966012 2.54383e-06 1.7966e-07 0.0339853 
Value: 0.402511
Action: 0 Reward: 0

Time: 98 Agent: 5 5 Token: 2 9Policy: 0.812724 1.07693e-06 4.43271e-07 0.187274 
Value: 0.616565
Action: 0 Reward: 0

Time: 99 Agent: 5 6 Token: 2 9Policy: 0.110513 2.17884e-07 2.57773e-06 0.889484 
Value: 0.773397
Action: 3 Reward: 0

Time: 0 Agent: 5 5 Token: 3 0Policy: 6.28199e-07 8.76171e-06 0.970651 0.0293395 
Value: 0.906344
Action: 2 Reward: 0

Time: 1 Agent: 5 4 Token: 3 0Policy: 3.4928e-07 2.52675e-07 0.713356 0.286643 
Value: 1.14317
Action: 2 Reward: 0

Time: 2 Agent: 5 3 Token: 3 0Policy: 3.60805e-07 1.78292e-07 0.654688 0.345312 
Value: 1.36036
Action: 2 Reward: 0

Time: 3 Agent: 5 2 Token: 3 0Policy: 7.48706e-07 1.73904e-07 0.500546 0.499453 
Value: 1.57492
Action: 3 Reward: 0

Time: 4 Agent: 4 2 Token: 3 0Policy: 2.69264e-07 1.58229e-06 0.958724 0.0412742 
Value: 1.76417
Action: 2 Reward: 0

Time: 5 Agent: 4 1 Token: 3 0Policy: 1.82668e-05 3.77113e-06 0.503111 0.496866 
Value: 1.96409
Action: 2 Reward: 0

Time: 6 Agent: 4 0 Token: 3 0Policy: 0.00405303 6.10724e-06 0.00590936 0.990031 
Value: 2.09688
Action: 3 Reward: 1

Time: 7 Agent: 3 0 Token: 5 0Policy: 0.00254162 0.996907 0.000550816 8.71434e-07 
Value: 1.91045
Action: 1 Reward: 0

Time: 8 Agent: 4 0 Token: 5 0Policy: 0.00382555 0.994912 0.00126025 2.07967e-06 
Value: 2.15445
Action: 1 Reward: 1

Time: 9 Agent: 5 0 Token: 9 5Policy: 0.0374713 0.962528 2.83967e-07 2.15934e-08 
Value: 1.16196
Action: 1 Reward: 0

Time: 10 Agent: 6 0 Token: 9 5Policy: 0.173266 0.826733 1.5515e-07 5.45721e-08 
Value: 1.1424
Action: 1 Reward: 0

Time: 11 Agent: 7 0 Token: 9 5Policy: 0.967988 0.0320116 2.70735e-08 5.14161e-07 
Value: 1.239
Action: 0 Reward: 0

Time: 12 Agent: 7 1 Token: 9 5Policy: 0.522045 0.477954 1.50702e-07 1.5655e-07 
Value: 1.3349
Action: 1 Reward: 0

Time: 13 Agent: 8 1 Token: 9 5Policy: 0.998611 0.0013876 7.86794e-09 1.41744e-06 
Value: 1.5152
Action: 0 Reward: 0

Time: 14 Agent: 8 2 Token: 9 5Policy: 0.956778 0.043221 1.25317e-07 1.11359e-06 
Value: 1.65406
Action: 0 Reward: 0

Time: 15 Agent: 8 3 Token: 9 5Policy: 0.853726 0.146272 7.24277e-07 1.87688e-06 
Value: 1.81196
Action: 0 Reward: 0

Time: 16 Agent: 8 4 Token: 9 5Policy: 0.315708 0.684272 1.66582e-05 4.06406e-06 
Value: 1.98894
Action: 0 Reward: 0

Time: 17 Agent: 8 5 Token: 9 5Policy: 0.00879749 0.988216 0.00297425 1.27017e-05 
Value: 2.09434
Action: 1 Reward: 1

Time: 18 Agent: 9 5 Token: 6 6Policy: 0.000735046 2.32081e-08 4.85699e-05 0.999216 
Value: 1.69272
Action: 3 Reward: 0

Time: 19 Agent: 8 5 Token: 6 6Policy: 0.00540886 1.20729e-07 5.10686e-05 0.99454 
Value: 1.8609
Action: 3 Reward: 0

Time: 20 Agent: 7 5 Token: 6 6Policy: 0.314941 1.20573e-05 0.000120092 0.684927 
Value: 2.08944
Action: 3 Reward: 0

Time: 21 Agent: 6 5 Token: 6 6Policy: 0.988733 0.000625114 3.96065e-05 0.0106028 
Value: 2.1992
Action: 0 Reward: 1

Time: 22 Agent: 6 6 Token: 1 0Policy: 6.26463e-06 2.89555e-07 0.104853 0.895141 
Value: 0.798004
Action: 3 Reward: 0

Time: 23 Agent: 5 6 Token: 1 0Policy: 1.4791e-06 2.24825e-07 0.305199 0.6948 
Value: 0.790081
Action: 3 Reward: 0

Time: 24 Agent: 4 6 Token: 1 0Policy: 4.11825e-07 6.16022e-07 0.770969 0.22903 
Value: 0.810942
Action: 2 Reward: 0

Time: 25 Agent: 4 5 Token: 1 0Policy: 3.98777e-07 1.66246e-07 0.536183 0.463816 
Value: 0.884672
Action: 2 Reward: 0

Time: 26 Agent: 4 4 Token: 1 0Policy: 4.18311e-07 1.09573e-07 0.444187 0.555812 
Value: 0.991271
Action: 3 Reward: 0

Time: 27 Agent: 3 4 Token: 1 0Policy: 1.31746e-07 5.60336e-07 0.905768 0.0942311 
Value: 1.04553
Action: 3 Reward: 0

Time: 28 Agent: 2 4 Token: 1 0Policy: 5.3113e-09 3.80981e-06 0.999048 0.000948062 
Value: 1.18599
Action: 2 Reward: 0

Time: 29 Agent: 2 3 Token: 1 0Policy: 4.26576e-08 1.74859e-06 0.991019 0.00897894 
Value: 1.44192
Action: 2 Reward: 0

Time: 30 Agent: 2 2 Token: 1 0Policy: 1.97643e-07 2.37796e-06 0.975051 0.0249464 
Value: 1.62563
Action: 2 Reward: 0

Time: 31 Agent: 2 1 Token: 1 0Policy: 1.83457e-05 7.59431e-06 0.609899 0.390076 
Value: 1.79372
Action: 3 Reward: 0

Time: 32 Agent: 1 1 Token: 1 0Policy: 1.60885e-05 0.00191854 0.995361 0.00270483 
Value: 1.96085
Action: 2 Reward: 1

Time: 33 Agent: 1 0 Token: 9 1Policy: 0.00129011 0.998697 1.28442e-05 4.15021e-08 
Value: 0.974214
Action: 1 Reward: 0

Time: 34 Agent: 2 0 Token: 9 1Policy: 0.00192078 0.998077 2.58339e-06 1.02674e-08 
Value: 1.0183
Action: 1 Reward: 0

Time: 35 Agent: 3 0 Token: 9 1Policy: 0.00249281 0.997506 1.12029e-06 5.83358e-09 
Value: 1.10718
Action: 1 Reward: 0

Time: 36 Agent: 4 0 Token: 9 1Policy: 0.00325106 0.996748 6.79617e-07 4.30234e-09 
Value: 1.21459
Action: 1 Reward: 0

Time: 37 Agent: 5 0 Token: 9 1Policy: 0.00438978 0.99561 5.23696e-07 3.96019e-09 
Value: 1.33903
Action: 1 Reward: 0

Time: 38 Agent: 6 0 Token: 9 1Policy: 0.00649259 0.993507 5.58179e-07 5.24211e-09 
Value: 1.48535
Action: 1 Reward: 0

Time: 39 Agent: 7 0 Token: 9 1Policy: 0.0139473 0.986052 1.17528e-06 1.8207e-08 
Value: 1.66912
Action: 1 Reward: 0

Time: 40 Agent: 8 0 Token: 9 1Policy: 0.163755 0.83623 1.32065e-05 1.57314e-06 
Value: 1.92447
Action: 0 Reward: 0

Time: 41 Agent: 8 1 Token: 9 1Policy: 0.0163505 0.982455 0.00118341 1.15513e-05 
Value: 1.96328
Action: 1 Reward: 1

Time: 42 Agent: 9 1 Token: 6 4Policy: 0.432058 3.11947e-06 8.01169e-06 0.567931 
Value: 1.33837
Action: 3 Reward: 0

Time: 43 Agent: 8 1 Token: 6 4Policy: 0.807514 2.17332e-06 1.38237e-06 0.192483 
Value: 1.36931
Action: 0 Reward: 0

Time: 44 Agent: 8 2 Token: 6 4Policy: 0.179753 7.30716e-07 7.3456e-06 0.820239 
Value: 1.54702
Action: 3 Reward: 0

Time: 45 Agent: 7 2 Token: 6 4Policy: 0.934839 6.05753e-06 1.84724e-06 0.0651528 
Value: 1.76505
Action: 0 Reward: 0

Time: 46 Agent: 7 3 Token: 6 4Policy: 0.232501 5.08553e-06 5.33771e-05 0.767441 
Value: 1.91806
Action: 3 Reward: 0

Time: 47 Agent: 6 3 Token: 6 4Policy: 0.992563 0.000260138 1.15006e-05 0.0071651 
Value: 2.12129
Action: 0 Reward: 1

Time: 48 Agent: 6 4 Token: 5 9Policy: 0.999169 6.94056e-06 2.86868e-08 0.000823777 
Value: 1.26981
Action: 0 Reward: 0

Time: 49 Agent: 6 5 Token: 5 9Policy: 0.998989 4.02252e-06 1.93166e-08 0.00100666 
Value: 1.30191
Action: 0 Reward: 0

Time: 50 Agent: 6 6 Token: 5 9Policy: 0.996717 4.6305e-06 6.42963e-08 0.00327796 
Value: 1.39838
Action: 0 Reward: 0

Time: 51 Agent: 6 7 Token: 5 9Policy: 0.922907 8.7531e-06 2.6554e-06 0.0770819 
Value: 1.58704
Action: 0 Reward: 0

Time: 52 Agent: 6 8 Token: 5 9Policy: 0.119516 5.13664e-06 0.000129527 0.880349 
Value: 1.82279
Action: 3 Reward: 0

Time: 53 Agent: 5 8 Token: 5 9Policy: 0.97786 0.000783947 0.000102639 0.0212534 
Value: 2.00737
Action: 0 Reward: 1

Time: 54 Agent: 5 9 Token: 5 3Policy: 1.45173e-08 0.000150202 0.99981 3.95036e-05 
Value: 1.35785
Action: 2 Reward: 0

Time: 55 Agent: 5 8 Token: 5 3Policy: 2.54315e-09 3.43557e-05 0.999931 3.41659e-05 
Value: 1.33771
Action: 2 Reward: 0

Time: 56 Agent: 5 7 Token: 5 3Policy: 2.69929e-09 3.1312e-05 0.999937 3.20511e-05 
Value: 1.53831
Action: 2 Reward: 0

Time: 57 Agent: 5 6 Token: 5 3Policy: 5.33871e-09 4.37253e-05 0.999918 3.82469e-05 
Value: 1.73679
Action: 2 Reward: 0

Time: 58 Agent: 5 5 Token: 5 3Policy: 2.88535e-08 9.15933e-05 0.999826 8.25409e-05 
Value: 1.91789
Action: 2 Reward: 0

Time: 59 Agent: 5 4 Token: 5 3Policy: 4.75497e-06 0.00104885 0.997825 0.0011217 
Value: 2.03746
Action: 2 Reward: 1

Time: 60 Agent: 5 3 Token: 1 3Policy: 3.22929e-05 3.71598e-09 0.00014061 0.999827 
Value: 1.27
Action: 3 Reward: 0

Time: 61 Agent: 4 3 Token: 1 3Policy: 6.23737e-05 4.44595e-09 9.91458e-05 0.999838 
Value: 1.40991
Action: 3 Reward: 0

Time: 62 Agent: 3 3 Token: 1 3Policy: 0.000250327 2.81346e-08 0.00022478 0.999525 
Value: 1.60153
Action: 3 Reward: 0

Time: 63 Agent: 2 3 Token: 1 3Policy: 0.00655401 3.17488e-06 0.00183194 0.991611 
Value: 1.8616
Action: 3 Reward: 1

Time: 64 Agent: 1 3 Token: 0 4Policy: 0.491306 3.49088e-05 0.000113679 0.508546 
Value: 1.74129
Action: 3 Reward: 0

Time: 65 Agent: 0 3 Token: 0 4Policy: 0.991361 0.00299057 6.07746e-05 0.0055879 
Value: 1.90225
Action: 0 Reward: 1

Time: 66 Agent: 0 4 Token: 3 5Policy: 0.0196607 0.980336 3.25879e-06 7.92103e-08 
Value: 1.421
Action: 1 Reward: 0

Time: 67 Agent: 1 4 Token: 3 5Policy: 0.0223056 0.977692 2.45795e-06 4.25621e-08 
Value: 1.66784
Action: 1 Reward: 0

Time: 68 Agent: 2 4 Token: 3 5Policy: 0.10677 0.893213 1.57056e-05 8.82274e-07 
Value: 1.9583
Action: 1 Reward: 0

Time: 69 Agent: 3 4 Token: 3 5Policy: 0.976422 0.0224889 0.000100779 0.000988787 
Value: 2.14523
Action: 0 Reward: 1

Time: 70 Agent: 3 5 Token: 0 5Policy: 0.000605537 4.6454e-08 0.000106871 0.999288 
Value: 1.53485
Action: 3 Reward: 0

Time: 71 Agent: 2 5 Token: 0 5Policy: 0.000472967 8.38943e-08 0.000342725 0.999184 
Value: 1.54327
Action: 3 Reward: 0

Time: 72 Agent: 1 5 Token: 0 5Policy: 0.00559733 7.81405e-06 0.00474887 0.989646 
Value: 1.74901
Action: 3 Reward: 1

Time: 73 Agent: 0 5 Token: 8 0Policy: 1.30915e-05 0.966069 0.0339172 8.21629e-07 
Value: 0.279423
Action: 1 Reward: 0

Time: 74 Agent: 1 5 Token: 8 0Policy: 1.8982e-06 0.252491 0.747499 8.66933e-06 
Value: 0.478509
Action: 2 Reward: 0

Time: 75 Agent: 1 4 Token: 8 0Policy: 9.52098e-06 0.964718 0.035272 4.37329e-07 
Value: 0.493012
Action: 1 Reward: 0

Time: 76 Agent: 2 4 Token: 8 0Policy: 2.18722e-06 0.568291 0.431704 2.56674e-06 
Value: 0.514293
Action: 1 Reward: 0

Time: 77 Agent: 3 4 Token: 8 0Policy: 7.75905e-07 0.269173 0.730823 2.85114e-06 
Value: 0.577459
Action: 2 Reward: 0

Time: 78 Agent: 3 3 Token: 8 0Policy: 3.91904e-06 0.950548 0.0494478 2.09297e-07 
Value: 0.658626
Action: 1 Reward: 0

Time: 79 Agent: 4 3 Token: 8 0Policy: 6.86125e-07 0.354451 0.645547 1.32468e-06 
Value: 0.746965
Action: 2 Reward: 0

Time: 80 Agent: 4 2 Token: 8 0Policy: 3.53752e-06 0.986814 0.0131825 3.71314e-08 
Value: 0.864828
Action: 1 Reward: 0

Time: 81 Agent: 5 2 Token: 8 0Policy: 1.21343e-06 0.576708 0.42329 7.18554e-07 
Value: 0.964253
Action: 1 Reward: 0

Time: 82 Agent: 6 2 Token: 8 0Policy: 5.75406e-07 0.20899 0.791008 1.48462e-06 
Value: 1.07011
Action: 1 Reward: 0

Time: 83 Agent: 7 2 Token: 8 0Policy: 1.22154e-07 0.0194692 0.980527 3.26034e-06 
Value: 1.21794
Action: 2 Reward: 0

Time: 84 Agent: 7 1 Token: 8 0Policy: 1.03837e-05 0.315703 0.684273 1.36691e-05 
Value: 1.37121
Action: 2 Reward: 0

Time: 85 Agent: 7 0 Token: 8 0Policy: 0.00235551 0.994918 0.00272185 5.04518e-06 
Value: 1.49032
Action: 1 Reward: 1

Time: 86 Agent: 8 0 Token: 6 8Policy: 0.998028 4.34413e-06 3.07718e-08 0.00196746 
Value: 0.56406
Action: 0 Reward: 0

Time: 87 Agent: 8 1 Token: 6 8Policy: 0.998707 1.07068e-06 4.1504e-09 0.00129184 
Value: 0.637598
Action: 0 Reward: 0

Time: 88 Agent: 8 2 Token: 6 8Policy: 0.998808 8.58074e-07 2.93062e-09 0.00119124 
Value: 0.672523
Action: 0 Reward: 0

Time: 89 Agent: 8 3 Token: 6 8Policy: 0.998406 8.73892e-07 3.76907e-09 0.00159301 
Value: 0.696759
Action: 0 Reward: 0

Time: 90 Agent: 8 4 Token: 6 8Policy: 0.994367 1.0724e-06 1.50045e-08 0.00563181 
Value: 0.753998
Action: 0 Reward: 0

Time: 91 Agent: 8 5 Token: 6 8Policy: 0.797727 1.52697e-06 7.91119e-07 0.202271 
Value: 0.883822
Action: 3 Reward: 0

Time: 92 Agent: 7 5 Token: 6 8Policy: 0.990399 3.74605e-06 1.38657e-07 0.00959742 
Value: 1.07941
Action: 0 Reward: 0

Time: 93 Agent: 7 6 Token: 6 8Policy: 0.711015 7.15036e-06 8.49575e-06 0.28897 
Value: 1.24361
Action: 0 Reward: 0

Time: 94 Agent: 7 7 Token: 6 8Policy: 0.0721914 2.89987e-06 0.000115375 0.92769 
Value: 1.49894
Action: 3 Reward: 0

Time: 95 Agent: 6 7 Token: 6 8Policy: 0.947746 0.0010084 0.000226258 0.0510189 
Value: 1.58779
Action: 0 Reward: 1

Time: 96 Agent: 6 8 Token: 0 5Policy: 1.91371e-06 3.37996e-08 0.0313643 0.968634 
Value: 0.437931
Action: 3 Reward: 0

Time: 97 Agent: 5 8 Token: 0 5Policy: 3.70471e-07 2.31431e-08 0.12046 0.87954 
Value: 0.478058
Action: 3 Reward: 0

Time: 98 Agent: 4 8 Token: 0 5Policy: 2.55189e-07 2.3425e-08 0.173503 0.826497 
Value: 0.536406
Action: 3 Reward: 0

Time: 99 Agent: 3 8 Token: 0 5Policy: 3.0331e-07 4.84672e-08 0.274993 0.725007 
Value: 0.636698
Action: 2 Reward: 0

