Training control Time: 1715011497
Hyperparameters: numRollouts: 1 batchSize: 512 numEpochs: 1 numIter: 100000 evalPeriod: 400 savePeriod: 400 alpha: 0.000500 GAEParam: 1.000000 
Iteration 400 Time: 239 Score: -3.01912 Size: 7.04971 Loss: 0.804971 Win: 0 valueNorm: 5 stepSize: 0.0005
Iteration 800 Time: 519 Score: 1.18451 Size: 7.8246 Loss: 0.462415 Win: 0 valueNorm: 5 stepSize: 0.0005
Iteration 1200 Time: 803 Score: 2.31279 Size: 8.50228 Loss: 0.417808 Win: 0 valueNorm: 5 stepSize: 0.0005
Iteration 1600 Time: 1085 Score: 3.67035 Size: 10.5111 Loss: 0.482301 Win: 0 valueNorm: 5 stepSize: 0.0005
Iteration 2000 Time: 1377 Score: 5.7336 Size: 12.8489 Loss: 0.508946 Win: 0 valueNorm: 5 stepSize: 0.0005
Iteration 2400 Time: 1667 Score: 6.81928 Size: 14.0542 Loss: 0.52008 Win: 0 valueNorm: 5 stepSize: 0.0005
Iteration 2800 Time: 1966 Score: 7.21805 Size: 14.5301 Loss: 0.528195 Win: 0 valueNorm: 5 stepSize: 0.0005
Iteration 3200 Time: 2272 Score: 10.3984 Size: 16.5671 Loss: 0.414634 Win: 0 valueNorm: 5 stepSize: 0.0005
Iteration 3600 Time: 2583 Score: 11.919 Size: 17.7287 Loss: 0.378543 Win: 0 valueNorm: 5 stepSize: 0.0005
Iteration 4000 Time: 2896 Score: 12.6996 Size: 18.393 Loss: 0.366255 Win: 0 valueNorm: 5 stepSize: 0.0005
Iteration 4400 Time: 3209 Score: 12.996 Size: 19.012 Loss: 0.399598 Win: 0 valueNorm: 5 stepSize: 0.0005
Iteration 4800 Time: 3519 Score: 14.166 Size: 20.0717 Loss: 0.387295 Win: 0 valueNorm: 5 stepSize: 0.0005
Iteration 5200 Time: 3838 Score: 15.9337 Size: 21.1077 Loss: 0.3147 Win: 0 valueNorm: 5 stepSize: 0.0005
Iteration 5600 Time: 4150 Score: 16.258 Size: 21.6887 Loss: 0.341151 Win: 0 valueNorm: 5 stepSize: 0.0005
Iteration 6000 Time: 4469 Score: 17.4797 Size: 22.7441 Loss: 0.324094 Win: 0 valueNorm: 5 stepSize: 0.0005
Iteration 6400 Time: 4780 Score: 16.4623 Size: 22.369 Loss: 0.388889 Win: 0 valueNorm: 5 stepSize: 0.0005
Iteration 6800 Time: 5068 Score: 17.6484 Size: 23.2484 Loss: 0.357895 Win: 0 valueNorm: 5 stepSize: 0.0005
Iteration 7200 Time: 5358 Score: 18.2568 Size: 23.7095 Loss: 0.343158 Win: 0 valueNorm: 5 stepSize: 0.0005
Iteration 7600 Time: 5649 Score: 19.4224 Size: 24.7543 Loss: 0.331897 Win: 0 valueNorm: 5 stepSize: 0.0005
Iteration 8000 Time: 5940 Score: 19.2059 Size: 24.9076 Loss: 0.367647 Win: 0 valueNorm: 5 stepSize: 0.0005
Iteration 8400 Time: 6231 Score: 20.6637 Size: 25.9978 Loss: 0.331868 Win: 0 valueNorm: 5 stepSize: 0.0005
Iteration 8800 Time: 6514 Score: 21.1052 Size: 26.912 Loss: 0.379828 Win: 0 valueNorm: 5 stepSize: 0.0005
Iteration 9200 Time: 6792 Score: 22.2402 Size: 28.2751 Loss: 0.401747 Win: 0 valueNorm: 5 stepSize: 0.0005
Iteration 9600 Time: 7069 Score: 23.8451 Size: 29.7965 Loss: 0.393805 Win: 0 valueNorm: 5 stepSize: 0.0005
Iteration 10000 Time: 7344 Score: 24.7069 Size: 30.774 Loss: 0.404922 Win: 0 valueNorm: 5 stepSize: 0.0005
Iteration 10400 Time: 7613 Score: 26.2 Size: 32.78 Loss: 0.455556 Win: 0 valueNorm: 5 stepSize: 0.0005
Iteration 10800 Time: 7887 Score: 29.0515 Size: 35.1723 Loss: 0.409396 Win: 0 valueNorm: 5 stepSize: 0.0005
Iteration 11200 Time: 8163 Score: 31.1757 Size: 37.1171 Loss: 0.391892 Win: 0 valueNorm: 5 stepSize: 0.0005
Iteration 11600 Time: 8433 Score: 33.032 Size: 39.119 Loss: 0.407323 Win: 0 valueNorm: 5 stepSize: 0.0005
Iteration 12000 Time: 8703 Score: 34.2209 Size: 40.4256 Loss: 0.418605 Win: 0 valueNorm: 5 stepSize: 0.0005
Iteration 12400 Time: 8969 Score: 35.5849 Size: 42.2948 Loss: 0.46934 Win: 0 valueNorm: 5 stepSize: 0.0005
Iteration 12800 Time: 9242 Score: 37.9562 Size: 43.8295 Loss: 0.384793 Win: 0 valueNorm: 5 stepSize: 0.0005
Iteration 13200 Time: 9516 Score: 40.0903 Size: 45.8504 Loss: 0.372922 Win: 0 valueNorm: 5 stepSize: 0.0005
Iteration 13600 Time: 9789 Score: 39.7007 Size: 45.898 Loss: 0.417234 Win: 0 valueNorm: 5 stepSize: 0.0005
Iteration 14000 Time: 10061 Score: 41.2023 Size: 47.0628 Loss: 0.383721 Win: 0 valueNorm: 5 stepSize: 0.0005
Iteration 14400 Time: 10336 Score: 43.4871 Size: 48.5667 Loss: 0.306792 Win: 0 valueNorm: 5 stepSize: 0.0005
Iteration 14800 Time: 10622 Score: 44.2914 Size: 49.8485 Loss: 0.354312 Win: 0 valueNorm: 5 stepSize: 0.0005
Iteration 15200 Time: 10911 Score: 43.1991 Size: 48.957 Loss: 0.373303 Win: 0 valueNorm: 5 stepSize: 0.0005
Iteration 15600 Time: 11197 Score: 42.9685 Size: 49.3011 Loss: 0.431461 Win: 0 valueNorm: 5 stepSize: 0.0005
Iteration 16000 Time: 11485 Score: 43.1287 Size: 49.307 Loss: 0.41535 Win: 0 valueNorm: 5 stepSize: 0.0005
Iteration 16400 Time: 11770 Score: 43.7348 Size: 50.1528 Loss: 0.440449 Win: 0 valueNorm: 5 stepSize: 0.0005
Iteration 16800 Time: 12059 Score: 44.1712 Size: 49.8356 Loss: 0.364865 Win: 0 valueNorm: 5 stepSize: 0.0005
Iteration 17200 Time: 12353 Score: 46.4364 Size: 51.9773 Loss: 0.352273 Win: 0 valueNorm: 5 stepSize: 0.0005
Iteration 17600 Time: 12645 Score: 46.3084 Size: 52.102 Loss: 0.376417 Win: 0 valueNorm: 5 stepSize: 0.0005
Iteration 18000 Time: 12937 Score: 48.0233 Size: 53.4674 Loss: 0.34186 Win: 0 valueNorm: 5 stepSize: 0.0005
Iteration 18400 Time: 13227 Score: 48.0186 Size: 53.0536 Loss: 0.300699 Win: 0 valueNorm: 5 stepSize: 0.0005
Iteration 18800 Time: 13525 Score: 47.3267 Size: 52.6578 Loss: 0.331111 Win: 0 valueNorm: 5 stepSize: 0.0005
Iteration 19200 Time: 13819 Score: 46.8728 Size: 52.5943 Loss: 0.370614 Win: 0 valueNorm: 5 stepSize: 0.0005
Iteration 19600 Time: 14114 Score: 48.8514 Size: 54.0856 Loss: 0.31982 Win: 0 valueNorm: 5 stepSize: 0.0005
Iteration 20000 Time: 14403 Score: 49.7955 Size: 55.2315 Loss: 0.341573 Win: 0 valueNorm: 5 stepSize: 0.0005
Iteration 20400 Time: 14679 Score: 50.5711 Size: 55.3823 Loss: 0.27972 Win: 0 valueNorm: 5 stepSize: 0.0005
Iteration 20800 Time: 14956 Score: 50.0847 Size: 55.492 Loss: 0.338673 Win: 0 valueNorm: 5 stepSize: 0.0005
Iteration 21200 Time: 15229 Score: 49.1063 Size: 54.4593 Loss: 0.332579 Win: 0 valueNorm: 5 stepSize: 0.0005
Iteration 21600 Time: 15504 Score: 49.1314 Size: 54.7795 Loss: 0.363029 Win: 0 valueNorm: 5 stepSize: 0.0005
Iteration 22000 Time: 15782 Score: 49.1482 Size: 54.3982 Loss: 0.323009 Win: 0 valueNorm: 5 stepSize: 0.0005
Iteration 22400 Time: 16064 Score: 49.4437 Size: 54.9502 Loss: 0.348485 Win: 0 valueNorm: 5 stepSize: 0.0005
Iteration 22800 Time: 16345 Score: 50.4172 Size: 55.8389 Loss: 0.339956 Win: 0 valueNorm: 5 stepSize: 0.0005
Iteration 23200 Time: 16626 Score: 52.2857 Size: 57.458 Loss: 0.315193 Win: 0 valueNorm: 5 stepSize: 0.0005
Iteration 23600 Time: 16915 Score: 52.8522 Size: 57.6097 Loss: 0.274827 Win: 0 valueNorm: 5 stepSize: 0.0005
Iteration 24000 Time: 17209 Score: 51.6965 Size: 56.5437 Loss: 0.283843 Win: 0.00218341 valueNorm: 5 stepSize: 0.0005 Win Time: 1189
Iteration 24400 Time: 17502 Score: 52.1991 Size: 56.8479 Loss: 0.263982 Win: 0 valueNorm: 5 stepSize: 0.0005
Iteration 24800 Time: 17801 Score: 52.0415 Size: 56.5961 Loss: 0.253275 Win: 0 valueNorm: 5 stepSize: 0.0005
Iteration 25200 Time: 18091 Score: 51.3348 Size: 56.6013 Loss: 0.323789 Win: 0 valueNorm: 5 stepSize: 0.0005
Iteration 25600 Time: 18383 Score: 52.6563 Size: 57.592 Loss: 0.290466 Win: 0 valueNorm: 5 stepSize: 0.0005
Iteration 26000 Time: 18673 Score: 52.7692 Size: 57.4548 Loss: 0.266968 Win: 0 valueNorm: 5 stepSize: 0.0005
Iteration 26400 Time: 18960 Score: 53.1096 Size: 57.8591 Loss: 0.272931 Win: 0 valueNorm: 5 stepSize: 0.0005
Iteration 26800 Time: 19239 Score: 55.2336 Size: 59.6963 Loss: 0.245327 Win: 0 valueNorm: 5 stepSize: 0.0005
Iteration 27200 Time: 19523 Score: 54.7551 Size: 59.018 Loss: 0.224719 Win: 0 valueNorm: 5 stepSize: 0.0005
Iteration 27600 Time: 19804 Score: 53.7092 Size: 58.4541 Loss: 0.272931 Win: 0 valueNorm: 5 stepSize: 0.0005
Iteration 28000 Time: 20084 Score: 54.6225 Size: 59.218 Loss: 0.258427 Win: 0 valueNorm: 5 stepSize: 0.0005
Iteration 28400 Time: 20370 Score: 54.3074 Size: 58.7706 Loss: 0.244589 Win: 0 valueNorm: 5 stepSize: 0.0005
Iteration 28800 Time: 20653 Score: 57.4155 Size: 61.4315 Loss: 0.200913 Win: 0 valueNorm: 5 stepSize: 0.0005
Iteration 29200 Time: 20935 Score: 53.7947 Size: 58.3046 Loss: 0.249448 Win: 0 valueNorm: 5 stepSize: 0.0005
Iteration 29600 Time: 21220 Score: 55.9464 Size: 60.1451 Loss: 0.21875 Win: 0 valueNorm: 5 stepSize: 0.0005
Iteration 30000 Time: 21505 Score: 56.5473 Size: 60.6982 Loss: 0.213964 Win: 0 valueNorm: 5 stepSize: 0.0005
Iteration 30400 Time: 21784 Score: 54.12 Size: 58.8622 Loss: 0.273333 Win: 0 valueNorm: 5 stepSize: 0.0005
Iteration 30800 Time: 22062 Score: 54.3258 Size: 59.3169 Loss: 0.296629 Win: 0 valueNorm: 5 stepSize: 0.0005
Iteration 31200 Time: 22342 Score: 56.2009 Size: 60.7055 Loss: 0.251142 Win: 0.00228311 valueNorm: 5 stepSize: 0.0005 Win Time: 1140
Iteration 31600 Time: 22625 Score: 55.9577 Size: 60.4098 Loss: 0.242762 Win: 0 valueNorm: 5 stepSize: 0.0005
Iteration 32000 Time: 22905 Score: 56.9457 Size: 61.1991 Loss: 0.226244 Win: 0.00226244 valueNorm: 5 stepSize: 0.0005 Win Time: 1164
Iteration 32400 Time: 23186 Score: 55.0621 Size: 59.5765 Loss: 0.252772 Win: 0.00221729 valueNorm: 5 stepSize: 0.0005 Win Time: 1129
Iteration 32800 Time: 23469 Score: 55.6954 Size: 60.117 Loss: 0.240618 Win: 0 valueNorm: 5 stepSize: 0.0005
Iteration 33200 Time: 23757 Score: 55.5939 Size: 60.2052 Loss: 0.259825 Win: 0 valueNorm: 5 stepSize: 0.0005
Iteration 33600 Time: 24046 Score: 56.868 Size: 61.123 Loss: 0.223714 Win: 0 valueNorm: 5 stepSize: 0.0005
Iteration 34000 Time: 24334 Score: 60.6565 Size: 64.3154 Loss: 0.163551 Win: 0 valueNorm: 5 stepSize: 0.0005
Iteration 34400 Time: 24624 Score: 56.4235 Size: 60.8093 Loss: 0.241685 Win: 0.00443459 valueNorm: 5 stepSize: 0.0005 Win Time: 1178.5
Iteration 34800 Time: 24911 Score: 55.9536 Size: 60.6534 Loss: 0.271523 Win: 0.00441501 valueNorm: 5 stepSize: 0.0005 Win Time: 1124
Iteration 35200 Time: 25200 Score: 58.4249 Size: 62.261 Loss: 0.184758 Win: 0.00230947 valueNorm: 5 stepSize: 0.0005 Win Time: 1079
Iteration 35600 Time: 25488 Score: 58.3555 Size: 62.3005 Loss: 0.192661 Win: 0 valueNorm: 5 stepSize: 0.0005
Iteration 36000 Time: 25778 Score: 58.7409 Size: 62.5932 Loss: 0.186364 Win: 0.00227273 valueNorm: 5 stepSize: 0.0005 Win Time: 1191
Iteration 36400 Time: 26066 Score: 58.1129 Size: 62.3364 Loss: 0.223502 Win: 0.00230415 valueNorm: 5 stepSize: 0.0005 Win Time: 1168
Iteration 36800 Time: 26357 Score: 59.0486 Size: 63.0093 Loss: 0.196759 Win: 0.00231481 valueNorm: 5 stepSize: 0.0005 Win Time: 1195
Iteration 37200 Time: 26647 Score: 58.3144 Size: 62.5923 Loss: 0.230068 Win: 0.00455581 valueNorm: 5 stepSize: 0.0005 Win Time: 1181
Iteration 37600 Time: 26938 Score: 61.2308 Size: 64.8788 Loss: 0.167832 Win: 0.004662 valueNorm: 5 stepSize: 0.0005 Win Time: 1127
Iteration 38000 Time: 27226 Score: 57.4647 Size: 61.9248 Loss: 0.243736 Win: 0 valueNorm: 5 stepSize: 0.0005
Iteration 38400 Time: 27517 Score: 57.6473 Size: 61.875 Loss: 0.220982 Win: 0 valueNorm: 5 stepSize: 0.0005
Iteration 38800 Time: 27807 Score: 59.879 Size: 63.9703 Loss: 0.212329 Win: 0.00456621 valueNorm: 5 stepSize: 0.0005 Win Time: 1180
Iteration 39200 Time: 28098 Score: 63.2908 Size: 66.8061 Loss: 0.156028 Win: 0.0070922 valueNorm: 5 stepSize: 0.0005 Win Time: 1122.67
Iteration 39600 Time: 28387 Score: 58.2746 Size: 62.6429 Loss: 0.236607 Win: 0.00223214 valueNorm: 5 stepSize: 0.0005 Win Time: 1200
Iteration 40000 Time: 28682 Score: 58.1956 Size: 62.1022 Loss: 0.191111 Win: 0.00222222 valueNorm: 5 stepSize: 0.0005 Win Time: 1125
Iteration 40400 Time: 28969 Score: 58.5347 Size: 62.9508 Loss: 0.246085 Win: 0.00671141 valueNorm: 5 stepSize: 0.0005 Win Time: 1118
Iteration 40800 Time: 29262 Score: 57.9454 Size: 62.1528 Loss: 0.227074 Win: 0.00873362 valueNorm: 5 stepSize: 0.0005 Win Time: 1174
Iteration 41200 Time: 29550 Score: 59.8632 Size: 63.9529 Loss: 0.221973 Win: 0.0156951 valueNorm: 5 stepSize: 0.0005 Win Time: 1154.43
Iteration 41600 Time: 29838 Score: 58.6674 Size: 62.942 Loss: 0.234375 Win: 0.00892857 valueNorm: 5 stepSize: 0.0005 Win Time: 1149.5
Iteration 42000 Time: 30130 Score: 63.76 Size: 67.0071 Loss: 0.143529 Win: 0.0211765 valueNorm: 5 stepSize: 0.0005 Win Time: 1154.44
Iteration 42400 Time: 30418 Score: 59.1468 Size: 63.211 Loss: 0.21789 Win: 0.0137615 valueNorm: 5 stepSize: 0.0005 Win Time: 1155
Iteration 42800 Time: 30711 Score: 62.972 Size: 66.5152 Loss: 0.165501 Win: 0.013986 valueNorm: 5 stepSize: 0.0005 Win Time: 1135.67
Iteration 43200 Time: 31005 Score: 62.6946 Size: 66.0839 Loss: 0.142191 Win: 0.004662 valueNorm: 5 stepSize: 0.0005 Win Time: 1125
Iteration 43600 Time: 31298 Score: 62.2788 Size: 66.0392 Loss: 0.182028 Win: 0.00921659 valueNorm: 5 stepSize: 0.0005 Win Time: 1168.25
Iteration 44000 Time: 31592 Score: 61.6911 Size: 65.4022 Loss: 0.193333 Win: 0.0266667 valueNorm: 5 stepSize: 0.0005 Win Time: 1167.42
Iteration 44400 Time: 31887 Score: 63.0323 Size: 66.4885 Loss: 0.16129 Win: 0.0184332 valueNorm: 5 stepSize: 0.0005 Win Time: 1177.38
Iteration 44800 Time: 32182 Score: 63.1465 Size: 66.6796 Loss: 0.16476 Win: 0.01373 valueNorm: 5 stepSize: 0.0005 Win Time: 1145.83
Iteration 45200 Time: 32475 Score: 64.6659 Size: 68.0668 Loss: 0.154378 Win: 0.016129 valueNorm: 5 stepSize: 0.0005 Win Time: 1180.14
Iteration 45600 Time: 32765 Score: 60.9131 Size: 64.9955 Loss: 0.224944 Win: 0.0200445 valueNorm: 5 stepSize: 0.0005 Win Time: 1160.44
Iteration 46000 Time: 33057 Score: 62.3326 Size: 65.9725 Loss: 0.176606 Win: 0.016055 valueNorm: 5 stepSize: 0.0005 Win Time: 1155.29
Iteration 46400 Time: 33349 Score: 63.6868 Size: 66.9397 Loss: 0.136891 Win: 0.0139211 valueNorm: 5 stepSize: 0.0005 Win Time: 1157
Iteration 46800 Time: 33643 Score: 64.5982 Size: 67.903 Loss: 0.150115 Win: 0.0230947 valueNorm: 5 stepSize: 0.0005 Win Time: 1148.9
Iteration 47200 Time: 33938 Score: 65.5081 Size: 68.6305 Loss: 0.133949 Win: 0.0254042 valueNorm: 5 stepSize: 0.0005 Win Time: 1172.27
Iteration 47600 Time: 34229 Score: 60.2832 Size: 64.2456 Loss: 0.207965 Win: 0.0154867 valueNorm: 5 stepSize: 0.0005 Win Time: 1171.57
Iteration 48000 Time: 34521 Score: 61.136 Size: 64.9978 Loss: 0.214912 Win: 0.0328947 valueNorm: 5 stepSize: 0.0005 Win Time: 1148.8
Iteration 48400 Time: 34815 Score: 63.3059 Size: 66.7397 Loss: 0.152968 Win: 0.0114155 valueNorm: 5 stepSize: 0.0005 Win Time: 1178.2
Iteration 48800 Time: 35111 Score: 62.4989 Size: 66.0179 Loss: 0.165548 Win: 0.01566 valueNorm: 5 stepSize: 0.0005 Win Time: 1147
Iteration 49200 Time: 35402 Score: 63.486 Size: 66.8186 Loss: 0.151163 Win: 0.0209302 valueNorm: 5 stepSize: 0.0005 Win Time: 1154
Iteration 49600 Time: 35693 Score: 65.7143 Size: 68.9297 Loss: 0.128806 Win: 0.00936768 valueNorm: 5 stepSize: 0.0005 Win Time: 1167.5
Iteration 50000 Time: 35984 Score: 65.4709 Size: 68.627 Loss: 0.128205 Win: 0.016317 valueNorm: 5 stepSize: 0.0005 Win Time: 1147.14
Iteration 50400 Time: 36274 Score: 66.6721 Size: 69.8372 Loss: 0.148837 Win: 0.0372093 valueNorm: 5 stepSize: 0.0005 Win Time: 1155.81
Iteration 50800 Time: 36564 Score: 65.0275 Size: 68.6376 Loss: 0.178899 Win: 0.0206422 valueNorm: 5 stepSize: 0.0005 Win Time: 1133.44
Iteration 51200 Time: 36855 Score: 65.4273 Size: 68.7321 Loss: 0.154734 Win: 0.0277136 valueNorm: 5 stepSize: 0.0005 Win Time: 1144.58
Iteration 51600 Time: 37146 Score: 67.471 Size: 70.6218 Loss: 0.141531 Win: 0.0301624 valueNorm: 5 stepSize: 0.0005 Win Time: 1161.15
Iteration 52000 Time: 37439 Score: 67.1235 Size: 70.1818 Loss: 0.132867 Win: 0.032634 valueNorm: 5 stepSize: 0.0005 Win Time: 1175.43
Iteration 52400 Time: 37733 Score: 65.8205 Size: 68.9659 Loss: 0.143182 Win: 0.0340909 valueNorm: 5 stepSize: 0.0005 Win Time: 1160.27
Iteration 52800 Time: 38024 Score: 64.8575 Size: 68.3241 Loss: 0.17931 Win: 0.0367816 valueNorm: 5 stepSize: 0.0005 Win Time: 1156.25
Iteration 53200 Time: 38317 Score: 64.7494 Size: 68.1609 Loss: 0.165517 Win: 0.0275862 valueNorm: 5 stepSize: 0.0005 Win Time: 1144.42
Iteration 53600 Time: 38610 Score: 66.0926 Size: 69.169 Loss: 0.134259 Win: 0.0300926 valueNorm: 5 stepSize: 0.0005 Win Time: 1169.62
Iteration 54000 Time: 38902 Score: 64.6032 Size: 68.0367 Loss: 0.162844 Win: 0.0229358 valueNorm: 5 stepSize: 0.0005 Win Time: 1162.1
Iteration 54400 Time: 39194 Score: 64.8869 Size: 68.3891 Loss: 0.183258 Win: 0.0384615 valueNorm: 5 stepSize: 0.0005 Win Time: 1155.06
Iteration 54800 Time: 39483 Score: 63.5149 Size: 67.1922 Loss: 0.189931 Win: 0.0251716 valueNorm: 5 stepSize: 0.0005 Win Time: 1143.27
Iteration 55200 Time: 39773 Score: 63.369 Size: 67.3303 Loss: 0.209567 Win: 0.0182232 valueNorm: 5 stepSize: 0.0005 Win Time: 1171.88
Iteration 55600 Time: 40068 Score: 64.5744 Size: 68.0618 Loss: 0.180778 Win: 0.0366133 valueNorm: 5 stepSize: 0.0005 Win Time: 1154.62
Iteration 56000 Time: 40370 Score: 66.0183 Size: 69.238 Loss: 0.155606 Win: 0.0389016 valueNorm: 5 stepSize: 0.0005 Win Time: 1169.29
Iteration 56400 Time: 40669 Score: 66.6713 Size: 69.9517 Loss: 0.172414 Win: 0.0505747 valueNorm: 5 stepSize: 0.0005 Win Time: 1168.41
Iteration 56800 Time: 40974 Score: 67.0851 Size: 70.177 Loss: 0.14023 Win: 0.0367816 valueNorm: 5 stepSize: 0.0005 Win Time: 1156.69
Iteration 57200 Time: 41276 Score: 64.3645 Size: 67.9909 Loss: 0.173121 Win: 0.0136674 valueNorm: 5 stepSize: 0.0005 Win Time: 1166.67
Iteration 57600 Time: 41578 Score: 67.3674 Size: 70.3744 Loss: 0.134884 Win: 0.0395349 valueNorm: 5 stepSize: 0.0005 Win Time: 1158.65
Iteration 58000 Time: 41881 Score: 67.6468 Size: 70.7041 Loss: 0.151376 Win: 0.0527523 valueNorm: 5 stepSize: 0.0005 Win Time: 1156.91
Iteration 58400 Time: 42183 Score: 69.9455 Size: 72.5616 Loss: 0.116114 Win: 0.0616114 valueNorm: 5 stepSize: 0.0005 Win Time: 1157.46
Iteration 58800 Time: 42484 Score: 67.1199 Size: 70.3054 Loss: 0.176471 Win: 0.0656109 valueNorm: 5 stepSize: 0.0005 Win Time: 1149.83
Iteration 59200 Time: 42785 Score: 67.6864 Size: 70.6727 Loss: 0.156818 Win: 0.0659091 valueNorm: 5 stepSize: 0.0005 Win Time: 1160.93
Iteration 59600 Time: 43087 Score: 67.9451 Size: 70.8696 Loss: 0.139588 Win: 0.0526316 valueNorm: 5 stepSize: 0.0005 Win Time: 1162.91
Iteration 60000 Time: 43378 Score: 67.8333 Size: 70.9772 Loss: 0.16895 Win: 0.0616438 valueNorm: 5 stepSize: 0.0005 Win Time: 1154.93
Iteration 60400 Time: 43668 Score: 64.8493 Size: 68.4406 Loss: 0.205479 Win: 0.0525114 valueNorm: 5 stepSize: 0.0005 Win Time: 1167.13
Iteration 60800 Time: 43960 Score: 67.6682 Size: 70.8203 Loss: 0.156682 Win: 0.0483871 valueNorm: 5 stepSize: 0.0005 Win Time: 1165.76
Iteration 61200 Time: 44249 Score: 64.9777 Size: 68.4621 Loss: 0.205357 Win: 0.0647321 valueNorm: 5 stepSize: 0.0005 Win Time: 1151.48
Iteration 61600 Time: 44543 Score: 67.129 Size: 70.4299 Loss: 0.174208 Win: 0.0497738 valueNorm: 5 stepSize: 0.0005 Win Time: 1168.23
Iteration 62000 Time: 44833 Score: 67.4172 Size: 70.5828 Loss: 0.174603 Win: 0.0657596 valueNorm: 5 stepSize: 0.0005 Win Time: 1155.45
Iteration 62400 Time: 45125 Score: 67.9589 Size: 71.1256 Loss: 0.164384 Win: 0.0547945 valueNorm: 5 stepSize: 0.0005 Win Time: 1132.88
Iteration 62800 Time: 45414 Score: 68.1581 Size: 71.4186 Loss: 0.172093 Win: 0.0534884 valueNorm: 5 stepSize: 0.0005 Win Time: 1164.96
Iteration 63200 Time: 45710 Score: 67.1857 Size: 70.4139 Loss: 0.174497 Win: 0.0581655 valueNorm: 5 stepSize: 0.0005 Win Time: 1155.42
Iteration 63600 Time: 46001 Score: 69.0867 Size: 71.9602 Loss: 0.147541 Win: 0.0679157 valueNorm: 5 stepSize: 0.0005 Win Time: 1165.62
Iteration 64000 Time: 46294 Score: 69.9862 Size: 72.8203 Loss: 0.154378 Win: 0.0806452 valueNorm: 5 stepSize: 0.0005 Win Time: 1167.57
Iteration 64400 Time: 46589 Score: 69.1053 Size: 72.032 Loss: 0.15103 Win: 0.0663616 valueNorm: 5 stepSize: 0.0005 Win Time: 1156.03
Iteration 64800 Time: 46882 Score: 69.1889 Size: 72.2005 Loss: 0.165899 Win: 0.0737327 valueNorm: 5 stepSize: 0.0005 Win Time: 1153.62
Iteration 65200 Time: 47179 Score: 66.0804 Size: 69.5402 Loss: 0.185268 Win: 0.0446429 valueNorm: 5 stepSize: 0.0005 Win Time: 1161
Iteration 65600 Time: 47475 Score: 69.4564 Size: 72.2202 Loss: 0.144495 Win: 0.0779817 valueNorm: 5 stepSize: 0.0005 Win Time: 1167.12
Iteration 66000 Time: 47768 Score: 70.0911 Size: 72.9533 Loss: 0.147196 Win: 0.0700935 valueNorm: 5 stepSize: 0.0005 Win Time: 1164.47
Iteration 66400 Time: 48064 Score: 70.9272 Size: 73.4718 Loss: 0.112676 Win: 0.0657277 valueNorm: 5 stepSize: 0.0005 Win Time: 1157.5
Iteration 66800 Time: 48357 Score: 71.4478 Size: 74.0023 Loss: 0.148492 Win: 0.104408 valueNorm: 5 stepSize: 0.0005 Win Time: 1162.13
Iteration 67200 Time: 48650 Score: 68.6335 Size: 71.7534 Loss: 0.18552 Win: 0.0837104 valueNorm: 5 stepSize: 0.0005 Win Time: 1154.41
Iteration 67600 Time: 48946 Score: 67.9888 Size: 71.1076 Loss: 0.161435 Win: 0.0560538 valueNorm: 5 stepSize: 0.0005 Win Time: 1155.92
Iteration 68000 Time: 49242 Score: 69.8578 Size: 72.6614 Loss: 0.153499 Win: 0.0835214 valueNorm: 5 stepSize: 0.0005 Win Time: 1154.81
Iteration 68400 Time: 49538 Score: 69.9429 Size: 72.8059 Loss: 0.155251 Win: 0.0776256 valueNorm: 5 stepSize: 0.0005 Win Time: 1165.26
Iteration 68800 Time: 49829 Score: 69.2674 Size: 72.2372 Loss: 0.160465 Win: 0.072093 valueNorm: 5 stepSize: 0.0005 Win Time: 1167.65
Iteration 69200 Time: 50118 Score: 68.286 Size: 71.7 Loss: 0.186047 Win: 0.0511628 valueNorm: 5 stepSize: 0.0005 Win Time: 1136.95
Iteration 69600 Time: 50413 Score: 69.1131 Size: 72.1335 Loss: 0.167421 Win: 0.0746606 valueNorm: 5 stepSize: 0.0005 Win Time: 1157.76
Iteration 70000 Time: 50707 Score: 69.9586 Size: 72.892 Loss: 0.156322 Win: 0.0712644 valueNorm: 5 stepSize: 0.0005 Win Time: 1154.71
Iteration 70400 Time: 51003 Score: 66.3728 Size: 69.5737 Loss: 0.167411 Win: 0.0558036 valueNorm: 5 stepSize: 0.0005 Win Time: 1155.56
Iteration 70800 Time: 51296 Score: 69.9907 Size: 72.8727 Loss: 0.145833 Win: 0.0671296 valueNorm: 5 stepSize: 0.0005 Win Time: 1159.31
Iteration 71200 Time: 51589 Score: 68.5901 Size: 71.6577 Loss: 0.18018 Win: 0.0833333 valueNorm: 5 stepSize: 0.0005 Win Time: 1160.54
Iteration 71600 Time: 51887 Score: 71.1918 Size: 73.6667 Loss: 0.134703 Win: 0.0981735 valueNorm: 5 stepSize: 0.0005 Win Time: 1159.63
Iteration 72000 Time: 52181 Score: 72.7418 Size: 75.1103 Loss: 0.126761 Win: 0.100939 valueNorm: 5 stepSize: 0.0005 Win Time: 1161.4
Iteration 72400 Time: 52475 Score: 71.2506 Size: 74.0391 Loss: 0.154023 Win: 0.0850575 valueNorm: 5 stepSize: 0.0005 Win Time: 1143.95
Iteration 72800 Time: 52770 Score: 70.4437 Size: 73.1802 Loss: 0.168919 Win: 0.108108 valueNorm: 5 stepSize: 0.0005 Win Time: 1162.02
Iteration 73200 Time: 53066 Score: 71.6606 Size: 74.1284 Loss: 0.144495 Win: 0.110092 valueNorm: 5 stepSize: 0.0005 Win Time: 1154.33
Iteration 73600 Time: 53362 Score: 72.8782 Size: 75.3443 Loss: 0.119438 Win: 0.0819672 valueNorm: 5 stepSize: 0.0005 Win Time: 1150.2
Iteration 74000 Time: 53655 Score: 73.8588 Size: 76.0894 Loss: 0.122353 Win: 0.110588 valueNorm: 5 stepSize: 0.0005 Win Time: 1145.32
Iteration 74400 Time: 53952 Score: 72.4493 Size: 74.9147 Loss: 0.142857 Win: 0.108295 valueNorm: 5 stepSize: 0.0005 Win Time: 1164.45
Iteration 74800 Time: 54247 Score: 70.1712 Size: 73.0388 Loss: 0.159817 Win: 0.0821918 valueNorm: 5 stepSize: 0.0005 Win Time: 1159.22
Iteration 75200 Time: 54543 Score: 74.3115 Size: 76.4333 Loss: 0.112412 Win: 0.112412 valueNorm: 5 stepSize: 0.0005 Win Time: 1150.1
Iteration 75600 Time: 54839 Score: 71.4577 Size: 74.119 Loss: 0.139588 Win: 0.0823799 valueNorm: 5 stepSize: 0.0005 Win Time: 1160.83
Iteration 76000 Time: 55130 Score: 71.4217 Size: 74.2166 Loss: 0.175115 Win: 0.108295 valueNorm: 5 stepSize: 0.0005 Win Time: 1156.3
Iteration 76400 Time: 55427 Score: 71.4524 Size: 74.0418 Loss: 0.12065 Win: 0.0696056 valueNorm: 5 stepSize: 0.0005 Win Time: 1167.5
Iteration 76800 Time: 55720 Score: 68.9034 Size: 71.9862 Loss: 0.16092 Win: 0.0597701 valueNorm: 5 stepSize: 0.0005 Win Time: 1146.19
Iteration 77200 Time: 56012 Score: 68.862 Size: 71.7873 Loss: 0.156109 Win: 0.0723982 valueNorm: 5 stepSize: 0.0005 Win Time: 1164.19
Iteration 77600 Time: 56302 Score: 69.2146 Size: 72.146 Loss: 0.183628 Win: 0.10177 valueNorm: 5 stepSize: 0.0005 Win Time: 1154.48
Iteration 78000 Time: 56594 Score: 71.2063 Size: 73.8934 Loss: 0.147392 Win: 0.0884354 valueNorm: 5 stepSize: 0.0005 Win Time: 1151.72
Iteration 78400 Time: 56887 Score: 72.0159 Size: 74.45 Loss: 0.138636 Win: 0.106818 valueNorm: 5 stepSize: 0.0005 Win Time: 1159.15
Iteration 78800 Time: 57176 Score: 68.7876 Size: 71.8761 Loss: 0.196903 Win: 0.0995575 valueNorm: 5 stepSize: 0.0005 Win Time: 1155.78
Iteration 79200 Time: 57463 Score: 67.3786 Size: 70.7661 Loss: 0.209354 Win: 0.0801782 valueNorm: 5 stepSize: 0.0005 Win Time: 1159.17
Iteration 79600 Time: 57753 Score: 73.5884 Size: 75.8349 Loss: 0.113953 Win: 0.1 valueNorm: 5 stepSize: 0.0005 Win Time: 1139.33
Iteration 80000 Time: 58040 Score: 73.6765 Size: 75.8747 Loss: 0.125285 Win: 0.118451 valueNorm: 5 stepSize: 0.0005 Win Time: 1147.38
Iteration 80400 Time: 58326 Score: 72.2702 Size: 74.6813 Loss: 0.133949 Win: 0.103926 valueNorm: 5 stepSize: 0.0005 Win Time: 1162.71
Iteration 80800 Time: 58612 Score: 72.808 Size: 75.4075 Loss: 0.128806 Win: 0.0772834 valueNorm: 5 stepSize: 0.0005 Win Time: 1156.61
Iteration 81200 Time: 58894 Score: 71.5727 Size: 74.3603 Loss: 0.152425 Win: 0.0831409 valueNorm: 5 stepSize: 0.0005 Win Time: 1139.14
Iteration 81600 Time: 59173 Score: 70.6822 Size: 73.75 Loss: 0.168224 Win: 0.0700935 valueNorm: 5 stepSize: 0.0005 Win Time: 1153.8
Iteration 82000 Time: 59459 Score: 73.5977 Size: 76.0907 Loss: 0.148837 Win: 0.111628 valueNorm: 5 stepSize: 0.0005 Win Time: 1158.6
Iteration 82400 Time: 59746 Score: 71.5182 Size: 74.1932 Loss: 0.15 Win: 0.0931818 valueNorm: 5 stepSize: 0.0005 Win Time: 1157.27
Iteration 82800 Time: 60033 Score: 73.1628 Size: 75.5115 Loss: 0.133028 Win: 0.110092 valueNorm: 5 stepSize: 0.0005 Win Time: 1158.71
Iteration 83200 Time: 60318 Score: 74.0301 Size: 76.0556 Loss: 0.12037 Win: 0.131944 valueNorm: 5 stepSize: 0.0005 Win Time: 1160.26
Iteration 83600 Time: 60600 Score: 73.903 Size: 76.1339 Loss: 0.136259 Win: 0.127021 valueNorm: 5 stepSize: 0.0005 Win Time: 1163.62
Iteration 84000 Time: 60880 Score: 72.9149 Size: 75.308 Loss: 0.165517 Win: 0.142529 valueNorm: 5 stepSize: 0.0005 Win Time: 1152.13
Iteration 84400 Time: 61161 Score: 73.4403 Size: 75.8852 Loss: 0.140515 Win: 0.107728 valueNorm: 5 stepSize: 0.0005 Win Time: 1159.09
Iteration 84800 Time: 61444 Score: 70.2091 Size: 72.9977 Loss: 0.159091 Win: 0.0909091 valueNorm: 5 stepSize: 0.0005 Win Time: 1154.17
Iteration 85200 Time: 61729 Score: 72.8704 Size: 75.3218 Loss: 0.127315 Win: 0.0925926 valueNorm: 5 stepSize: 0.0005 Win Time: 1149.83
Iteration 85600 Time: 62014 Score: 73.822 Size: 76.0258 Loss: 0.11007 Win: 0.100703 valueNorm: 5 stepSize: 0.0005 Win Time: 1155.84
Iteration 86000 Time: 62296 Score: 70.7602 Size: 73.5973 Loss: 0.171946 Win: 0.0995475 valueNorm: 5 stepSize: 0.0005 Win Time: 1160.73
Iteration 86400 Time: 62577 Score: 70.6712 Size: 73.4527 Loss: 0.184685 Win: 0.119369 valueNorm: 5 stepSize: 0.0005 Win Time: 1156.34
Iteration 86800 Time: 62856 Score: 72.8651 Size: 75.3837 Loss: 0.153488 Win: 0.113953 valueNorm: 5 stepSize: 0.0005 Win Time: 1145
Iteration 87200 Time: 63139 Score: 70.0183 Size: 72.9565 Loss: 0.162471 Win: 0.0778032 valueNorm: 5 stepSize: 0.0005 Win Time: 1160
Iteration 87600 Time: 63419 Score: 64.3465 Size: 68.2325 Loss: 0.234649 Win: 0.0526316 valueNorm: 5 stepSize: 0.0005 Win Time: 1164.38
Iteration 88000 Time: 63702 Score: 70.586 Size: 73.4276 Loss: 0.169683 Win: 0.0972851 valueNorm: 5 stepSize: 0.0005 Win Time: 1159.28
Iteration 88400 Time: 63983 Score: 72.2787 Size: 74.8103 Loss: 0.128806 Win: 0.0866511 valueNorm: 5 stepSize: 0.0005 Win Time: 1154.35
Iteration 88800 Time: 64269 Score: 69.4664 Size: 72.435 Loss: 0.165919 Win: 0.0784753 valueNorm: 5 stepSize: 0.0005 Win Time: 1155.46
Iteration 89200 Time: 64548 Score: 73.9741 Size: 76.1179 Loss: 0.129717 Win: 0.129717 valueNorm: 5 stepSize: 0.0005 Win Time: 1154.13
Iteration 89600 Time: 64832 Score: 72.0538 Size: 74.509 Loss: 0.156951 Win: 0.125561 valueNorm: 5 stepSize: 0.0005 Win Time: 1146.27
Iteration 90000 Time: 65113 Score: 71.7523 Size: 74.2838 Loss: 0.182432 Win: 0.146396 valueNorm: 5 stepSize: 0.0005 Win Time: 1149.68
Iteration 90400 Time: 65398 Score: 73.0336 Size: 75.396 Loss: 0.149888 Win: 0.127517 valueNorm: 5 stepSize: 0.0005 Win Time: 1150.72
Iteration 90800 Time: 65680 Score: 70.7773 Size: 73.7 Loss: 0.175 Win: 0.0931818 valueNorm: 5 stepSize: 0.0005 Win Time: 1162.37
Iteration 91200 Time: 65963 Score: 69.0562 Size: 72.0517 Loss: 0.159551 Win: 0.0674157 valueNorm: 5 stepSize: 0.0005 Win Time: 1159.03
Iteration 91600 Time: 66244 Score: 72.9095 Size: 75.2575 Loss: 0.146172 Win: 0.12529 valueNorm: 5 stepSize: 0.0005 Win Time: 1161.87
Iteration 92000 Time: 66522 Score: 74.7459 Size: 76.8118 Loss: 0.124706 Win: 0.131765 valueNorm: 5 stepSize: 0.0005 Win Time: 1148.36
Iteration 92400 Time: 66801 Score: 74.2251 Size: 76.4408 Loss: 0.12065 Win: 0.111369 valueNorm: 5 stepSize: 0.0005 Win Time: 1146.23
Iteration 92800 Time: 67078 Score: 73.4792 Size: 75.7523 Loss: 0.131944 Win: 0.118056 valueNorm: 5 stepSize: 0.0005 Win Time: 1154.39
Iteration 93200 Time: 67355 Score: 74.9557 Size: 77.0466 Loss: 0.123543 Win: 0.128205 valueNorm: 5 stepSize: 0.0005 Win Time: 1155.09
Iteration 93600 Time: 67632 Score: 71.5833 Size: 74.2117 Loss: 0.162162 Win: 0.112613 valueNorm: 5 stepSize: 0.0005 Win Time: 1153.18
Iteration 94000 Time: 67905 Score: 77.0424 Size: 78.6847 Loss: 0.103529 Win: 0.155294 valueNorm: 5 stepSize: 0.0005 Win Time: 1144.86
Iteration 94400 Time: 68178 Score: 76.6729 Size: 78.3318 Loss: 0.116009 Win: 0.167053 valueNorm: 5 stepSize: 0.0005 Win Time: 1148.67
Iteration 94800 Time: 68452 Score: 75.8109 Size: 77.467 Loss: 0.136674 Win: 0.191344 valueNorm: 5 stepSize: 0.0005 Win Time: 1149.21
Iteration 95200 Time: 68724 Score: 73.4988 Size: 75.8237 Loss: 0.143852 Win: 0.12529 valueNorm: 5 stepSize: 0.0005 Win Time: 1157.63
Iteration 95600 Time: 68997 Score: 74.2207 Size: 76.5448 Loss: 0.149425 Win: 0.131034 valueNorm: 5 stepSize: 0.0005 Win Time: 1155.02
Iteration 96000 Time: 69269 Score: 72.4548 Size: 75.0113 Loss: 0.162896 Win: 0.11991 valueNorm: 5 stepSize: 0.0005 Win Time: 1154.02
Iteration 96400 Time: 69543 Score: 71.8274 Size: 74.3901 Loss: 0.163677 Win: 0.121076 valueNorm: 5 stepSize: 0.0005 Win Time: 1147.33
Iteration 96800 Time: 69814 Score: 72.4965 Size: 74.8508 Loss: 0.142191 Win: 0.118881 valueNorm: 5 stepSize: 0.0005 Win Time: 1151.31
Iteration 97200 Time: 70087 Score: 72.9793 Size: 75.2857 Loss: 0.133641 Win: 0.115207 valueNorm: 5 stepSize: 0.0005 Win Time: 1151.48
Iteration 97600 Time: 70362 Score: 73.7586 Size: 75.9425 Loss: 0.126437 Win: 0.121839 valueNorm: 5 stepSize: 0.0005 Win Time: 1153.96
Iteration 98000 Time: 70634 Score: 74.7079 Size: 76.8738 Loss: 0.130841 Win: 0.128505 valueNorm: 5 stepSize: 0.0005 Win Time: 1145.45
Iteration 98400 Time: 70905 Score: 73.2814 Size: 75.5977 Loss: 0.144186 Win: 0.125581 valueNorm: 5 stepSize: 0.0005 Win Time: 1155.69
Iteration 98800 Time: 71175 Score: 74.9443 Size: 77.0371 Loss: 0.143852 Win: 0.150812 valueNorm: 5 stepSize: 0.0005 Win Time: 1156.12
Iteration 99200 Time: 71441 Score: 75.0253 Size: 77.0207 Loss: 0.128736 Win: 0.144828 valueNorm: 5 stepSize: 0.0005 Win Time: 1156.06
Iteration 99600 Time: 71705 Score: 74.9861 Size: 77.1085 Loss: 0.113164 Win: 0.113164 valueNorm: 5 stepSize: 0.0005 Win Time: 1145.39
Iteration 100000 Time: 71966 Score: 73.7977 Size: 76.0182 Loss: 0.15 Win: 0.143182 valueNorm: 5 stepSize: 0.0005 Win Time: 1155.13
Evaluation score: 70.2349
