Training control Time: 1715011497
Hyperparameters: numRollouts: 1 batchSize: 128 numEpochs: 1 numIter: 100000 evalPeriod: 400 savePeriod: 400 alpha: 0.000500 GAEParam: 0.950000 
Iteration 400 Time: 204 Score: -1.54791 Size: 7.32187 Loss: 0.685504 Win: 0 valueNorm: 5 stepSize: 0.0005
Iteration 800 Time: 424 Score: 5.56585 Size: 13.3829 Loss: 0.578049 Win: 0 valueNorm: 5 stepSize: 0.0005
Iteration 1200 Time: 641 Score: 8.58373 Size: 16.6292 Loss: 0.602871 Win: 0 valueNorm: 5 stepSize: 0.0005
Iteration 1600 Time: 873 Score: 12.1186 Size: 19.5327 Loss: 0.53753 Win: 0 valueNorm: 5 stepSize: 0.0005
Iteration 2000 Time: 1112 Score: 14.2881 Size: 21.2881 Loss: 0.497619 Win: 0 valueNorm: 5 stepSize: 0.0005
Iteration 2400 Time: 1359 Score: 15.7801 Size: 22.974 Loss: 0.515366 Win: 0 valueNorm: 5 stepSize: 0.0005
Iteration 2800 Time: 1605 Score: 17.2964 Size: 24.9301 Loss: 0.561446 Win: 0 valueNorm: 5 stepSize: 0.0005
Iteration 3200 Time: 1872 Score: 21.3645 Size: 28.2758 Loss: 0.489209 Win: 0 valueNorm: 5 stepSize: 0.0005
Iteration 3600 Time: 2146 Score: 24.1103 Size: 30.8082 Loss: 0.467626 Win: 0 valueNorm: 5 stepSize: 0.0005
Iteration 4000 Time: 2425 Score: 29.0355 Size: 35.7872 Loss: 0.472813 Win: 0 valueNorm: 5 stepSize: 0.0005
Iteration 4400 Time: 2700 Score: 33.1135 Size: 40.0845 Loss: 0.495169 Win: 0 valueNorm: 5 stepSize: 0.0005
Iteration 4800 Time: 2977 Score: 36.3738 Size: 43.3262 Loss: 0.492857 Win: 0 valueNorm: 5 stepSize: 0.0005
Iteration 5200 Time: 3262 Score: 39.3349 Size: 46.0699 Loss: 0.472289 Win: 0 valueNorm: 5 stepSize: 0.0005
Iteration 5600 Time: 3548 Score: 41.1881 Size: 48.0595 Loss: 0.485714 Win: 0 valueNorm: 5 stepSize: 0.0005
Iteration 6000 Time: 3841 Score: 45.8471 Size: 51.7791 Loss: 0.390777 Win: 0 valueNorm: 5 stepSize: 0.0005
Iteration 6400 Time: 4135 Score: 47.3325 Size: 52.823 Loss: 0.34689 Win: 0 valueNorm: 5 stepSize: 0.0005
Iteration 6800 Time: 4425 Score: 48.6512 Size: 54.2024 Loss: 0.353659 Win: 0 valueNorm: 5 stepSize: 0.0005
Iteration 7200 Time: 4713 Score: 48.7026 Size: 54.5516 Loss: 0.383693 Win: 0 valueNorm: 5 stepSize: 0.0005
Iteration 7600 Time: 4992 Score: 50.75 Size: 56.3627 Loss: 0.360294 Win: 0 valueNorm: 5 stepSize: 0.0005
Iteration 8000 Time: 5270 Score: 49.7733 Size: 55.2721 Loss: 0.348449 Win: 0 valueNorm: 5 stepSize: 0.0005
Iteration 8400 Time: 5550 Score: 50.8158 Size: 56.1818 Loss: 0.334928 Win: 0 valueNorm: 5 stepSize: 0.0005
Iteration 8800 Time: 5820 Score: 49.9976 Size: 55.8506 Loss: 0.383133 Win: 0 valueNorm: 5 stepSize: 0.0005
Iteration 9200 Time: 6095 Score: 51.7094 Size: 57.046 Loss: 0.331719 Win: 0 valueNorm: 5 stepSize: 0.0005
Iteration 9600 Time: 6367 Score: 50.8929 Size: 56.7024 Loss: 0.378571 Win: 0 valueNorm: 5 stepSize: 0.0005
Iteration 10000 Time: 6634 Score: 52.6634 Size: 58.3535 Loss: 0.365617 Win: 0 valueNorm: 5 stepSize: 0.0005
Iteration 10400 Time: 6911 Score: 53.9095 Size: 58.9857 Loss: 0.304762 Win: 0 valueNorm: 5 stepSize: 0.0005
Iteration 10800 Time: 7180 Score: 52.8756 Size: 58.2799 Loss: 0.337321 Win: 0 valueNorm: 5 stepSize: 0.0005
Iteration 11200 Time: 7452 Score: 53.5929 Size: 59.0238 Loss: 0.340476 Win: 0 valueNorm: 5 stepSize: 0.0005
Iteration 11600 Time: 7714 Score: 51.9741 Size: 57.7241 Loss: 0.370283 Win: 0 valueNorm: 5 stepSize: 0.0005
Iteration 12000 Time: 7981 Score: 52.8028 Size: 58.2535 Loss: 0.342723 Win: 0 valueNorm: 5 stepSize: 0.0005
Iteration 12400 Time: 8244 Score: 54.2058 Size: 59.4891 Loss: 0.324455 Win: 0 valueNorm: 5 stepSize: 0.0005
Iteration 12800 Time: 8508 Score: 54.2703 Size: 59.8158 Loss: 0.351675 Win: 0 valueNorm: 5 stepSize: 0.0005
Iteration 13200 Time: 8778 Score: 55.5938 Size: 60.8462 Loss: 0.322115 Win: 0 valueNorm: 5 stepSize: 0.0005
Iteration 13600 Time: 9035 Score: 54.43 Size: 59.9275 Loss: 0.347826 Win: 0 valueNorm: 5 stepSize: 0.0005
Iteration 14000 Time: 9296 Score: 54.069 Size: 59.7 Loss: 0.359524 Win: 0 valueNorm: 5 stepSize: 0.0005
Iteration 14400 Time: 9560 Score: 56.6569 Size: 61.7007 Loss: 0.301703 Win: 0 valueNorm: 5 stepSize: 0.0005
Iteration 14800 Time: 9822 Score: 54.94 Size: 60.5276 Loss: 0.354916 Win: 0 valueNorm: 5 stepSize: 0.0005
Iteration 15200 Time: 10083 Score: 55.4903 Size: 60.6232 Loss: 0.311594 Win: 0 valueNorm: 5 stepSize: 0.0005
Iteration 15600 Time: 10347 Score: 57.2039 Size: 62.5267 Loss: 0.330097 Win: 0 valueNorm: 5 stepSize: 0.0005
Iteration 16000 Time: 10614 Score: 58.0289 Size: 63.0699 Loss: 0.301205 Win: 0 valueNorm: 5 stepSize: 0.0005
Iteration 16400 Time: 10881 Score: 57.9251 Size: 62.8841 Loss: 0.292271 Win: 0 valueNorm: 5 stepSize: 0.0005
Iteration 16800 Time: 11149 Score: 56.6435 Size: 61.6244 Loss: 0.294258 Win: 0 valueNorm: 5 stepSize: 0.0005
Iteration 17200 Time: 11417 Score: 58.439 Size: 63.3415 Loss: 0.287805 Win: 0 valueNorm: 5 stepSize: 0.0005
Iteration 17600 Time: 11683 Score: 56.6945 Size: 62.1957 Loss: 0.348449 Win: 0.00238663 valueNorm: 5 stepSize: 0.0005 Win Time: 1123
Iteration 18000 Time: 11943 Score: 56.2927 Size: 62.0805 Loss: 0.378049 Win: 0.00243902 valueNorm: 5 stepSize: 0.0005 Win Time: 1144
Iteration 18400 Time: 12207 Score: 55.7399 Size: 61.4177 Loss: 0.362768 Win: 0 valueNorm: 5 stepSize: 0.0005
Iteration 18800 Time: 12475 Score: 59.2573 Size: 64.3204 Loss: 0.305825 Win: 0.00242718 valueNorm: 5 stepSize: 0.0005 Win Time: 1120
Iteration 19200 Time: 12745 Score: 58.9207 Size: 64.1154 Loss: 0.317308 Win: 0.00240385 valueNorm: 5 stepSize: 0.0005 Win Time: 1123
Iteration 19600 Time: 13008 Score: 57.599 Size: 62.8841 Loss: 0.326087 Win: 0 valueNorm: 5 stepSize: 0.0005
Iteration 20000 Time: 13271 Score: 57.9736 Size: 63.4796 Loss: 0.35012 Win: 0.00239808 valueNorm: 5 stepSize: 0.0005 Win Time: 1142
Iteration 20400 Time: 13532 Score: 57.1535 Size: 62.6091 Loss: 0.342926 Win: 0.00239808 valueNorm: 5 stepSize: 0.0005 Win Time: 1190
Iteration 20800 Time: 13801 Score: 59.6194 Size: 64.5603 Loss: 0.293144 Win: 0.00236407 valueNorm: 5 stepSize: 0.0005 Win Time: 1198
Iteration 21200 Time: 14067 Score: 58.8373 Size: 63.8612 Loss: 0.299043 Win: 0 valueNorm: 5 stepSize: 0.0005
Iteration 21600 Time: 14334 Score: 59.6932 Size: 64.8164 Loss: 0.31401 Win: 0.00483092 valueNorm: 5 stepSize: 0.0005 Win Time: 1159
Iteration 22000 Time: 14595 Score: 60.0286 Size: 65.2745 Loss: 0.334129 Win: 0.0143198 valueNorm: 5 stepSize: 0.0005 Win Time: 1173.83
Iteration 22400 Time: 14850 Score: 58.4881 Size: 63.6357 Loss: 0.328571 Win: 0.0166667 valueNorm: 5 stepSize: 0.0005 Win Time: 1138.57
Iteration 22800 Time: 15110 Score: 60.3756 Size: 65.2105 Loss: 0.308612 Win: 0.0311005 valueNorm: 5 stepSize: 0.0005 Win Time: 1167.15
Iteration 23200 Time: 15369 Score: 61.2762 Size: 65.9357 Loss: 0.295238 Win: 0.0357143 valueNorm: 5 stepSize: 0.0005 Win Time: 1138.33
Iteration 23600 Time: 15630 Score: 63.3022 Size: 67.8821 Loss: 0.29484 Win: 0.044226 valueNorm: 5 stepSize: 0.0005 Win Time: 1161.44
Iteration 24000 Time: 15890 Score: 62.8889 Size: 67.3865 Loss: 0.277778 Win: 0.0338164 valueNorm: 5 stepSize: 0.0005 Win Time: 1137.64
Iteration 24400 Time: 16152 Score: 61.2452 Size: 66.2115 Loss: 0.314904 Win: 0.0240385 valueNorm: 5 stepSize: 0.0005 Win Time: 1173
Iteration 24800 Time: 16416 Score: 63.5687 Size: 67.788 Loss: 0.262651 Win: 0.0481928 valueNorm: 5 stepSize: 0.0005 Win Time: 1158.3
Iteration 25200 Time: 16668 Score: 59.8506 Size: 65.0651 Loss: 0.356627 Win: 0.0433735 valueNorm: 5 stepSize: 0.0005 Win Time: 1160.44
Iteration 25600 Time: 16931 Score: 64.7312 Size: 68.7797 Loss: 0.249395 Win: 0.0508475 valueNorm: 5 stepSize: 0.0005 Win Time: 1164.24
Iteration 26000 Time: 17192 Score: 66.2098 Size: 70.0073 Loss: 0.263415 Win: 0.095122 valueNorm: 5 stepSize: 0.0005 Win Time: 1155.41
Iteration 26400 Time: 17459 Score: 67.1 Size: 70.5244 Loss: 0.217073 Win: 0.0853659 valueNorm: 5 stepSize: 0.0005 Win Time: 1158.17
Iteration 26800 Time: 17726 Score: 69.0556 Size: 72.3285 Loss: 0.224638 Win: 0.111111 valueNorm: 5 stepSize: 0.0005 Win Time: 1132.48
Iteration 27200 Time: 17984 Score: 65.3205 Size: 69.1229 Loss: 0.257831 Win: 0.0891566 valueNorm: 5 stepSize: 0.0005 Win Time: 1144.38
Iteration 27600 Time: 18237 Score: 62.9007 Size: 67.5738 Loss: 0.317191 Win: 0.0581114 valueNorm: 5 stepSize: 0.0005 Win Time: 1150.5
Iteration 28000 Time: 18500 Score: 67.219 Size: 70.854 Loss: 0.231144 Win: 0.0778589 valueNorm: 5 stepSize: 0.0005 Win Time: 1149
Iteration 28400 Time: 18763 Score: 66.915 Size: 70.6675 Loss: 0.240291 Win: 0.0752427 valueNorm: 5 stepSize: 0.0005 Win Time: 1154.42
Iteration 28800 Time: 19022 Score: 64.322 Size: 68.8634 Loss: 0.292683 Win: 0.0463415 valueNorm: 5 stepSize: 0.0005 Win Time: 1160.84
Iteration 29200 Time: 19281 Score: 66.7488 Size: 70.5317 Loss: 0.263415 Win: 0.097561 valueNorm: 5 stepSize: 0.0005 Win Time: 1160.33
Iteration 29600 Time: 19538 Score: 63.9537 Size: 68.5317 Loss: 0.302439 Win: 0.0536585 valueNorm: 5 stepSize: 0.0005 Win Time: 1164.18
Iteration 30000 Time: 19799 Score: 65.971 Size: 69.8309 Loss: 0.268116 Win: 0.0942029 valueNorm: 5 stepSize: 0.0005 Win Time: 1149.67
Iteration 30400 Time: 20064 Score: 68.3194 Size: 71.9066 Loss: 0.235872 Win: 0.0884521 valueNorm: 5 stepSize: 0.0005 Win Time: 1146.64
Iteration 30800 Time: 20324 Score: 65.7208 Size: 69.7518 Loss: 0.291169 Win: 0.102625 valueNorm: 5 stepSize: 0.0005 Win Time: 1150
Iteration 31200 Time: 20586 Score: 66.8762 Size: 70.8034 Loss: 0.269417 Win: 0.0873786 valueNorm: 5 stepSize: 0.0005 Win Time: 1140.61
Iteration 31600 Time: 20847 Score: 66.4145 Size: 70.3205 Loss: 0.26747 Win: 0.0891566 valueNorm: 5 stepSize: 0.0005 Win Time: 1160.16
Iteration 32000 Time: 21113 Score: 70.2676 Size: 73.1898 Loss: 0.221411 Win: 0.145985 valueNorm: 5 stepSize: 0.0005 Win Time: 1145.08
Iteration 32400 Time: 21373 Score: 68.8142 Size: 72.313 Loss: 0.256724 Win: 0.119804 valueNorm: 5 stepSize: 0.0005 Win Time: 1154.16
Iteration 32800 Time: 21636 Score: 70.0775 Size: 73.1477 Loss: 0.234867 Win: 0.142857 valueNorm: 5 stepSize: 0.0005 Win Time: 1157.81
Iteration 33200 Time: 21909 Score: 72.8918 Size: 75.4038 Loss: 0.1875 Win: 0.153846 valueNorm: 5 stepSize: 0.0005 Win Time: 1145.45
Iteration 33600 Time: 22175 Score: 70.2451 Size: 73.3277 Loss: 0.235437 Win: 0.143204 valueNorm: 5 stepSize: 0.0005 Win Time: 1147.12
Iteration 34000 Time: 22440 Score: 68.7362 Size: 72.2638 Loss: 0.251799 Win: 0.11271 valueNorm: 5 stepSize: 0.0005 Win Time: 1141.13
Iteration 34400 Time: 22706 Score: 70.1743 Size: 73.477 Loss: 0.237288 Win: 0.121065 valueNorm: 5 stepSize: 0.0005 Win Time: 1158.48
Iteration 34800 Time: 22973 Score: 70.4647 Size: 73.3966 Loss: 0.214112 Win: 0.136253 valueNorm: 5 stepSize: 0.0005 Win Time: 1149.18
Iteration 35200 Time: 23225 Score: 66.1659 Size: 70.5049 Loss: 0.314634 Win: 0.0926829 valueNorm: 5 stepSize: 0.0005 Win Time: 1146.32
Iteration 35600 Time: 23496 Score: 71.9341 Size: 74.8634 Loss: 0.192683 Win: 0.114634 valueNorm: 5 stepSize: 0.0005 Win Time: 1153.36
Iteration 36000 Time: 23763 Score: 70.1141 Size: 73.3811 Loss: 0.237864 Win: 0.126214 valueNorm: 5 stepSize: 0.0005 Win Time: 1153.42
Iteration 36400 Time: 24031 Score: 72.777 Size: 75.3113 Loss: 0.208333 Win: 0.17402 valueNorm: 5 stepSize: 0.0005 Win Time: 1151.31
Iteration 36800 Time: 24294 Score: 70.8297 Size: 73.7129 Loss: 0.243309 Win: 0.175182 valueNorm: 5 stepSize: 0.0005 Win Time: 1142.61
Iteration 37200 Time: 24554 Score: 67.1138 Size: 70.8596 Loss: 0.280872 Win: 0.121065 valueNorm: 5 stepSize: 0.0005 Win Time: 1149.1
Iteration 37600 Time: 24825 Score: 73.5061 Size: 76.0811 Loss: 0.208845 Win: 0.169533 valueNorm: 5 stepSize: 0.0005 Win Time: 1148.23
Iteration 38000 Time: 25092 Score: 72.9559 Size: 75.701 Loss: 0.223039 Win: 0.166667 valueNorm: 5 stepSize: 0.0005 Win Time: 1144.22
Iteration 38400 Time: 25354 Score: 70.5884 Size: 73.3002 Loss: 0.232446 Win: 0.181598 valueNorm: 5 stepSize: 0.0005 Win Time: 1146.44
Iteration 38800 Time: 25617 Score: 68.6064 Size: 72.3301 Loss: 0.273839 Win: 0.114914 valueNorm: 5 stepSize: 0.0005 Win Time: 1155.32
Iteration 39200 Time: 25890 Score: 73.0531 Size: 75.7415 Loss: 0.214976 Win: 0.164251 valueNorm: 5 stepSize: 0.0005 Win Time: 1147.47
Iteration 39600 Time: 26157 Score: 72.5496 Size: 75.0993 Loss: 0.225182 Win: 0.191283 valueNorm: 5 stepSize: 0.0005 Win Time: 1149.81
Iteration 40000 Time: 26418 Score: 71.824 Size: 74.5306 Loss: 0.239609 Win: 0.188264 valueNorm: 5 stepSize: 0.0005 Win Time: 1142.73
Iteration 40400 Time: 26670 Score: 67.7367 Size: 71.3357 Loss: 0.289855 Win: 0.147343 valueNorm: 5 stepSize: 0.0005 Win Time: 1142.03
Iteration 40800 Time: 26931 Score: 72.6902 Size: 75.422 Loss: 0.243902 Win: 0.192683 valueNorm: 5 stepSize: 0.0005 Win Time: 1150.25
Iteration 41200 Time: 27191 Score: 70.9805 Size: 74.0463 Loss: 0.24878 Win: 0.160976 valueNorm: 5 stepSize: 0.0005 Win Time: 1151.29
Iteration 41600 Time: 27458 Score: 71.9709 Size: 74.8277 Loss: 0.228155 Win: 0.160194 valueNorm: 5 stepSize: 0.0005 Win Time: 1143.8
Iteration 42000 Time: 27720 Score: 72.2767 Size: 74.716 Loss: 0.208738 Win: 0.184466 valueNorm: 5 stepSize: 0.0005 Win Time: 1138.61
Iteration 42400 Time: 27984 Score: 75.3759 Size: 77.3194 Loss: 0.191646 Win: 0.22113 valueNorm: 5 stepSize: 0.0005 Win Time: 1133.26
Iteration 42800 Time: 28240 Score: 75.6594 Size: 77.3747 Loss: 0.223844 Win: 0.282238 valueNorm: 5 stepSize: 0.0005 Win Time: 1138.46
Iteration 43200 Time: 28500 Score: 75.824 Size: 77.7971 Loss: 0.222494 Win: 0.251834 valueNorm: 5 stepSize: 0.0005 Win Time: 1132.42
Iteration 43600 Time: 28759 Score: 72.1707 Size: 75.0488 Loss: 0.25122 Win: 0.185366 valueNorm: 5 stepSize: 0.0005 Win Time: 1141.61
Iteration 44000 Time: 29020 Score: 72.439 Size: 75.1293 Loss: 0.234146 Win: 0.185366 valueNorm: 5 stepSize: 0.0005 Win Time: 1139.38
Iteration 44400 Time: 29279 Score: 72.5461 Size: 75.3374 Loss: 0.26699 Win: 0.211165 valueNorm: 5 stepSize: 0.0005 Win Time: 1142.84
Iteration 44800 Time: 29543 Score: 71.7212 Size: 74.8029 Loss: 0.252404 Win: 0.163462 valueNorm: 5 stepSize: 0.0005 Win Time: 1145.94
Iteration 45200 Time: 29804 Score: 74.2675 Size: 76.3807 Loss: 0.224096 Win: 0.238554 valueNorm: 5 stepSize: 0.0005 Win Time: 1130.01
Iteration 45600 Time: 30067 Score: 73.8175 Size: 76.2311 Loss: 0.223844 Win: 0.20438 valueNorm: 5 stepSize: 0.0005 Win Time: 1141.93
Iteration 46000 Time: 30327 Score: 74.3448 Size: 76.6675 Loss: 0.229064 Win: 0.221675 valueNorm: 5 stepSize: 0.0005 Win Time: 1144.79
Iteration 46400 Time: 30582 Score: 71.5995 Size: 74.6904 Loss: 0.275184 Win: 0.186732 valueNorm: 5 stepSize: 0.0005 Win Time: 1138.32
Iteration 46800 Time: 30845 Score: 75.6058 Size: 77.601 Loss: 0.214112 Win: 0.240876 valueNorm: 5 stepSize: 0.0005 Win Time: 1139.03
Iteration 47200 Time: 31112 Score: 74.3822 Size: 76.6827 Loss: 0.221154 Win: 0.213942 valueNorm: 5 stepSize: 0.0005 Win Time: 1126.33
Iteration 47600 Time: 31371 Score: 72.8102 Size: 75.5766 Loss: 0.248175 Win: 0.194647 valueNorm: 5 stepSize: 0.0005 Win Time: 1138.58
Iteration 48000 Time: 31629 Score: 75.57 Size: 77.4034 Loss: 0.248792 Win: 0.297101 valueNorm: 5 stepSize: 0.0005 Win Time: 1136.93
Iteration 48400 Time: 31889 Score: 74.7927 Size: 77.2317 Loss: 0.258537 Win: 0.241463 valueNorm: 5 stepSize: 0.0005 Win Time: 1134.66
Iteration 48800 Time: 32151 Score: 75.3542 Size: 77.3229 Loss: 0.226506 Win: 0.257831 valueNorm: 5 stepSize: 0.0005 Win Time: 1136.93
Iteration 49200 Time: 32411 Score: 75.2136 Size: 77.3422 Loss: 0.240291 Win: 0.254854 valueNorm: 5 stepSize: 0.0005 Win Time: 1137.38
Iteration 49600 Time: 32673 Score: 77.8603 Size: 79.1863 Loss: 0.193627 Win: 0.291667 valueNorm: 5 stepSize: 0.0005 Win Time: 1126.52
Iteration 50000 Time: 32926 Score: 74.7073 Size: 76.8537 Loss: 0.260976 Win: 0.27561 valueNorm: 5 stepSize: 0.0005 Win Time: 1133.87
Iteration 50400 Time: 33185 Score: 79.1552 Size: 80.2857 Loss: 0.214286 Win: 0.337438 valueNorm: 5 stepSize: 0.0005 Win Time: 1133.85
Iteration 50800 Time: 33445 Score: 75.9639 Size: 77.9207 Loss: 0.240385 Win: 0.274038 valueNorm: 5 stepSize: 0.0005 Win Time: 1131
Iteration 51200 Time: 33698 Score: 73.3957 Size: 75.7914 Loss: 0.270983 Win: 0.261391 valueNorm: 5 stepSize: 0.0005 Win Time: 1119.42
Iteration 51600 Time: 33951 Score: 72.744 Size: 75.6159 Loss: 0.289855 Win: 0.227053 valueNorm: 5 stepSize: 0.0005 Win Time: 1132.41
Iteration 52000 Time: 34205 Score: 76.4254 Size: 78.2372 Loss: 0.249389 Win: 0.300733 valueNorm: 5 stepSize: 0.0005 Win Time: 1127.2
Iteration 52400 Time: 34465 Score: 76.7848 Size: 78.5746 Loss: 0.229829 Win: 0.281174 valueNorm: 5 stepSize: 0.0005 Win Time: 1141.04
Iteration 52800 Time: 34726 Score: 74.6932 Size: 76.9493 Loss: 0.246377 Win: 0.248792 valueNorm: 5 stepSize: 0.0005 Win Time: 1140.51
Iteration 53200 Time: 34982 Score: 76.4262 Size: 78.1162 Loss: 0.254237 Win: 0.319613 valueNorm: 5 stepSize: 0.0005 Win Time: 1134.1
Iteration 53600 Time: 35242 Score: 77.4939 Size: 78.8354 Loss: 0.217918 Win: 0.317191 valueNorm: 5 stepSize: 0.0005 Win Time: 1123.5
Iteration 54000 Time: 35499 Score: 76.0337 Size: 78.0313 Loss: 0.26747 Win: 0.301205 valueNorm: 5 stepSize: 0.0005 Win Time: 1134.84
Iteration 54400 Time: 35758 Score: 78.1379 Size: 79.6946 Loss: 0.241379 Win: 0.320197 valueNorm: 5 stepSize: 0.0005 Win Time: 1129.83
Iteration 54800 Time: 36020 Score: 76.7195 Size: 78.5317 Loss: 0.231707 Win: 0.280488 valueNorm: 5 stepSize: 0.0005 Win Time: 1136.04
Iteration 55200 Time: 36279 Score: 76.3783 Size: 78.1494 Loss: 0.248193 Win: 0.303614 valueNorm: 5 stepSize: 0.0005 Win Time: 1123.61
Iteration 55600 Time: 36539 Score: 75.3667 Size: 77.8362 Loss: 0.264059 Win: 0.244499 valueNorm: 5 stepSize: 0.0005 Win Time: 1138.37
Iteration 56000 Time: 36802 Score: 81.2931 Size: 81.8793 Loss: 0.189655 Win: 0.369458 valueNorm: 5 stepSize: 0.0005 Win Time: 1135.2
Iteration 56400 Time: 37066 Score: 77.5448 Size: 79.1864 Loss: 0.237288 Win: 0.307506 valueNorm: 5 stepSize: 0.0005 Win Time: 1140.94
Iteration 56800 Time: 37326 Score: 78.5526 Size: 79.7457 Loss: 0.215159 Win: 0.332518 valueNorm: 5 stepSize: 0.0005 Win Time: 1136.34
Iteration 57200 Time: 37587 Score: 78.8473 Size: 80.3498 Loss: 0.229064 Win: 0.312808 valueNorm: 5 stepSize: 0.0005 Win Time: 1138.68
Iteration 57600 Time: 37841 Score: 75.2763 Size: 77.7139 Loss: 0.286064 Win: 0.271394 valueNorm: 5 stepSize: 0.0005 Win Time: 1129.01
Iteration 58000 Time: 38097 Score: 74.6049 Size: 76.8659 Loss: 0.265854 Win: 0.268293 valueNorm: 5 stepSize: 0.0005 Win Time: 1133.92
Iteration 58400 Time: 38357 Score: 75.3995 Size: 77.6392 Loss: 0.249395 Win: 0.254237 valueNorm: 5 stepSize: 0.0005 Win Time: 1121.46
Iteration 58800 Time: 38616 Score: 74.7902 Size: 76.9902 Loss: 0.241463 Win: 0.24878 valueNorm: 5 stepSize: 0.0005 Win Time: 1128.28
Iteration 59200 Time: 38879 Score: 77.9587 Size: 79.4951 Loss: 0.225728 Win: 0.305825 valueNorm: 5 stepSize: 0.0005 Win Time: 1133.81
Iteration 59600 Time: 39138 Score: 77.1557 Size: 78.8613 Loss: 0.233577 Win: 0.296837 valueNorm: 5 stepSize: 0.0005 Win Time: 1127.09
Iteration 60000 Time: 39398 Score: 76.8524 Size: 78.4071 Loss: 0.238095 Win: 0.316667 valueNorm: 5 stepSize: 0.0005 Win Time: 1125.69
Iteration 60400 Time: 39657 Score: 79.0894 Size: 80.4058 Loss: 0.241546 Win: 0.347826 valueNorm: 5 stepSize: 0.0005 Win Time: 1121.72
Iteration 60800 Time: 39917 Score: 81.0169 Size: 81.5205 Loss: 0.209639 Win: 0.40241 valueNorm: 5 stepSize: 0.0005 Win Time: 1124.26
Iteration 61200 Time: 40183 Score: 80.1017 Size: 80.9128 Loss: 0.234867 Win: 0.397094 valueNorm: 5 stepSize: 0.0005 Win Time: 1124.4
Iteration 61600 Time: 40455 Score: 80.9102 Size: 81.8131 Loss: 0.218447 Win: 0.366505 valueNorm: 5 stepSize: 0.0005 Win Time: 1125.79
Iteration 62000 Time: 40722 Score: 81.702 Size: 82.4409 Loss: 0.236453 Win: 0.406404 valueNorm: 5 stepSize: 0.0005 Win Time: 1128.7
Iteration 62400 Time: 40991 Score: 82.4532 Size: 82.7094 Loss: 0.182266 Win: 0.399015 valueNorm: 5 stepSize: 0.0005 Win Time: 1122.36
Iteration 62800 Time: 41252 Score: 75.8805 Size: 77.9049 Loss: 0.278049 Win: 0.309756 valueNorm: 5 stepSize: 0.0005 Win Time: 1116.43
Iteration 63200 Time: 41512 Score: 77.5439 Size: 79.0976 Loss: 0.263415 Win: 0.346341 valueNorm: 5 stepSize: 0.0005 Win Time: 1123.51
Iteration 63600 Time: 41772 Score: 79.0442 Size: 80.3022 Loss: 0.267813 Win: 0.383292 valueNorm: 5 stepSize: 0.0005 Win Time: 1120.28
Iteration 64000 Time: 42032 Score: 80.0605 Size: 80.8329 Loss: 0.249395 Win: 0.416465 valueNorm: 5 stepSize: 0.0005 Win Time: 1114.74
Iteration 64400 Time: 42292 Score: 80.3228 Size: 81.0777 Loss: 0.271845 Win: 0.444175 valueNorm: 5 stepSize: 0.0005 Win Time: 1117.75
Iteration 64800 Time: 42552 Score: 80.2122 Size: 81.1707 Loss: 0.263415 Win: 0.414634 valueNorm: 5 stepSize: 0.0005 Win Time: 1111.22
Iteration 65200 Time: 42812 Score: 80.4526 Size: 81.2092 Loss: 0.270073 Win: 0.442822 valueNorm: 5 stepSize: 0.0005 Win Time: 1115.18
Iteration 65600 Time: 43071 Score: 77.569 Size: 79.5375 Loss: 0.309927 Win: 0.353511 valueNorm: 5 stepSize: 0.0005 Win Time: 1119.6
Iteration 66000 Time: 43337 Score: 80.258 Size: 81.4103 Loss: 0.240786 Win: 0.366093 valueNorm: 5 stepSize: 0.0005 Win Time: 1121.53
Iteration 66400 Time: 43603 Score: 83.0122 Size: 83.2078 Loss: 0.220049 Win: 0.447433 valueNorm: 5 stepSize: 0.0005 Win Time: 1124.93
Iteration 66800 Time: 43868 Score: 81.6995 Size: 82.436 Loss: 0.23399 Win: 0.401478 valueNorm: 5 stepSize: 0.0005 Win Time: 1118.09
Iteration 67200 Time: 44126 Score: 79.8966 Size: 80.4928 Loss: 0.257212 Win: 0.447115 valueNorm: 5 stepSize: 0.0005 Win Time: 1117.63
Iteration 67600 Time: 44393 Score: 81.8463 Size: 82.361 Loss: 0.22439 Win: 0.417073 valueNorm: 5 stepSize: 0.0005 Win Time: 1121.42
Iteration 68000 Time: 44664 Score: 85.4247 Size: 85.3951 Loss: 0.212346 Win: 0.464198 valueNorm: 5 stepSize: 0.0005 Win Time: 1124.48
Iteration 68400 Time: 44930 Score: 83.3627 Size: 83.4681 Loss: 0.218137 Win: 0.455882 valueNorm: 5 stepSize: 0.0005 Win Time: 1114.74
Iteration 68800 Time: 45196 Score: 84.1823 Size: 84.0591 Loss: 0.204433 Win: 0.465517 valueNorm: 5 stepSize: 0.0005 Win Time: 1110.65
Iteration 69200 Time: 45454 Score: 79.9148 Size: 81.3504 Loss: 0.321168 Win: 0.423358 valueNorm: 5 stepSize: 0.0005 Win Time: 1110.99
Iteration 69600 Time: 45720 Score: 85.5844 Size: 85.1638 Loss: 0.210269 Win: 0.506112 valueNorm: 5 stepSize: 0.0005 Win Time: 1115.32
Iteration 70000 Time: 45978 Score: 81.0591 Size: 81.8719 Loss: 0.270936 Win: 0.435961 valueNorm: 5 stepSize: 0.0005 Win Time: 1117.33
Iteration 70400 Time: 46242 Score: 84.3981 Size: 84.0534 Loss: 0.223301 Win: 0.512136 valueNorm: 5 stepSize: 0.0005 Win Time: 1116.56
Iteration 70800 Time: 46505 Score: 83.2794 Size: 83.4044 Loss: 0.232843 Win: 0.470588 valueNorm: 5 stepSize: 0.0005 Win Time: 1114.86
Iteration 71200 Time: 46764 Score: 83.2198 Size: 82.9348 Loss: 0.236715 Win: 0.519324 valueNorm: 5 stepSize: 0.0005 Win Time: 1107.75
Iteration 71600 Time: 47025 Score: 84.0489 Size: 84.0147 Loss: 0.249389 Win: 0.508557 valueNorm: 5 stepSize: 0.0005 Win Time: 1113.64
Iteration 72000 Time: 47293 Score: 85.6192 Size: 85.2383 Loss: 0.206388 Win: 0.496314 valueNorm: 5 stepSize: 0.0005 Win Time: 1114.1
Iteration 72400 Time: 47555 Score: 79.9782 Size: 81.1262 Loss: 0.264563 Win: 0.393204 valueNorm: 5 stepSize: 0.0005 Win Time: 1120.28
Iteration 72800 Time: 47819 Score: 83.0339 Size: 83.2034 Loss: 0.242131 Win: 0.476998 valueNorm: 5 stepSize: 0.0005 Win Time: 1119.07
Iteration 73200 Time: 48083 Score: 84.9901 Size: 85.0444 Loss: 0.239506 Win: 0.48642 valueNorm: 5 stepSize: 0.0005 Win Time: 1113.61
Iteration 73600 Time: 48336 Score: 80.172 Size: 81.0835 Loss: 0.292383 Win: 0.449631 valueNorm: 5 stepSize: 0.0005 Win Time: 1111.27
Iteration 74000 Time: 48589 Score: 81.5417 Size: 81.9975 Loss: 0.27451 Win: 0.480392 valueNorm: 5 stepSize: 0.0005 Win Time: 1106.73
Iteration 74400 Time: 48851 Score: 83.8873 Size: 83.9608 Loss: 0.247549 Win: 0.492647 valueNorm: 5 stepSize: 0.0005 Win Time: 1111.22
Iteration 74800 Time: 49111 Score: 85.1642 Size: 84.7623 Loss: 0.240196 Win: 0.536765 valueNorm: 5 stepSize: 0.0005 Win Time: 1106.74
Iteration 75200 Time: 49365 Score: 78.4193 Size: 79.906 Loss: 0.33012 Win: 0.428916 valueNorm: 5 stepSize: 0.0005 Win Time: 1114.66
Iteration 75600 Time: 49625 Score: 86.2611 Size: 85.4532 Loss: 0.216749 Win: 0.55665 valueNorm: 5 stepSize: 0.0005 Win Time: 1098.44
Iteration 76000 Time: 49883 Score: 88.0973 Size: 87.1546 Loss: 0.226933 Win: 0.583541 valueNorm: 5 stepSize: 0.0005 Win Time: 1105.94
Iteration 76400 Time: 50146 Score: 83.9879 Size: 83.8015 Loss: 0.237288 Win: 0.510896 valueNorm: 5 stepSize: 0.0005 Win Time: 1111.46
Iteration 76800 Time: 50408 Score: 84.8854 Size: 84.5927 Loss: 0.239024 Win: 0.52439 valueNorm: 5 stepSize: 0.0005 Win Time: 1104.39
Iteration 77200 Time: 50667 Score: 82.2334 Size: 83.1229 Loss: 0.289926 Win: 0.452088 valueNorm: 5 stepSize: 0.0005 Win Time: 1104.75
Iteration 77600 Time: 50920 Score: 80.4156 Size: 81.2347 Loss: 0.295844 Win: 0.464548 valueNorm: 5 stepSize: 0.0005 Win Time: 1107.3
Iteration 78000 Time: 51177 Score: 82.802 Size: 83.8093 Loss: 0.315403 Win: 0.466993 valueNorm: 5 stepSize: 0.0005 Win Time: 1102.13
Iteration 78400 Time: 51425 Score: 79.599 Size: 81.1418 Loss: 0.354523 Win: 0.452323 valueNorm: 5 stepSize: 0.0005 Win Time: 1102.3
Iteration 78800 Time: 51681 Score: 84.0122 Size: 84.132 Loss: 0.276284 Win: 0.520782 valueNorm: 5 stepSize: 0.0005 Win Time: 1091.35
Iteration 79200 Time: 51943 Score: 86.798 Size: 86.0764 Loss: 0.238916 Win: 0.571429 valueNorm: 5 stepSize: 0.0005 Win Time: 1111.47
Iteration 79600 Time: 52204 Score: 86.5523 Size: 85.6569 Loss: 0.223844 Win: 0.574209 valueNorm: 5 stepSize: 0.0005 Win Time: 1099.31
Iteration 80000 Time: 52458 Score: 87.3652 Size: 86.0833 Loss: 0.22549 Win: 0.617647 valueNorm: 5 stepSize: 0.0005 Win Time: 1103.46
Iteration 80400 Time: 52708 Score: 82.1241 Size: 82.6472 Loss: 0.29927 Win: 0.501217 valueNorm: 5 stepSize: 0.0005 Win Time: 1095.87
Iteration 80800 Time: 52966 Score: 85.9975 Size: 85.5725 Loss: 0.2457 Win: 0.545455 valueNorm: 5 stepSize: 0.0005 Win Time: 1105.84
Iteration 81200 Time: 53222 Score: 86.1687 Size: 85.5183 Loss: 0.224939 Win: 0.547677 valueNorm: 5 stepSize: 0.0005 Win Time: 1088.62
Iteration 81600 Time: 53468 Score: 84.3554 Size: 83.9975 Loss: 0.284314 Win: 0.583333 valueNorm: 5 stepSize: 0.0005 Win Time: 1096.16
Iteration 82000 Time: 53728 Score: 87.511 Size: 86.511 Loss: 0.220049 Win: 0.581907 valueNorm: 5 stepSize: 0.0005 Win Time: 1097.41
Iteration 82400 Time: 53982 Score: 83.6141 Size: 83.8034 Loss: 0.286408 Win: 0.524272 valueNorm: 5 stepSize: 0.0005 Win Time: 1104.5
Iteration 82800 Time: 54237 Score: 84.3 Size: 83.8833 Loss: 0.271429 Win: 0.57381 valueNorm: 5 stepSize: 0.0005 Win Time: 1099.77
Iteration 83200 Time: 54487 Score: 84.6594 Size: 84.438 Loss: 0.279805 Win: 0.562044 valueNorm: 5 stepSize: 0.0005 Win Time: 1087.01
Iteration 83600 Time: 54741 Score: 85.9233 Size: 85.7104 Loss: 0.262376 Win: 0.542079 valueNorm: 5 stepSize: 0.0005 Win Time: 1100.46
Iteration 84000 Time: 54999 Score: 88.1927 Size: 87.0244 Loss: 0.22439 Win: 0.604878 valueNorm: 5 stepSize: 0.0005 Win Time: 1093.62
Iteration 84400 Time: 55245 Score: 81.1449 Size: 81.6643 Loss: 0.318841 Win: 0.524155 valueNorm: 5 stepSize: 0.0005 Win Time: 1103.58
Iteration 84800 Time: 55499 Score: 86.1032 Size: 85.5332 Loss: 0.240786 Win: 0.55774 valueNorm: 5 stepSize: 0.0005 Win Time: 1087.43
Iteration 85200 Time: 55753 Score: 85.8954 Size: 85.6934 Loss: 0.277372 Win: 0.559611 valueNorm: 5 stepSize: 0.0005 Win Time: 1090.39
Iteration 85600 Time: 56005 Score: 83.256 Size: 83.2729 Loss: 0.275362 Win: 0.531401 valueNorm: 5 stepSize: 0.0005 Win Time: 1097.7
Iteration 86000 Time: 56262 Score: 84.3946 Size: 84.5613 Loss: 0.262255 Win: 0.5 valueNorm: 5 stepSize: 0.0005 Win Time: 1105.67
Iteration 86400 Time: 56514 Score: 83.4614 Size: 83.4179 Loss: 0.280193 Win: 0.543478 valueNorm: 5 stepSize: 0.0005 Win Time: 1093.3
Iteration 86800 Time: 56761 Score: 85.473 Size: 85.0368 Loss: 0.269608 Win: 0.57598 valueNorm: 5 stepSize: 0.0005 Win Time: 1084.68
Iteration 87200 Time: 57012 Score: 88.5506 Size: 87.1852 Loss: 0.222222 Win: 0.624691 valueNorm: 5 stepSize: 0.0005 Win Time: 1099.58
Iteration 87600 Time: 57260 Score: 87.9338 Size: 86.4779 Loss: 0.227941 Win: 0.639706 valueNorm: 5 stepSize: 0.0005 Win Time: 1089.77
Iteration 88000 Time: 57506 Score: 85.2672 Size: 84.9363 Loss: 0.281863 Win: 0.578431 valueNorm: 5 stepSize: 0.0005 Win Time: 1096.61
Iteration 88400 Time: 57748 Score: 82.5912 Size: 82.9002 Loss: 0.326034 Win: 0.554745 valueNorm: 5 stepSize: 0.0005 Win Time: 1095.18
Iteration 88800 Time: 57995 Score: 85.9416 Size: 85.1095 Loss: 0.253041 Win: 0.59854 valueNorm: 5 stepSize: 0.0005 Win Time: 1083.18
Iteration 89200 Time: 58248 Score: 86.6324 Size: 86.1912 Loss: 0.259804 Win: 0.563725 valueNorm: 5 stepSize: 0.0005 Win Time: 1086
Iteration 89600 Time: 58497 Score: 87.0723 Size: 86.4115 Loss: 0.249377 Win: 0.578554 valueNorm: 5 stepSize: 0.0005 Win Time: 1091.86
Iteration 90000 Time: 58741 Score: 84.3888 Size: 83.9462 Loss: 0.288509 Win: 0.596577 valueNorm: 5 stepSize: 0.0005 Win Time: 1087.81
Iteration 90400 Time: 58989 Score: 87.7896 Size: 86.901 Loss: 0.227723 Win: 0.576733 valueNorm: 5 stepSize: 0.0005 Win Time: 1090.79
Iteration 90800 Time: 59230 Score: 87.6946 Size: 86.468 Loss: 0.248768 Win: 0.637931 valueNorm: 5 stepSize: 0.0005 Win Time: 1080.46
Iteration 91200 Time: 59474 Score: 82.2629 Size: 83.0885 Loss: 0.316953 Win: 0.488943 valueNorm: 5 stepSize: 0.0005 Win Time: 1091.31
Iteration 91600 Time: 59719 Score: 88.9095 Size: 87.6822 Loss: 0.232274 Win: 0.621027 valueNorm: 5 stepSize: 0.0005 Win Time: 1078.61
Iteration 92000 Time: 59962 Score: 88.2878 Size: 86.9293 Loss: 0.243902 Win: 0.64878 valueNorm: 5 stepSize: 0.0005 Win Time: 1086.07
Iteration 92400 Time: 60195 Score: 85.479 Size: 84.6247 Loss: 0.266667 Win: 0.617284 valueNorm: 5 stepSize: 0.0005 Win Time: 1086.33
Iteration 92800 Time: 60440 Score: 90.3814 Size: 88.5428 Loss: 0.222494 Win: 0.677262 valueNorm: 5 stepSize: 0.0005 Win Time: 1080.91
Iteration 93200 Time: 60678 Score: 86.6601 Size: 85.8191 Loss: 0.271394 Win: 0.621027 valueNorm: 5 stepSize: 0.0005 Win Time: 1081.04
Iteration 93600 Time: 60916 Score: 88.6034 Size: 87.367 Loss: 0.258621 Win: 0.652709 valueNorm: 5 stepSize: 0.0005 Win Time: 1079.42
Iteration 94000 Time: 61153 Score: 87.5099 Size: 86.6634 Loss: 0.272277 Win: 0.623762 valueNorm: 5 stepSize: 0.0005 Win Time: 1079.85
Iteration 94400 Time: 61388 Score: 88.5721 Size: 87.2811 Loss: 0.256219 Win: 0.654229 valueNorm: 5 stepSize: 0.0005 Win Time: 1082.11
Iteration 94800 Time: 61624 Score: 84.4453 Size: 84.399 Loss: 0.304136 Win: 0.569343 valueNorm: 5 stepSize: 0.0005 Win Time: 1083.93
Iteration 95200 Time: 61859 Score: 86.0196 Size: 85.8142 Loss: 0.308068 Win: 0.596577 valueNorm: 5 stepSize: 0.0005 Win Time: 1089.85
Iteration 95600 Time: 62092 Score: 86.855 Size: 86.3194 Loss: 0.29484 Win: 0.616708 valueNorm: 5 stepSize: 0.0005 Win Time: 1081.31
Iteration 96000 Time: 62327 Score: 86.3415 Size: 86.0805 Loss: 0.292683 Win: 0.585366 valueNorm: 5 stepSize: 0.0005 Win Time: 1078.73
Iteration 96400 Time: 62566 Score: 86.8049 Size: 86.0683 Loss: 0.24878 Win: 0.585366 valueNorm: 5 stepSize: 0.0005 Win Time: 1086.62
Iteration 96800 Time: 62802 Score: 86.9024 Size: 86.2732 Loss: 0.270732 Win: 0.597561 valueNorm: 5 stepSize: 0.0005 Win Time: 1078.09
Iteration 97200 Time: 63035 Score: 86.0417 Size: 85.6225 Loss: 0.284314 Win: 0.590686 valueNorm: 5 stepSize: 0.0005 Win Time: 1086.26
Iteration 97600 Time: 63272 Score: 88.7586 Size: 87.6847 Loss: 0.261084 Win: 0.637931 valueNorm: 5 stepSize: 0.0005 Win Time: 1081.92
Iteration 98000 Time: 63505 Score: 87.1552 Size: 86.4212 Loss: 0.273399 Win: 0.6133 valueNorm: 5 stepSize: 0.0005 Win Time: 1082.3
Iteration 98400 Time: 63743 Score: 87.9122 Size: 86.8122 Loss: 0.239024 Win: 0.614634 valueNorm: 5 stepSize: 0.0005 Win Time: 1085.92
Iteration 98800 Time: 63978 Score: 88.7365 Size: 87.4138 Loss: 0.241379 Win: 0.642857 valueNorm: 5 stepSize: 0.0005 Win Time: 1075.88
Iteration 99200 Time: 64212 Score: 86.3505 Size: 85.6569 Loss: 0.264706 Win: 0.598039 valueNorm: 5 stepSize: 0.0005 Win Time: 1083.29
Iteration 99600 Time: 64442 Score: 87.2383 Size: 86.2629 Loss: 0.272727 Win: 0.638821 valueNorm: 5 stepSize: 0.0005 Win Time: 1074.92
Iteration 100000 Time: 64678 Score: 89.5123 Size: 88.197 Loss: 0.248768 Win: 0.650246 valueNorm: 5 stepSize: 0.0005 Win Time: 1075.75
Evaluation score: 82.7163
