Training control Time: 1715011497
Hyperparameters: numRollouts: 1 batchSize: 128 numEpochs: 1 numIter: 100000 evalPeriod: 400 savePeriod: 400 alpha: 0.001000 GAEParam: 1.000000 
Iteration 400 Time: 207 Score: -1.24138 Size: 7.3202 Loss: 0.655172 Win: 0 valueNorm: 5 stepSize: 0.001
Iteration 800 Time: 450 Score: 3.18859 Size: 9.57816 Loss: 0.436725 Win: 0 valueNorm: 5 stepSize: 0.001
Iteration 1200 Time: 678 Score: 5.7549 Size: 13.0858 Loss: 0.529412 Win: 0 valueNorm: 5 stepSize: 0.001
Iteration 1600 Time: 908 Score: 9.60584 Size: 16.3163 Loss: 0.467153 Win: 0 valueNorm: 5 stepSize: 0.001
Iteration 2000 Time: 1134 Score: 10.8561 Size: 18.3171 Loss: 0.543902 Win: 0 valueNorm: 5 stepSize: 0.001
Iteration 2400 Time: 1382 Score: 13.6642 Size: 19.837 Loss: 0.413625 Win: 0 valueNorm: 5 stepSize: 0.001
Iteration 2800 Time: 1639 Score: 13.9756 Size: 20.5819 Loss: 0.457213 Win: 0 valueNorm: 5 stepSize: 0.001
Iteration 3200 Time: 1893 Score: 14.2092 Size: 21.2482 Loss: 0.501217 Win: 0 valueNorm: 5 stepSize: 0.001
Iteration 3600 Time: 2156 Score: 15.8149 Size: 22.1755 Loss: 0.432692 Win: 0 valueNorm: 5 stepSize: 0.001
Iteration 4000 Time: 2413 Score: 15.6163 Size: 22.295 Loss: 0.465228 Win: 0 valueNorm: 5 stepSize: 0.001
Iteration 4400 Time: 2678 Score: 16.9345 Size: 23.1553 Loss: 0.419903 Win: 0 valueNorm: 5 stepSize: 0.001
Iteration 4800 Time: 2946 Score: 17.7246 Size: 23.7343 Loss: 0.398551 Win: 0 valueNorm: 5 stepSize: 0.001
Iteration 5200 Time: 3217 Score: 17.9324 Size: 24.6981 Loss: 0.475845 Win: 0 valueNorm: 5 stepSize: 0.001
Iteration 5600 Time: 3473 Score: 17.1513 Size: 24.4137 Loss: 0.524823 Win: 0 valueNorm: 5 stepSize: 0.001
Iteration 6000 Time: 3725 Score: 17.7573 Size: 24.9903 Loss: 0.521845 Win: 0 valueNorm: 5 stepSize: 0.001
Iteration 6400 Time: 3980 Score: 19.3103 Size: 26.4433 Loss: 0.512315 Win: 0 valueNorm: 5 stepSize: 0.001
Iteration 6800 Time: 4242 Score: 21.3837 Size: 28.1223 Loss: 0.472422 Win: 0 valueNorm: 5 stepSize: 0.001
Iteration 7200 Time: 4511 Score: 25.4829 Size: 32.0244 Loss: 0.453659 Win: 0 valueNorm: 5 stepSize: 0.001
Iteration 7600 Time: 4768 Score: 28.7181 Size: 36.1084 Loss: 0.537349 Win: 0 valueNorm: 5 stepSize: 0.001
Iteration 8000 Time: 5006 Score: 30.9499 Size: 39.3341 Loss: 0.637232 Win: 0 valueNorm: 5 stepSize: 0.001
Iteration 8400 Time: 5259 Score: 36.5811 Size: 44.7797 Loss: 0.617433 Win: 0 valueNorm: 5 stepSize: 0.001
Iteration 8800 Time: 5519 Score: 39.601 Size: 46.3726 Loss: 0.475962 Win: 0 valueNorm: 5 stepSize: 0.001
Iteration 9200 Time: 5782 Score: 39.9716 Size: 46.6327 Loss: 0.464455 Win: 0 valueNorm: 5 stepSize: 0.001
Iteration 9600 Time: 6040 Score: 42.1893 Size: 49.0146 Loss: 0.480583 Win: 0 valueNorm: 5 stepSize: 0.001
Iteration 10000 Time: 6304 Score: 45.1683 Size: 51.5817 Loss: 0.439904 Win: 0 valueNorm: 5 stepSize: 0.001
Iteration 10400 Time: 6554 Score: 44.1026 Size: 51.1122 Loss: 0.498807 Win: 0 valueNorm: 5 stepSize: 0.001
Iteration 10800 Time: 6804 Score: 45.0024 Size: 51.7861 Loss: 0.475962 Win: 0 valueNorm: 5 stepSize: 0.001
Iteration 11200 Time: 7061 Score: 48.1899 Size: 54.2548 Loss: 0.403846 Win: 0 valueNorm: 5 stepSize: 0.001
Iteration 11600 Time: 7324 Score: 49.966 Size: 55.8495 Loss: 0.385922 Win: 0 valueNorm: 5 stepSize: 0.001
Iteration 12000 Time: 7594 Score: 50.8828 Size: 56.3421 Loss: 0.344498 Win: 0 valueNorm: 5 stepSize: 0.001
Iteration 12400 Time: 7859 Score: 51.3841 Size: 56.9251 Loss: 0.352657 Win: 0 valueNorm: 5 stepSize: 0.001
Iteration 12800 Time: 8112 Score: 46.6147 Size: 52.8983 Loss: 0.425532 Win: 0 valueNorm: 5 stepSize: 0.001
Iteration 13200 Time: 8359 Score: 47.5817 Size: 53.9663 Loss: 0.435096 Win: 0 valueNorm: 5 stepSize: 0.001
Iteration 13600 Time: 8619 Score: 51.0362 Size: 56.5362 Loss: 0.347826 Win: 0 valueNorm: 5 stepSize: 0.001
Iteration 14000 Time: 8888 Score: 53.4101 Size: 58.9329 Loss: 0.35012 Win: 0 valueNorm: 5 stepSize: 0.001
Iteration 14400 Time: 9146 Score: 51.927 Size: 57.6618 Loss: 0.36983 Win: 0 valueNorm: 5 stepSize: 0.001
Iteration 14800 Time: 9402 Score: 52.2983 Size: 57.9902 Loss: 0.366748 Win: 0 valueNorm: 5 stepSize: 0.001
Iteration 15200 Time: 9659 Score: 52.5725 Size: 58.4807 Loss: 0.391304 Win: 0.00241546 valueNorm: 5 stepSize: 0.001 Win Time: 1186
Iteration 15600 Time: 9919 Score: 52.4651 Size: 58.3301 Loss: 0.383133 Win: 0 valueNorm: 5 stepSize: 0.001
Iteration 16000 Time: 10171 Score: 52.2118 Size: 58.1724 Loss: 0.394089 Win: 0 valueNorm: 5 stepSize: 0.001
Iteration 16400 Time: 10430 Score: 53.4193 Size: 58.8337 Loss: 0.339759 Win: 0 valueNorm: 5 stepSize: 0.001
Iteration 16800 Time: 10686 Score: 52.6286 Size: 58.585 Loss: 0.393204 Win: 0 valueNorm: 5 stepSize: 0.001
Iteration 17200 Time: 10956 Score: 56.4453 Size: 60.9635 Loss: 0.250608 Win: 0 valueNorm: 5 stepSize: 0.001
Iteration 17600 Time: 11225 Score: 54.9345 Size: 59.8617 Loss: 0.291262 Win: 0 valueNorm: 5 stepSize: 0.001
Iteration 18000 Time: 11476 Score: 50.305 Size: 56.2624 Loss: 0.394799 Win: 0 valueNorm: 5 stepSize: 0.001
Iteration 18400 Time: 11727 Score: 52.3981 Size: 57.8753 Loss: 0.345324 Win: 0 valueNorm: 5 stepSize: 0.001
Iteration 18800 Time: 11980 Score: 52.3966 Size: 57.8149 Loss: 0.338942 Win: 0 valueNorm: 5 stepSize: 0.001
Iteration 19200 Time: 12240 Score: 53.5714 Size: 58.3976 Loss: 0.285714 Win: 0.0047619 valueNorm: 5 stepSize: 0.001 Win Time: 1176.5
Iteration 19600 Time: 12488 Score: 52.1159 Size: 57.4662 Loss: 0.333333 Win: 0 valueNorm: 5 stepSize: 0.001
Iteration 20000 Time: 12738 Score: 53.6748 Size: 59.0995 Loss: 0.34466 Win: 0.00485437 valueNorm: 5 stepSize: 0.001 Win Time: 1170.5
Iteration 20400 Time: 12990 Score: 53.2134 Size: 58.6571 Loss: 0.345324 Win: 0.00239808 valueNorm: 5 stepSize: 0.001 Win Time: 1182
Iteration 20800 Time: 13264 Score: 60.1634 Size: 64.2049 Loss: 0.207317 Win: 0.00487805 valueNorm: 5 stepSize: 0.001 Win Time: 1190
Iteration 21200 Time: 13522 Score: 55.7573 Size: 60.9563 Loss: 0.320388 Win: 0.00242718 valueNorm: 5 stepSize: 0.001 Win Time: 1170
Iteration 21600 Time: 13792 Score: 57.0549 Size: 61.895 Loss: 0.288783 Win: 0.0071599 valueNorm: 5 stepSize: 0.001 Win Time: 1183
Iteration 22000 Time: 14058 Score: 57.8273 Size: 62.747 Loss: 0.294404 Win: 0.00486618 valueNorm: 5 stepSize: 0.001 Win Time: 1164.5
Iteration 22400 Time: 14318 Score: 58.0146 Size: 62.7981 Loss: 0.296837 Win: 0.0218978 valueNorm: 5 stepSize: 0.001 Win Time: 1163.67
Iteration 22800 Time: 14580 Score: 59.2976 Size: 63.8829 Loss: 0.270732 Win: 0.0146341 valueNorm: 5 stepSize: 0.001 Win Time: 1167.5
Iteration 23200 Time: 14837 Score: 56.4024 Size: 61.359 Loss: 0.301205 Win: 0.00722892 valueNorm: 5 stepSize: 0.001 Win Time: 1186.33
Iteration 23600 Time: 15089 Score: 55.0534 Size: 60.7985 Loss: 0.376214 Win: 0.00485437 valueNorm: 5 stepSize: 0.001 Win Time: 1159
Iteration 24000 Time: 15358 Score: 62.0567 Size: 66.0517 Loss: 0.20936 Win: 0.0123153 valueNorm: 5 stepSize: 0.001 Win Time: 1135.4
Iteration 24400 Time: 15628 Score: 61.4372 Size: 65.5217 Loss: 0.224638 Win: 0.0193237 valueNorm: 5 stepSize: 0.001 Win Time: 1165.38
Iteration 24800 Time: 15875 Score: 55.3285 Size: 60.7391 Loss: 0.355072 Win: 0.0169082 valueNorm: 5 stepSize: 0.001 Win Time: 1156.14
Iteration 25200 Time: 16125 Score: 55.0628 Size: 60.6787 Loss: 0.364734 Win: 0.00483092 valueNorm: 5 stepSize: 0.001 Win Time: 1169
Iteration 25600 Time: 16376 Score: 58.3139 Size: 63.3382 Loss: 0.323601 Win: 0.026764 valueNorm: 5 stepSize: 0.001 Win Time: 1172.18
Iteration 26000 Time: 16630 Score: 57.3623 Size: 62.4034 Loss: 0.31401 Win: 0.0144928 valueNorm: 5 stepSize: 0.001 Win Time: 1124.83
Iteration 26400 Time: 16870 Score: 55.7255 Size: 61.3317 Loss: 0.386635 Win: 0.0310263 valueNorm: 5 stepSize: 0.001 Win Time: 1153.46
Iteration 26800 Time: 17124 Score: 61.3747 Size: 65.5304 Loss: 0.265207 Win: 0.0559611 valueNorm: 5 stepSize: 0.001 Win Time: 1153.87
Iteration 27200 Time: 17376 Score: 60.6923 Size: 64.9808 Loss: 0.278846 Win: 0.0576923 valueNorm: 5 stepSize: 0.001 Win Time: 1147.96
Iteration 27600 Time: 17633 Score: 60.4606 Size: 64.9021 Loss: 0.28401 Win: 0.0453461 valueNorm: 5 stepSize: 0.001 Win Time: 1160.68
Iteration 28000 Time: 17878 Score: 60.0339 Size: 64.4649 Loss: 0.280872 Win: 0.0435835 valueNorm: 5 stepSize: 0.001 Win Time: 1149.83
Iteration 28400 Time: 18135 Score: 63.2927 Size: 67.1488 Loss: 0.234146 Win: 0.0560976 valueNorm: 5 stepSize: 0.001 Win Time: 1154.22
Iteration 28800 Time: 18388 Score: 60.4255 Size: 64.7596 Loss: 0.271635 Win: 0.0432692 valueNorm: 5 stepSize: 0.001 Win Time: 1159.22
Iteration 29200 Time: 18642 Score: 61.694 Size: 65.9181 Loss: 0.262651 Win: 0.0457831 valueNorm: 5 stepSize: 0.001 Win Time: 1150.68
Iteration 29600 Time: 18900 Score: 62.2196 Size: 66.4296 Loss: 0.26253 Win: 0.0477327 valueNorm: 5 stepSize: 0.001 Win Time: 1163.2
Iteration 30000 Time: 19172 Score: 67.3696 Size: 70.4614 Loss: 0.164251 Win: 0.0628019 valueNorm: 5 stepSize: 0.001 Win Time: 1158.54
Iteration 30400 Time: 19429 Score: 60.9471 Size: 64.9375 Loss: 0.254808 Win: 0.0625 valueNorm: 5 stepSize: 0.001 Win Time: 1166.5
Iteration 30800 Time: 19679 Score: 58.7796 Size: 63.5166 Loss: 0.312796 Win: 0.0450237 valueNorm: 5 stepSize: 0.001 Win Time: 1159.68
Iteration 31200 Time: 19933 Score: 61.2067 Size: 65.3486 Loss: 0.259615 Win: 0.0528846 valueNorm: 5 stepSize: 0.001 Win Time: 1168.23
Iteration 31600 Time: 20184 Score: 59.9761 Size: 64.6158 Loss: 0.305489 Win: 0.0477327 valueNorm: 5 stepSize: 0.001 Win Time: 1145.75
Iteration 32000 Time: 20431 Score: 60.3961 Size: 64.7729 Loss: 0.297101 Win: 0.0676329 valueNorm: 5 stepSize: 0.001 Win Time: 1158.57
Iteration 32400 Time: 20677 Score: 59.5383 Size: 64.2297 Loss: 0.322967 Win: 0.062201 valueNorm: 5 stepSize: 0.001 Win Time: 1153.46
Iteration 32800 Time: 20923 Score: 59.8523 Size: 64.6053 Loss: 0.317191 Win: 0.0484262 valueNorm: 5 stepSize: 0.001 Win Time: 1149.2
Iteration 33200 Time: 21178 Score: 63.6292 Size: 67.4426 Loss: 0.253589 Win: 0.0813397 valueNorm: 5 stepSize: 0.001 Win Time: 1160.59
Iteration 33600 Time: 21437 Score: 62.2384 Size: 66.1922 Loss: 0.243309 Win: 0.053528 valueNorm: 5 stepSize: 0.001 Win Time: 1152.64
Iteration 34000 Time: 21692 Score: 61.7946 Size: 65.8313 Loss: 0.246944 Win: 0.0488998 valueNorm: 5 stepSize: 0.001 Win Time: 1162.8
Iteration 34400 Time: 21929 Score: 54.9857 Size: 60.4429 Loss: 0.371429 Win: 0.0333333 valueNorm: 5 stepSize: 0.001 Win Time: 1144.43
Iteration 34800 Time: 22160 Score: 50.9952 Size: 56.9301 Loss: 0.407229 Win: 0.0168675 valueNorm: 5 stepSize: 0.001 Win Time: 1160.86
Iteration 35200 Time: 22401 Score: 58.4258 Size: 63.1119 Loss: 0.316302 Win: 0.053528 valueNorm: 5 stepSize: 0.001 Win Time: 1142.82
Iteration 35600 Time: 22647 Score: 59.9756 Size: 64.5341 Loss: 0.297561 Win: 0.0487805 valueNorm: 5 stepSize: 0.001 Win Time: 1152.4
Iteration 36000 Time: 22884 Score: 55.7852 Size: 61.0143 Loss: 0.357995 Win: 0.0405728 valueNorm: 5 stepSize: 0.001 Win Time: 1153.29
Iteration 36400 Time: 23112 Score: 53.6344 Size: 59.0896 Loss: 0.389151 Win: 0.0495283 valueNorm: 5 stepSize: 0.001 Win Time: 1161.33
Iteration 36800 Time: 23363 Score: 60.1232 Size: 64.4716 Loss: 0.281991 Win: 0.0545024 valueNorm: 5 stepSize: 0.001 Win Time: 1170.09
Iteration 37200 Time: 23593 Score: 54.1157 Size: 59.5807 Loss: 0.39759 Win: 0.0578313 valueNorm: 5 stepSize: 0.001 Win Time: 1164.25
Iteration 37600 Time: 23849 Score: 59.5627 Size: 63.8403 Loss: 0.260442 Win: 0.036855 valueNorm: 5 stepSize: 0.001 Win Time: 1151.27
Iteration 38000 Time: 24104 Score: 59.4214 Size: 63.6833 Loss: 0.27381 Win: 0.0547619 valueNorm: 5 stepSize: 0.001 Win Time: 1167.26
Iteration 38400 Time: 24351 Score: 60.2902 Size: 64.6878 Loss: 0.302439 Win: 0.0707317 valueNorm: 5 stepSize: 0.001 Win Time: 1159.52
Iteration 38800 Time: 24599 Score: 60.0291 Size: 64.5534 Loss: 0.300971 Win: 0.0558252 valueNorm: 5 stepSize: 0.001 Win Time: 1141.17
Iteration 39200 Time: 24846 Score: 59.4736 Size: 64.4351 Loss: 0.346154 Win: 0.0576923 valueNorm: 5 stepSize: 0.001 Win Time: 1150.5
Iteration 39600 Time: 25103 Score: 62.3502 Size: 66.6232 Loss: 0.280193 Win: 0.0603865 valueNorm: 5 stepSize: 0.001 Win Time: 1159.2
Iteration 40000 Time: 25344 Score: 55.7292 Size: 61.1615 Loss: 0.384798 Win: 0.0475059 valueNorm: 5 stepSize: 0.001 Win Time: 1143
Iteration 40400 Time: 25585 Score: 58.9148 Size: 63.8662 Loss: 0.360097 Win: 0.0754258 valueNorm: 5 stepSize: 0.001 Win Time: 1159.84
Iteration 40800 Time: 25828 Score: 57.0981 Size: 62.1579 Loss: 0.358852 Win: 0.0598086 valueNorm: 5 stepSize: 0.001 Win Time: 1160.88
Iteration 41200 Time: 26072 Score: 60.1241 Size: 64.8978 Loss: 0.326034 Win: 0.0559611 valueNorm: 5 stepSize: 0.001 Win Time: 1161.87
Iteration 41600 Time: 26322 Score: 59.3708 Size: 64.1746 Loss: 0.313397 Win: 0.0382775 valueNorm: 5 stepSize: 0.001 Win Time: 1148
Iteration 42000 Time: 26581 Score: 67.4171 Size: 70.6439 Loss: 0.207317 Win: 0.095122 valueNorm: 5 stepSize: 0.001 Win Time: 1157.9
Iteration 42400 Time: 26839 Score: 66.3455 Size: 69.6156 Loss: 0.214112 Win: 0.0973236 valueNorm: 5 stepSize: 0.001 Win Time: 1157.65
Iteration 42800 Time: 27093 Score: 65.2968 Size: 68.927 Loss: 0.255474 Win: 0.104623 valueNorm: 5 stepSize: 0.001 Win Time: 1154.65
Iteration 43200 Time: 27347 Score: 63.4221 Size: 67.4412 Loss: 0.263789 Win: 0.0695444 valueNorm: 5 stepSize: 0.001 Win Time: 1160.93
Iteration 43600 Time: 27607 Score: 66.2336 Size: 69.764 Loss: 0.233577 Win: 0.0900243 valueNorm: 5 stepSize: 0.001 Win Time: 1156.35
Iteration 44000 Time: 27868 Score: 65.3496 Size: 68.912 Loss: 0.210269 Win: 0.0611247 valueNorm: 5 stepSize: 0.001 Win Time: 1147.8
Iteration 44400 Time: 28123 Score: 63.9294 Size: 67.6131 Loss: 0.255474 Win: 0.0973236 valueNorm: 5 stepSize: 0.001 Win Time: 1148.28
Iteration 44800 Time: 28382 Score: 65.5854 Size: 69.0049 Loss: 0.229268 Win: 0.097561 valueNorm: 5 stepSize: 0.001 Win Time: 1153.3
Iteration 45200 Time: 28615 Score: 55.5131 Size: 60.5585 Loss: 0.360382 Win: 0.0644391 valueNorm: 5 stepSize: 0.001 Win Time: 1154.22
Iteration 45600 Time: 28853 Score: 59.467 Size: 64.0142 Loss: 0.341981 Win: 0.0990566 valueNorm: 5 stepSize: 0.001 Win Time: 1152.29
Iteration 46000 Time: 29103 Score: 63.9686 Size: 67.7367 Loss: 0.26087 Win: 0.0942029 valueNorm: 5 stepSize: 0.001 Win Time: 1156.72
Iteration 46400 Time: 29360 Score: 64.2058 Size: 68.1235 Loss: 0.254237 Win: 0.0702179 valueNorm: 5 stepSize: 0.001 Win Time: 1142.62
Iteration 46800 Time: 29625 Score: 67.8732 Size: 71.0122 Loss: 0.192683 Win: 0.0878049 valueNorm: 5 stepSize: 0.001 Win Time: 1149.72
Iteration 47200 Time: 29881 Score: 66.2482 Size: 69.6083 Loss: 0.22871 Win: 0.104623 valueNorm: 5 stepSize: 0.001 Win Time: 1143.14
Iteration 47600 Time: 30145 Score: 69.9484 Size: 73.0369 Loss: 0.19656 Win: 0.0982801 valueNorm: 5 stepSize: 0.001 Win Time: 1147.7
Iteration 48000 Time: 30404 Score: 63.0024 Size: 67.1071 Loss: 0.253041 Win: 0.0486618 valueNorm: 5 stepSize: 0.001 Win Time: 1151.2
Iteration 48400 Time: 30661 Score: 63.2512 Size: 67.1318 Loss: 0.218905 Win: 0.0348259 valueNorm: 5 stepSize: 0.001 Win Time: 1160.64
Iteration 48800 Time: 30920 Score: 65.2743 Size: 68.8689 Loss: 0.23301 Win: 0.0825243 valueNorm: 5 stepSize: 0.001 Win Time: 1156.35
Iteration 49200 Time: 31167 Score: 61.4062 Size: 65.6442 Loss: 0.300481 Win: 0.0865385 valueNorm: 5 stepSize: 0.001 Win Time: 1160.08
Iteration 49600 Time: 31424 Score: 65.716 Size: 69.284 Loss: 0.242718 Win: 0.0970874 valueNorm: 5 stepSize: 0.001 Win Time: 1151.58
Iteration 50000 Time: 31678 Score: 65.3674 Size: 69.1046 Loss: 0.255474 Win: 0.0924574 valueNorm: 5 stepSize: 0.001 Win Time: 1151.18
Iteration 50400 Time: 31937 Score: 66.3683 Size: 69.9463 Loss: 0.229268 Win: 0.0804878 valueNorm: 5 stepSize: 0.001 Win Time: 1154.36
Iteration 50800 Time: 32188 Score: 63.9951 Size: 67.9366 Loss: 0.27561 Win: 0.0926829 valueNorm: 5 stepSize: 0.001 Win Time: 1155.29
Iteration 51200 Time: 32446 Score: 68.9657 Size: 71.8505 Loss: 0.210784 Win: 0.137255 valueNorm: 5 stepSize: 0.001 Win Time: 1151.16
Iteration 51600 Time: 32692 Score: 61.5755 Size: 66.0767 Loss: 0.311751 Win: 0.0695444 valueNorm: 5 stepSize: 0.001 Win Time: 1143.97
Iteration 52000 Time: 32935 Score: 62.4665 Size: 66.4593 Loss: 0.301435 Win: 0.114833 valueNorm: 5 stepSize: 0.001 Win Time: 1147.73
Iteration 52400 Time: 33172 Score: 60.0333 Size: 64.6817 Loss: 0.36342 Win: 0.111639 valueNorm: 5 stepSize: 0.001 Win Time: 1157.11
Iteration 52800 Time: 33422 Score: 67.5233 Size: 70.8034 Loss: 0.250614 Win: 0.137592 valueNorm: 5 stepSize: 0.001 Win Time: 1154.07
Iteration 53200 Time: 33680 Score: 67.2136 Size: 70.6432 Loss: 0.237864 Win: 0.106796 valueNorm: 5 stepSize: 0.001 Win Time: 1159.7
Iteration 53600 Time: 33930 Score: 62.8867 Size: 67.0651 Loss: 0.284337 Win: 0.0746988 valueNorm: 5 stepSize: 0.001 Win Time: 1154.74
Iteration 54000 Time: 34178 Score: 61.9902 Size: 66.5171 Loss: 0.312195 Win: 0.0682927 valueNorm: 5 stepSize: 0.001 Win Time: 1162.04
Iteration 54400 Time: 34438 Score: 68.8841 Size: 71.8744 Loss: 0.205314 Win: 0.118357 valueNorm: 5 stepSize: 0.001 Win Time: 1162.22
Iteration 54800 Time: 34697 Score: 63.6466 Size: 67.4784 Loss: 0.245192 Win: 0.0697115 valueNorm: 5 stepSize: 0.001 Win Time: 1151.34
Iteration 55200 Time: 34954 Score: 67.529 Size: 70.7246 Loss: 0.229469 Win: 0.123188 valueNorm: 5 stepSize: 0.001 Win Time: 1140.51
Iteration 55600 Time: 35193 Score: 62.7946 Size: 66.8606 Loss: 0.315403 Win: 0.122249 valueNorm: 5 stepSize: 0.001 Win Time: 1161.64
Iteration 56000 Time: 35449 Score: 67.1284 Size: 70.5728 Loss: 0.239506 Win: 0.106173 valueNorm: 5 stepSize: 0.001 Win Time: 1159.65
Iteration 56400 Time: 35715 Score: 68.781 Size: 71.7226 Loss: 0.192214 Win: 0.111922 valueNorm: 5 stepSize: 0.001 Win Time: 1164.98
Iteration 56800 Time: 35966 Score: 66.2809 Size: 69.5521 Loss: 0.276029 Win: 0.16707 valueNorm: 5 stepSize: 0.001 Win Time: 1160.78
Iteration 57200 Time: 36222 Score: 67.0194 Size: 70.4053 Loss: 0.240291 Win: 0.114078 valueNorm: 5 stepSize: 0.001 Win Time: 1149.28
Iteration 57600 Time: 36459 Score: 60.0289 Size: 64.6892 Loss: 0.346988 Win: 0.0915663 valueNorm: 5 stepSize: 0.001 Win Time: 1150.37
Iteration 58000 Time: 36715 Score: 68.4642 Size: 71.8642 Loss: 0.22963 Win: 0.101235 valueNorm: 5 stepSize: 0.001 Win Time: 1145.17
Iteration 58400 Time: 36979 Score: 71.2659 Size: 74.1049 Loss: 0.212195 Win: 0.143902 valueNorm: 5 stepSize: 0.001 Win Time: 1147.76
Iteration 58800 Time: 37224 Score: 63.1787 Size: 67.3527 Loss: 0.306763 Win: 0.101449 valueNorm: 5 stepSize: 0.001 Win Time: 1153.83
Iteration 59200 Time: 37482 Score: 65.0602 Size: 68.812 Loss: 0.262651 Win: 0.0987952 valueNorm: 5 stepSize: 0.001 Win Time: 1147.78
Iteration 59600 Time: 37744 Score: 68.8619 Size: 72.0667 Loss: 0.214286 Win: 0.104762 valueNorm: 5 stepSize: 0.001 Win Time: 1150.27
Iteration 60000 Time: 38006 Score: 71.2878 Size: 73.6634 Loss: 0.192683 Win: 0.173171 valueNorm: 5 stepSize: 0.001 Win Time: 1151.34
Iteration 60400 Time: 38260 Score: 68.6161 Size: 71.8337 Loss: 0.242054 Win: 0.136919 valueNorm: 5 stepSize: 0.001 Win Time: 1156
Iteration 60800 Time: 38518 Score: 68.3019 Size: 71.4565 Loss: 0.229469 Win: 0.128019 valueNorm: 5 stepSize: 0.001 Win Time: 1156.7
Iteration 61200 Time: 38777 Score: 70.7384 Size: 73.2592 Loss: 0.200489 Win: 0.166259 valueNorm: 5 stepSize: 0.001 Win Time: 1157.82
Iteration 61600 Time: 39033 Score: 70.1582 Size: 72.8905 Loss: 0.216545 Win: 0.160584 valueNorm: 5 stepSize: 0.001 Win Time: 1147.86
Iteration 62000 Time: 39283 Score: 67.0954 Size: 70.5257 Loss: 0.249389 Win: 0.119804 valueNorm: 5 stepSize: 0.001 Win Time: 1143.29
Iteration 62400 Time: 39543 Score: 69.3908 Size: 72.2718 Loss: 0.201456 Win: 0.126214 valueNorm: 5 stepSize: 0.001 Win Time: 1162.35
Iteration 62800 Time: 39797 Score: 68.7178 Size: 71.7494 Loss: 0.243309 Win: 0.158151 valueNorm: 5 stepSize: 0.001 Win Time: 1152.82
Iteration 63200 Time: 40047 Score: 67.5255 Size: 70.9732 Loss: 0.277372 Win: 0.148418 valueNorm: 5 stepSize: 0.001 Win Time: 1149.05
Iteration 63600 Time: 40291 Score: 61.9879 Size: 66.5908 Loss: 0.343826 Win: 0.094431 valueNorm: 5 stepSize: 0.001 Win Time: 1140.49
Iteration 64000 Time: 40539 Score: 64.0584 Size: 67.983 Loss: 0.301703 Win: 0.124088 valueNorm: 5 stepSize: 0.001 Win Time: 1156.84
Iteration 64400 Time: 40795 Score: 67.2494 Size: 70.7579 Loss: 0.261614 Win: 0.124694 valueNorm: 5 stepSize: 0.001 Win Time: 1141.96
Iteration 64800 Time: 41055 Score: 71.3882 Size: 73.7273 Loss: 0.216216 Win: 0.203931 valueNorm: 5 stepSize: 0.001 Win Time: 1152.22
Iteration 65200 Time: 41317 Score: 68.9333 Size: 72.0494 Loss: 0.217284 Win: 0.118519 valueNorm: 5 stepSize: 0.001 Win Time: 1144.08
Iteration 65600 Time: 41570 Score: 68.1985 Size: 71.4608 Loss: 0.279412 Win: 0.171569 valueNorm: 5 stepSize: 0.001 Win Time: 1153.83
Iteration 66000 Time: 41830 Score: 70.4793 Size: 73.2506 Loss: 0.231144 Win: 0.172749 valueNorm: 5 stepSize: 0.001 Win Time: 1136.58
Iteration 66400 Time: 42075 Score: 67.5488 Size: 70.7488 Loss: 0.3 Win: 0.202439 valueNorm: 5 stepSize: 0.001 Win Time: 1142.89
Iteration 66800 Time: 42330 Score: 71.1936 Size: 73.8431 Loss: 0.254902 Win: 0.213235 valueNorm: 5 stepSize: 0.001 Win Time: 1142.08
Iteration 67200 Time: 42594 Score: 74.4349 Size: 76.5528 Loss: 0.194103 Win: 0.203931 valueNorm: 5 stepSize: 0.001 Win Time: 1146.81
Iteration 67600 Time: 42841 Score: 64.4078 Size: 68.4757 Loss: 0.334951 Win: 0.145631 valueNorm: 5 stepSize: 0.001 Win Time: 1151.23
Iteration 68000 Time: 43103 Score: 70.3837 Size: 73.0959 Loss: 0.223022 Win: 0.170264 valueNorm: 5 stepSize: 0.001 Win Time: 1140.32
Iteration 68400 Time: 43356 Score: 70.1366 Size: 73.0122 Loss: 0.226829 Win: 0.156098 valueNorm: 5 stepSize: 0.001 Win Time: 1138.69
Iteration 68800 Time: 43616 Score: 67.4393 Size: 70.7913 Loss: 0.220874 Win: 0.0970874 valueNorm: 5 stepSize: 0.001 Win Time: 1158.78
Iteration 69200 Time: 43872 Score: 70.2263 Size: 73.0389 Loss: 0.216545 Win: 0.150852 valueNorm: 5 stepSize: 0.001 Win Time: 1145.19
Iteration 69600 Time: 44129 Score: 72.709 Size: 74.9902 Loss: 0.205379 Win: 0.198044 valueNorm: 5 stepSize: 0.001 Win Time: 1144.98
Iteration 70000 Time: 44392 Score: 72.9386 Size: 75.1622 Loss: 0.169533 Win: 0.164619 valueNorm: 5 stepSize: 0.001 Win Time: 1144.1
Iteration 70400 Time: 44656 Score: 72.8951 Size: 75.278 Loss: 0.17561 Win: 0.153659 valueNorm: 5 stepSize: 0.001 Win Time: 1160.48
Iteration 70800 Time: 44922 Score: 73.5604 Size: 75.5676 Loss: 0.176329 Win: 0.195652 valueNorm: 5 stepSize: 0.001 Win Time: 1150.25
Iteration 71200 Time: 45171 Score: 70.7317 Size: 73.4195 Loss: 0.246341 Win: 0.2 valueNorm: 5 stepSize: 0.001 Win Time: 1143.74
Iteration 71600 Time: 45424 Score: 73.4641 Size: 75.3565 Loss: 0.239234 Win: 0.279904 valueNorm: 5 stepSize: 0.001 Win Time: 1145.1
Iteration 72000 Time: 45671 Score: 69.8463 Size: 72.7878 Loss: 0.256098 Win: 0.180488 valueNorm: 5 stepSize: 0.001 Win Time: 1149.85
Iteration 72400 Time: 45918 Score: 68.3986 Size: 71.2947 Loss: 0.258454 Win: 0.188406 valueNorm: 5 stepSize: 0.001 Win Time: 1148.73
Iteration 72800 Time: 46168 Score: 71.371 Size: 73.9312 Loss: 0.240786 Win: 0.206388 valueNorm: 5 stepSize: 0.001 Win Time: 1150.64
Iteration 73200 Time: 46426 Score: 72.6822 Size: 75.0122 Loss: 0.205379 Win: 0.193154 valueNorm: 5 stepSize: 0.001 Win Time: 1150.47
Iteration 73600 Time: 46676 Score: 69.2892 Size: 72.0858 Loss: 0.22549 Win: 0.164216 valueNorm: 5 stepSize: 0.001 Win Time: 1144.51
Iteration 74000 Time: 46932 Score: 71.863 Size: 74.0889 Loss: 0.221154 Win: 0.221154 valueNorm: 5 stepSize: 0.001 Win Time: 1143.88
Iteration 74400 Time: 47183 Score: 67.3623 Size: 70.7029 Loss: 0.268116 Win: 0.149758 valueNorm: 5 stepSize: 0.001 Win Time: 1146.9
Iteration 74800 Time: 47441 Score: 72.8753 Size: 75.1051 Loss: 0.202934 Win: 0.200489 valueNorm: 5 stepSize: 0.001 Win Time: 1154.29
Iteration 75200 Time: 47699 Score: 71.3099 Size: 74.0315 Loss: 0.205811 Win: 0.150121 valueNorm: 5 stepSize: 0.001 Win Time: 1150.89
Iteration 75600 Time: 47943 Score: 68.0742 Size: 71.0383 Loss: 0.279904 Win: 0.205742 valueNorm: 5 stepSize: 0.001 Win Time: 1144.15
Iteration 76000 Time: 48187 Score: 70.7297 Size: 73.3342 Loss: 0.262899 Win: 0.226044 valueNorm: 5 stepSize: 0.001 Win Time: 1142.86
Iteration 76400 Time: 48433 Score: 69.0553 Size: 71.9784 Loss: 0.28125 Win: 0.211538 valueNorm: 5 stepSize: 0.001 Win Time: 1151.39
Iteration 76800 Time: 48692 Score: 74.0368 Size: 76.201 Loss: 0.183824 Win: 0.186275 valueNorm: 5 stepSize: 0.001 Win Time: 1150.29
Iteration 77200 Time: 48950 Score: 73.291 Size: 75.7922 Loss: 0.207824 Win: 0.176039 valueNorm: 5 stepSize: 0.001 Win Time: 1155.74
Iteration 77600 Time: 49214 Score: 73.6886 Size: 75.6861 Loss: 0.16545 Win: 0.184915 valueNorm: 5 stepSize: 0.001 Win Time: 1158.21
Iteration 78000 Time: 49479 Score: 72.9014 Size: 74.8774 Loss: 0.175481 Win: 0.199519 valueNorm: 5 stepSize: 0.001 Win Time: 1147.1
Iteration 78400 Time: 49736 Score: 75.1957 Size: 76.8527 Loss: 0.21256 Win: 0.275362 valueNorm: 5 stepSize: 0.001 Win Time: 1135.33
Iteration 78800 Time: 49977 Score: 70.0556 Size: 72.8478 Loss: 0.301932 Win: 0.248792 valueNorm: 5 stepSize: 0.001 Win Time: 1136.53
Iteration 79200 Time: 50207 Score: 66.1614 Size: 69.7115 Loss: 0.349633 Win: 0.217604 valueNorm: 5 stepSize: 0.001 Win Time: 1146.75
Iteration 79600 Time: 50451 Score: 69.716 Size: 72.7621 Loss: 0.279126 Win: 0.194175 valueNorm: 5 stepSize: 0.001 Win Time: 1141.76
Iteration 80000 Time: 50699 Score: 70.058 Size: 72.7222 Loss: 0.2657 Win: 0.222222 valueNorm: 5 stepSize: 0.001 Win Time: 1138.38
Iteration 80400 Time: 50955 Score: 77.1506 Size: 78.6 Loss: 0.2 Win: 0.283951 valueNorm: 5 stepSize: 0.001 Win Time: 1131.44
Iteration 80800 Time: 51208 Score: 74.07 Size: 75.7899 Loss: 0.222222 Win: 0.280193 valueNorm: 5 stepSize: 0.001 Win Time: 1140.54
Iteration 81200 Time: 51449 Score: 68.871 Size: 71.8783 Loss: 0.289538 Win: 0.211679 valueNorm: 5 stepSize: 0.001 Win Time: 1142.31
Iteration 81600 Time: 51701 Score: 75.073 Size: 76.5596 Loss: 0.226277 Win: 0.309002 valueNorm: 5 stepSize: 0.001 Win Time: 1145.12
Iteration 82000 Time: 51952 Score: 72.0244 Size: 74.4244 Loss: 0.25122 Win: 0.236585 valueNorm: 5 stepSize: 0.001 Win Time: 1149.49
Iteration 82400 Time: 52210 Score: 70.5254 Size: 72.9274 Loss: 0.225182 Win: 0.205811 valueNorm: 5 stepSize: 0.001 Win Time: 1155.35
Iteration 82800 Time: 52463 Score: 75.1027 Size: 76.8875 Loss: 0.215159 Win: 0.264059 valueNorm: 5 stepSize: 0.001 Win Time: 1141.4
Iteration 83200 Time: 52718 Score: 73.5294 Size: 75.7426 Loss: 0.227941 Win: 0.230392 valueNorm: 5 stepSize: 0.001 Win Time: 1132.47
Iteration 83600 Time: 52974 Score: 70.0732 Size: 72.9902 Loss: 0.229268 Win: 0.153659 valueNorm: 5 stepSize: 0.001 Win Time: 1153
Iteration 84000 Time: 53244 Score: 76.7122 Size: 78.5881 Loss: 0.153846 Win: 0.186104 valueNorm: 5 stepSize: 0.001 Win Time: 1143.83
Iteration 84400 Time: 53491 Score: 74.6161 Size: 76.4523 Loss: 0.251834 Win: 0.300733 valueNorm: 5 stepSize: 0.001 Win Time: 1134.27
Iteration 84800 Time: 53755 Score: 77.0916 Size: 78.6312 Loss: 0.170792 Win: 0.242574 valueNorm: 5 stepSize: 0.001 Win Time: 1144.04
Iteration 85200 Time: 54009 Score: 76.8054 Size: 78.2847 Loss: 0.231144 Win: 0.316302 valueNorm: 5 stepSize: 0.001 Win Time: 1145.55
Iteration 85600 Time: 54271 Score: 77.4447 Size: 78.7617 Loss: 0.186732 Win: 0.285012 valueNorm: 5 stepSize: 0.001 Win Time: 1139.97
Iteration 86000 Time: 54522 Score: 73.652 Size: 75.8162 Loss: 0.245098 Win: 0.254902 valueNorm: 5 stepSize: 0.001 Win Time: 1140.77
Iteration 86400 Time: 54753 Score: 67.0954 Size: 70.2934 Loss: 0.330073 Win: 0.234719 valueNorm: 5 stepSize: 0.001 Win Time: 1146.66
Iteration 86800 Time: 55005 Score: 76.9163 Size: 78.4187 Loss: 0.221675 Win: 0.302956 valueNorm: 5 stepSize: 0.001 Win Time: 1127.58
Iteration 87200 Time: 55254 Score: 67.5048 Size: 70.9832 Loss: 0.334135 Win: 0.209135 valueNorm: 5 stepSize: 0.001 Win Time: 1136.99
Iteration 87600 Time: 55485 Score: 67.4073 Size: 70.6585 Loss: 0.341463 Win: 0.241463 valueNorm: 5 stepSize: 0.001 Win Time: 1136.49
Iteration 88000 Time: 55727 Score: 71.961 Size: 74.2707 Loss: 0.278049 Win: 0.27561 valueNorm: 5 stepSize: 0.001 Win Time: 1131.82
Iteration 88400 Time: 55970 Score: 65.9488 Size: 69.4878 Loss: 0.319512 Win: 0.185366 valueNorm: 5 stepSize: 0.001 Win Time: 1138.88
Iteration 88800 Time: 56210 Score: 73.1341 Size: 75.178 Loss: 0.314634 Win: 0.346341 valueNorm: 5 stepSize: 0.001 Win Time: 1131.07
Iteration 89200 Time: 56449 Score: 72.0195 Size: 74.2634 Loss: 0.278049 Win: 0.282927 valueNorm: 5 stepSize: 0.001 Win Time: 1135.01
Iteration 89600 Time: 56679 Score: 67.6659 Size: 70.6298 Loss: 0.336538 Win: 0.269231 valueNorm: 5 stepSize: 0.001 Win Time: 1136.97
Iteration 90000 Time: 56925 Score: 70.3619 Size: 73.0758 Loss: 0.239609 Win: 0.188264 valueNorm: 5 stepSize: 0.001 Win Time: 1151.06
Iteration 90400 Time: 57171 Score: 66.927 Size: 70.1825 Loss: 0.262774 Win: 0.155718 valueNorm: 5 stepSize: 0.001 Win Time: 1132.45
Iteration 90800 Time: 57422 Score: 73.4719 Size: 75.555 Loss: 0.229829 Win: 0.246944 valueNorm: 5 stepSize: 0.001 Win Time: 1132.42
Iteration 91200 Time: 57661 Score: 72.9975 Size: 74.8922 Loss: 0.259804 Win: 0.301471 valueNorm: 5 stepSize: 0.001 Win Time: 1132.07
Iteration 91600 Time: 57879 Score: 67.4534 Size: 70.6127 Loss: 0.360294 Win: 0.27451 valueNorm: 5 stepSize: 0.001 Win Time: 1131.5
Iteration 92000 Time: 58117 Score: 67.4782 Size: 70.2549 Loss: 0.276699 Win: 0.223301 valueNorm: 5 stepSize: 0.001 Win Time: 1137.84
Iteration 92400 Time: 58348 Score: 70.7167 Size: 73.5109 Loss: 0.317191 Win: 0.266344 valueNorm: 5 stepSize: 0.001 Win Time: 1140.26
Iteration 92800 Time: 58594 Score: 69.6998 Size: 72.8378 Loss: 0.2954 Win: 0.20339 valueNorm: 5 stepSize: 0.001 Win Time: 1128.93
Iteration 93200 Time: 58836 Score: 75.7635 Size: 77.5296 Loss: 0.226601 Win: 0.280788 valueNorm: 5 stepSize: 0.001 Win Time: 1137
Iteration 93600 Time: 59085 Score: 78.2103 Size: 79.2494 Loss: 0.207824 Win: 0.339853 valueNorm: 5 stepSize: 0.001 Win Time: 1134.06
Iteration 94000 Time: 59337 Score: 83.576 Size: 83.348 Loss: 0.178922 Win: 0.448529 valueNorm: 5 stepSize: 0.001 Win Time: 1132.75
Iteration 94400 Time: 59591 Score: 79.6847 Size: 80.7611 Loss: 0.194581 Win: 0.320197 valueNorm: 5 stepSize: 0.001 Win Time: 1143.3
Iteration 94800 Time: 59851 Score: 83.0907 Size: 83.402 Loss: 0.147059 Win: 0.352941 valueNorm: 5 stepSize: 0.001 Win Time: 1134.14
Iteration 95200 Time: 60100 Score: 77.3212 Size: 78.764 Loss: 0.218978 Win: 0.306569 valueNorm: 5 stepSize: 0.001 Win Time: 1140.44
Iteration 95600 Time: 60330 Score: 70.2494 Size: 73.3056 Loss: 0.330073 Win: 0.251834 valueNorm: 5 stepSize: 0.001 Win Time: 1132.49
Iteration 96000 Time: 60573 Score: 75.3111 Size: 77.1926 Loss: 0.246914 Win: 0.288889 valueNorm: 5 stepSize: 0.001 Win Time: 1139.51
Iteration 96400 Time: 60811 Score: 72.7506 Size: 75.0049 Loss: 0.276284 Win: 0.281174 valueNorm: 5 stepSize: 0.001 Win Time: 1130.68
Iteration 96800 Time: 61030 Score: 68.6593 Size: 71.549 Loss: 0.340686 Win: 0.281863 valueNorm: 5 stepSize: 0.001 Win Time: 1136.03
Iteration 97200 Time: 61259 Score: 71.9012 Size: 74.4519 Loss: 0.318519 Win: 0.296296 valueNorm: 5 stepSize: 0.001 Win Time: 1136.8
Iteration 97600 Time: 61501 Score: 75.4537 Size: 76.9317 Loss: 0.231707 Win: 0.317073 valueNorm: 5 stepSize: 0.001 Win Time: 1139.13
Iteration 98000 Time: 61749 Score: 76.049 Size: 77.674 Loss: 0.220588 Win: 0.289216 valueNorm: 5 stepSize: 0.001 Win Time: 1139.19
Iteration 98400 Time: 61992 Score: 77.2321 Size: 79.1062 Loss: 0.274074 Win: 0.320988 valueNorm: 5 stepSize: 0.001 Win Time: 1130.29
Iteration 98800 Time: 62237 Score: 75.789 Size: 77.3261 Loss: 0.232614 Win: 0.314149 valueNorm: 5 stepSize: 0.001 Win Time: 1134.61
Iteration 99200 Time: 62478 Score: 77.2808 Size: 78.5345 Loss: 0.248768 Win: 0.362069 valueNorm: 5 stepSize: 0.001 Win Time: 1127.33
Iteration 99600 Time: 62726 Score: 79.2689 Size: 80.2812 Loss: 0.222494 Win: 0.359413 valueNorm: 5 stepSize: 0.001 Win Time: 1130.8
Iteration 100000 Time: 62971 Score: 78.5599 Size: 79.7408 Loss: 0.227384 Win: 0.344743 valueNorm: 5 stepSize: 0.001 Win Time: 1132.97
Evaluation score: 70.59
