Training control Time: 1715011497
Hyperparameters: numRollouts: 1 batchSize: 0 numEpochs: 1 numIter: 100000 evalPeriod: 400 savePeriod: 400 alpha: 0.000500 GAEParam: 0.950000 
Iteration 400 Time: 190 Score: -2.90274 Size: 6.69327 Loss: 0.758105 Win: 0 valueNorm: 5 stepSize: 0.0005
Iteration 800 Time: 447 Score: 1.1575 Size: 6.795 Loss: 0.3625 Win: 0 valueNorm: 5 stepSize: 0.0005
Iteration 1200 Time: 701 Score: 1.5325 Size: 7.575 Loss: 0.4025 Win: 0 valueNorm: 5 stepSize: 0.0005
Iteration 1600 Time: 952 Score: 2.165 Size: 8.3225 Loss: 0.415 Win: 0 valueNorm: 5 stepSize: 0.0005
Iteration 2000 Time: 1203 Score: 4.845 Size: 11.185 Loss: 0.4325 Win: 0 valueNorm: 5 stepSize: 0.0005
Iteration 2400 Time: 1442 Score: 6.47 Size: 12.765 Loss: 0.4275 Win: 0 valueNorm: 5 stepSize: 0.0005
Iteration 2800 Time: 1683 Score: 8.9225 Size: 15.215 Loss: 0.4275 Win: 0 valueNorm: 5 stepSize: 0.0005
Iteration 3200 Time: 1920 Score: 10.2775 Size: 17.02 Loss: 0.4725 Win: 0 valueNorm: 5 stepSize: 0.0005
Iteration 3600 Time: 2149 Score: 10.96 Size: 18.175 Loss: 0.52 Win: 0 valueNorm: 5 stepSize: 0.0005
Iteration 4000 Time: 2369 Score: 11.1775 Size: 19.0275 Loss: 0.5825 Win: 0 valueNorm: 5 stepSize: 0.0005
Iteration 4400 Time: 2605 Score: 13.7575 Size: 20.6125 Loss: 0.4825 Win: 0 valueNorm: 5 stepSize: 0.0005
Iteration 4800 Time: 2845 Score: 14.5875 Size: 21.4175 Loss: 0.48 Win: 0 valueNorm: 5 stepSize: 0.0005
Iteration 5200 Time: 3091 Score: 15.7625 Size: 22.1625 Loss: 0.4375 Win: 0 valueNorm: 5 stepSize: 0.0005
Iteration 5600 Time: 3338 Score: 16.6975 Size: 23.3175 Loss: 0.46 Win: 0 valueNorm: 5 stepSize: 0.0005
Iteration 6000 Time: 3582 Score: 17.2425 Size: 24.0875 Loss: 0.4825 Win: 0 valueNorm: 5 stepSize: 0.0005
Iteration 6400 Time: 3836 Score: 18.8225 Size: 25.3275 Loss: 0.4475 Win: 0 valueNorm: 5 stepSize: 0.0005
Iteration 6800 Time: 4089 Score: 19.735 Size: 26.2025 Loss: 0.445 Win: 0 valueNorm: 5 stepSize: 0.0005
Iteration 7200 Time: 4344 Score: 20.965 Size: 27.4125 Loss: 0.4425 Win: 0 valueNorm: 5 stepSize: 0.0005
Iteration 7600 Time: 4599 Score: 22.24 Size: 28.805 Loss: 0.455 Win: 0 valueNorm: 5 stepSize: 0.0005
Iteration 8000 Time: 4848 Score: 24.2075 Size: 31.2525 Loss: 0.5025 Win: 0 valueNorm: 5 stepSize: 0.0005
Iteration 8400 Time: 5094 Score: 27.6425 Size: 34.135 Loss: 0.4475 Win: 0 valueNorm: 5 stepSize: 0.0005
Iteration 8800 Time: 5344 Score: 30.4 Size: 36.77 Loss: 0.435 Win: 0 valueNorm: 5 stepSize: 0.0005
Iteration 9200 Time: 5593 Score: 32.64 Size: 39.35 Loss: 0.47 Win: 0 valueNorm: 5 stepSize: 0.0005
Iteration 9600 Time: 5840 Score: 34.48 Size: 41.41 Loss: 0.4925 Win: 0 valueNorm: 5 stepSize: 0.0005
Iteration 10000 Time: 6092 Score: 36.825 Size: 43.37 Loss: 0.4525 Win: 0 valueNorm: 5 stepSize: 0.0005
Iteration 10400 Time: 6346 Score: 39.3775 Size: 45.86 Loss: 0.4475 Win: 0 valueNorm: 5 stepSize: 0.0005
Iteration 10800 Time: 6592 Score: 39.2975 Size: 46.0525 Loss: 0.4725 Win: 0 valueNorm: 5 stepSize: 0.0005
Iteration 11200 Time: 6846 Score: 42.54 Size: 48.605 Loss: 0.405 Win: 0 valueNorm: 5 stepSize: 0.0005
Iteration 11600 Time: 7100 Score: 42.87 Size: 49.045 Loss: 0.415 Win: 0 valueNorm: 5 stepSize: 0.0005
Iteration 12000 Time: 7345 Score: 42.2 Size: 48.615 Loss: 0.44 Win: 0 valueNorm: 5 stepSize: 0.0005
Iteration 12400 Time: 7594 Score: 44.2375 Size: 49.9925 Loss: 0.3725 Win: 0 valueNorm: 5 stepSize: 0.0005
Iteration 12800 Time: 7844 Score: 45.4625 Size: 51.41 Loss: 0.3925 Win: 0 valueNorm: 5 stepSize: 0.0005
Iteration 13200 Time: 8094 Score: 45.8225 Size: 51.6375 Loss: 0.3775 Win: 0 valueNorm: 5 stepSize: 0.0005
Iteration 13600 Time: 8338 Score: 45.4575 Size: 51.2125 Loss: 0.3725 Win: 0 valueNorm: 5 stepSize: 0.0005
Iteration 14000 Time: 8589 Score: 47.2875 Size: 52.9325 Loss: 0.3625 Win: 0 valueNorm: 5 stepSize: 0.0005
Iteration 14400 Time: 8843 Score: 48.5025 Size: 53.675 Loss: 0.315 Win: 0 valueNorm: 5 stepSize: 0.0005
Iteration 14800 Time: 9096 Score: 48.97 Size: 54.1675 Loss: 0.3175 Win: 0 valueNorm: 5 stepSize: 0.0005
Iteration 15200 Time: 9347 Score: 48.2575 Size: 53.9375 Loss: 0.365 Win: 0 valueNorm: 5 stepSize: 0.0005
Iteration 15600 Time: 9603 Score: 50.455 Size: 55.27 Loss: 0.28 Win: 0 valueNorm: 5 stepSize: 0.0005
Iteration 16000 Time: 9861 Score: 50.6825 Size: 55.57 Loss: 0.285 Win: 0 valueNorm: 5 stepSize: 0.0005
Iteration 16400 Time: 10112 Score: 49.7925 Size: 54.9325 Loss: 0.31 Win: 0 valueNorm: 5 stepSize: 0.0005
Iteration 16800 Time: 10362 Score: 49.255 Size: 54.6025 Loss: 0.3325 Win: 0 valueNorm: 5 stepSize: 0.0005
Iteration 17200 Time: 10621 Score: 50.7775 Size: 55.925 Loss: 0.3125 Win: 0 valueNorm: 5 stepSize: 0.0005
Iteration 17600 Time: 10894 Score: 52.7575 Size: 57.57 Loss: 0.2775 Win: 0 valueNorm: 5 stepSize: 0.0005
Iteration 18000 Time: 11153 Score: 50.035 Size: 55.4925 Loss: 0.3425 Win: 0 valueNorm: 5 stepSize: 0.0005
Iteration 18400 Time: 11420 Score: 52.62 Size: 57.435 Loss: 0.28 Win: 0 valueNorm: 5 stepSize: 0.0005
Iteration 18800 Time: 11688 Score: 52.6075 Size: 57.415 Loss: 0.2775 Win: 0 valueNorm: 5 stepSize: 0.0005
Iteration 19200 Time: 11949 Score: 52.0675 Size: 57.2 Loss: 0.31 Win: 0 valueNorm: 5 stepSize: 0.0005
Iteration 19600 Time: 12214 Score: 52.575 Size: 57.4025 Loss: 0.28 Win: 0 valueNorm: 5 stepSize: 0.0005
Iteration 20000 Time: 12478 Score: 52.9975 Size: 57.7925 Loss: 0.2775 Win: 0 valueNorm: 5 stepSize: 0.0005
Iteration 20400 Time: 12747 Score: 54.1775 Size: 58.9825 Loss: 0.2775 Win: 0 valueNorm: 5 stepSize: 0.0005
Iteration 20800 Time: 13013 Score: 53.59 Size: 58.465 Loss: 0.285 Win: 0 valueNorm: 5 stepSize: 0.0005
Iteration 21200 Time: 13280 Score: 54.5275 Size: 59.45 Loss: 0.29 Win: 0 valueNorm: 5 stepSize: 0.0005
Iteration 21600 Time: 13540 Score: 53.1025 Size: 58.055 Loss: 0.2925 Win: 0 valueNorm: 5 stepSize: 0.0005
Iteration 22000 Time: 13812 Score: 56.0125 Size: 60.3825 Loss: 0.235 Win: 0 valueNorm: 5 stepSize: 0.0005
Iteration 22400 Time: 14071 Score: 52.74 Size: 57.5825 Loss: 0.2825 Win: 0 valueNorm: 5 stepSize: 0.0005
Iteration 22800 Time: 14329 Score: 53.805 Size: 58.6725 Loss: 0.285 Win: 0 valueNorm: 5 stepSize: 0.0005
Iteration 23200 Time: 14578 Score: 53.965 Size: 58.7375 Loss: 0.275 Win: 0 valueNorm: 5 stepSize: 0.0005
Iteration 23600 Time: 14832 Score: 55.2225 Size: 59.9175 Loss: 0.2675 Win: 0 valueNorm: 5 stepSize: 0.0005
Iteration 24000 Time: 15087 Score: 56.12 Size: 60.7425 Loss: 0.26 Win: 0 valueNorm: 5 stepSize: 0.0005
Iteration 24400 Time: 15341 Score: 56.4625 Size: 60.775 Loss: 0.2275 Win: 0 valueNorm: 5 stepSize: 0.0005
Iteration 24800 Time: 15590 Score: 55.0975 Size: 60.1525 Loss: 0.3025 Win: 0 valueNorm: 5 stepSize: 0.0005
Iteration 25200 Time: 15843 Score: 56.1025 Size: 60.575 Loss: 0.245 Win: 0 valueNorm: 5 stepSize: 0.0005
Iteration 25600 Time: 16094 Score: 55.8375 Size: 60.7225 Loss: 0.285 Win: 0 valueNorm: 5 stepSize: 0.0005
Iteration 26000 Time: 16347 Score: 56.845 Size: 61.345 Loss: 0.2475 Win: 0 valueNorm: 5 stepSize: 0.0005
Iteration 26400 Time: 16600 Score: 56.5525 Size: 60.9925 Loss: 0.24 Win: 0 valueNorm: 5 stepSize: 0.0005
Iteration 26800 Time: 16859 Score: 56.325 Size: 60.745 Loss: 0.2375 Win: 0 valueNorm: 5 stepSize: 0.0005
Iteration 27200 Time: 17121 Score: 56.8 Size: 61.33 Loss: 0.25 Win: 0 valueNorm: 5 stepSize: 0.0005
Iteration 27600 Time: 17380 Score: 56.395 Size: 60.8675 Loss: 0.245 Win: 0 valueNorm: 5 stepSize: 0.0005
Iteration 28000 Time: 17637 Score: 55.93 Size: 60.7525 Loss: 0.28 Win: 0 valueNorm: 5 stepSize: 0.0005
Iteration 28400 Time: 17898 Score: 56.885 Size: 61.84 Loss: 0.2925 Win: 0 valueNorm: 5 stepSize: 0.0005
Iteration 28800 Time: 18154 Score: 55.2825 Size: 59.8275 Loss: 0.2525 Win: 0 valueNorm: 5 stepSize: 0.0005
Iteration 29200 Time: 18419 Score: 57.635 Size: 61.955 Loss: 0.23 Win: 0 valueNorm: 5 stepSize: 0.0005
Iteration 29600 Time: 18687 Score: 59.0925 Size: 63.55 Loss: 0.2425 Win: 0 valueNorm: 5 stepSize: 0.0005
Iteration 30000 Time: 18947 Score: 57.685 Size: 62.0475 Loss: 0.235 Win: 0 valueNorm: 5 stepSize: 0.0005
Iteration 30400 Time: 19202 Score: 57.8575 Size: 62.445 Loss: 0.255 Win: 0 valueNorm: 5 stepSize: 0.0005
Iteration 30800 Time: 19452 Score: 57.99 Size: 62.235 Loss: 0.2225 Win: 0 valueNorm: 5 stepSize: 0.0005
Iteration 31200 Time: 19705 Score: 58.9875 Size: 63.3425 Loss: 0.2325 Win: 0 valueNorm: 5 stepSize: 0.0005
Iteration 31600 Time: 19961 Score: 59.6125 Size: 64.09 Loss: 0.245 Win: 0 valueNorm: 5 stepSize: 0.0005
Iteration 32000 Time: 20217 Score: 59.145 Size: 63.3575 Loss: 0.22 Win: 0 valueNorm: 5 stepSize: 0.0005
Iteration 32400 Time: 20473 Score: 59.1275 Size: 63.5325 Loss: 0.2375 Win: 0 valueNorm: 5 stepSize: 0.0005
Iteration 32800 Time: 20728 Score: 59.7 Size: 63.745 Loss: 0.2025 Win: 0 valueNorm: 5 stepSize: 0.0005
Iteration 33200 Time: 20982 Score: 59.595 Size: 63.9675 Loss: 0.235 Win: 0 valueNorm: 5 stepSize: 0.0005
Iteration 33600 Time: 21237 Score: 60.3675 Size: 64.41 Loss: 0.2025 Win: 0 valueNorm: 5 stepSize: 0.0005
Iteration 34000 Time: 21486 Score: 57.69 Size: 62.3325 Loss: 0.265 Win: 0.0025 valueNorm: 5 stepSize: 0.0005 Win Time: 1167
Iteration 34400 Time: 21743 Score: 59.9 Size: 64.2075 Loss: 0.2275 Win: 0 valueNorm: 5 stepSize: 0.0005
Iteration 34800 Time: 21998 Score: 59.4025 Size: 63.8 Loss: 0.2375 Win: 0 valueNorm: 5 stepSize: 0.0005
Iteration 35200 Time: 22256 Score: 61.83 Size: 65.85 Loss: 0.2 Win: 0 valueNorm: 5 stepSize: 0.0005
Iteration 35600 Time: 22511 Score: 61.1675 Size: 65.1575 Loss: 0.2025 Win: 0.005 valueNorm: 5 stepSize: 0.0005 Win Time: 1155.5
Iteration 36000 Time: 22766 Score: 60.7375 Size: 64.94 Loss: 0.22 Win: 0.0025 valueNorm: 5 stepSize: 0.0005 Win Time: 1141
Iteration 36400 Time: 23015 Score: 58.94 Size: 63.465 Loss: 0.25 Win: 0 valueNorm: 5 stepSize: 0.0005
Iteration 36800 Time: 23271 Score: 60.78 Size: 65.0625 Loss: 0.225 Win: 0 valueNorm: 5 stepSize: 0.0005
Iteration 37200 Time: 23523 Score: 60.455 Size: 64.54 Loss: 0.205 Win: 0 valueNorm: 5 stepSize: 0.0005
Iteration 37600 Time: 23790 Score: 61.755 Size: 65.835 Loss: 0.2075 Win: 0.0025 valueNorm: 5 stepSize: 0.0005 Win Time: 1134
Iteration 38000 Time: 24051 Score: 59.75 Size: 64.3675 Loss: 0.26 Win: 0.0025 valueNorm: 5 stepSize: 0.0005 Win Time: 1148
Iteration 38400 Time: 24317 Score: 61.295 Size: 65.68 Loss: 0.24 Win: 0.005 valueNorm: 5 stepSize: 0.0005 Win Time: 1181
Iteration 38800 Time: 24588 Score: 62.575 Size: 66.625 Loss: 0.205 Win: 0.0025 valueNorm: 5 stepSize: 0.0005 Win Time: 1190
Iteration 39200 Time: 24853 Score: 62.0875 Size: 66.17 Loss: 0.215 Win: 0.01 valueNorm: 5 stepSize: 0.0005 Win Time: 1163.75
Iteration 39600 Time: 25120 Score: 62.2725 Size: 66.375 Loss: 0.22 Win: 0.0125 valueNorm: 5 stepSize: 0.0005 Win Time: 1171.4
Iteration 40000 Time: 25385 Score: 62.8925 Size: 66.98 Loss: 0.2125 Win: 0.0075 valueNorm: 5 stepSize: 0.0005 Win Time: 1167.33
Iteration 40400 Time: 25662 Score: 66.4175 Size: 69.9975 Loss: 0.1625 Win: 0.0075 valueNorm: 5 stepSize: 0.0005 Win Time: 1147.67
Iteration 40800 Time: 25929 Score: 62.55 Size: 66.76 Loss: 0.23 Win: 0.0125 valueNorm: 5 stepSize: 0.0005 Win Time: 1149.4
Iteration 41200 Time: 26195 Score: 63.2775 Size: 67.225 Loss: 0.2125 Win: 0.0225 valueNorm: 5 stepSize: 0.0005 Win Time: 1156.22
Iteration 41600 Time: 26453 Score: 61.755 Size: 66.035 Loss: 0.2375 Win: 0.0125 valueNorm: 5 stepSize: 0.0005 Win Time: 1173.4
Iteration 42000 Time: 26710 Score: 61.37 Size: 65.8525 Loss: 0.2575 Win: 0.0125 valueNorm: 5 stepSize: 0.0005 Win Time: 1170.4
Iteration 42400 Time: 26969 Score: 62.9875 Size: 67.1275 Loss: 0.2275 Win: 0.0175 valueNorm: 5 stepSize: 0.0005 Win Time: 1168
Iteration 42800 Time: 27231 Score: 62.49 Size: 66.5225 Loss: 0.2125 Win: 0.0125 valueNorm: 5 stepSize: 0.0005 Win Time: 1157.8
Iteration 43200 Time: 27496 Score: 63.03 Size: 67.195 Loss: 0.22 Win: 0.005 valueNorm: 5 stepSize: 0.0005 Win Time: 1144.5
Iteration 43600 Time: 27757 Score: 64.2225 Size: 67.93 Loss: 0.195 Win: 0.03 valueNorm: 5 stepSize: 0.0005 Win Time: 1168.92
Iteration 44000 Time: 28021 Score: 64.3575 Size: 68.165 Loss: 0.1925 Win: 0.015 valueNorm: 5 stepSize: 0.0005 Win Time: 1155.33
Iteration 44400 Time: 28281 Score: 62.8 Size: 67.0875 Loss: 0.235 Win: 0.01 valueNorm: 5 stepSize: 0.0005 Win Time: 1123.25
Iteration 44800 Time: 28544 Score: 64.08 Size: 68.14 Loss: 0.21 Win: 0.0075 valueNorm: 5 stepSize: 0.0005 Win Time: 1113
Iteration 45200 Time: 28811 Score: 67.0475 Size: 70.61 Loss: 0.1925 Win: 0.0425 valueNorm: 5 stepSize: 0.0005 Win Time: 1175.06
Iteration 45600 Time: 29075 Score: 65.735 Size: 69.4175 Loss: 0.195 Win: 0.0325 valueNorm: 5 stepSize: 0.0005 Win Time: 1157
Iteration 46000 Time: 29342 Score: 65.81 Size: 69.2375 Loss: 0.1675 Win: 0.03 valueNorm: 5 stepSize: 0.0005 Win Time: 1155.75
Iteration 46400 Time: 29607 Score: 64.7825 Size: 68.51 Loss: 0.1825 Win: 0.0125 valueNorm: 5 stepSize: 0.0005 Win Time: 1162
Iteration 46800 Time: 29871 Score: 66.775 Size: 70.2725 Loss: 0.19 Win: 0.0475 valueNorm: 5 stepSize: 0.0005 Win Time: 1137.95
Iteration 47200 Time: 30135 Score: 66.5625 Size: 70 Loss: 0.1875 Win: 0.05 valueNorm: 5 stepSize: 0.0005 Win Time: 1161.65
Iteration 47600 Time: 30402 Score: 67.3075 Size: 70.75 Loss: 0.185 Win: 0.0475 valueNorm: 5 stepSize: 0.0005 Win Time: 1165.89
Iteration 48000 Time: 30663 Score: 66.45 Size: 70.105 Loss: 0.205 Win: 0.0475 valueNorm: 5 stepSize: 0.0005 Win Time: 1159.63
Iteration 48400 Time: 30923 Score: 66.1175 Size: 69.8975 Loss: 0.225 Win: 0.055 valueNorm: 5 stepSize: 0.0005 Win Time: 1156.05
Iteration 48800 Time: 31187 Score: 67.8075 Size: 71.1475 Loss: 0.2075 Win: 0.0825 valueNorm: 5 stepSize: 0.0005 Win Time: 1154.58
Iteration 49200 Time: 31448 Score: 66.545 Size: 70.305 Loss: 0.215 Win: 0.0475 valueNorm: 5 stepSize: 0.0005 Win Time: 1148.37
Iteration 49600 Time: 31712 Score: 67.03 Size: 70.705 Loss: 0.2075 Win: 0.0475 valueNorm: 5 stepSize: 0.0005 Win Time: 1162.37
Iteration 50000 Time: 31977 Score: 67.4525 Size: 70.835 Loss: 0.1825 Win: 0.0525 valueNorm: 5 stepSize: 0.0005 Win Time: 1161.29
Iteration 50400 Time: 32239 Score: 66.195 Size: 69.86 Loss: 0.21 Win: 0.05 valueNorm: 5 stepSize: 0.0005 Win Time: 1161.35
Iteration 50800 Time: 32496 Score: 65.1475 Size: 69.175 Loss: 0.25 Win: 0.055 valueNorm: 5 stepSize: 0.0005 Win Time: 1157
Iteration 51200 Time: 32763 Score: 67.2425 Size: 70.715 Loss: 0.1925 Win: 0.0525 valueNorm: 5 stepSize: 0.0005 Win Time: 1164.9
Iteration 51600 Time: 33031 Score: 70.755 Size: 73.6425 Loss: 0.155 Win: 0.0775 valueNorm: 5 stepSize: 0.0005 Win Time: 1150.74
Iteration 52000 Time: 33298 Score: 69.9625 Size: 72.9975 Loss: 0.18 Win: 0.0875 valueNorm: 5 stepSize: 0.0005 Win Time: 1144.34
Iteration 52400 Time: 33561 Score: 66.6475 Size: 70.4525 Loss: 0.2075 Win: 0.0325 valueNorm: 5 stepSize: 0.0005 Win Time: 1173.85
Iteration 52800 Time: 33830 Score: 70.205 Size: 73.2575 Loss: 0.1575 Win: 0.06 valueNorm: 5 stepSize: 0.0005 Win Time: 1154.33
Iteration 53200 Time: 34094 Score: 70.235 Size: 73.32 Loss: 0.185 Win: 0.0875 valueNorm: 5 stepSize: 0.0005 Win Time: 1151.09
Iteration 53600 Time: 34354 Score: 67.68 Size: 71.245 Loss: 0.2125 Win: 0.065 valueNorm: 5 stepSize: 0.0005 Win Time: 1153.65
Iteration 54000 Time: 34614 Score: 66.43 Size: 70.1525 Loss: 0.2125 Win: 0.0475 valueNorm: 5 stepSize: 0.0005 Win Time: 1162.63
Iteration 54400 Time: 34881 Score: 69.92 Size: 73.0875 Loss: 0.1925 Win: 0.0875 valueNorm: 5 stepSize: 0.0005 Win Time: 1143.29
Iteration 54800 Time: 35145 Score: 68.225 Size: 71.7225 Loss: 0.195 Win: 0.0525 valueNorm: 5 stepSize: 0.0005 Win Time: 1155
Iteration 55200 Time: 35404 Score: 67.3625 Size: 70.935 Loss: 0.22 Win: 0.0725 valueNorm: 5 stepSize: 0.0005 Win Time: 1139.41
Iteration 55600 Time: 35667 Score: 69.4125 Size: 72.7275 Loss: 0.2075 Win: 0.0875 valueNorm: 5 stepSize: 0.0005 Win Time: 1147.57
Iteration 56000 Time: 35921 Score: 67.58 Size: 71.0225 Loss: 0.2475 Win: 0.1175 valueNorm: 5 stepSize: 0.0005 Win Time: 1151
Iteration 56400 Time: 36186 Score: 68.34 Size: 71.71 Loss: 0.185 Win: 0.055 valueNorm: 5 stepSize: 0.0005 Win Time: 1168.45
Iteration 56800 Time: 36456 Score: 70.9775 Size: 73.76 Loss: 0.16 Win: 0.0925 valueNorm: 5 stepSize: 0.0005 Win Time: 1147.32
Iteration 57200 Time: 36724 Score: 70.785 Size: 73.3925 Loss: 0.1575 Win: 0.11 valueNorm: 5 stepSize: 0.0005 Win Time: 1150.11
Iteration 57600 Time: 36996 Score: 71.595 Size: 74.4125 Loss: 0.17 Win: 0.1 valueNorm: 5 stepSize: 0.0005 Win Time: 1150.58
Iteration 58000 Time: 37262 Score: 71.2975 Size: 74.0425 Loss: 0.175 Win: 0.115 valueNorm: 5 stepSize: 0.0005 Win Time: 1151.74
Iteration 58400 Time: 37525 Score: 70.0875 Size: 73.03 Loss: 0.18 Win: 0.0975 valueNorm: 5 stepSize: 0.0005 Win Time: 1146.92
Iteration 58800 Time: 37793 Score: 71.41 Size: 74.345 Loss: 0.1675 Win: 0.085 valueNorm: 5 stepSize: 0.0005 Win Time: 1157.47
Iteration 59200 Time: 38054 Score: 70.1425 Size: 73.175 Loss: 0.185 Win: 0.0925 valueNorm: 5 stepSize: 0.0005 Win Time: 1141.08
Iteration 59600 Time: 38319 Score: 72.14 Size: 74.91 Loss: 0.185 Win: 0.1225 valueNorm: 5 stepSize: 0.0005 Win Time: 1151.41
Iteration 60000 Time: 38575 Score: 68.185 Size: 71.4825 Loss: 0.22 Win: 0.1025 valueNorm: 5 stepSize: 0.0005 Win Time: 1168.15
Iteration 60400 Time: 38837 Score: 68.83 Size: 72.06 Loss: 0.1975 Win: 0.085 valueNorm: 5 stepSize: 0.0005 Win Time: 1152.74
Iteration 60800 Time: 39104 Score: 71.6275 Size: 74.305 Loss: 0.1525 Win: 0.095 valueNorm: 5 stepSize: 0.0005 Win Time: 1156.71
Iteration 61200 Time: 39366 Score: 70.08 Size: 73.335 Loss: 0.2025 Win: 0.0875 valueNorm: 5 stepSize: 0.0005 Win Time: 1155.66
Iteration 61600 Time: 39627 Score: 70.925 Size: 73.6725 Loss: 0.185 Win: 0.125 valueNorm: 5 stepSize: 0.0005 Win Time: 1151
Iteration 62000 Time: 39885 Score: 69.0675 Size: 72.3625 Loss: 0.2 Win: 0.08 valueNorm: 5 stepSize: 0.0005 Win Time: 1155.16
Iteration 62400 Time: 40158 Score: 69.49 Size: 72.6325 Loss: 0.18 Win: 0.075 valueNorm: 5 stepSize: 0.0005 Win Time: 1145.53
Iteration 62800 Time: 40431 Score: 70.68 Size: 73.66 Loss: 0.2 Win: 0.1175 valueNorm: 5 stepSize: 0.0005 Win Time: 1154.87
Iteration 63200 Time: 40710 Score: 75.3225 Size: 77.2475 Loss: 0.1175 Win: 0.14 valueNorm: 5 stepSize: 0.0005 Win Time: 1144.21
Iteration 63600 Time: 40986 Score: 73.045 Size: 75.545 Loss: 0.165 Win: 0.13 valueNorm: 5 stepSize: 0.0005 Win Time: 1156.4
Iteration 64000 Time: 41255 Score: 72.1275 Size: 74.9675 Loss: 0.195 Win: 0.125 valueNorm: 5 stepSize: 0.0005 Win Time: 1157.6
Iteration 64400 Time: 41530 Score: 72.6175 Size: 75.32 Loss: 0.18 Win: 0.1225 valueNorm: 5 stepSize: 0.0005 Win Time: 1155.02
Iteration 64800 Time: 41805 Score: 73.205 Size: 75.6575 Loss: 0.1675 Win: 0.1375 valueNorm: 5 stepSize: 0.0005 Win Time: 1151.13
Iteration 65200 Time: 42078 Score: 72.955 Size: 75.3275 Loss: 0.175 Win: 0.155 valueNorm: 5 stepSize: 0.0005 Win Time: 1144.97
Iteration 65600 Time: 42355 Score: 75.5575 Size: 77.66 Loss: 0.15 Win: 0.1575 valueNorm: 5 stepSize: 0.0005 Win Time: 1146.87
Iteration 66000 Time: 42626 Score: 72.135 Size: 74.9275 Loss: 0.1825 Win: 0.1175 valueNorm: 5 stepSize: 0.0005 Win Time: 1142.79
Iteration 66400 Time: 42900 Score: 73.0575 Size: 75.6775 Loss: 0.18 Win: 0.1325 valueNorm: 5 stepSize: 0.0005 Win Time: 1132.15
Iteration 66800 Time: 43173 Score: 73.065 Size: 75.695 Loss: 0.1625 Win: 0.1125 valueNorm: 5 stepSize: 0.0005 Win Time: 1143.64
Iteration 67200 Time: 43446 Score: 73.615 Size: 76.0575 Loss: 0.1725 Win: 0.145 valueNorm: 5 stepSize: 0.0005 Win Time: 1160.43
Iteration 67600 Time: 43721 Score: 74.515 Size: 76.82 Loss: 0.1675 Win: 0.155 valueNorm: 5 stepSize: 0.0005 Win Time: 1138.95
Iteration 68000 Time: 43993 Score: 73.735 Size: 76.1125 Loss: 0.175 Win: 0.155 valueNorm: 5 stepSize: 0.0005 Win Time: 1151.76
Iteration 68400 Time: 44262 Score: 73.775 Size: 76.1675 Loss: 0.185 Win: 0.165 valueNorm: 5 stepSize: 0.0005 Win Time: 1149.18
Iteration 68800 Time: 44530 Score: 71.2125 Size: 74.275 Loss: 0.205 Win: 0.1125 valueNorm: 5 stepSize: 0.0005 Win Time: 1136.89
Iteration 69200 Time: 44809 Score: 76.295 Size: 78.205 Loss: 0.16 Win: 0.19 valueNorm: 5 stepSize: 0.0005 Win Time: 1142.89
Iteration 69600 Time: 45081 Score: 74.4 Size: 76.795 Loss: 0.1775 Win: 0.155 valueNorm: 5 stepSize: 0.0005 Win Time: 1145.08
Iteration 70000 Time: 45350 Score: 71.64 Size: 74.515 Loss: 0.2 Win: 0.1275 valueNorm: 5 stepSize: 0.0005 Win Time: 1145.35
Iteration 70400 Time: 45624 Score: 72.615 Size: 75.3875 Loss: 0.185 Win: 0.1225 valueNorm: 5 stepSize: 0.0005 Win Time: 1145.29
Iteration 70800 Time: 45898 Score: 75.1725 Size: 77.265 Loss: 0.1575 Win: 0.1675 valueNorm: 5 stepSize: 0.0005 Win Time: 1142.61
Iteration 71200 Time: 46171 Score: 72.9425 Size: 75.395 Loss: 0.17 Win: 0.14 valueNorm: 5 stepSize: 0.0005 Win Time: 1141.12
Iteration 71600 Time: 46446 Score: 76.17 Size: 77.8975 Loss: 0.155 Win: 0.205 valueNorm: 5 stepSize: 0.0005 Win Time: 1151.71
Iteration 72000 Time: 46716 Score: 74.35 Size: 76.715 Loss: 0.1875 Win: 0.17 valueNorm: 5 stepSize: 0.0005 Win Time: 1137.4
Iteration 72400 Time: 46981 Score: 72.645 Size: 75.3675 Loss: 0.225 Win: 0.1725 valueNorm: 5 stepSize: 0.0005 Win Time: 1155.51
Iteration 72800 Time: 47255 Score: 76.045 Size: 77.97 Loss: 0.165 Win: 0.195 valueNorm: 5 stepSize: 0.0005 Win Time: 1149.85
Iteration 73200 Time: 47528 Score: 74.225 Size: 76.6625 Loss: 0.1725 Win: 0.145 valueNorm: 5 stepSize: 0.0005 Win Time: 1137.72
Iteration 73600 Time: 47799 Score: 74.285 Size: 76.8925 Loss: 0.21 Win: 0.1675 valueNorm: 5 stepSize: 0.0005 Win Time: 1141.7
Iteration 74000 Time: 48066 Score: 75.9075 Size: 77.5625 Loss: 0.1725 Win: 0.2325 valueNorm: 5 stepSize: 0.0005 Win Time: 1142.31
Iteration 74400 Time: 48337 Score: 76.0125 Size: 78.015 Loss: 0.1875 Win: 0.21 valueNorm: 5 stepSize: 0.0005 Win Time: 1140.67
Iteration 74800 Time: 48608 Score: 74.6775 Size: 77.0725 Loss: 0.185 Win: 0.165 valueNorm: 5 stepSize: 0.0005 Win Time: 1140.02
Iteration 75200 Time: 48881 Score: 76.7025 Size: 78.475 Loss: 0.165 Win: 0.21 valueNorm: 5 stepSize: 0.0005 Win Time: 1131.95
Iteration 75600 Time: 49154 Score: 77.315 Size: 79.1025 Loss: 0.1775 Win: 0.2225 valueNorm: 5 stepSize: 0.0005 Win Time: 1140.06
Iteration 76000 Time: 49431 Score: 77.7975 Size: 79.4425 Loss: 0.145 Win: 0.2025 valueNorm: 5 stepSize: 0.0005 Win Time: 1145.53
Iteration 76400 Time: 49700 Score: 76.61 Size: 78.3375 Loss: 0.1775 Win: 0.23 valueNorm: 5 stepSize: 0.0005 Win Time: 1137.35
Iteration 76800 Time: 49976 Score: 77.5825 Size: 79.15 Loss: 0.1375 Win: 0.2025 valueNorm: 5 stepSize: 0.0005 Win Time: 1134.58
Iteration 77200 Time: 50254 Score: 79.9875 Size: 81.135 Loss: 0.145 Win: 0.2575 valueNorm: 5 stepSize: 0.0005 Win Time: 1133.12
Iteration 77600 Time: 50517 Score: 75.2825 Size: 77.4225 Loss: 0.21 Win: 0.22 valueNorm: 5 stepSize: 0.0005 Win Time: 1137.6
Iteration 78000 Time: 50783 Score: 75.5375 Size: 77.4675 Loss: 0.1875 Win: 0.2175 valueNorm: 5 stepSize: 0.0005 Win Time: 1136.51
Iteration 78400 Time: 51055 Score: 73.4425 Size: 76.2 Loss: 0.19 Win: 0.13 valueNorm: 5 stepSize: 0.0005 Win Time: 1157.04
Iteration 78800 Time: 51326 Score: 75.2225 Size: 77.3625 Loss: 0.185 Win: 0.1925 valueNorm: 5 stepSize: 0.0005 Win Time: 1146.31
Iteration 79200 Time: 51602 Score: 75.9025 Size: 77.9525 Loss: 0.1725 Win: 0.1875 valueNorm: 5 stepSize: 0.0005 Win Time: 1151.75
Iteration 79600 Time: 51876 Score: 78.3175 Size: 79.7775 Loss: 0.1575 Win: 0.2375 valueNorm: 5 stepSize: 0.0005 Win Time: 1140.41
Iteration 80000 Time: 52142 Score: 75.04 Size: 76.9375 Loss: 0.1975 Win: 0.2325 valueNorm: 5 stepSize: 0.0005 Win Time: 1146.61
Iteration 80400 Time: 52412 Score: 78.5 Size: 80.165 Loss: 0.1825 Win: 0.2425 valueNorm: 5 stepSize: 0.0005 Win Time: 1136.32
Iteration 80800 Time: 52675 Score: 74.545 Size: 76.9425 Loss: 0.2125 Win: 0.195 valueNorm: 5 stepSize: 0.0005 Win Time: 1136.71
Iteration 81200 Time: 52943 Score: 78.625 Size: 80.165 Loss: 0.185 Win: 0.26 valueNorm: 5 stepSize: 0.0005 Win Time: 1139.08
Iteration 81600 Time: 53210 Score: 74.04 Size: 76.74 Loss: 0.215 Win: 0.165 valueNorm: 5 stepSize: 0.0005 Win Time: 1138.09
Iteration 82000 Time: 53473 Score: 76.4525 Size: 78.26 Loss: 0.195 Win: 0.24 valueNorm: 5 stepSize: 0.0005 Win Time: 1133
Iteration 82400 Time: 53736 Score: 76.9975 Size: 78.9025 Loss: 0.21 Win: 0.2475 valueNorm: 5 stepSize: 0.0005 Win Time: 1143.46
Iteration 82800 Time: 54004 Score: 80.4675 Size: 81.2625 Loss: 0.16 Win: 0.3125 valueNorm: 5 stepSize: 0.0005 Win Time: 1138.09
Iteration 83200 Time: 54263 Score: 76.2125 Size: 78.1625 Loss: 0.2275 Win: 0.2625 valueNorm: 5 stepSize: 0.0005 Win Time: 1143.77
Iteration 83600 Time: 54527 Score: 78.2975 Size: 79.7625 Loss: 0.1925 Win: 0.275 valueNorm: 5 stepSize: 0.0005 Win Time: 1134.35
Iteration 84000 Time: 54791 Score: 78.6325 Size: 80.0075 Loss: 0.195 Win: 0.2875 valueNorm: 5 stepSize: 0.0005 Win Time: 1132.36
Iteration 84400 Time: 55056 Score: 78.105 Size: 79.7375 Loss: 0.1975 Win: 0.2625 valueNorm: 5 stepSize: 0.0005 Win Time: 1129.3
Iteration 84800 Time: 55320 Score: 78.9625 Size: 80.335 Loss: 0.2025 Win: 0.2975 valueNorm: 5 stepSize: 0.0005 Win Time: 1128.27
Iteration 85200 Time: 55590 Score: 78.96 Size: 80.4825 Loss: 0.1675 Win: 0.24 valueNorm: 5 stepSize: 0.0005 Win Time: 1136.26
Iteration 85600 Time: 55851 Score: 78.3925 Size: 79.88 Loss: 0.2 Win: 0.2825 valueNorm: 5 stepSize: 0.0005 Win Time: 1139.76
Iteration 86000 Time: 56125 Score: 79.655 Size: 81.225 Loss: 0.17 Win: 0.24 valueNorm: 5 stepSize: 0.0005 Win Time: 1137.09
Iteration 86400 Time: 56395 Score: 80.985 Size: 81.9325 Loss: 0.1575 Win: 0.2925 valueNorm: 5 stepSize: 0.0005 Win Time: 1136.5
Iteration 86800 Time: 56665 Score: 81.2675 Size: 82.175 Loss: 0.1575 Win: 0.3 valueNorm: 5 stepSize: 0.0005 Win Time: 1126.89
Iteration 87200 Time: 56930 Score: 80.365 Size: 81.54 Loss: 0.185 Win: 0.3 valueNorm: 5 stepSize: 0.0005 Win Time: 1141.43
Iteration 87600 Time: 57193 Score: 79.2525 Size: 80.58 Loss: 0.19 Win: 0.2875 valueNorm: 5 stepSize: 0.0005 Win Time: 1135.31
Iteration 88000 Time: 57457 Score: 79.395 Size: 80.7625 Loss: 0.1825 Win: 0.275 valueNorm: 5 stepSize: 0.0005 Win Time: 1129.77
Iteration 88400 Time: 57723 Score: 83.9725 Size: 83.9975 Loss: 0.14 Win: 0.3775 valueNorm: 5 stepSize: 0.0005 Win Time: 1125.44
Iteration 88800 Time: 57987 Score: 82.0025 Size: 82.8025 Loss: 0.19 Win: 0.3475 valueNorm: 5 stepSize: 0.0005 Win Time: 1135.97
Iteration 89200 Time: 58252 Score: 79.5525 Size: 80.95 Loss: 0.1925 Win: 0.2825 valueNorm: 5 stepSize: 0.0005 Win Time: 1135.92
Iteration 89600 Time: 58516 Score: 77.3975 Size: 79.4375 Loss: 0.2075 Win: 0.2275 valueNorm: 5 stepSize: 0.0005 Win Time: 1135.79
Iteration 90000 Time: 58782 Score: 81.5325 Size: 82.3225 Loss: 0.1825 Win: 0.34 valueNorm: 5 stepSize: 0.0005 Win Time: 1130.08
Iteration 90400 Time: 59040 Score: 80.8425 Size: 81.86 Loss: 0.19 Win: 0.3225 valueNorm: 5 stepSize: 0.0005 Win Time: 1126.42
Iteration 90800 Time: 59300 Score: 81.885 Size: 82.6925 Loss: 0.1875 Win: 0.3425 valueNorm: 5 stepSize: 0.0005 Win Time: 1123.14
Iteration 91200 Time: 59555 Score: 77.085 Size: 78.8 Loss: 0.22 Win: 0.28 valueNorm: 5 stepSize: 0.0005 Win Time: 1139
Iteration 91600 Time: 59809 Score: 80.0625 Size: 81.0075 Loss: 0.2 Win: 0.3425 valueNorm: 5 stepSize: 0.0005 Win Time: 1132.2
Iteration 92000 Time: 60066 Score: 81.0325 Size: 82.1075 Loss: 0.1875 Win: 0.3125 valueNorm: 5 stepSize: 0.0005 Win Time: 1128.37
Iteration 92400 Time: 60321 Score: 81.4575 Size: 82.0775 Loss: 0.16 Win: 0.3325 valueNorm: 5 stepSize: 0.0005 Win Time: 1135.55
Iteration 92800 Time: 60575 Score: 81.4025 Size: 82.3375 Loss: 0.19 Win: 0.3325 valueNorm: 5 stepSize: 0.0005 Win Time: 1129.78
Iteration 93200 Time: 60830 Score: 82.27 Size: 82.8325 Loss: 0.1675 Win: 0.35 valueNorm: 5 stepSize: 0.0005 Win Time: 1135.16
Iteration 93600 Time: 61076 Score: 78.99 Size: 80.3125 Loss: 0.2375 Win: 0.3425 valueNorm: 5 stepSize: 0.0005 Win Time: 1127.27
Iteration 94000 Time: 61329 Score: 83.0825 Size: 83.4475 Loss: 0.1725 Win: 0.375 valueNorm: 5 stepSize: 0.0005 Win Time: 1126.99
Iteration 94400 Time: 61580 Score: 85.625 Size: 85.0025 Loss: 0.16 Win: 0.47 valueNorm: 5 stepSize: 0.0005 Win Time: 1123.63
Iteration 94800 Time: 61821 Score: 78.4425 Size: 79.7825 Loss: 0.22 Win: 0.3225 valueNorm: 5 stepSize: 0.0005 Win Time: 1123.91
Iteration 95200 Time: 62073 Score: 82.3475 Size: 83.0575 Loss: 0.17 Win: 0.335 valueNorm: 5 stepSize: 0.0005 Win Time: 1133.29
Iteration 95600 Time: 62320 Score: 81.7975 Size: 82.5975 Loss: 0.21 Win: 0.37 valueNorm: 5 stepSize: 0.0005 Win Time: 1132.34
Iteration 96000 Time: 62568 Score: 83.2775 Size: 83.6325 Loss: 0.1925 Win: 0.4 valueNorm: 5 stepSize: 0.0005 Win Time: 1130.89
Iteration 96400 Time: 62813 Score: 84.635 Size: 84.625 Loss: 0.195 Win: 0.4425 valueNorm: 5 stepSize: 0.0005 Win Time: 1117.53
Iteration 96800 Time: 63048 Score: 79.5275 Size: 80.5425 Loss: 0.2425 Win: 0.3825 valueNorm: 5 stepSize: 0.0005 Win Time: 1118.59
Iteration 97200 Time: 63287 Score: 78.85 Size: 79.995 Loss: 0.2225 Win: 0.345 valueNorm: 5 stepSize: 0.0005 Win Time: 1123.93
Iteration 97600 Time: 63534 Score: 81.3325 Size: 82.2575 Loss: 0.195 Win: 0.34 valueNorm: 5 stepSize: 0.0005 Win Time: 1120.63
Iteration 98000 Time: 63780 Score: 82.02 Size: 82.4475 Loss: 0.18 Win: 0.3775 valueNorm: 5 stepSize: 0.0005 Win Time: 1124.17
Iteration 98400 Time: 64025 Score: 80.83 Size: 81.7575 Loss: 0.2025 Win: 0.3475 valueNorm: 5 stepSize: 0.0005 Win Time: 1125.96
Iteration 98800 Time: 64268 Score: 83.4425 Size: 83.54 Loss: 0.1875 Win: 0.4225 valueNorm: 5 stepSize: 0.0005 Win Time: 1118.22
Iteration 99200 Time: 64510 Score: 83.375 Size: 83.45 Loss: 0.2075 Win: 0.4475 valueNorm: 5 stepSize: 0.0005 Win Time: 1125.45
Iteration 99600 Time: 64760 Score: 85.4425 Size: 85.4275 Loss: 0.185 Win: 0.4325 valueNorm: 5 stepSize: 0.0005 Win Time: 1123.58
Iteration 100000 Time: 65006 Score: 83.985 Size: 83.955 Loss: 0.18 Win: 0.4275 valueNorm: 5 stepSize: 0.0005 Win Time: 1124.82
Evaluation score: 75.5706
