Training control Time: 1715011497
Hyperparameters: numRollouts: 4 batchSize: 128 numEpochs: 1 numIter: 25000 evalPeriod: 100 savePeriod: 100 alpha: 0.000500 GAEParam: 1.000000 
Iteration 100 Time: 192 Score: -2.64356 Size: 7.46782 Loss: 0.809406 Win: 0 valueNorm: 5 stepSize: 0.0005
Iteration 200 Time: 415 Score: 2.2775 Size: 10.345 Loss: 0.605 Win: 0 valueNorm: 5 stepSize: 0.0005
Iteration 300 Time: 634 Score: 5.9625 Size: 14.1075 Loss: 0.61 Win: 0 valueNorm: 5 stepSize: 0.0005
Iteration 400 Time: 850 Score: 7.8075 Size: 15.2675 Loss: 0.5425 Win: 0 valueNorm: 5 stepSize: 0.0005
Iteration 500 Time: 1082 Score: 9.9225 Size: 16.885 Loss: 0.4925 Win: 0 valueNorm: 5 stepSize: 0.0005
Iteration 600 Time: 1310 Score: 10.3575 Size: 17.6025 Loss: 0.5225 Win: 0 valueNorm: 5 stepSize: 0.0005
Iteration 700 Time: 1543 Score: 11.075 Size: 18.9225 Loss: 0.5825 Win: 0 valueNorm: 5 stepSize: 0.0005
Iteration 800 Time: 1774 Score: 11.335 Size: 18.54 Loss: 0.5175 Win: 0 valueNorm: 5 stepSize: 0.0005
Iteration 900 Time: 2006 Score: 11.3925 Size: 18.8225 Loss: 0.54 Win: 0 valueNorm: 5 stepSize: 0.0005
Iteration 1000 Time: 2245 Score: 12.725 Size: 19.7375 Loss: 0.4975 Win: 0 valueNorm: 5 stepSize: 0.0005
Iteration 1100 Time: 2484 Score: 12.955 Size: 20.3 Loss: 0.5325 Win: 0 valueNorm: 5 stepSize: 0.0005
Iteration 1200 Time: 2718 Score: 13.0375 Size: 20.91 Loss: 0.585 Win: 0 valueNorm: 5 stepSize: 0.0005
Iteration 1300 Time: 2952 Score: 13.5075 Size: 21.0425 Loss: 0.5525 Win: 0 valueNorm: 5 stepSize: 0.0005
Iteration 1400 Time: 3195 Score: 14.405 Size: 21.945 Loss: 0.55 Win: 0 valueNorm: 5 stepSize: 0.0005
Iteration 1500 Time: 3422 Score: 13.5175 Size: 21.035 Loss: 0.55 Win: 0 valueNorm: 5 stepSize: 0.0005
Iteration 1600 Time: 3662 Score: 14.7625 Size: 22.3625 Loss: 0.5575 Win: 0 valueNorm: 5 stepSize: 0.0005
Iteration 1700 Time: 3908 Score: 15.9525 Size: 23.2125 Loss: 0.5225 Win: 0 valueNorm: 5 stepSize: 0.0005
Iteration 1800 Time: 4147 Score: 15.8175 Size: 23.2275 Loss: 0.54 Win: 0 valueNorm: 5 stepSize: 0.0005
Iteration 1900 Time: 4387 Score: 16.5175 Size: 23.665 Loss: 0.5125 Win: 0 valueNorm: 5 stepSize: 0.0005
Iteration 2000 Time: 4626 Score: 16.4825 Size: 23.7325 Loss: 0.5225 Win: 0 valueNorm: 5 stepSize: 0.0005
Iteration 2100 Time: 4868 Score: 17.9075 Size: 24.7575 Loss: 0.4825 Win: 0 valueNorm: 5 stepSize: 0.0005
Iteration 2200 Time: 5095 Score: 16.84 Size: 24.1775 Loss: 0.5325 Win: 0 valueNorm: 5 stepSize: 0.0005
Iteration 2300 Time: 5337 Score: 18.7075 Size: 25.1075 Loss: 0.4375 Win: 0 valueNorm: 5 stepSize: 0.0005
Iteration 2400 Time: 5591 Score: 19.7425 Size: 26.0075 Loss: 0.425 Win: 0 valueNorm: 5 stepSize: 0.0005
Iteration 2500 Time: 5834 Score: 19.9175 Size: 26.7575 Loss: 0.4825 Win: 0 valueNorm: 5 stepSize: 0.0005
Iteration 2600 Time: 6052 Score: 17.9625 Size: 25.6325 Loss: 0.565 Win: 0 valueNorm: 5 stepSize: 0.0005
Iteration 2700 Time: 6282 Score: 19.7725 Size: 27.11 Loss: 0.5325 Win: 0 valueNorm: 5 stepSize: 0.0005
Iteration 2800 Time: 6508 Score: 20.46 Size: 27.7475 Loss: 0.5275 Win: 0 valueNorm: 5 stepSize: 0.0005
Iteration 2900 Time: 6733 Score: 21.435 Size: 28.5875 Loss: 0.515 Win: 0 valueNorm: 5 stepSize: 0.0005
Iteration 3000 Time: 6958 Score: 22.12 Size: 29.385 Loss: 0.525 Win: 0 valueNorm: 5 stepSize: 0.0005
Iteration 3100 Time: 7176 Score: 22.005 Size: 30.2825 Loss: 0.625 Win: 0 valueNorm: 5 stepSize: 0.0005
Iteration 3200 Time: 7414 Score: 24.5075 Size: 32.2475 Loss: 0.5725 Win: 0 valueNorm: 5 stepSize: 0.0005
Iteration 3300 Time: 7652 Score: 26.355 Size: 33.69 Loss: 0.5325 Win: 0 valueNorm: 5 stepSize: 0.0005
Iteration 3400 Time: 7887 Score: 26.795 Size: 34.23 Loss: 0.5425 Win: 0 valueNorm: 5 stepSize: 0.0005
Iteration 3500 Time: 8128 Score: 28.93 Size: 36.1725 Loss: 0.5225 Win: 0 valueNorm: 5 stepSize: 0.0005
Iteration 3600 Time: 8373 Score: 30.6475 Size: 37.66 Loss: 0.5 Win: 0 valueNorm: 5 stepSize: 0.0005
Iteration 3700 Time: 8589 Score: 28.05 Size: 35.8675 Loss: 0.58 Win: 0 valueNorm: 5 stepSize: 0.0005
Iteration 3800 Time: 8820 Score: 32.1625 Size: 39.6175 Loss: 0.545 Win: 0 valueNorm: 5 stepSize: 0.0005
Iteration 3900 Time: 9040 Score: 30.695 Size: 37.82 Loss: 0.51 Win: 0 valueNorm: 5 stepSize: 0.0005
Iteration 4000 Time: 9261 Score: 32.57 Size: 39.8075 Loss: 0.5225 Win: 0 valueNorm: 5 stepSize: 0.0005
Iteration 4100 Time: 9492 Score: 34.5675 Size: 41.2575 Loss: 0.4675 Win: 0 valueNorm: 5 stepSize: 0.0005
Iteration 4200 Time: 9712 Score: 34.6575 Size: 41.64 Loss: 0.4975 Win: 0 valueNorm: 5 stepSize: 0.0005
Iteration 4300 Time: 9942 Score: 36.4975 Size: 43.2425 Loss: 0.4725 Win: 0 valueNorm: 5 stepSize: 0.0005
Iteration 4400 Time: 10161 Score: 35.39 Size: 42.57 Loss: 0.5175 Win: 0 valueNorm: 5 stepSize: 0.0005
Iteration 4500 Time: 10376 Score: 35.3675 Size: 43.1075 Loss: 0.5725 Win: 0 valueNorm: 5 stepSize: 0.0005
Iteration 4600 Time: 10591 Score: 36.625 Size: 43.785 Loss: 0.515 Win: 0 valueNorm: 5 stepSize: 0.0005
Iteration 4700 Time: 10808 Score: 38.0725 Size: 45.445 Loss: 0.535 Win: 0 valueNorm: 5 stepSize: 0.0005
Iteration 4800 Time: 11016 Score: 36.8775 Size: 44.1225 Loss: 0.5225 Win: 0 valueNorm: 5 stepSize: 0.0005
Iteration 4900 Time: 11228 Score: 37.99 Size: 45.0325 Loss: 0.5025 Win: 0 valueNorm: 5 stepSize: 0.0005
Iteration 5000 Time: 11447 Score: 39.645 Size: 46.27 Loss: 0.46 Win: 0 valueNorm: 5 stepSize: 0.0005
Iteration 5100 Time: 11668 Score: 40.1225 Size: 47.0425 Loss: 0.49 Win: 0 valueNorm: 5 stepSize: 0.0005
Iteration 5200 Time: 11883 Score: 39.22 Size: 46.1775 Loss: 0.495 Win: 0 valueNorm: 5 stepSize: 0.0005
Iteration 5300 Time: 12101 Score: 40.31 Size: 47.4425 Loss: 0.5125 Win: 0 valueNorm: 5 stepSize: 0.0005
Iteration 5400 Time: 12317 Score: 40.615 Size: 47.6375 Loss: 0.5 Win: 0 valueNorm: 5 stepSize: 0.0005
Iteration 5500 Time: 12536 Score: 41.36 Size: 48.025 Loss: 0.465 Win: 0 valueNorm: 5 stepSize: 0.0005
Iteration 5600 Time: 12744 Score: 39.1775 Size: 46.5325 Loss: 0.5325 Win: 0 valueNorm: 5 stepSize: 0.0005
Iteration 5700 Time: 12968 Score: 43.3925 Size: 49.8575 Loss: 0.445 Win: 0 valueNorm: 5 stepSize: 0.0005
Iteration 5800 Time: 13179 Score: 40.2625 Size: 47.395 Loss: 0.5125 Win: 0 valueNorm: 5 stepSize: 0.0005
Iteration 5900 Time: 13378 Score: 39.25 Size: 46.8475 Loss: 0.5575 Win: 0 valueNorm: 5 stepSize: 0.0005
Iteration 6000 Time: 13594 Score: 43.0275 Size: 50.3875 Loss: 0.535 Win: 0 valueNorm: 5 stepSize: 0.0005
Iteration 6100 Time: 13798 Score: 39.77 Size: 47.36 Loss: 0.5575 Win: 0 valueNorm: 5 stepSize: 0.0005
Iteration 6200 Time: 13995 Score: 38.0525 Size: 45.62 Loss: 0.555 Win: 0 valueNorm: 5 stepSize: 0.0005
Iteration 6300 Time: 14203 Score: 41.465 Size: 48.7875 Loss: 0.53 Win: 0 valueNorm: 5 stepSize: 0.0005
Iteration 6400 Time: 14417 Score: 42.8925 Size: 49.8275 Loss: 0.4925 Win: 0 valueNorm: 5 stepSize: 0.0005
Iteration 6500 Time: 14626 Score: 42.7375 Size: 49.8125 Loss: 0.505 Win: 0 valueNorm: 5 stepSize: 0.0005
Iteration 6600 Time: 14850 Score: 45.555 Size: 52.3725 Loss: 0.48 Win: 0 valueNorm: 5 stepSize: 0.0005
Iteration 6700 Time: 15071 Score: 45.5275 Size: 51.9925 Loss: 0.445 Win: 0 valueNorm: 5 stepSize: 0.0005
Iteration 6800 Time: 15276 Score: 41.935 Size: 49.025 Loss: 0.505 Win: 0 valueNorm: 5 stepSize: 0.0005
Iteration 6900 Time: 15477 Score: 41.4925 Size: 48.795 Loss: 0.5275 Win: 0 valueNorm: 5 stepSize: 0.0005
Iteration 7000 Time: 15694 Score: 44.865 Size: 51.9525 Loss: 0.505 Win: 0 valueNorm: 5 stepSize: 0.0005
Iteration 7100 Time: 15922 Score: 47.1175 Size: 53.4775 Loss: 0.435 Win: 0 valueNorm: 5 stepSize: 0.0005
Iteration 7200 Time: 16142 Score: 44.97 Size: 51.455 Loss: 0.4475 Win: 0 valueNorm: 5 stepSize: 0.0005
Iteration 7300 Time: 16355 Score: 43.7775 Size: 50.6775 Loss: 0.4875 Win: 0 valueNorm: 5 stepSize: 0.0005
Iteration 7400 Time: 16559 Score: 41.6825 Size: 49.035 Loss: 0.5325 Win: 0 valueNorm: 5 stepSize: 0.0005
Iteration 7500 Time: 16770 Score: 44.355 Size: 51.1375 Loss: 0.475 Win: 0 valueNorm: 5 stepSize: 0.0005
Iteration 7600 Time: 16979 Score: 44.6175 Size: 51.965 Loss: 0.53 Win: 0 valueNorm: 5 stepSize: 0.0005
Iteration 7700 Time: 17181 Score: 42.905 Size: 50.4925 Loss: 0.555 Win: 0 valueNorm: 5 stepSize: 0.0005
Iteration 7800 Time: 17395 Score: 46.0175 Size: 52.6025 Loss: 0.4575 Win: 0 valueNorm: 5 stepSize: 0.0005
Iteration 7900 Time: 17600 Score: 44.4075 Size: 51.9225 Loss: 0.5475 Win: 0 valueNorm: 5 stepSize: 0.0005
Iteration 8000 Time: 17800 Score: 43.25 Size: 50.625 Loss: 0.5375 Win: 0.0025 valueNorm: 5 stepSize: 0.0005 Win Time: 1170
Iteration 8100 Time: 18006 Score: 44.7 Size: 51.765 Loss: 0.505 Win: 0 valueNorm: 5 stepSize: 0.0005
Iteration 8200 Time: 18223 Score: 47.83 Size: 54.685 Loss: 0.4825 Win: 0 valueNorm: 5 stepSize: 0.0005
Iteration 8300 Time: 18434 Score: 45.5 Size: 52.735 Loss: 0.52 Win: 0 valueNorm: 5 stepSize: 0.0005
Iteration 8400 Time: 18645 Score: 46.975 Size: 54.045 Loss: 0.505 Win: 0 valueNorm: 5 stepSize: 0.0005
Iteration 8500 Time: 18842 Score: 42.4375 Size: 50.3025 Loss: 0.5825 Win: 0 valueNorm: 5 stepSize: 0.0005
Iteration 8600 Time: 19049 Score: 45.485 Size: 53.0725 Loss: 0.555 Win: 0 valueNorm: 5 stepSize: 0.0005
Iteration 8700 Time: 19273 Score: 49.585 Size: 55.875 Loss: 0.4275 Win: 0 valueNorm: 5 stepSize: 0.0005
Iteration 8800 Time: 19490 Score: 48.2325 Size: 55.2775 Loss: 0.5 Win: 0 valueNorm: 5 stepSize: 0.0005
Iteration 8900 Time: 19721 Score: 51.76 Size: 57.78 Loss: 0.4025 Win: 0.0025 valueNorm: 5 stepSize: 0.0005 Win Time: 1161
Iteration 9000 Time: 19957 Score: 52.6775 Size: 58.7875 Loss: 0.41 Win: 0 valueNorm: 5 stepSize: 0.0005
Iteration 9100 Time: 20186 Score: 51.0475 Size: 57.8 Loss: 0.4725 Win: 0 valueNorm: 5 stepSize: 0.0005
Iteration 9200 Time: 20407 Score: 50.045 Size: 56.9675 Loss: 0.49 Win: 0 valueNorm: 5 stepSize: 0.0005
Iteration 9300 Time: 20618 Score: 47.1175 Size: 54.355 Loss: 0.5225 Win: 0.0025 valueNorm: 5 stepSize: 0.0005 Win Time: 1081
Iteration 9400 Time: 20850 Score: 52.51 Size: 58.885 Loss: 0.4375 Win: 0.0025 valueNorm: 5 stepSize: 0.0005 Win Time: 1176
Iteration 9500 Time: 21071 Score: 50.6425 Size: 57.665 Loss: 0.505 Win: 0.0075 valueNorm: 5 stepSize: 0.0005 Win Time: 1124.67
Iteration 9600 Time: 21266 Score: 45.935 Size: 54.005 Loss: 0.6125 Win: 0.0125 valueNorm: 5 stepSize: 0.0005 Win Time: 1187.6
Iteration 9700 Time: 21480 Score: 49.3925 Size: 56.3725 Loss: 0.5 Win: 0.0075 valueNorm: 5 stepSize: 0.0005 Win Time: 1119.33
Iteration 9800 Time: 21701 Score: 51.6975 Size: 58.3175 Loss: 0.475 Win: 0.0175 valueNorm: 5 stepSize: 0.0005 Win Time: 1164.43
Iteration 9900 Time: 21917 Score: 51.0275 Size: 57.615 Loss: 0.4675 Win: 0.0125 valueNorm: 5 stepSize: 0.0005 Win Time: 1120.8
Iteration 10000 Time: 22137 Score: 50.895 Size: 57.24 Loss: 0.445 Win: 0.015 valueNorm: 5 stepSize: 0.0005 Win Time: 1152.67
Iteration 10100 Time: 22334 Score: 45.7775 Size: 53.895 Loss: 0.625 Win: 0.0175 valueNorm: 5 stepSize: 0.0005 Win Time: 1160
Iteration 10200 Time: 22547 Score: 52.1625 Size: 58.965 Loss: 0.51 Win: 0.0375 valueNorm: 5 stepSize: 0.0005 Win Time: 1150.13
Iteration 10300 Time: 22755 Score: 51.27 Size: 58.1625 Loss: 0.5175 Win: 0.035 valueNorm: 5 stepSize: 0.0005 Win Time: 1133.64
Iteration 10400 Time: 22961 Score: 50.79 Size: 57.445 Loss: 0.5025 Win: 0.045 valueNorm: 5 stepSize: 0.0005 Win Time: 1149.89
Iteration 10500 Time: 23164 Score: 47.965 Size: 55.0525 Loss: 0.515 Win: 0.01 valueNorm: 5 stepSize: 0.0005 Win Time: 1175.75
Iteration 10600 Time: 23380 Score: 52.125 Size: 58.8575 Loss: 0.48 Win: 0.01 valueNorm: 5 stepSize: 0.0005 Win Time: 1150
Iteration 10700 Time: 23580 Score: 48.3675 Size: 55.52 Loss: 0.55 Win: 0.0425 valueNorm: 5 stepSize: 0.0005 Win Time: 1163
Iteration 10800 Time: 23776 Score: 45.45 Size: 53.085 Loss: 0.5625 Win: 0.0025 valueNorm: 5 stepSize: 0.0005 Win Time: 1183
Iteration 10900 Time: 23977 Score: 46.495 Size: 53.86 Loss: 0.5425 Win: 0.01 valueNorm: 5 stepSize: 0.0005 Win Time: 1157.75
Iteration 11000 Time: 24193 Score: 50.095 Size: 56.86 Loss: 0.4825 Win: 0.01 valueNorm: 5 stepSize: 0.0005 Win Time: 1176.75
Iteration 11100 Time: 24392 Score: 44.1525 Size: 51.8375 Loss: 0.5725 Win: 0.0075 valueNorm: 5 stepSize: 0.0005 Win Time: 1137.33
Iteration 11200 Time: 24605 Score: 50.6225 Size: 57.6625 Loss: 0.525 Win: 0.0275 valueNorm: 5 stepSize: 0.0005 Win Time: 1170.91
Iteration 11300 Time: 24833 Score: 54.7875 Size: 60.585 Loss: 0.3925 Win: 0.0175 valueNorm: 5 stepSize: 0.0005 Win Time: 1155.57
Iteration 11400 Time: 25060 Score: 52.7125 Size: 58.68 Loss: 0.4075 Win: 0.015 valueNorm: 5 stepSize: 0.0005 Win Time: 1180.17
Iteration 11500 Time: 25291 Score: 53.845 Size: 59.36 Loss: 0.36 Win: 0.0125 valueNorm: 5 stepSize: 0.0005 Win Time: 1166.6
Iteration 11600 Time: 25526 Score: 56.3225 Size: 61.745 Loss: 0.355 Win: 0.0175 valueNorm: 5 stepSize: 0.0005 Win Time: 1143.43
Iteration 11700 Time: 25731 Score: 48.7775 Size: 55.42 Loss: 0.4775 Win: 0.0175 valueNorm: 5 stepSize: 0.0005 Win Time: 1154.57
Iteration 11800 Time: 25959 Score: 53.9 Size: 59.58 Loss: 0.3925 Win: 0.03 valueNorm: 5 stepSize: 0.0005 Win Time: 1174.25
Iteration 11900 Time: 26176 Score: 50.455 Size: 56.74 Loss: 0.4425 Win: 0.0175 valueNorm: 5 stepSize: 0.0005 Win Time: 1161.14
Iteration 12000 Time: 26394 Score: 51.9175 Size: 58.0725 Loss: 0.4425 Win: 0.0325 valueNorm: 5 stepSize: 0.0005 Win Time: 1168.08
Iteration 12100 Time: 26607 Score: 52.2075 Size: 58.705 Loss: 0.465 Win: 0.02 valueNorm: 5 stepSize: 0.0005 Win Time: 1158.75
Iteration 12200 Time: 26828 Score: 55.2925 Size: 61.065 Loss: 0.4125 Win: 0.0425 valueNorm: 5 stepSize: 0.0005 Win Time: 1163.41
Iteration 12300 Time: 27042 Score: 53.51 Size: 59.5925 Loss: 0.435 Win: 0.0325 valueNorm: 5 stepSize: 0.0005 Win Time: 1154.46
Iteration 12400 Time: 27247 Score: 50.3525 Size: 57.1675 Loss: 0.495 Win: 0.02 valueNorm: 5 stepSize: 0.0005 Win Time: 1121.75
Iteration 12500 Time: 27461 Score: 53.46 Size: 59.5175 Loss: 0.435 Win: 0.035 valueNorm: 5 stepSize: 0.0005 Win Time: 1150.57
Iteration 12600 Time: 27685 Score: 55.96 Size: 61.535 Loss: 0.3775 Win: 0.025 valueNorm: 5 stepSize: 0.0005 Win Time: 1136
Iteration 12700 Time: 27896 Score: 51.8675 Size: 58.0675 Loss: 0.425 Win: 0.01 valueNorm: 5 stepSize: 0.0005 Win Time: 1171.25
Iteration 12800 Time: 28101 Score: 50.74 Size: 57.17 Loss: 0.475 Win: 0.0375 valueNorm: 5 stepSize: 0.0005 Win Time: 1163.07
Iteration 12900 Time: 28304 Score: 49.4475 Size: 56.2875 Loss: 0.495 Win: 0.0175 valueNorm: 5 stepSize: 0.0005 Win Time: 1174.29
Iteration 13000 Time: 28510 Score: 50.55 Size: 57.04 Loss: 0.4775 Win: 0.035 valueNorm: 5 stepSize: 0.0005 Win Time: 1170.79
Iteration 13100 Time: 28726 Score: 53.96 Size: 59.79 Loss: 0.4 Win: 0.0225 valueNorm: 5 stepSize: 0.0005 Win Time: 1141.33
Iteration 13200 Time: 28950 Score: 55.995 Size: 61.64 Loss: 0.385 Win: 0.025 valueNorm: 5 stepSize: 0.0005 Win Time: 1146.7
Iteration 13300 Time: 29169 Score: 56.99 Size: 62.5075 Loss: 0.4125 Win: 0.07 valueNorm: 5 stepSize: 0.0005 Win Time: 1153.75
Iteration 13400 Time: 29383 Score: 54.1075 Size: 60.1375 Loss: 0.45 Win: 0.055 valueNorm: 5 stepSize: 0.0005 Win Time: 1159.95
Iteration 13500 Time: 29589 Score: 51.4725 Size: 57.965 Loss: 0.48 Win: 0.0375 valueNorm: 5 stepSize: 0.0005 Win Time: 1154.47
Iteration 13600 Time: 29812 Score: 56.865 Size: 62.4875 Loss: 0.405 Win: 0.0525 valueNorm: 5 stepSize: 0.0005 Win Time: 1164
Iteration 13700 Time: 30033 Score: 56.8975 Size: 62.4575 Loss: 0.4125 Win: 0.065 valueNorm: 5 stepSize: 0.0005 Win Time: 1152.58
Iteration 13800 Time: 30255 Score: 55.7525 Size: 61.305 Loss: 0.3875 Win: 0.04 valueNorm: 5 stepSize: 0.0005 Win Time: 1151.56
Iteration 13900 Time: 30464 Score: 53.965 Size: 59.885 Loss: 0.445 Win: 0.0625 valueNorm: 5 stepSize: 0.0005 Win Time: 1149.48
Iteration 14000 Time: 30680 Score: 56.3725 Size: 61.7325 Loss: 0.3975 Win: 0.07 valueNorm: 5 stepSize: 0.0005 Win Time: 1160.36
Iteration 14100 Time: 30905 Score: 57.645 Size: 62.86 Loss: 0.37 Win: 0.0575 valueNorm: 5 stepSize: 0.0005 Win Time: 1153
Iteration 14200 Time: 31125 Score: 57.135 Size: 62.645 Loss: 0.425 Win: 0.085 valueNorm: 5 stepSize: 0.0005 Win Time: 1152.88
Iteration 14300 Time: 31343 Score: 56.8925 Size: 62.6075 Loss: 0.4275 Win: 0.065 valueNorm: 5 stepSize: 0.0005 Win Time: 1148.85
Iteration 14400 Time: 31576 Score: 62.485 Size: 67.0225 Loss: 0.3375 Win: 0.095 valueNorm: 5 stepSize: 0.0005 Win Time: 1153.21
Iteration 14500 Time: 31796 Score: 59.605 Size: 64.64 Loss: 0.4025 Win: 0.1125 valueNorm: 5 stepSize: 0.0005 Win Time: 1148.82
Iteration 14600 Time: 32013 Score: 56.6375 Size: 62.3125 Loss: 0.425 Win: 0.0675 valueNorm: 5 stepSize: 0.0005 Win Time: 1145.81
Iteration 14700 Time: 32244 Score: 61.79 Size: 66.045 Loss: 0.3225 Win: 0.11 valueNorm: 5 stepSize: 0.0005 Win Time: 1142.02
Iteration 14800 Time: 32482 Score: 63.345 Size: 67.4675 Loss: 0.2875 Win: 0.085 valueNorm: 5 stepSize: 0.0005 Win Time: 1154.47
Iteration 14900 Time: 32708 Score: 59.5625 Size: 64.495 Loss: 0.3625 Win: 0.08 valueNorm: 5 stepSize: 0.0005 Win Time: 1158.34
Iteration 15000 Time: 32936 Score: 59.525 Size: 64.38 Loss: 0.3375 Win: 0.06 valueNorm: 5 stepSize: 0.0005 Win Time: 1128.88
Iteration 15100 Time: 33163 Score: 59.0325 Size: 63.94 Loss: 0.35 Win: 0.0675 valueNorm: 5 stepSize: 0.0005 Win Time: 1146.63
Iteration 15200 Time: 33382 Score: 58.8575 Size: 63.975 Loss: 0.395 Win: 0.095 valueNorm: 5 stepSize: 0.0005 Win Time: 1148.53
Iteration 15300 Time: 33604 Score: 58.03 Size: 63.025 Loss: 0.36 Win: 0.07 valueNorm: 5 stepSize: 0.0005 Win Time: 1158.57
Iteration 15400 Time: 33820 Score: 56.3425 Size: 61.9825 Loss: 0.4175 Win: 0.0625 valueNorm: 5 stepSize: 0.0005 Win Time: 1145.88
Iteration 15500 Time: 34048 Score: 59.6425 Size: 64.685 Loss: 0.36 Win: 0.065 valueNorm: 5 stepSize: 0.0005 Win Time: 1128.77
Iteration 15600 Time: 34264 Score: 57.4175 Size: 63.0425 Loss: 0.4475 Win: 0.0975 valueNorm: 5 stepSize: 0.0005 Win Time: 1152.49
Iteration 15700 Time: 34473 Score: 56.94 Size: 62.2075 Loss: 0.435 Win: 0.1225 valueNorm: 5 stepSize: 0.0005 Win Time: 1143.1
Iteration 15800 Time: 34679 Score: 57.3425 Size: 62.6925 Loss: 0.455 Win: 0.1375 valueNorm: 5 stepSize: 0.0005 Win Time: 1150.02
Iteration 15900 Time: 34897 Score: 58.975 Size: 64.37 Loss: 0.42 Win: 0.0925 valueNorm: 5 stepSize: 0.0005 Win Time: 1150.38
Iteration 16000 Time: 35132 Score: 65.38 Size: 69.0975 Loss: 0.305 Win: 0.15 valueNorm: 5 stepSize: 0.0005 Win Time: 1139.23
Iteration 16100 Time: 35365 Score: 61.505 Size: 65.7675 Loss: 0.3025 Win: 0.0875 valueNorm: 5 stepSize: 0.0005 Win Time: 1146.43
Iteration 16200 Time: 35591 Score: 61.5 Size: 65.7925 Loss: 0.3525 Win: 0.14 valueNorm: 5 stepSize: 0.0005 Win Time: 1150.12
Iteration 16300 Time: 35821 Score: 62.3275 Size: 66.855 Loss: 0.3475 Win: 0.11 valueNorm: 5 stepSize: 0.0005 Win Time: 1147
Iteration 16400 Time: 36054 Score: 63.4125 Size: 67.71 Loss: 0.32 Win: 0.1025 valueNorm: 5 stepSize: 0.0005 Win Time: 1167.8
Iteration 16500 Time: 36296 Score: 66.605 Size: 70.105 Loss: 0.2675 Win: 0.1325 valueNorm: 5 stepSize: 0.0005 Win Time: 1150.32
Iteration 16600 Time: 36518 Score: 62.615 Size: 67.165 Loss: 0.395 Win: 0.16 valueNorm: 5 stepSize: 0.0005 Win Time: 1143.44
Iteration 16700 Time: 36748 Score: 62.5725 Size: 67.2125 Loss: 0.36 Win: 0.11 valueNorm: 5 stepSize: 0.0005 Win Time: 1143.75
Iteration 16800 Time: 36972 Score: 61.8275 Size: 66.4725 Loss: 0.3725 Win: 0.1225 valueNorm: 5 stepSize: 0.0005 Win Time: 1141.24
Iteration 16900 Time: 37195 Score: 60.29 Size: 65.2975 Loss: 0.385 Win: 0.0975 valueNorm: 5 stepSize: 0.0005 Win Time: 1145.03
Iteration 17000 Time: 37415 Score: 57.3775 Size: 62.485 Loss: 0.385 Win: 0.085 valueNorm: 5 stepSize: 0.0005 Win Time: 1146.12
Iteration 17100 Time: 37642 Score: 60.6175 Size: 65.28 Loss: 0.345 Win: 0.09 valueNorm: 5 stepSize: 0.0005 Win Time: 1160.89
Iteration 17200 Time: 37852 Score: 56.7175 Size: 62.355 Loss: 0.45 Win: 0.1 valueNorm: 5 stepSize: 0.0005 Win Time: 1145.53
Iteration 17300 Time: 38086 Score: 62.9375 Size: 67.49 Loss: 0.3275 Win: 0.0825 valueNorm: 5 stepSize: 0.0005 Win Time: 1153.88
Iteration 17400 Time: 38309 Score: 60.5525 Size: 65.4875 Loss: 0.3725 Win: 0.09 valueNorm: 5 stepSize: 0.0005 Win Time: 1146.72
Iteration 17500 Time: 38541 Score: 63.0975 Size: 67.265 Loss: 0.315 Win: 0.11 valueNorm: 5 stepSize: 0.0005 Win Time: 1154.48
Iteration 17600 Time: 38763 Score: 61.5075 Size: 66.085 Loss: 0.3725 Win: 0.13 valueNorm: 5 stepSize: 0.0005 Win Time: 1135.1
Iteration 17700 Time: 38967 Score: 55.27 Size: 60.68 Loss: 0.44 Win: 0.1125 valueNorm: 5 stepSize: 0.0005 Win Time: 1141.4
Iteration 17800 Time: 39180 Score: 59.59 Size: 64.5925 Loss: 0.43 Win: 0.1475 valueNorm: 5 stepSize: 0.0005 Win Time: 1139.64
Iteration 17900 Time: 39394 Score: 59.9425 Size: 64.975 Loss: 0.4175 Win: 0.13 valueNorm: 5 stepSize: 0.0005 Win Time: 1140.48
Iteration 18000 Time: 39616 Score: 61.89 Size: 66.8325 Loss: 0.4125 Win: 0.135 valueNorm: 5 stepSize: 0.0005 Win Time: 1133.83
Iteration 18100 Time: 39838 Score: 59.7375 Size: 64.725 Loss: 0.375 Win: 0.0875 valueNorm: 5 stepSize: 0.0005 Win Time: 1160.43
Iteration 18200 Time: 40060 Score: 60.33 Size: 65.245 Loss: 0.395 Win: 0.12 valueNorm: 5 stepSize: 0.0005 Win Time: 1155.21
Iteration 18300 Time: 40282 Score: 61.13 Size: 65.9175 Loss: 0.4225 Win: 0.1625 valueNorm: 5 stepSize: 0.0005 Win Time: 1135.72
Iteration 18400 Time: 40509 Score: 62.37 Size: 66.7475 Loss: 0.365 Win: 0.145 valueNorm: 5 stepSize: 0.0005 Win Time: 1143.09
Iteration 18500 Time: 40736 Score: 61.49 Size: 65.8125 Loss: 0.3625 Win: 0.1475 valueNorm: 5 stepSize: 0.0005 Win Time: 1156.07
Iteration 18600 Time: 40968 Score: 64.4325 Size: 68.3 Loss: 0.3475 Win: 0.18 valueNorm: 5 stepSize: 0.0005 Win Time: 1144.29
Iteration 18700 Time: 41189 Score: 59.705 Size: 64.88 Loss: 0.425 Win: 0.1225 valueNorm: 5 stepSize: 0.0005 Win Time: 1147.49
Iteration 18800 Time: 41400 Score: 59.0575 Size: 63.9825 Loss: 0.4425 Win: 0.17 valueNorm: 5 stepSize: 0.0005 Win Time: 1146.22
Iteration 18900 Time: 41627 Score: 62.7025 Size: 67.1625 Loss: 0.3875 Win: 0.16 valueNorm: 5 stepSize: 0.0005 Win Time: 1150.02
Iteration 19000 Time: 41860 Score: 64.41 Size: 68.4375 Loss: 0.3525 Win: 0.17 valueNorm: 5 stepSize: 0.0005 Win Time: 1142.62
Iteration 19100 Time: 42077 Score: 58.4175 Size: 63.6725 Loss: 0.4325 Win: 0.1225 valueNorm: 5 stepSize: 0.0005 Win Time: 1144.49
Iteration 19200 Time: 42294 Score: 59.33 Size: 64.0175 Loss: 0.415 Win: 0.165 valueNorm: 5 stepSize: 0.0005 Win Time: 1139.5
Iteration 19300 Time: 42514 Score: 61.0875 Size: 65.6925 Loss: 0.395 Win: 0.1525 valueNorm: 5 stepSize: 0.0005 Win Time: 1142.61
Iteration 19400 Time: 42735 Score: 62.3225 Size: 66.5025 Loss: 0.39 Win: 0.195 valueNorm: 5 stepSize: 0.0005 Win Time: 1134.72
Iteration 19500 Time: 42965 Score: 65.1725 Size: 69.06 Loss: 0.3575 Win: 0.1925 valueNorm: 5 stepSize: 0.0005 Win Time: 1139.08
Iteration 19600 Time: 43194 Score: 64.4475 Size: 68.3575 Loss: 0.3525 Win: 0.1825 valueNorm: 5 stepSize: 0.0005 Win Time: 1144.05
Iteration 19700 Time: 43423 Score: 65.215 Size: 69.2575 Loss: 0.38 Win: 0.2 valueNorm: 5 stepSize: 0.0005 Win Time: 1135.26
Iteration 19800 Time: 43648 Score: 63.0575 Size: 67.035 Loss: 0.3725 Win: 0.1975 valueNorm: 5 stepSize: 0.0005 Win Time: 1137.47
Iteration 19900 Time: 43874 Score: 63.175 Size: 67.295 Loss: 0.38 Win: 0.19 valueNorm: 5 stepSize: 0.0005 Win Time: 1134.49
Iteration 20000 Time: 44110 Score: 66.9975 Size: 70.4825 Loss: 0.3325 Win: 0.2075 valueNorm: 5 stepSize: 0.0005 Win Time: 1132.05
Iteration 20100 Time: 44347 Score: 66.5075 Size: 70.1475 Loss: 0.33 Win: 0.1875 valueNorm: 5 stepSize: 0.0005 Win Time: 1129.31
Iteration 20200 Time: 44581 Score: 62.9225 Size: 67.1225 Loss: 0.355 Win: 0.1525 valueNorm: 5 stepSize: 0.0005 Win Time: 1146.1
Iteration 20300 Time: 44821 Score: 68.6175 Size: 71.5725 Loss: 0.29 Win: 0.2175 valueNorm: 5 stepSize: 0.0005 Win Time: 1123.09
Iteration 20400 Time: 45062 Score: 64.11 Size: 68.31 Loss: 0.3425 Win: 0.14 valueNorm: 5 stepSize: 0.0005 Win Time: 1140.02
Iteration 20500 Time: 45305 Score: 68.2375 Size: 71.545 Loss: 0.3125 Win: 0.205 valueNorm: 5 stepSize: 0.0005 Win Time: 1147.74
Iteration 20600 Time: 45544 Score: 69.445 Size: 72.7125 Loss: 0.355 Win: 0.2575 valueNorm: 5 stepSize: 0.0005 Win Time: 1136.02
Iteration 20700 Time: 45766 Score: 61.8975 Size: 66.6075 Loss: 0.4225 Win: 0.1725 valueNorm: 5 stepSize: 0.0005 Win Time: 1139.32
Iteration 20800 Time: 46006 Score: 68.4025 Size: 71.845 Loss: 0.33 Win: 0.21 valueNorm: 5 stepSize: 0.0005 Win Time: 1141.51
Iteration 20900 Time: 46249 Score: 64.2225 Size: 68.1825 Loss: 0.315 Win: 0.135 valueNorm: 5 stepSize: 0.0005 Win Time: 1140.54
Iteration 21000 Time: 46483 Score: 65.6575 Size: 69.4225 Loss: 0.345 Win: 0.19 valueNorm: 5 stepSize: 0.0005 Win Time: 1146.11
Iteration 21100 Time: 46719 Score: 69.1925 Size: 72.26 Loss: 0.3425 Win: 0.265 valueNorm: 5 stepSize: 0.0005 Win Time: 1147.8
Iteration 21200 Time: 46959 Score: 69.3925 Size: 72.5125 Loss: 0.325 Win: 0.24 valueNorm: 5 stepSize: 0.0005 Win Time: 1142.73
Iteration 21300 Time: 47199 Score: 66.93 Size: 70.4725 Loss: 0.3125 Win: 0.1775 valueNorm: 5 stepSize: 0.0005 Win Time: 1134.03
Iteration 21400 Time: 47447 Score: 70.1175 Size: 73.0775 Loss: 0.28 Win: 0.2075 valueNorm: 5 stepSize: 0.0005 Win Time: 1150.52
Iteration 21500 Time: 47692 Score: 70.825 Size: 73.6075 Loss: 0.285 Win: 0.2325 valueNorm: 5 stepSize: 0.0005 Win Time: 1141.42
Iteration 21600 Time: 47938 Score: 71.8625 Size: 74.485 Loss: 0.3075 Win: 0.275 valueNorm: 5 stepSize: 0.0005 Win Time: 1127.95
Iteration 21700 Time: 48180 Score: 70.0625 Size: 72.995 Loss: 0.305 Win: 0.2375 valueNorm: 5 stepSize: 0.0005 Win Time: 1148.11
Iteration 21800 Time: 48408 Score: 64.305 Size: 68.6 Loss: 0.39 Win: 0.1825 valueNorm: 5 stepSize: 0.0005 Win Time: 1135.16
Iteration 21900 Time: 48655 Score: 71.72 Size: 74.3575 Loss: 0.29 Win: 0.255 valueNorm: 5 stepSize: 0.0005 Win Time: 1126.81
Iteration 22000 Time: 48896 Score: 70.8625 Size: 73.6475 Loss: 0.325 Win: 0.2775 valueNorm: 5 stepSize: 0.0005 Win Time: 1137.23
Iteration 22100 Time: 49140 Score: 69.755 Size: 72.8375 Loss: 0.31 Win: 0.2275 valueNorm: 5 stepSize: 0.0005 Win Time: 1135.88
Iteration 22200 Time: 49381 Score: 68.1425 Size: 71.525 Loss: 0.3225 Win: 0.2075 valueNorm: 5 stepSize: 0.0005 Win Time: 1143.65
Iteration 22300 Time: 49621 Score: 67.4025 Size: 71.0325 Loss: 0.335 Win: 0.195 valueNorm: 5 stepSize: 0.0005 Win Time: 1138.37
Iteration 22400 Time: 49837 Score: 62.96 Size: 67.0675 Loss: 0.435 Win: 0.2525 valueNorm: 5 stepSize: 0.0005 Win Time: 1132.71
Iteration 22500 Time: 50064 Score: 66.9275 Size: 70.285 Loss: 0.3775 Win: 0.2725 valueNorm: 5 stepSize: 0.0005 Win Time: 1125.07
Iteration 22600 Time: 50294 Score: 65.315 Size: 69.19 Loss: 0.37 Win: 0.205 valueNorm: 5 stepSize: 0.0005 Win Time: 1127.34
Iteration 22700 Time: 50530 Score: 67.9625 Size: 71.4075 Loss: 0.345 Win: 0.2275 valueNorm: 5 stepSize: 0.0005 Win Time: 1138.24
Iteration 22800 Time: 50757 Score: 67.435 Size: 70.7775 Loss: 0.375 Win: 0.27 valueNorm: 5 stepSize: 0.0005 Win Time: 1129.86
Iteration 22900 Time: 50977 Score: 65.8825 Size: 69.375 Loss: 0.4125 Win: 0.295 valueNorm: 5 stepSize: 0.0005 Win Time: 1130.02
Iteration 23000 Time: 51218 Score: 71.0225 Size: 73.4575 Loss: 0.29 Win: 0.275 valueNorm: 5 stepSize: 0.0005 Win Time: 1142.59
Iteration 23100 Time: 51444 Score: 64.1625 Size: 68.365 Loss: 0.395 Win: 0.1975 valueNorm: 5 stepSize: 0.0005 Win Time: 1138.2
Iteration 23200 Time: 51670 Score: 66.02 Size: 69.7025 Loss: 0.395 Win: 0.255 valueNorm: 5 stepSize: 0.0005 Win Time: 1127.04
Iteration 23300 Time: 51902 Score: 68.065 Size: 71.5175 Loss: 0.38 Win: 0.265 valueNorm: 5 stepSize: 0.0005 Win Time: 1131.09
Iteration 23400 Time: 52134 Score: 68.98 Size: 72.2275 Loss: 0.3725 Win: 0.2775 valueNorm: 5 stepSize: 0.0005 Win Time: 1130.22
Iteration 23500 Time: 52357 Score: 64.6375 Size: 68.78 Loss: 0.43 Win: 0.245 valueNorm: 5 stepSize: 0.0005 Win Time: 1136.13
Iteration 23600 Time: 52590 Score: 71.29 Size: 73.925 Loss: 0.3475 Win: 0.32 valueNorm: 5 stepSize: 0.0005 Win Time: 1132.8
Iteration 23700 Time: 52812 Score: 66.6425 Size: 70.54 Loss: 0.43 Win: 0.27 valueNorm: 5 stepSize: 0.0005 Win Time: 1127.12
Iteration 23800 Time: 53030 Score: 65.6875 Size: 69.5275 Loss: 0.4325 Win: 0.28 valueNorm: 5 stepSize: 0.0005 Win Time: 1138.18
Iteration 23900 Time: 53240 Score: 60.6225 Size: 65.1675 Loss: 0.4325 Win: 0.2 valueNorm: 5 stepSize: 0.0005 Win Time: 1127.06
Iteration 24000 Time: 53456 Score: 65.85 Size: 69.3475 Loss: 0.415 Win: 0.2975 valueNorm: 5 stepSize: 0.0005 Win Time: 1135.45
Iteration 24100 Time: 53687 Score: 67.13 Size: 70.8 Loss: 0.36 Win: 0.2175 valueNorm: 5 stepSize: 0.0005 Win Time: 1137.2
Iteration 24200 Time: 53919 Score: 68.18 Size: 71.3275 Loss: 0.3375 Win: 0.2525 valueNorm: 5 stepSize: 0.0005 Win Time: 1133.49
Iteration 24300 Time: 54152 Score: 68.2325 Size: 71.4775 Loss: 0.3325 Win: 0.2325 valueNorm: 5 stepSize: 0.0005 Win Time: 1146.11
Iteration 24400 Time: 54373 Score: 64.97 Size: 68.97 Loss: 0.4 Win: 0.225 valueNorm: 5 stepSize: 0.0005 Win Time: 1126.9
Iteration 24500 Time: 54602 Score: 70.5925 Size: 73.2775 Loss: 0.345 Win: 0.31 valueNorm: 5 stepSize: 0.0005 Win Time: 1121.35
Iteration 24600 Time: 54837 Score: 70.7 Size: 73.545 Loss: 0.32 Win: 0.265 valueNorm: 5 stepSize: 0.0005 Win Time: 1131.34
Iteration 24700 Time: 55080 Score: 69.575 Size: 72.49 Loss: 0.29 Win: 0.2225 valueNorm: 5 stepSize: 0.0005 Win Time: 1144.4
Iteration 24800 Time: 55305 Score: 67.9625 Size: 71.2475 Loss: 0.375 Win: 0.2775 valueNorm: 5 stepSize: 0.0005 Win Time: 1135.47
Iteration 24900 Time: 55545 Score: 73.785 Size: 75.8825 Loss: 0.3025 Win: 0.33 valueNorm: 5 stepSize: 0.0005 Win Time: 1137.79
Iteration 25000 Time: 55783 Score: 72.14 Size: 74.6275 Loss: 0.31 Win: 0.2925 valueNorm: 5 stepSize: 0.0005 Win Time: 1127.82
Evaluation score: 62.7487
