Training control Time: 1715011497
Hyperparameters: numRollouts: 2 batchSize: 0 numEpochs: 1 numIter: 50000 evalPeriod: 200 savePeriod: 200 alpha: 0.000500 GAEParam: 0.950000 
Iteration 200 Time: 176 Score: -4.04726 Size: 6.58706 Loss: 0.860697 Win: 0 valueNorm: 5 stepSize: 0.0005
Iteration 400 Time: 422 Score: 0.4325 Size: 6.8475 Loss: 0.44 Win: 0 valueNorm: 5 stepSize: 0.0005
Iteration 600 Time: 672 Score: 1.7575 Size: 7.415 Loss: 0.365 Win: 0 valueNorm: 5 stepSize: 0.0005
Iteration 800 Time: 923 Score: 2.6475 Size: 8.4325 Loss: 0.3775 Win: 0 valueNorm: 5 stepSize: 0.0005
Iteration 1000 Time: 1174 Score: 3.5925 Size: 9.4575 Loss: 0.385 Win: 0 valueNorm: 5 stepSize: 0.0005
Iteration 1200 Time: 1430 Score: 4.59 Size: 10.56 Loss: 0.395 Win: 0 valueNorm: 5 stepSize: 0.0005
Iteration 1400 Time: 1686 Score: 5.8275 Size: 11.9425 Loss: 0.41 Win: 0 valueNorm: 5 stepSize: 0.0005
Iteration 1600 Time: 1937 Score: 7.0225 Size: 13.31 Loss: 0.4275 Win: 0 valueNorm: 5 stepSize: 0.0005
Iteration 1800 Time: 2180 Score: 7.9925 Size: 14.57 Loss: 0.455 Win: 0 valueNorm: 5 stepSize: 0.0005
Iteration 2000 Time: 2413 Score: 8.94 Size: 15.4975 Loss: 0.4525 Win: 0 valueNorm: 5 stepSize: 0.0005
Iteration 2200 Time: 2642 Score: 9.675 Size: 16.3075 Loss: 0.46 Win: 0 valueNorm: 5 stepSize: 0.0005
Iteration 2400 Time: 2863 Score: 10.155 Size: 17.41 Loss: 0.5225 Win: 0 valueNorm: 5 stepSize: 0.0005
Iteration 2600 Time: 3082 Score: 10.77 Size: 18.245 Loss: 0.545 Win: 0 valueNorm: 5 stepSize: 0.0005
Iteration 2800 Time: 3286 Score: 9.7875 Size: 18.1125 Loss: 0.63 Win: 0 valueNorm: 5 stepSize: 0.0005
Iteration 3000 Time: 3499 Score: 11.195 Size: 19.565 Loss: 0.6325 Win: 0 valueNorm: 5 stepSize: 0.0005
Iteration 3200 Time: 3723 Score: 12.11 Size: 20.2575 Loss: 0.6125 Win: 0 valueNorm: 5 stepSize: 0.0005
Iteration 3400 Time: 3945 Score: 12.475 Size: 21.0325 Loss: 0.6525 Win: 0 valueNorm: 5 stepSize: 0.0005
Iteration 3600 Time: 4171 Score: 13.1875 Size: 21.6175 Loss: 0.64 Win: 0 valueNorm: 5 stepSize: 0.0005
Iteration 3800 Time: 4396 Score: 13.9375 Size: 22.9575 Loss: 0.7 Win: 0 valueNorm: 5 stepSize: 0.0005
Iteration 4000 Time: 4623 Score: 14.67 Size: 23.045 Loss: 0.635 Win: 0 valueNorm: 5 stepSize: 0.0005
Iteration 4200 Time: 4851 Score: 16.5675 Size: 24.615 Loss: 0.6025 Win: 0 valueNorm: 5 stepSize: 0.0005
Iteration 4400 Time: 5079 Score: 18.04 Size: 26.06 Loss: 0.6 Win: 0 valueNorm: 5 stepSize: 0.0005
Iteration 4600 Time: 5304 Score: 18.39 Size: 26.415 Loss: 0.6 Win: 0 valueNorm: 5 stepSize: 0.0005
Iteration 4800 Time: 5541 Score: 20.395 Size: 27.945 Loss: 0.5525 Win: 0 valueNorm: 5 stepSize: 0.0005
Iteration 5000 Time: 5777 Score: 20.85 Size: 28.3025 Loss: 0.5425 Win: 0 valueNorm: 5 stepSize: 0.0005
Iteration 5200 Time: 6016 Score: 22.2625 Size: 29.9375 Loss: 0.565 Win: 0 valueNorm: 5 stepSize: 0.0005
Iteration 5400 Time: 6259 Score: 23.3425 Size: 30.52 Loss: 0.515 Win: 0 valueNorm: 5 stepSize: 0.0005
Iteration 5600 Time: 6488 Score: 23.3575 Size: 31.365 Loss: 0.5975 Win: 0 valueNorm: 5 stepSize: 0.0005
Iteration 5800 Time: 6716 Score: 24.01 Size: 32.0825 Loss: 0.605 Win: 0 valueNorm: 5 stepSize: 0.0005
Iteration 6000 Time: 6945 Score: 25.31 Size: 33.615 Loss: 0.6275 Win: 0 valueNorm: 5 stepSize: 0.0005
Iteration 6200 Time: 7181 Score: 27.78 Size: 35.5725 Loss: 0.5775 Win: 0 valueNorm: 5 stepSize: 0.0005
Iteration 6400 Time: 7410 Score: 27.9775 Size: 35.9875 Loss: 0.5975 Win: 0 valueNorm: 5 stepSize: 0.0005
Iteration 6600 Time: 7637 Score: 29.1225 Size: 37.2175 Loss: 0.6075 Win: 0 valueNorm: 5 stepSize: 0.0005
Iteration 6800 Time: 7866 Score: 30.7575 Size: 38.805 Loss: 0.6 Win: 0 valueNorm: 5 stepSize: 0.0005
Iteration 7000 Time: 8093 Score: 31.435 Size: 39.595 Loss: 0.6125 Win: 0 valueNorm: 5 stepSize: 0.0005
Iteration 7200 Time: 8327 Score: 33.6125 Size: 41.035 Loss: 0.54 Win: 0 valueNorm: 5 stepSize: 0.0005
Iteration 7400 Time: 8569 Score: 36.0975 Size: 43.3475 Loss: 0.5225 Win: 0 valueNorm: 5 stepSize: 0.0005
Iteration 7600 Time: 8810 Score: 38.01 Size: 45.2575 Loss: 0.52 Win: 0 valueNorm: 5 stepSize: 0.0005
Iteration 7800 Time: 9049 Score: 38.195 Size: 45.3525 Loss: 0.5125 Win: 0 valueNorm: 5 stepSize: 0.0005
Iteration 8000 Time: 9292 Score: 40.165 Size: 47.0125 Loss: 0.4825 Win: 0 valueNorm: 5 stepSize: 0.0005
Iteration 8200 Time: 9547 Score: 43.2775 Size: 49.53 Loss: 0.4225 Win: 0 valueNorm: 5 stepSize: 0.0005
Iteration 8400 Time: 9792 Score: 42.9575 Size: 49.955 Loss: 0.4975 Win: 0 valueNorm: 5 stepSize: 0.0005
Iteration 8600 Time: 10039 Score: 43.69 Size: 50.015 Loss: 0.43 Win: 0 valueNorm: 5 stepSize: 0.0005
Iteration 8800 Time: 10288 Score: 45.9475 Size: 51.99 Loss: 0.4025 Win: 0 valueNorm: 5 stepSize: 0.0005
Iteration 9000 Time: 10537 Score: 43.37 Size: 49.9575 Loss: 0.455 Win: 0 valueNorm: 5 stepSize: 0.0005
Iteration 9200 Time: 10806 Score: 47.14 Size: 52.64 Loss: 0.3475 Win: 0 valueNorm: 5 stepSize: 0.0005
Iteration 9400 Time: 11066 Score: 46.1275 Size: 52.225 Loss: 0.4075 Win: 0 valueNorm: 5 stepSize: 0.0005
Iteration 9600 Time: 11335 Score: 47.83 Size: 53.5425 Loss: 0.37 Win: 0 valueNorm: 5 stepSize: 0.0005
Iteration 9800 Time: 11599 Score: 48.41 Size: 54.2075 Loss: 0.3775 Win: 0 valueNorm: 5 stepSize: 0.0005
Iteration 10000 Time: 11868 Score: 49.63 Size: 55.28 Loss: 0.3625 Win: 0 valueNorm: 5 stepSize: 0.0005
Iteration 10200 Time: 12136 Score: 50.255 Size: 55.6 Loss: 0.3325 Win: 0 valueNorm: 5 stepSize: 0.0005
Iteration 10400 Time: 12402 Score: 49.93 Size: 55.5275 Loss: 0.3575 Win: 0 valueNorm: 5 stepSize: 0.0005
Iteration 10600 Time: 12665 Score: 50.1325 Size: 55.9275 Loss: 0.3775 Win: 0 valueNorm: 5 stepSize: 0.0005
Iteration 10800 Time: 12932 Score: 51.465 Size: 56.965 Loss: 0.3475 Win: 0 valueNorm: 5 stepSize: 0.0005
Iteration 11000 Time: 13193 Score: 50.635 Size: 56.25 Loss: 0.36 Win: 0 valueNorm: 5 stepSize: 0.0005
Iteration 11200 Time: 13458 Score: 51.305 Size: 56.8325 Loss: 0.35 Win: 0 valueNorm: 5 stepSize: 0.0005
Iteration 11400 Time: 13721 Score: 50.98 Size: 56.4575 Loss: 0.345 Win: 0 valueNorm: 5 stepSize: 0.0005
Iteration 11600 Time: 13990 Score: 52.8325 Size: 57.7725 Loss: 0.2925 Win: 0 valueNorm: 5 stepSize: 0.0005
Iteration 11800 Time: 14256 Score: 52.335 Size: 57.685 Loss: 0.3325 Win: 0 valueNorm: 5 stepSize: 0.0005
Iteration 12000 Time: 14510 Score: 52.755 Size: 58.0875 Loss: 0.33 Win: 0 valueNorm: 5 stepSize: 0.0005
Iteration 12200 Time: 14767 Score: 53.2975 Size: 58.0425 Loss: 0.2725 Win: 0 valueNorm: 5 stepSize: 0.0005
Iteration 12400 Time: 15019 Score: 53.1025 Size: 58.2825 Loss: 0.315 Win: 0 valueNorm: 5 stepSize: 0.0005
Iteration 12600 Time: 15272 Score: 54.0025 Size: 59.0375 Loss: 0.3 Win: 0 valueNorm: 5 stepSize: 0.0005
Iteration 12800 Time: 15527 Score: 53.855 Size: 59.1725 Loss: 0.33 Win: 0 valueNorm: 5 stepSize: 0.0005
Iteration 13000 Time: 15784 Score: 55.14 Size: 60.0675 Loss: 0.29 Win: 0 valueNorm: 5 stepSize: 0.0005
Iteration 13200 Time: 16038 Score: 54.595 Size: 59.845 Loss: 0.3225 Win: 0 valueNorm: 5 stepSize: 0.0005
Iteration 13400 Time: 16295 Score: 55.2075 Size: 60.4475 Loss: 0.3225 Win: 0 valueNorm: 5 stepSize: 0.0005
Iteration 13600 Time: 16552 Score: 54.84 Size: 59.95 Loss: 0.31 Win: 0 valueNorm: 5 stepSize: 0.0005
Iteration 13800 Time: 16813 Score: 54.365 Size: 59.7725 Loss: 0.34 Win: 0 valueNorm: 5 stepSize: 0.0005
Iteration 14000 Time: 17083 Score: 55.9725 Size: 60.565 Loss: 0.2575 Win: 0 valueNorm: 5 stepSize: 0.0005
Iteration 14200 Time: 17352 Score: 55.7525 Size: 60.8775 Loss: 0.31 Win: 0 valueNorm: 5 stepSize: 0.0005
Iteration 14400 Time: 17616 Score: 54.9675 Size: 60.295 Loss: 0.33 Win: 0 valueNorm: 5 stepSize: 0.0005
Iteration 14600 Time: 17882 Score: 55.6475 Size: 60.6525 Loss: 0.2975 Win: 0 valueNorm: 5 stepSize: 0.0005
Iteration 14800 Time: 18148 Score: 55.2825 Size: 60.615 Loss: 0.33 Win: 0 valueNorm: 5 stepSize: 0.0005
Iteration 15000 Time: 18413 Score: 55.7875 Size: 60.745 Loss: 0.2925 Win: 0 valueNorm: 5 stepSize: 0.0005
Iteration 15200 Time: 18681 Score: 56.42 Size: 61.2925 Loss: 0.285 Win: 0 valueNorm: 5 stepSize: 0.0005
Iteration 15400 Time: 18948 Score: 57.4825 Size: 62.3275 Loss: 0.2825 Win: 0 valueNorm: 5 stepSize: 0.0005
Iteration 15600 Time: 19202 Score: 56.6275 Size: 61.5075 Loss: 0.285 Win: 0 valueNorm: 5 stepSize: 0.0005
Iteration 15800 Time: 19454 Score: 56.025 Size: 61.2025 Loss: 0.315 Win: 0 valueNorm: 5 stepSize: 0.0005
Iteration 16000 Time: 19703 Score: 55.265 Size: 60.2825 Loss: 0.3 Win: 0 valueNorm: 5 stepSize: 0.0005
Iteration 16200 Time: 19954 Score: 55.29 Size: 60.2 Loss: 0.2875 Win: 0 valueNorm: 5 stepSize: 0.0005
Iteration 16400 Time: 20203 Score: 54.715 Size: 60.1975 Loss: 0.345 Win: 0 valueNorm: 5 stepSize: 0.0005
Iteration 16600 Time: 20460 Score: 57.1475 Size: 62.1625 Loss: 0.3 Win: 0 valueNorm: 5 stepSize: 0.0005
Iteration 16800 Time: 20712 Score: 56.07 Size: 61.2775 Loss: 0.3175 Win: 0 valueNorm: 5 stepSize: 0.0005
Iteration 17000 Time: 20965 Score: 56.25 Size: 61.435 Loss: 0.315 Win: 0 valueNorm: 5 stepSize: 0.0005
Iteration 17200 Time: 21220 Score: 56.925 Size: 62.2675 Loss: 0.3325 Win: 0 valueNorm: 5 stepSize: 0.0005
Iteration 17400 Time: 21469 Score: 55.435 Size: 60.815 Loss: 0.335 Win: 0 valueNorm: 5 stepSize: 0.0005
Iteration 17600 Time: 21720 Score: 56.125 Size: 61.79 Loss: 0.3625 Win: 0 valueNorm: 5 stepSize: 0.0005
Iteration 17800 Time: 21977 Score: 56.8175 Size: 61.8225 Loss: 0.2975 Win: 0 valueNorm: 5 stepSize: 0.0005
Iteration 18000 Time: 22234 Score: 56.86 Size: 61.735 Loss: 0.285 Win: 0 valueNorm: 5 stepSize: 0.0005
Iteration 18200 Time: 22490 Score: 57.5675 Size: 62.6575 Loss: 0.3075 Win: 0 valueNorm: 5 stepSize: 0.0005
Iteration 18400 Time: 22744 Score: 56.65 Size: 61.6475 Loss: 0.2975 Win: 0 valueNorm: 5 stepSize: 0.0005
Iteration 18600 Time: 23001 Score: 57.595 Size: 62.505 Loss: 0.2875 Win: 0 valueNorm: 5 stepSize: 0.0005
Iteration 18800 Time: 23256 Score: 57.0375 Size: 61.85 Loss: 0.2775 Win: 0 valueNorm: 5 stepSize: 0.0005
Iteration 19000 Time: 23512 Score: 58.0075 Size: 63.19 Loss: 0.315 Win: 0 valueNorm: 5 stepSize: 0.0005
Iteration 19200 Time: 23774 Score: 57.79 Size: 62.4975 Loss: 0.2675 Win: 0 valueNorm: 5 stepSize: 0.0005
Iteration 19400 Time: 24036 Score: 57.51 Size: 62.4125 Loss: 0.2875 Win: 0 valueNorm: 5 stepSize: 0.0005
Iteration 19600 Time: 24296 Score: 57.37 Size: 62.63 Loss: 0.3225 Win: 0 valueNorm: 5 stepSize: 0.0005
Iteration 19800 Time: 24559 Score: 57.85 Size: 62.8 Loss: 0.2925 Win: 0 valueNorm: 5 stepSize: 0.0005
Iteration 20000 Time: 24823 Score: 57.895 Size: 62.61 Loss: 0.2675 Win: 0 valueNorm: 5 stepSize: 0.0005
Iteration 20200 Time: 25086 Score: 57.925 Size: 62.835 Loss: 0.2875 Win: 0 valueNorm: 5 stepSize: 0.0005
Iteration 20400 Time: 25341 Score: 56.7225 Size: 62.2275 Loss: 0.3475 Win: 0 valueNorm: 5 stepSize: 0.0005
Iteration 20600 Time: 25602 Score: 57.8875 Size: 62.9 Loss: 0.2975 Win: 0 valueNorm: 5 stepSize: 0.0005
Iteration 20800 Time: 25864 Score: 58.2075 Size: 63.1825 Loss: 0.295 Win: 0 valueNorm: 5 stepSize: 0.0005
Iteration 21000 Time: 26125 Score: 57.6425 Size: 62.785 Loss: 0.31 Win: 0 valueNorm: 5 stepSize: 0.0005
Iteration 21200 Time: 26388 Score: 58.2325 Size: 63.185 Loss: 0.2925 Win: 0 valueNorm: 5 stepSize: 0.0005
Iteration 21400 Time: 26649 Score: 57.8425 Size: 62.8925 Loss: 0.3025 Win: 0 valueNorm: 5 stepSize: 0.0005
Iteration 21600 Time: 26905 Score: 56.71 Size: 61.8475 Loss: 0.31 Win: 0 valueNorm: 5 stepSize: 0.0005
Iteration 21800 Time: 27172 Score: 59.3725 Size: 64.2925 Loss: 0.29 Win: 0 valueNorm: 5 stepSize: 0.0005
Iteration 22000 Time: 27439 Score: 58.9875 Size: 63.84 Loss: 0.2825 Win: 0 valueNorm: 5 stepSize: 0.0005
Iteration 22200 Time: 27701 Score: 57.7 Size: 63.07 Loss: 0.3325 Win: 0 valueNorm: 5 stepSize: 0.0005
Iteration 22400 Time: 27961 Score: 57.6525 Size: 63.335 Loss: 0.365 Win: 0 valueNorm: 5 stepSize: 0.0005
Iteration 22600 Time: 28224 Score: 58.3275 Size: 63.2275 Loss: 0.2875 Win: 0 valueNorm: 5 stepSize: 0.0005
Iteration 22800 Time: 28492 Score: 59.8075 Size: 64.7325 Loss: 0.29 Win: 0 valueNorm: 5 stepSize: 0.0005
Iteration 23000 Time: 28755 Score: 59.0825 Size: 64.0475 Loss: 0.2925 Win: 0 valueNorm: 5 stepSize: 0.0005
Iteration 23200 Time: 29022 Score: 59.63 Size: 64.6425 Loss: 0.2975 Win: 0 valueNorm: 5 stepSize: 0.0005
Iteration 23400 Time: 29288 Score: 59.8675 Size: 64.7325 Loss: 0.285 Win: 0 valueNorm: 5 stepSize: 0.0005
Iteration 23600 Time: 29552 Score: 59.4225 Size: 64.2375 Loss: 0.2775 Win: 0 valueNorm: 5 stepSize: 0.0005
Iteration 23800 Time: 29816 Score: 59.01 Size: 63.7925 Loss: 0.275 Win: 0 valueNorm: 5 stepSize: 0.0005
Iteration 24000 Time: 30073 Score: 57.1025 Size: 62.21 Loss: 0.3075 Win: 0 valueNorm: 5 stepSize: 0.0005
Iteration 24200 Time: 30331 Score: 57.34 Size: 62.48 Loss: 0.31 Win: 0 valueNorm: 5 stepSize: 0.0005
Iteration 24400 Time: 30594 Score: 58.7775 Size: 63.89 Loss: 0.3075 Win: 0 valueNorm: 5 stepSize: 0.0005
Iteration 24600 Time: 30854 Score: 58.345 Size: 63.4975 Loss: 0.3125 Win: 0 valueNorm: 5 stepSize: 0.0005
Iteration 24800 Time: 31114 Score: 58.415 Size: 63.48 Loss: 0.3025 Win: 0 valueNorm: 5 stepSize: 0.0005
Iteration 25000 Time: 31373 Score: 58.2925 Size: 63.3125 Loss: 0.3 Win: 0 valueNorm: 5 stepSize: 0.0005
Iteration 25200 Time: 31639 Score: 59.925 Size: 64.805 Loss: 0.285 Win: 0 valueNorm: 5 stepSize: 0.0005
Iteration 25400 Time: 31905 Score: 60.185 Size: 64.9625 Loss: 0.275 Win: 0 valueNorm: 5 stepSize: 0.0005
Iteration 25600 Time: 32166 Score: 58.5625 Size: 63.72 Loss: 0.3125 Win: 0 valueNorm: 5 stepSize: 0.0005
Iteration 25800 Time: 32425 Score: 58.585 Size: 63.79 Loss: 0.315 Win: 0 valueNorm: 5 stepSize: 0.0005
Iteration 26000 Time: 32687 Score: 59.1825 Size: 64.1375 Loss: 0.2925 Win: 0 valueNorm: 5 stepSize: 0.0005
Iteration 26200 Time: 32951 Score: 60.025 Size: 64.905 Loss: 0.285 Win: 0 valueNorm: 5 stepSize: 0.0005
Iteration 26400 Time: 33208 Score: 57.6675 Size: 62.895 Loss: 0.32 Win: 0 valueNorm: 5 stepSize: 0.0005
Iteration 26600 Time: 33470 Score: 59.95 Size: 64.95 Loss: 0.2975 Win: 0 valueNorm: 5 stepSize: 0.0005
Iteration 26800 Time: 33728 Score: 58.9025 Size: 64.305 Loss: 0.335 Win: 0 valueNorm: 5 stepSize: 0.0005
Iteration 27000 Time: 33991 Score: 60.1525 Size: 64.965 Loss: 0.2775 Win: 0 valueNorm: 5 stepSize: 0.0005
Iteration 27200 Time: 34250 Score: 58.895 Size: 64.1875 Loss: 0.3275 Win: 0 valueNorm: 5 stepSize: 0.0005
Iteration 27400 Time: 34514 Score: 60.025 Size: 64.9325 Loss: 0.2875 Win: 0 valueNorm: 5 stepSize: 0.0005
Iteration 27600 Time: 34777 Score: 59.525 Size: 64.6 Loss: 0.305 Win: 0 valueNorm: 5 stepSize: 0.0005
Iteration 27800 Time: 35041 Score: 59.51 Size: 64.7675 Loss: 0.3225 Win: 0 valueNorm: 5 stepSize: 0.0005
Iteration 28000 Time: 35300 Score: 59.28 Size: 64.39 Loss: 0.3075 Win: 0 valueNorm: 5 stepSize: 0.0005
Iteration 28200 Time: 35556 Score: 58.3425 Size: 63.9225 Loss: 0.355 Win: 0 valueNorm: 5 stepSize: 0.0005
Iteration 28400 Time: 35813 Score: 59.325 Size: 64.42 Loss: 0.305 Win: 0 valueNorm: 5 stepSize: 0.0005
Iteration 28600 Time: 36074 Score: 60.24 Size: 65.655 Loss: 0.3375 Win: 0 valueNorm: 5 stepSize: 0.0005
Iteration 28800 Time: 36334 Score: 60.085 Size: 65.24 Loss: 0.3125 Win: 0 valueNorm: 5 stepSize: 0.0005
Iteration 29000 Time: 36596 Score: 59.95 Size: 65.12 Loss: 0.3125 Win: 0 valueNorm: 5 stepSize: 0.0005
Iteration 29200 Time: 36858 Score: 60.295 Size: 65.2575 Loss: 0.2925 Win: 0 valueNorm: 5 stepSize: 0.0005
Iteration 29400 Time: 37123 Score: 60.4825 Size: 65.3925 Loss: 0.2875 Win: 0 valueNorm: 5 stepSize: 0.0005
Iteration 29600 Time: 37387 Score: 61.35 Size: 65.9925 Loss: 0.2625 Win: 0 valueNorm: 5 stepSize: 0.0005
Iteration 29800 Time: 37654 Score: 61.555 Size: 66.5375 Loss: 0.295 Win: 0 valueNorm: 5 stepSize: 0.0005
Iteration 30000 Time: 37912 Score: 59.49 Size: 64.805 Loss: 0.3275 Win: 0 valueNorm: 5 stepSize: 0.0005
Iteration 30200 Time: 38168 Score: 58.7175 Size: 64.06 Loss: 0.33 Win: 0 valueNorm: 5 stepSize: 0.0005
Iteration 30400 Time: 38433 Score: 60.6625 Size: 65.5375 Loss: 0.285 Win: 0 valueNorm: 5 stepSize: 0.0005
Iteration 30600 Time: 38697 Score: 60.9675 Size: 65.8325 Loss: 0.2825 Win: 0 valueNorm: 5 stepSize: 0.0005
Iteration 30800 Time: 38959 Score: 60.01 Size: 64.9625 Loss: 0.2925 Win: 0 valueNorm: 5 stepSize: 0.0005
Iteration 31000 Time: 39228 Score: 62.7325 Size: 67.4875 Loss: 0.2725 Win: 0 valueNorm: 5 stepSize: 0.0005
Iteration 31200 Time: 39499 Score: 62.8075 Size: 67.3675 Loss: 0.2525 Win: 0 valueNorm: 5 stepSize: 0.0005
Iteration 31400 Time: 39757 Score: 59.83 Size: 65.0975 Loss: 0.3225 Win: 0 valueNorm: 5 stepSize: 0.0005
Iteration 31600 Time: 40020 Score: 60.1525 Size: 64.955 Loss: 0.2775 Win: 0 valueNorm: 5 stepSize: 0.0005
Iteration 31800 Time: 40291 Score: 61.0125 Size: 65.915 Loss: 0.285 Win: 0 valueNorm: 5 stepSize: 0.0005
Iteration 32000 Time: 40566 Score: 62.21 Size: 67.145 Loss: 0.29 Win: 0 valueNorm: 5 stepSize: 0.0005
Iteration 32200 Time: 40830 Score: 59.825 Size: 64.9675 Loss: 0.31 Win: 0 valueNorm: 5 stepSize: 0.0005
Iteration 32400 Time: 41102 Score: 61.6325 Size: 66.8275 Loss: 0.315 Win: 0 valueNorm: 5 stepSize: 0.0005
Iteration 32600 Time: 41379 Score: 62.4875 Size: 67.29 Loss: 0.2775 Win: 0 valueNorm: 5 stepSize: 0.0005
Iteration 32800 Time: 41646 Score: 60.7575 Size: 65.97 Loss: 0.3175 Win: 0 valueNorm: 5 stepSize: 0.0005
Iteration 33000 Time: 41917 Score: 60.8525 Size: 65.66 Loss: 0.2775 Win: 0 valueNorm: 5 stepSize: 0.0005
Iteration 33200 Time: 42188 Score: 61.1725 Size: 66.09 Loss: 0.2875 Win: 0 valueNorm: 5 stepSize: 0.0005
Iteration 33400 Time: 42461 Score: 61.3475 Size: 66.365 Loss: 0.2975 Win: 0 valueNorm: 5 stepSize: 0.0005
Iteration 33600 Time: 42732 Score: 61.71 Size: 66.275 Loss: 0.2525 Win: 0 valueNorm: 5 stepSize: 0.0005
Iteration 33800 Time: 42999 Score: 60.9475 Size: 65.915 Loss: 0.2925 Win: 0 valueNorm: 5 stepSize: 0.0005
Iteration 34000 Time: 43266 Score: 61.3975 Size: 66.425 Loss: 0.3 Win: 0 valueNorm: 5 stepSize: 0.0005
Iteration 34200 Time: 43528 Score: 61.07 Size: 66.2575 Loss: 0.315 Win: 0 valueNorm: 5 stepSize: 0.0005
Iteration 34400 Time: 43796 Score: 62.245 Size: 67.0875 Loss: 0.28 Win: 0 valueNorm: 5 stepSize: 0.0005
Iteration 34600 Time: 44060 Score: 61.6375 Size: 66.8 Loss: 0.3125 Win: 0 valueNorm: 5 stepSize: 0.0005
Iteration 34800 Time: 44320 Score: 61.23 Size: 66.49 Loss: 0.32 Win: 0 valueNorm: 5 stepSize: 0.0005
Iteration 35000 Time: 44588 Score: 62.2025 Size: 66.99 Loss: 0.275 Win: 0 valueNorm: 5 stepSize: 0.0005
Iteration 35200 Time: 44848 Score: 60.8275 Size: 66.1425 Loss: 0.3275 Win: 0 valueNorm: 5 stepSize: 0.0005
Iteration 35400 Time: 45111 Score: 62.0175 Size: 66.985 Loss: 0.2925 Win: 0 valueNorm: 5 stepSize: 0.0005
Iteration 35600 Time: 45374 Score: 61.27 Size: 66.2425 Loss: 0.2925 Win: 0 valueNorm: 5 stepSize: 0.0005
Iteration 35800 Time: 45645 Score: 63.5525 Size: 68.0725 Loss: 0.25 Win: 0 valueNorm: 5 stepSize: 0.0005
Iteration 36000 Time: 45912 Score: 62.54 Size: 67.3775 Loss: 0.28 Win: 0 valueNorm: 5 stepSize: 0.0005
Iteration 36200 Time: 46180 Score: 63.615 Size: 68.56 Loss: 0.29 Win: 0 valueNorm: 5 stepSize: 0.0005
Iteration 36400 Time: 46440 Score: 60.96 Size: 66.1725 Loss: 0.32 Win: 0.0025 valueNorm: 5 stepSize: 0.0005 Win Time: 1129
Iteration 36600 Time: 46695 Score: 60.0075 Size: 65.3725 Loss: 0.3325 Win: 0 valueNorm: 5 stepSize: 0.0005
Iteration 36800 Time: 46960 Score: 62.3 Size: 67.4175 Loss: 0.3075 Win: 0 valueNorm: 5 stepSize: 0.0005
Iteration 37000 Time: 47230 Score: 63.265 Size: 68.2075 Loss: 0.29 Win: 0 valueNorm: 5 stepSize: 0.0005
Iteration 37200 Time: 47495 Score: 63.0425 Size: 67.7825 Loss: 0.27 Win: 0 valueNorm: 5 stepSize: 0.0005
Iteration 37400 Time: 47762 Score: 63.4375 Size: 68.1675 Loss: 0.27 Win: 0 valueNorm: 5 stepSize: 0.0005
Iteration 37600 Time: 48032 Score: 64.5425 Size: 69.18 Loss: 0.26 Win: 0 valueNorm: 5 stepSize: 0.0005
Iteration 37800 Time: 48298 Score: 62.91 Size: 67.825 Loss: 0.2875 Win: 0 valueNorm: 5 stepSize: 0.0005
Iteration 38000 Time: 48551 Score: 59.805 Size: 65.52 Loss: 0.3675 Win: 0 valueNorm: 5 stepSize: 0.0005
Iteration 38200 Time: 48817 Score: 63.47 Size: 68.1 Loss: 0.2575 Win: 0 valueNorm: 5 stepSize: 0.0005
Iteration 38400 Time: 49083 Score: 62.7875 Size: 67.9525 Loss: 0.3125 Win: 0 valueNorm: 5 stepSize: 0.0005
Iteration 38600 Time: 49348 Score: 62.96 Size: 67.8375 Loss: 0.2825 Win: 0 valueNorm: 5 stepSize: 0.0005
Iteration 38800 Time: 49614 Score: 62.86 Size: 67.85 Loss: 0.295 Win: 0 valueNorm: 5 stepSize: 0.0005
Iteration 39000 Time: 49881 Score: 63.8 Size: 68.7625 Loss: 0.29 Win: 0 valueNorm: 5 stepSize: 0.0005
Iteration 39200 Time: 50147 Score: 62.7 Size: 67.65 Loss: 0.29 Win: 0 valueNorm: 5 stepSize: 0.0005
Iteration 39400 Time: 50412 Score: 63.33 Size: 68.4975 Loss: 0.3125 Win: 0 valueNorm: 5 stepSize: 0.0005
Iteration 39600 Time: 50676 Score: 63.095 Size: 68.0575 Loss: 0.2925 Win: 0 valueNorm: 5 stepSize: 0.0005
Iteration 39800 Time: 50939 Score: 62.5975 Size: 67.8475 Loss: 0.32 Win: 0 valueNorm: 5 stepSize: 0.0005
Iteration 40000 Time: 51206 Score: 63.645 Size: 68.6475 Loss: 0.295 Win: 0 valueNorm: 5 stepSize: 0.0005
Iteration 40200 Time: 51470 Score: 62.25 Size: 67.3425 Loss: 0.305 Win: 0 valueNorm: 5 stepSize: 0.0005
Iteration 40400 Time: 51738 Score: 63.6425 Size: 68.4275 Loss: 0.275 Win: 0 valueNorm: 5 stepSize: 0.0005
Iteration 40600 Time: 52004 Score: 63.7125 Size: 68.865 Loss: 0.31 Win: 0 valueNorm: 5 stepSize: 0.0005
Iteration 40800 Time: 52272 Score: 64.375 Size: 69.2325 Loss: 0.28 Win: 0 valueNorm: 5 stepSize: 0.0005
Iteration 41000 Time: 52535 Score: 63.4125 Size: 68.3125 Loss: 0.285 Win: 0 valueNorm: 5 stepSize: 0.0005
Iteration 41200 Time: 52800 Score: 63.2925 Size: 68.625 Loss: 0.3275 Win: 0 valueNorm: 5 stepSize: 0.0005
Iteration 41400 Time: 53064 Score: 63.2525 Size: 68.2125 Loss: 0.2925 Win: 0 valueNorm: 5 stepSize: 0.0005
Iteration 41600 Time: 53332 Score: 63.9275 Size: 68.8225 Loss: 0.285 Win: 0 valueNorm: 5 stepSize: 0.0005
Iteration 41800 Time: 53601 Score: 63.935 Size: 68.81 Loss: 0.2825 Win: 0 valueNorm: 5 stepSize: 0.0005
Iteration 42000 Time: 53870 Score: 64.6775 Size: 69.28 Loss: 0.2575 Win: 0 valueNorm: 5 stepSize: 0.0005
Iteration 42200 Time: 54134 Score: 63.78 Size: 68.875 Loss: 0.305 Win: 0 valueNorm: 5 stepSize: 0.0005
Iteration 42400 Time: 54401 Score: 64.1375 Size: 69.3625 Loss: 0.3175 Win: 0 valueNorm: 5 stepSize: 0.0005
Iteration 42600 Time: 54665 Score: 64.455 Size: 69.575 Loss: 0.3075 Win: 0 valueNorm: 5 stepSize: 0.0005
Iteration 42800 Time: 54930 Score: 64.17 Size: 69.3875 Loss: 0.3175 Win: 0 valueNorm: 5 stepSize: 0.0005
Iteration 43000 Time: 55190 Score: 62.6975 Size: 67.975 Loss: 0.3225 Win: 0 valueNorm: 5 stepSize: 0.0005
Iteration 43200 Time: 55459 Score: 64.535 Size: 69.595 Loss: 0.3025 Win: 0 valueNorm: 5 stepSize: 0.0005
Iteration 43400 Time: 55727 Score: 64.18 Size: 68.97 Loss: 0.275 Win: 0 valueNorm: 5 stepSize: 0.0005
Iteration 43600 Time: 55987 Score: 63.255 Size: 68.48 Loss: 0.3175 Win: 0 valueNorm: 5 stepSize: 0.0005
Iteration 43800 Time: 56250 Score: 64.795 Size: 69.4575 Loss: 0.2625 Win: 0 valueNorm: 5 stepSize: 0.0005
Iteration 44000 Time: 56511 Score: 64.2525 Size: 69.0875 Loss: 0.28 Win: 0 valueNorm: 5 stepSize: 0.0005
Iteration 44200 Time: 56773 Score: 64.1625 Size: 69.0325 Loss: 0.2825 Win: 0 valueNorm: 5 stepSize: 0.0005
Iteration 44400 Time: 57033 Score: 64.3675 Size: 69.6425 Loss: 0.3225 Win: 0 valueNorm: 5 stepSize: 0.0005
Iteration 44600 Time: 57299 Score: 65.04 Size: 69.785 Loss: 0.27 Win: 0 valueNorm: 5 stepSize: 0.0005
Iteration 44800 Time: 57558 Score: 63.7375 Size: 68.6775 Loss: 0.2875 Win: 0 valueNorm: 5 stepSize: 0.0005
Iteration 45000 Time: 57811 Score: 62.915 Size: 67.7 Loss: 0.275 Win: 0 valueNorm: 5 stepSize: 0.0005
Iteration 45200 Time: 58067 Score: 64.0075 Size: 69.1275 Loss: 0.3075 Win: 0 valueNorm: 5 stepSize: 0.0005
Iteration 45400 Time: 58331 Score: 66.1425 Size: 71.035 Loss: 0.285 Win: 0 valueNorm: 5 stepSize: 0.0005
Iteration 45600 Time: 58589 Score: 65.3375 Size: 70.265 Loss: 0.29 Win: 0 valueNorm: 5 stepSize: 0.0005
Iteration 45800 Time: 58849 Score: 64.85 Size: 69.825 Loss: 0.2925 Win: 0 valueNorm: 5 stepSize: 0.0005
Iteration 46000 Time: 59109 Score: 65.185 Size: 70.1275 Loss: 0.29 Win: 0 valueNorm: 5 stepSize: 0.0005
Iteration 46200 Time: 59368 Score: 64.9075 Size: 69.86 Loss: 0.29 Win: 0 valueNorm: 5 stepSize: 0.0005
Iteration 46400 Time: 59628 Score: 65.76 Size: 70.445 Loss: 0.265 Win: 0 valueNorm: 5 stepSize: 0.0005
Iteration 46600 Time: 59884 Score: 64.2525 Size: 69.0825 Loss: 0.2775 Win: 0 valueNorm: 5 stepSize: 0.0005
Iteration 46800 Time: 60145 Score: 65.6675 Size: 70.705 Loss: 0.3 Win: 0 valueNorm: 5 stepSize: 0.0005
Iteration 47000 Time: 60395 Score: 63.75 Size: 68.8225 Loss: 0.3025 Win: 0 valueNorm: 5 stepSize: 0.0005
Iteration 47200 Time: 60658 Score: 65.9425 Size: 70.49 Loss: 0.25 Win: 0 valueNorm: 5 stepSize: 0.0005
Iteration 47400 Time: 60921 Score: 66.1175 Size: 70.63 Loss: 0.2475 Win: 0 valueNorm: 5 stepSize: 0.0005
Iteration 47600 Time: 61183 Score: 67.2675 Size: 72.0375 Loss: 0.2725 Win: 0 valueNorm: 5 stepSize: 0.0005
Iteration 47800 Time: 61445 Score: 66.31 Size: 71.0775 Loss: 0.2725 Win: 0 valueNorm: 5 stepSize: 0.0005
Iteration 48000 Time: 61702 Score: 65.4875 Size: 70.3775 Loss: 0.2825 Win: 0 valueNorm: 5 stepSize: 0.0005
Iteration 48200 Time: 61955 Score: 64.5375 Size: 69.5475 Loss: 0.2975 Win: 0 valueNorm: 5 stepSize: 0.0005
Iteration 48400 Time: 62208 Score: 64.4725 Size: 69.7275 Loss: 0.3225 Win: 0.0025 valueNorm: 5 stepSize: 0.0005 Win Time: 1185
Iteration 48600 Time: 62463 Score: 65.9725 Size: 70.8325 Loss: 0.2825 Win: 0.0025 valueNorm: 5 stepSize: 0.0005 Win Time: 1138
Iteration 48800 Time: 62722 Score: 66.8125 Size: 71.1925 Loss: 0.2325 Win: 0 valueNorm: 5 stepSize: 0.0005
Iteration 49000 Time: 62980 Score: 65.8275 Size: 70.765 Loss: 0.29 Win: 0 valueNorm: 5 stepSize: 0.0005
Iteration 49200 Time: 63234 Score: 65.18 Size: 70.16 Loss: 0.2925 Win: 0 valueNorm: 5 stepSize: 0.0005
Iteration 49400 Time: 63486 Score: 64.8725 Size: 69.73 Loss: 0.28 Win: 0 valueNorm: 5 stepSize: 0.0005
Iteration 49600 Time: 63739 Score: 64.8825 Size: 69.6775 Loss: 0.275 Win: 0 valueNorm: 5 stepSize: 0.0005
Iteration 49800 Time: 63997 Score: 66.42 Size: 71.2025 Loss: 0.275 Win: 0 valueNorm: 5 stepSize: 0.0005
Iteration 50000 Time: 64255 Score: 66.2825 Size: 71.095 Loss: 0.275 Win: 0 valueNorm: 5 stepSize: 0.0005
Evaluation score: 62.5572
