Training control Time: 1715011497
Hyperparameters: numRollouts: 1 batchSize: 512 numEpochs: 1 numIter: 100000 evalPeriod: 400 savePeriod: 400 alpha: 0.001000 GAEParam: 1.000000 
Iteration 400 Time: 245 Score: -2.28516 Size: 7.01953 Loss: 0.728516 Win: 0 valueNorm: 5 stepSize: 0.001
Iteration 800 Time: 518 Score: 2.01364 Size: 8.13636 Loss: 0.411364 Win: 0 valueNorm: 5 stepSize: 0.001
Iteration 1200 Time: 783 Score: 3.81857 Size: 10.7927 Loss: 0.4946 Win: 0 valueNorm: 5 stepSize: 0.001
Iteration 1600 Time: 1055 Score: 7.65873 Size: 14.9504 Loss: 0.525794 Win: 0 valueNorm: 5 stepSize: 0.001
Iteration 2000 Time: 1343 Score: 10.7674 Size: 16.9483 Loss: 0.415507 Win: 0 valueNorm: 5 stepSize: 0.001
Iteration 2400 Time: 1648 Score: 13.5455 Size: 19.6687 Loss: 0.410101 Win: 0 valueNorm: 5 stepSize: 0.001
Iteration 2800 Time: 1953 Score: 14.4797 Size: 20.6423 Loss: 0.414634 Win: 0 valueNorm: 5 stepSize: 0.001
Iteration 3200 Time: 2263 Score: 15.9895 Size: 21.6423 Loss: 0.364017 Win: 0 valueNorm: 5 stepSize: 0.001
Iteration 3600 Time: 2572 Score: 16.8664 Size: 22.4697 Loss: 0.359081 Win: 0 valueNorm: 5 stepSize: 0.001
Iteration 4000 Time: 2877 Score: 17.0679 Size: 23.1564 Loss: 0.407407 Win: 0 valueNorm: 5 stepSize: 0.001
Iteration 4400 Time: 3181 Score: 18.0148 Size: 23.8288 Loss: 0.38055 Win: 0 valueNorm: 5 stepSize: 0.001
Iteration 4800 Time: 3488 Score: 17.5984 Size: 23.6687 Loss: 0.405622 Win: 0 valueNorm: 5 stepSize: 0.001
Iteration 5200 Time: 3792 Score: 19.0319 Size: 24.7191 Loss: 0.368085 Win: 0 valueNorm: 5 stepSize: 0.001
Iteration 5600 Time: 4094 Score: 21.0637 Size: 26.5407 Loss: 0.347253 Win: 0 valueNorm: 5 stepSize: 0.001
Iteration 6000 Time: 4397 Score: 20.7205 Size: 26.9565 Loss: 0.42236 Win: 0 valueNorm: 5 stepSize: 0.001
Iteration 6400 Time: 4697 Score: 22.9763 Size: 28.8581 Loss: 0.387097 Win: 0 valueNorm: 5 stepSize: 0.001
Iteration 6800 Time: 4981 Score: 24.5468 Size: 30.7574 Loss: 0.419149 Win: 0 valueNorm: 5 stepSize: 0.001
Iteration 7200 Time: 5262 Score: 25.4772 Size: 32.4357 Loss: 0.493776 Win: 0 valueNorm: 5 stepSize: 0.001
Iteration 7600 Time: 5533 Score: 28.6911 Size: 35.784 Loss: 0.507559 Win: 0 valueNorm: 5 stepSize: 0.001
Iteration 8000 Time: 5812 Score: 31.9165 Size: 38.7794 Loss: 0.48394 Win: 0 valueNorm: 5 stepSize: 0.001
Iteration 8400 Time: 6090 Score: 34.2052 Size: 40.6091 Loss: 0.438445 Win: 0 valueNorm: 5 stepSize: 0.001
Iteration 8800 Time: 6366 Score: 37.3053 Size: 43.3673 Loss: 0.404867 Win: 0 valueNorm: 5 stepSize: 0.001
Iteration 9200 Time: 6637 Score: 38.5473 Size: 44.8571 Loss: 0.428571 Win: 0 valueNorm: 5 stepSize: 0.001
Iteration 9600 Time: 6910 Score: 42.1244 Size: 47.8665 Loss: 0.373303 Win: 0 valueNorm: 5 stepSize: 0.001
Iteration 10000 Time: 7187 Score: 41.3368 Size: 47.3958 Loss: 0.404211 Win: 0 valueNorm: 5 stepSize: 0.001
Iteration 10400 Time: 7467 Score: 41.9325 Size: 47.7785 Loss: 0.381857 Win: 0 valueNorm: 5 stepSize: 0.001
Iteration 10800 Time: 7741 Score: 44.8264 Size: 50.4857 Loss: 0.364835 Win: 0 valueNorm: 5 stepSize: 0.001
Iteration 11200 Time: 8019 Score: 47.3466 Size: 52.4547 Loss: 0.309051 Win: 0 valueNorm: 5 stepSize: 0.001
Iteration 11600 Time: 8293 Score: 45.3399 Size: 51.4079 Loss: 0.405702 Win: 0 valueNorm: 5 stepSize: 0.001
Iteration 12000 Time: 8568 Score: 46.1836 Size: 51.6748 Loss: 0.347345 Win: 0 valueNorm: 5 stepSize: 0.001
Iteration 12400 Time: 8841 Score: 47.1707 Size: 52.8115 Loss: 0.361419 Win: 0 valueNorm: 5 stepSize: 0.001
Iteration 12800 Time: 9119 Score: 51.4358 Size: 56.1009 Loss: 0.263761 Win: 0 valueNorm: 5 stepSize: 0.001
Iteration 13200 Time: 9393 Score: 48.7242 Size: 54.361 Loss: 0.360987 Win: 0 valueNorm: 5 stepSize: 0.001
Iteration 13600 Time: 9670 Score: 49.8958 Size: 54.9424 Loss: 0.303769 Win: 0 valueNorm: 5 stepSize: 0.001
Iteration 14000 Time: 9949 Score: 51.2143 Size: 55.9509 Loss: 0.270089 Win: 0 valueNorm: 5 stepSize: 0.001
Iteration 14400 Time: 10225 Score: 50.4527 Size: 55.3851 Loss: 0.290541 Win: 0 valueNorm: 5 stepSize: 0.001
Iteration 14800 Time: 10505 Score: 49.6513 Size: 54.75 Loss: 0.307018 Win: 0 valueNorm: 5 stepSize: 0.001
Iteration 15200 Time: 10790 Score: 51.4027 Size: 56.4412 Loss: 0.300905 Win: 0 valueNorm: 5 stepSize: 0.001
Iteration 15600 Time: 11081 Score: 50.6776 Size: 56.1656 Loss: 0.346405 Win: 0 valueNorm: 5 stepSize: 0.001
Iteration 16000 Time: 11378 Score: 54.1767 Size: 58.3893 Loss: 0.219239 Win: 0 valueNorm: 5 stepSize: 0.001
Iteration 16400 Time: 11669 Score: 53.9339 Size: 58.5763 Loss: 0.261959 Win: 0 valueNorm: 5 stepSize: 0.001
Iteration 16800 Time: 11963 Score: 51.4476 Size: 56.4236 Loss: 0.29476 Win: 0 valueNorm: 5 stepSize: 0.001
Iteration 17200 Time: 12256 Score: 54.1959 Size: 58.4852 Loss: 0.22779 Win: 0 valueNorm: 5 stepSize: 0.001
Iteration 17600 Time: 12545 Score: 51.1897 Size: 56.3534 Loss: 0.314655 Win: 0 valueNorm: 5 stepSize: 0.001
Iteration 18000 Time: 12838 Score: 53.8578 Size: 58.5444 Loss: 0.266667 Win: 0 valueNorm: 5 stepSize: 0.001
Iteration 18400 Time: 13133 Score: 52.8696 Size: 57.5826 Loss: 0.269565 Win: 0 valueNorm: 5 stepSize: 0.001
Iteration 18800 Time: 13429 Score: 52.6052 Size: 57.6073 Loss: 0.298283 Win: 0 valueNorm: 5 stepSize: 0.001
Iteration 19200 Time: 13719 Score: 53.3453 Size: 58.0314 Loss: 0.266816 Win: 0 valueNorm: 5 stepSize: 0.001
Iteration 19600 Time: 14008 Score: 55.7366 Size: 60.3357 Loss: 0.258741 Win: 0 valueNorm: 5 stepSize: 0.001
Iteration 20000 Time: 14294 Score: 56.1023 Size: 60.5791 Loss: 0.246512 Win: 0 valueNorm: 5 stepSize: 0.001
Iteration 20400 Time: 14570 Score: 55.8491 Size: 60.5338 Loss: 0.265766 Win: 0 valueNorm: 5 stepSize: 0.001
Iteration 20800 Time: 14851 Score: 56.1444 Size: 60.6333 Loss: 0.246667 Win: 0 valueNorm: 5 stepSize: 0.001
Iteration 21200 Time: 15125 Score: 55.0135 Size: 60.0608 Loss: 0.301802 Win: 0 valueNorm: 5 stepSize: 0.001
Iteration 21600 Time: 15405 Score: 55.654 Size: 60.2433 Loss: 0.256696 Win: 0 valueNorm: 5 stepSize: 0.001
Iteration 22000 Time: 15686 Score: 56.6336 Size: 61.0861 Loss: 0.242826 Win: 0 valueNorm: 5 stepSize: 0.001
Iteration 22400 Time: 15965 Score: 56.9027 Size: 61.3628 Loss: 0.243363 Win: 0 valueNorm: 5 stepSize: 0.001
Iteration 22800 Time: 16244 Score: 57.7883 Size: 62.3108 Loss: 0.252252 Win: 0.00225225 valueNorm: 5 stepSize: 0.001 Win Time: 1129
Iteration 23200 Time: 16520 Score: 58.3557 Size: 62.6166 Loss: 0.224018 Win: 0 valueNorm: 5 stepSize: 0.001
Iteration 23600 Time: 16803 Score: 55.8626 Size: 60.9437 Loss: 0.304054 Win: 0 valueNorm: 5 stepSize: 0.001
Iteration 24000 Time: 17088 Score: 57.4437 Size: 62.3041 Loss: 0.283784 Win: 0 valueNorm: 5 stepSize: 0.001
Iteration 24400 Time: 17378 Score: 58.4923 Size: 63.0861 Loss: 0.258278 Win: 0.00220751 valueNorm: 5 stepSize: 0.001 Win Time: 1199
Iteration 24800 Time: 17666 Score: 57.1353 Size: 62.0532 Loss: 0.297118 Win: 0.00886918 valueNorm: 5 stepSize: 0.001 Win Time: 1156.75
Iteration 25200 Time: 17956 Score: 58.6961 Size: 63.2766 Loss: 0.256236 Win: 0 valueNorm: 5 stepSize: 0.001
Iteration 25600 Time: 18249 Score: 59.7556 Size: 63.9622 Loss: 0.22 Win: 0.00444444 valueNorm: 5 stepSize: 0.001 Win Time: 1184
Iteration 26000 Time: 18539 Score: 58.3451 Size: 63.0901 Loss: 0.272527 Win: 0.0021978 valueNorm: 5 stepSize: 0.001 Win Time: 1158
Iteration 26400 Time: 18826 Score: 56.894 Size: 61.5938 Loss: 0.269316 Win: 0.00220751 valueNorm: 5 stepSize: 0.001 Win Time: 1181
Iteration 26800 Time: 19109 Score: 59.7338 Size: 63.736 Loss: 0.203579 Win: 0.00671141 valueNorm: 5 stepSize: 0.001 Win Time: 1159
Iteration 27200 Time: 19385 Score: 60.1011 Size: 64.4292 Loss: 0.247191 Win: 0.0202247 valueNorm: 5 stepSize: 0.001 Win Time: 1168.78
Iteration 27600 Time: 19667 Score: 59.9132 Size: 64.3492 Loss: 0.260304 Win: 0.021692 valueNorm: 5 stepSize: 0.001 Win Time: 1176.7
Iteration 28000 Time: 19942 Score: 58.9508 Size: 63.6107 Loss: 0.268456 Win: 0.00671141 valueNorm: 5 stepSize: 0.001 Win Time: 1191.33
Iteration 28400 Time: 20220 Score: 59.2097 Size: 63.936 Loss: 0.275938 Win: 0.00662252 valueNorm: 5 stepSize: 0.001 Win Time: 1173
Iteration 28800 Time: 20500 Score: 61.029 Size: 65.2405 Loss: 0.224944 Win: 0.00890869 valueNorm: 5 stepSize: 0.001 Win Time: 1133
Iteration 29200 Time: 20781 Score: 62.0751 Size: 66.0243 Loss: 0.211921 Win: 0.0220751 valueNorm: 5 stepSize: 0.001 Win Time: 1152.7
Iteration 29600 Time: 21053 Score: 59.9579 Size: 64.7406 Loss: 0.292683 Win: 0.0199557 valueNorm: 5 stepSize: 0.001 Win Time: 1156
Iteration 30000 Time: 21331 Score: 59.713 Size: 64.2957 Loss: 0.269565 Win: 0.0152174 valueNorm: 5 stepSize: 0.001 Win Time: 1175.29
Iteration 30400 Time: 21614 Score: 65.6614 Size: 69.2091 Loss: 0.168182 Win: 0.0181818 valueNorm: 5 stepSize: 0.001 Win Time: 1158.38
Iteration 30800 Time: 21895 Score: 66.375 Size: 69.7969 Loss: 0.200893 Win: 0.0669643 valueNorm: 5 stepSize: 0.001 Win Time: 1163.17
Iteration 31200 Time: 22173 Score: 62.2035 Size: 66.4026 Loss: 0.25974 Win: 0.047619 valueNorm: 5 stepSize: 0.001 Win Time: 1156.64
Iteration 31600 Time: 22455 Score: 65.6053 Size: 69.1579 Loss: 0.203947 Win: 0.0570175 valueNorm: 5 stepSize: 0.001 Win Time: 1162.08
Iteration 32000 Time: 22739 Score: 68.4455 Size: 71.5386 Loss: 0.147727 Win: 0.0454545 valueNorm: 5 stepSize: 0.001 Win Time: 1156.4
Iteration 32400 Time: 23016 Score: 64.4254 Size: 68.2632 Loss: 0.234649 Win: 0.0592105 valueNorm: 5 stepSize: 0.001 Win Time: 1139.44
Iteration 32800 Time: 23296 Score: 66.317 Size: 69.8795 Loss: 0.203125 Win: 0.0535714 valueNorm: 5 stepSize: 0.001 Win Time: 1162.83
Iteration 33200 Time: 23578 Score: 69.6682 Size: 72.5409 Loss: 0.154545 Win: 0.0772727 valueNorm: 5 stepSize: 0.001 Win Time: 1158.5
Iteration 33600 Time: 23865 Score: 64.7263 Size: 68.5166 Loss: 0.220751 Win: 0.0485651 valueNorm: 5 stepSize: 0.001 Win Time: 1164.18
Iteration 34000 Time: 24154 Score: 68.414 Size: 71.4344 Loss: 0.162896 Win: 0.0701357 valueNorm: 5 stepSize: 0.001 Win Time: 1173.13
Iteration 34400 Time: 24445 Score: 67.458 Size: 70.4845 Loss: 0.172566 Win: 0.079646 valueNorm: 5 stepSize: 0.001 Win Time: 1156.64
Iteration 34800 Time: 24738 Score: 67.8289 Size: 70.9667 Loss: 0.168889 Win: 0.0622222 valueNorm: 5 stepSize: 0.001 Win Time: 1166.71
Iteration 35200 Time: 25027 Score: 67.0982 Size: 70.6049 Loss: 0.205357 Win: 0.0625 valueNorm: 5 stepSize: 0.001 Win Time: 1148.07
Iteration 35600 Time: 25316 Score: 71.3129 Size: 74.2063 Loss: 0.174603 Win: 0.0975057 valueNorm: 5 stepSize: 0.001 Win Time: 1156.28
Iteration 36000 Time: 25605 Score: 66.0222 Size: 69.4622 Loss: 0.191111 Win: 0.0555556 valueNorm: 5 stepSize: 0.001 Win Time: 1156.04
Iteration 36400 Time: 25894 Score: 68.9182 Size: 71.8341 Loss: 0.154545 Win: 0.0727273 valueNorm: 5 stepSize: 0.001 Win Time: 1153.56
Iteration 36800 Time: 26186 Score: 70.3242 Size: 73.1941 Loss: 0.155251 Win: 0.0776256 valueNorm: 5 stepSize: 0.001 Win Time: 1153.65
Iteration 37200 Time: 26481 Score: 68.1917 Size: 71.3725 Loss: 0.185185 Win: 0.0762527 valueNorm: 5 stepSize: 0.001 Win Time: 1145.43
Iteration 37600 Time: 26771 Score: 65.6631 Size: 69.1987 Loss: 0.218143 Win: 0.0734341 valueNorm: 5 stepSize: 0.001 Win Time: 1157.35
Iteration 38000 Time: 27060 Score: 67.7751 Size: 71.1492 Loss: 0.195991 Win: 0.0668151 valueNorm: 5 stepSize: 0.001 Win Time: 1159.07
Iteration 38400 Time: 27354 Score: 70.6578 Size: 73.4133 Loss: 0.168889 Win: 0.104444 valueNorm: 5 stepSize: 0.001 Win Time: 1156.47
Iteration 38800 Time: 27643 Score: 67.1996 Size: 70.5154 Loss: 0.203947 Win: 0.0811404 valueNorm: 5 stepSize: 0.001 Win Time: 1158.38
Iteration 39200 Time: 27936 Score: 67.4414 Size: 70.774 Loss: 0.226013 Win: 0.104478 valueNorm: 5 stepSize: 0.001 Win Time: 1147.65
Iteration 39600 Time: 28227 Score: 71.5622 Size: 74.2711 Loss: 0.184444 Win: 0.128889 valueNorm: 5 stepSize: 0.001 Win Time: 1146.62
Iteration 40000 Time: 28516 Score: 71.1429 Size: 73.8906 Loss: 0.1875 Win: 0.127232 valueNorm: 5 stepSize: 0.001 Win Time: 1154.04
Iteration 40400 Time: 28803 Score: 67.4913 Size: 70.9039 Loss: 0.222707 Win: 0.0938865 valueNorm: 5 stepSize: 0.001 Win Time: 1152.91
Iteration 40800 Time: 29089 Score: 68.4574 Size: 71.7534 Loss: 0.206278 Win: 0.0874439 valueNorm: 5 stepSize: 0.001 Win Time: 1152.08
Iteration 41200 Time: 29371 Score: 66.7602 Size: 70.5271 Loss: 0.235294 Win: 0.0678733 valueNorm: 5 stepSize: 0.001 Win Time: 1148.53
Iteration 41600 Time: 29659 Score: 69.5101 Size: 72.4519 Loss: 0.183445 Win: 0.100671 valueNorm: 5 stepSize: 0.001 Win Time: 1152.98
Iteration 42000 Time: 29949 Score: 70.222 Size: 73.1143 Loss: 0.174888 Win: 0.0964126 valueNorm: 5 stepSize: 0.001 Win Time: 1154.67
Iteration 42400 Time: 30240 Score: 71.1059 Size: 73.8694 Loss: 0.162162 Win: 0.0968468 valueNorm: 5 stepSize: 0.001 Win Time: 1156.53
Iteration 42800 Time: 30531 Score: 74.3394 Size: 76.4829 Loss: 0.150342 Win: 0.15262 valueNorm: 5 stepSize: 0.001 Win Time: 1154.06
Iteration 43200 Time: 30824 Score: 73.653 Size: 75.9087 Loss: 0.134703 Win: 0.123288 valueNorm: 5 stepSize: 0.001 Win Time: 1146.48
Iteration 43600 Time: 31113 Score: 73.411 Size: 75.6644 Loss: 0.150685 Win: 0.141553 valueNorm: 5 stepSize: 0.001 Win Time: 1150.18
Iteration 44000 Time: 31402 Score: 73.5566 Size: 76.1293 Loss: 0.159353 Win: 0.115473 valueNorm: 5 stepSize: 0.001 Win Time: 1150.6
Iteration 44400 Time: 31691 Score: 66.0107 Size: 69.5855 Loss: 0.245726 Win: 0.100427 valueNorm: 5 stepSize: 0.001 Win Time: 1156.72
Iteration 44800 Time: 31982 Score: 72.8705 Size: 75.2727 Loss: 0.147727 Win: 0.120455 valueNorm: 5 stepSize: 0.001 Win Time: 1152.25
Iteration 45200 Time: 32270 Score: 70.3288 Size: 73.2703 Loss: 0.173423 Win: 0.0900901 valueNorm: 5 stepSize: 0.001 Win Time: 1139.03
Iteration 45600 Time: 32562 Score: 72.2795 Size: 74.7818 Loss: 0.140909 Win: 0.102273 valueNorm: 5 stepSize: 0.001 Win Time: 1148.42
Iteration 46000 Time: 32854 Score: 70.7974 Size: 73.315 Loss: 0.171806 Win: 0.134361 valueNorm: 5 stepSize: 0.001 Win Time: 1154.54
Iteration 46400 Time: 33143 Score: 71.4855 Size: 74.196 Loss: 0.175947 Win: 0.11804 valueNorm: 5 stepSize: 0.001 Win Time: 1144.92
Iteration 46800 Time: 33431 Score: 74.0343 Size: 76.1556 Loss: 0.15103 Win: 0.155606 valueNorm: 5 stepSize: 0.001 Win Time: 1154.12
Iteration 47200 Time: 33721 Score: 74.169 Size: 76.4514 Loss: 0.12963 Win: 0.113426 valueNorm: 5 stepSize: 0.001 Win Time: 1150.2
Iteration 47600 Time: 34012 Score: 70.1749 Size: 72.861 Loss: 0.163677 Win: 0.107623 valueNorm: 5 stepSize: 0.001 Win Time: 1152.81
Iteration 48000 Time: 34303 Score: 73.8161 Size: 75.9747 Loss: 0.133333 Win: 0.133333 valueNorm: 5 stepSize: 0.001 Win Time: 1154.03
Iteration 48400 Time: 34592 Score: 72.379 Size: 74.9475 Loss: 0.159817 Win: 0.116438 valueNorm: 5 stepSize: 0.001 Win Time: 1149.47
Iteration 48800 Time: 34881 Score: 70.6459 Size: 73.3764 Loss: 0.173719 Win: 0.113586 valueNorm: 5 stepSize: 0.001 Win Time: 1156.51
Iteration 49200 Time: 35166 Score: 67.2737 Size: 70.9558 Loss: 0.245033 Win: 0.0883002 valueNorm: 5 stepSize: 0.001 Win Time: 1164.25
Iteration 49600 Time: 35458 Score: 72.1203 Size: 74.6325 Loss: 0.169265 Win: 0.13363 valueNorm: 5 stepSize: 0.001 Win Time: 1149.83
Iteration 50000 Time: 35748 Score: 75.158 Size: 77.1851 Loss: 0.153499 Win: 0.1693 valueNorm: 5 stepSize: 0.001 Win Time: 1151.77
Iteration 50400 Time: 36033 Score: 70.6231 Size: 73.3459 Loss: 0.186253 Win: 0.128603 valueNorm: 5 stepSize: 0.001 Win Time: 1156.86
Iteration 50800 Time: 36319 Score: 71.7411 Size: 74.3147 Loss: 0.183036 Win: 0.140625 valueNorm: 5 stepSize: 0.001 Win Time: 1152.49
Iteration 51200 Time: 36608 Score: 67.6964 Size: 71.0934 Loss: 0.233546 Win: 0.106157 valueNorm: 5 stepSize: 0.001 Win Time: 1142.58
Iteration 51600 Time: 36889 Score: 74.0523 Size: 76.4045 Loss: 0.190909 Win: 0.175 valueNorm: 5 stepSize: 0.001 Win Time: 1144.74
Iteration 52000 Time: 37180 Score: 71.2802 Size: 74.0841 Loss: 0.198276 Win: 0.131466 valueNorm: 5 stepSize: 0.001 Win Time: 1155.98
Iteration 52400 Time: 37469 Score: 71.6018 Size: 74.3252 Loss: 0.190265 Win: 0.132743 valueNorm: 5 stepSize: 0.001 Win Time: 1139.35
Iteration 52800 Time: 37757 Score: 74.0092 Size: 76.1244 Loss: 0.124424 Win: 0.126728 valueNorm: 5 stepSize: 0.001 Win Time: 1150.76
Iteration 53200 Time: 38046 Score: 69.7329 Size: 72.883 Loss: 0.192053 Win: 0.0883002 valueNorm: 5 stepSize: 0.001 Win Time: 1151.12
Iteration 53600 Time: 38335 Score: 70.4967 Size: 73.2789 Loss: 0.200436 Win: 0.137255 valueNorm: 5 stepSize: 0.001 Win Time: 1141.81
Iteration 54000 Time: 38623 Score: 68.917 Size: 72.0306 Loss: 0.213974 Win: 0.115721 valueNorm: 5 stepSize: 0.001 Win Time: 1144.68
Iteration 54400 Time: 38911 Score: 73.0811 Size: 75.491 Loss: 0.168919 Win: 0.144144 valueNorm: 5 stepSize: 0.001 Win Time: 1144.73
Iteration 54800 Time: 39199 Score: 73.7059 Size: 76.0814 Loss: 0.174208 Win: 0.153846 valueNorm: 5 stepSize: 0.001 Win Time: 1155.44
Iteration 55200 Time: 39486 Score: 75.8171 Size: 77.7639 Loss: 0.138889 Win: 0.162037 valueNorm: 5 stepSize: 0.001 Win Time: 1152.37
Iteration 55600 Time: 39777 Score: 70.8103 Size: 73.806 Loss: 0.211207 Win: 0.127155 valueNorm: 5 stepSize: 0.001 Win Time: 1146.1
Iteration 56000 Time: 40073 Score: 74.4497 Size: 76.5414 Loss: 0.1566 Win: 0.165548 valueNorm: 5 stepSize: 0.001 Win Time: 1148.15
Iteration 56400 Time: 40368 Score: 73.1577 Size: 75.3671 Loss: 0.171171 Win: 0.168919 valueNorm: 5 stepSize: 0.001 Win Time: 1146.04
Iteration 56800 Time: 40665 Score: 71.3529 Size: 74.0545 Loss: 0.213508 Win: 0.16122 valueNorm: 5 stepSize: 0.001 Win Time: 1151.35
Iteration 57200 Time: 40958 Score: 76.7021 Size: 78.4527 Loss: 0.152425 Win: 0.198614 valueNorm: 5 stepSize: 0.001 Win Time: 1150.49
Iteration 57600 Time: 41255 Score: 73.2058 Size: 75.531 Loss: 0.192478 Win: 0.179204 valueNorm: 5 stepSize: 0.001 Win Time: 1145.48
Iteration 58000 Time: 41554 Score: 74.9129 Size: 76.9688 Loss: 0.167411 Win: 0.180804 valueNorm: 5 stepSize: 0.001 Win Time: 1144.46
Iteration 58400 Time: 41851 Score: 74.8697 Size: 76.8202 Loss: 0.159551 Win: 0.18427 valueNorm: 5 stepSize: 0.001 Win Time: 1143.41
Iteration 58800 Time: 42147 Score: 76.2494 Size: 78.093 Loss: 0.174603 Win: 0.21542 valueNorm: 5 stepSize: 0.001 Win Time: 1149.61
Iteration 59200 Time: 42444 Score: 78.9658 Size: 80.0228 Loss: 0.145786 Win: 0.268793 valueNorm: 5 stepSize: 0.001 Win Time: 1157.05
Iteration 59600 Time: 42742 Score: 77.19 Size: 78.6968 Loss: 0.144796 Win: 0.217195 valueNorm: 5 stepSize: 0.001 Win Time: 1142.71
Iteration 60000 Time: 43038 Score: 75.2023 Size: 77.2874 Loss: 0.156322 Win: 0.165517 valueNorm: 5 stepSize: 0.001 Win Time: 1147.24
Iteration 60400 Time: 43325 Score: 73.8901 Size: 76.3027 Loss: 0.201794 Win: 0.181614 valueNorm: 5 stepSize: 0.001 Win Time: 1146
Iteration 60800 Time: 43614 Score: 73.4571 Size: 75.7275 Loss: 0.195604 Win: 0.189011 valueNorm: 5 stepSize: 0.001 Win Time: 1150.12
Iteration 61200 Time: 43902 Score: 72.305 Size: 74.6863 Loss: 0.20915 Win: 0.191721 valueNorm: 5 stepSize: 0.001 Win Time: 1144.1
Iteration 61600 Time: 44188 Score: 73.6505 Size: 76 Loss: 0.217582 Win: 0.204396 valueNorm: 5 stepSize: 0.001 Win Time: 1151.63
Iteration 62000 Time: 44477 Score: 73.5066 Size: 75.7009 Loss: 0.19869 Win: 0.200873 valueNorm: 5 stepSize: 0.001 Win Time: 1151.86
Iteration 62400 Time: 44766 Score: 74.7181 Size: 76.7137 Loss: 0.182819 Win: 0.204846 valueNorm: 5 stepSize: 0.001 Win Time: 1152.4
Iteration 62800 Time: 45055 Score: 81.1016 Size: 81.8106 Loss: 0.117783 Win: 0.274827 valueNorm: 5 stepSize: 0.001 Win Time: 1146.31
Iteration 63200 Time: 45344 Score: 74.7785 Size: 76.8792 Loss: 0.190157 Win: 0.203579 valueNorm: 5 stepSize: 0.001 Win Time: 1147.91
Iteration 63600 Time: 45634 Score: 75.9323 Size: 77.7065 Loss: 0.162528 Win: 0.207675 valueNorm: 5 stepSize: 0.001 Win Time: 1149.1
Iteration 64000 Time: 45920 Score: 72.9735 Size: 75.3805 Loss: 0.199115 Win: 0.179204 valueNorm: 5 stepSize: 0.001 Win Time: 1152.91
Iteration 64400 Time: 46211 Score: 76.1208 Size: 77.8702 Loss: 0.161074 Win: 0.208054 valueNorm: 5 stepSize: 0.001 Win Time: 1143.16
Iteration 64800 Time: 46500 Score: 74.2801 Size: 76.4683 Loss: 0.201313 Win: 0.207877 valueNorm: 5 stepSize: 0.001 Win Time: 1149.22
Iteration 65200 Time: 46791 Score: 79.8379 Size: 80.7352 Loss: 0.121005 Win: 0.257991 valueNorm: 5 stepSize: 0.001 Win Time: 1141.07
Iteration 65600 Time: 47081 Score: 76.4376 Size: 78.1293 Loss: 0.14966 Win: 0.201814 valueNorm: 5 stepSize: 0.001 Win Time: 1144.22
Iteration 66000 Time: 47368 Score: 75.5305 Size: 77.5847 Loss: 0.187359 Win: 0.205418 valueNorm: 5 stepSize: 0.001 Win Time: 1142.62
Iteration 66400 Time: 47658 Score: 75.9029 Size: 77.6909 Loss: 0.183223 Win: 0.229581 valueNorm: 5 stepSize: 0.001 Win Time: 1135.26
Iteration 66800 Time: 47947 Score: 76.9081 Size: 78.4596 Loss: 0.168161 Win: 0.23991 valueNorm: 5 stepSize: 0.001 Win Time: 1149.27
Iteration 67200 Time: 48237 Score: 79.2579 Size: 80.414 Loss: 0.144796 Win: 0.255656 valueNorm: 5 stepSize: 0.001 Win Time: 1143.65
Iteration 67600 Time: 48528 Score: 75.34 Size: 77.3199 Loss: 0.167785 Win: 0.190157 valueNorm: 5 stepSize: 0.001 Win Time: 1146.54
Iteration 68000 Time: 48816 Score: 79.5571 Size: 80.6993 Loss: 0.135198 Win: 0.247086 valueNorm: 5 stepSize: 0.001 Win Time: 1140.99
Iteration 68400 Time: 49108 Score: 77.7392 Size: 79.2676 Loss: 0.142857 Win: 0.213152 valueNorm: 5 stepSize: 0.001 Win Time: 1150.49
Iteration 68800 Time: 49395 Score: 77.0778 Size: 78.8421 Loss: 0.160183 Win: 0.20595 valueNorm: 5 stepSize: 0.001 Win Time: 1137.01
Iteration 69200 Time: 49685 Score: 79.7285 Size: 80.9211 Loss: 0.118329 Win: 0.222738 valueNorm: 5 stepSize: 0.001 Win Time: 1152.05
Iteration 69600 Time: 49972 Score: 77.97 Size: 79.4631 Loss: 0.142857 Win: 0.21659 valueNorm: 5 stepSize: 0.001 Win Time: 1138.21
Iteration 70000 Time: 50260 Score: 79.5369 Size: 80.7189 Loss: 0.142857 Win: 0.251152 valueNorm: 5 stepSize: 0.001 Win Time: 1145.3
Iteration 70400 Time: 50547 Score: 78.9126 Size: 80.2023 Loss: 0.144828 Win: 0.241379 valueNorm: 5 stepSize: 0.001 Win Time: 1141.82
Iteration 70800 Time: 50834 Score: 78.1955 Size: 79.4494 Loss: 0.166292 Win: 0.269663 valueNorm: 5 stepSize: 0.001 Win Time: 1131.08
Iteration 71200 Time: 51125 Score: 81.0457 Size: 81.6941 Loss: 0.13242 Win: 0.299087 valueNorm: 5 stepSize: 0.001 Win Time: 1146.63
Iteration 71600 Time: 51411 Score: 80.8333 Size: 81.6174 Loss: 0.124413 Win: 0.274648 valueNorm: 5 stepSize: 0.001 Win Time: 1144.5
Iteration 72000 Time: 51698 Score: 79.7149 Size: 80.8281 Loss: 0.162896 Win: 0.280543 valueNorm: 5 stepSize: 0.001 Win Time: 1139.4
Iteration 72400 Time: 51989 Score: 80.5 Size: 81.3869 Loss: 0.138009 Win: 0.278281 valueNorm: 5 stepSize: 0.001 Win Time: 1132.7
Iteration 72800 Time: 52275 Score: 81.7339 Size: 82.2248 Loss: 0.146789 Win: 0.332569 valueNorm: 5 stepSize: 0.001 Win Time: 1134.79
Iteration 73200 Time: 52563 Score: 80.4727 Size: 81.4227 Loss: 0.145455 Win: 0.279545 valueNorm: 5 stepSize: 0.001 Win Time: 1129.61
Iteration 73600 Time: 52853 Score: 77.591 Size: 79.1461 Loss: 0.166292 Win: 0.235955 valueNorm: 5 stepSize: 0.001 Win Time: 1145.33
Iteration 74000 Time: 53142 Score: 81.6279 Size: 82.3744 Loss: 0.146119 Win: 0.303653 valueNorm: 5 stepSize: 0.001 Win Time: 1141.2
Iteration 74400 Time: 53430 Score: 80.4541 Size: 81.3266 Loss: 0.167785 Win: 0.313199 valueNorm: 5 stepSize: 0.001 Win Time: 1133.96
Iteration 74800 Time: 53717 Score: 79.4811 Size: 80.5546 Loss: 0.182628 Win: 0.30735 valueNorm: 5 stepSize: 0.001 Win Time: 1133.3
Iteration 75200 Time: 54005 Score: 79.759 Size: 80.8086 Loss: 0.166667 Win: 0.292793 valueNorm: 5 stepSize: 0.001 Win Time: 1141.08
Iteration 75600 Time: 54292 Score: 76.3239 Size: 78.1247 Loss: 0.205689 Win: 0.253829 valueNorm: 5 stepSize: 0.001 Win Time: 1132.66
Iteration 76000 Time: 54576 Score: 76.0151 Size: 77.7312 Loss: 0.24086 Win: 0.301075 valueNorm: 5 stepSize: 0.001 Win Time: 1134.35
Iteration 76400 Time: 54862 Score: 76.5692 Size: 78.2044 Loss: 0.208791 Win: 0.274725 valueNorm: 5 stepSize: 0.001 Win Time: 1134.58
Iteration 76800 Time: 55148 Score: 80.9281 Size: 81.7528 Loss: 0.179775 Win: 0.332584 valueNorm: 5 stepSize: 0.001 Win Time: 1141.22
Iteration 77200 Time: 55435 Score: 77.2571 Size: 78.7516 Loss: 0.189011 Win: 0.268132 valueNorm: 5 stepSize: 0.001 Win Time: 1136.4
Iteration 77600 Time: 55723 Score: 76.6615 Size: 78.4505 Loss: 0.210989 Win: 0.261538 valueNorm: 5 stepSize: 0.001 Win Time: 1142.24
Iteration 78000 Time: 56006 Score: 80.8879 Size: 81.5698 Loss: 0.144165 Win: 0.308924 valueNorm: 5 stepSize: 0.001 Win Time: 1137
Iteration 78400 Time: 56286 Score: 77.4933 Size: 79.0202 Loss: 0.204036 Win: 0.282511 valueNorm: 5 stepSize: 0.001 Win Time: 1139.97
Iteration 78800 Time: 56570 Score: 78.4631 Size: 79.7136 Loss: 0.174497 Win: 0.279642 valueNorm: 5 stepSize: 0.001 Win Time: 1143.22
Iteration 79200 Time: 56852 Score: 79.4732 Size: 80.433 Loss: 0.1875 Win: 0.325893 valueNorm: 5 stepSize: 0.001 Win Time: 1133.93
Iteration 79600 Time: 57129 Score: 79.8486 Size: 80.75 Loss: 0.169725 Win: 0.311927 valueNorm: 5 stepSize: 0.001 Win Time: 1129.51
Iteration 80000 Time: 57410 Score: 80.2327 Size: 81.1935 Loss: 0.142857 Win: 0.276498 valueNorm: 5 stepSize: 0.001 Win Time: 1137.16
Iteration 80400 Time: 57691 Score: 79.5418 Size: 80.7449 Loss: 0.171558 Win: 0.27991 valueNorm: 5 stepSize: 0.001 Win Time: 1126.6
Iteration 80800 Time: 57970 Score: 80.5202 Size: 81.4978 Loss: 0.192825 Win: 0.329596 valueNorm: 5 stepSize: 0.001 Win Time: 1134.37
Iteration 81200 Time: 58246 Score: 77.0929 Size: 78.854 Loss: 0.221239 Win: 0.274336 valueNorm: 5 stepSize: 0.001 Win Time: 1140.06
Iteration 81600 Time: 58521 Score: 75.1974 Size: 77.3092 Loss: 0.225877 Win: 0.241228 valueNorm: 5 stepSize: 0.001 Win Time: 1135.97
Iteration 82000 Time: 58800 Score: 79.4031 Size: 80.3194 Loss: 0.187225 Win: 0.330396 valueNorm: 5 stepSize: 0.001 Win Time: 1135.99
Iteration 82400 Time: 59080 Score: 82.0938 Size: 82.6247 Loss: 0.160183 Win: 0.343249 valueNorm: 5 stepSize: 0.001 Win Time: 1137.56
Iteration 82800 Time: 59356 Score: 78.964 Size: 80.3536 Loss: 0.198198 Win: 0.290541 valueNorm: 5 stepSize: 0.001 Win Time: 1133.08
Iteration 83200 Time: 59637 Score: 80.5874 Size: 81.4193 Loss: 0.174888 Win: 0.327354 valueNorm: 5 stepSize: 0.001 Win Time: 1131.1
Iteration 83600 Time: 59914 Score: 80.3423 Size: 81.1723 Loss: 0.187919 Win: 0.340045 valueNorm: 5 stepSize: 0.001 Win Time: 1127.84
Iteration 84000 Time: 60190 Score: 78.4004 Size: 79.6779 Loss: 0.192394 Win: 0.297539 valueNorm: 5 stepSize: 0.001 Win Time: 1133.05
Iteration 84400 Time: 60469 Score: 80.4664 Size: 81.3587 Loss: 0.156951 Win: 0.300448 valueNorm: 5 stepSize: 0.001 Win Time: 1142.57
Iteration 84800 Time: 60743 Score: 77.9232 Size: 78.9649 Loss: 0.203947 Win: 0.335526 valueNorm: 5 stepSize: 0.001 Win Time: 1136.16
Iteration 85200 Time: 61019 Score: 82.4932 Size: 82.7838 Loss: 0.155405 Win: 0.364865 valueNorm: 5 stepSize: 0.001 Win Time: 1129.31
Iteration 85600 Time: 61300 Score: 79.9238 Size: 80.6637 Loss: 0.156951 Win: 0.316143 valueNorm: 5 stepSize: 0.001 Win Time: 1136.55
Iteration 86000 Time: 61576 Score: 79.984 Size: 80.9794 Loss: 0.157895 Win: 0.28833 valueNorm: 5 stepSize: 0.001 Win Time: 1132.48
Iteration 86400 Time: 61851 Score: 75.4887 Size: 77.5023 Loss: 0.189189 Win: 0.211712 valueNorm: 5 stepSize: 0.001 Win Time: 1139.91
Iteration 86800 Time: 62126 Score: 83.164 Size: 83.4342 Loss: 0.12933 Win: 0.337182 valueNorm: 5 stepSize: 0.001 Win Time: 1133.21
Iteration 87200 Time: 62398 Score: 80.4742 Size: 81.1506 Loss: 0.188764 Win: 0.359551 valueNorm: 5 stepSize: 0.001 Win Time: 1134.68
Iteration 87600 Time: 62674 Score: 82.1429 Size: 82.7857 Loss: 0.14977 Win: 0.320276 valueNorm: 5 stepSize: 0.001 Win Time: 1133.96
Iteration 88000 Time: 62950 Score: 81.0291 Size: 81.5481 Loss: 0.167785 Win: 0.353468 valueNorm: 5 stepSize: 0.001 Win Time: 1128.81
Iteration 88400 Time: 63218 Score: 79.5973 Size: 80.5257 Loss: 0.221477 Win: 0.369128 valueNorm: 5 stepSize: 0.001 Win Time: 1136.5
Iteration 88800 Time: 63491 Score: 83.7041 Size: 83.8647 Loss: 0.151376 Win: 0.373853 valueNorm: 5 stepSize: 0.001 Win Time: 1129.89
Iteration 89200 Time: 63767 Score: 82.8391 Size: 83.0828 Loss: 0.137931 Win: 0.349425 valueNorm: 5 stepSize: 0.001 Win Time: 1142.05
Iteration 89600 Time: 64042 Score: 85.5023 Size: 84.9955 Loss: 0.136364 Win: 0.431818 valueNorm: 5 stepSize: 0.001 Win Time: 1128.27
Iteration 90000 Time: 64319 Score: 81.9417 Size: 82.3027 Loss: 0.156951 Win: 0.358744 valueNorm: 5 stepSize: 0.001 Win Time: 1125.67
Iteration 90400 Time: 64593 Score: 75.7263 Size: 77.4634 Loss: 0.232759 Win: 0.290948 valueNorm: 5 stepSize: 0.001 Win Time: 1132.5
Iteration 90800 Time: 64869 Score: 81.4206 Size: 81.9284 Loss: 0.17226 Win: 0.360179 valueNorm: 5 stepSize: 0.001 Win Time: 1132.27
Iteration 91200 Time: 65145 Score: 82.06 Size: 82.2978 Loss: 0.164444 Win: 0.38 valueNorm: 5 stepSize: 0.001 Win Time: 1141.59
Iteration 91600 Time: 65419 Score: 82.1335 Size: 82.4548 Loss: 0.156109 Win: 0.361991 valueNorm: 5 stepSize: 0.001 Win Time: 1129.1
Iteration 92000 Time: 65698 Score: 84.4748 Size: 84.2775 Loss: 0.12156 Win: 0.380734 valueNorm: 5 stepSize: 0.001 Win Time: 1135.3
Iteration 92400 Time: 65974 Score: 81.4756 Size: 81.8911 Loss: 0.173333 Win: 0.371111 valueNorm: 5 stepSize: 0.001 Win Time: 1133.65
Iteration 92800 Time: 66242 Score: 80.9019 Size: 81.9579 Loss: 0.184579 Win: 0.313084 valueNorm: 5 stepSize: 0.001 Win Time: 1129.85
Iteration 93200 Time: 66516 Score: 83.1982 Size: 83.2793 Loss: 0.150901 Win: 0.382883 valueNorm: 5 stepSize: 0.001 Win Time: 1137.14
Iteration 93600 Time: 66790 Score: 84.3693 Size: 84.3142 Loss: 0.126147 Win: 0.369266 valueNorm: 5 stepSize: 0.001 Win Time: 1131.68
Iteration 94000 Time: 67062 Score: 83.2494 Size: 83.39 Loss: 0.160998 Win: 0.387755 valueNorm: 5 stepSize: 0.001 Win Time: 1136.87
Iteration 94400 Time: 67332 Score: 82.8389 Size: 83.1387 Loss: 0.190157 Win: 0.402685 valueNorm: 5 stepSize: 0.001 Win Time: 1129.75
Iteration 94800 Time: 67599 Score: 83.4099 Size: 83.286 Loss: 0.175676 Win: 0.432432 valueNorm: 5 stepSize: 0.001 Win Time: 1133.32
Iteration 95200 Time: 67868 Score: 82.7533 Size: 82.9511 Loss: 0.177778 Win: 0.4 valueNorm: 5 stepSize: 0.001 Win Time: 1136.41
Iteration 95600 Time: 68135 Score: 82.6872 Size: 82.9703 Loss: 0.157534 Win: 0.36758 valueNorm: 5 stepSize: 0.001 Win Time: 1129.01
Iteration 96000 Time: 68403 Score: 82.836 Size: 83.2309 Loss: 0.143187 Win: 0.339492 valueNorm: 5 stepSize: 0.001 Win Time: 1134.74
Iteration 96400 Time: 68671 Score: 82.9056 Size: 83.0944 Loss: 0.175281 Win: 0.397753 valueNorm: 5 stepSize: 0.001 Win Time: 1125.91
Iteration 96800 Time: 68941 Score: 80.3815 Size: 80.8319 Loss: 0.200431 Win: 0.398707 valueNorm: 5 stepSize: 0.001 Win Time: 1135.95
Iteration 97200 Time: 69208 Score: 82.6443 Size: 82.8881 Loss: 0.185682 Win: 0.404922 valueNorm: 5 stepSize: 0.001 Win Time: 1128.29
Iteration 97600 Time: 69477 Score: 84.3113 Size: 84.0618 Loss: 0.172185 Win: 0.443709 valueNorm: 5 stepSize: 0.001 Win Time: 1126.9
Iteration 98000 Time: 69742 Score: 78.3211 Size: 79.4547 Loss: 0.24569 Win: 0.372845 valueNorm: 5 stepSize: 0.001 Win Time: 1127.58
Iteration 98400 Time: 70007 Score: 79.4508 Size: 80.9954 Loss: 0.215103 Win: 0.292906 valueNorm: 5 stepSize: 0.001 Win Time: 1133.01
Iteration 98800 Time: 70271 Score: 83.1318 Size: 83.4591 Loss: 0.188636 Win: 0.397727 valueNorm: 5 stepSize: 0.001 Win Time: 1124.88
Iteration 99200 Time: 70536 Score: 84.0382 Size: 83.7258 Loss: 0.177528 Win: 0.45618 valueNorm: 5 stepSize: 0.001 Win Time: 1125.36
Iteration 99600 Time: 70800 Score: 83.6891 Size: 84.0116 Loss: 0.183295 Win: 0.392111 valueNorm: 5 stepSize: 0.001 Win Time: 1134.47
Iteration 100000 Time: 71066 Score: 86.7448 Size: 86.2023 Loss: 0.167816 Win: 0.471264 valueNorm: 5 stepSize: 0.001 Win Time: 1126.44
Evaluation score: 78.2865
