Training control Time: 1715011497
Hyperparameters: numRollouts: 2 batchSize: 0 numEpochs: 1 numIter: 50000 evalPeriod: 200 savePeriod: 200 alpha: 0.001000 GAEParam: 0.950000 
Iteration 200 Time: 202 Score: -2.0995 Size: 6.55721 Loss: 0.664179 Win: 0 valueNorm: 5 stepSize: 0.001
Iteration 400 Time: 444 Score: 2.2875 Size: 9.125 Loss: 0.4825 Win: 0 valueNorm: 5 stepSize: 0.001
Iteration 600 Time: 670 Score: 6.0125 Size: 13.435 Loss: 0.54 Win: 0 valueNorm: 5 stepSize: 0.001
Iteration 800 Time: 887 Score: 8.4325 Size: 15.6575 Loss: 0.52 Win: 0 valueNorm: 5 stepSize: 0.001
Iteration 1000 Time: 1110 Score: 10.8575 Size: 17.8075 Loss: 0.4925 Win: 0 valueNorm: 5 stepSize: 0.001
Iteration 1200 Time: 1336 Score: 12.18 Size: 19.055 Loss: 0.485 Win: 0 valueNorm: 5 stepSize: 0.001
Iteration 1400 Time: 1577 Score: 13.7875 Size: 20.915 Loss: 0.51 Win: 0 valueNorm: 5 stepSize: 0.001
Iteration 1600 Time: 1811 Score: 14.46 Size: 21.855 Loss: 0.5375 Win: 0 valueNorm: 5 stepSize: 0.001
Iteration 1800 Time: 2057 Score: 16.1625 Size: 22.985 Loss: 0.48 Win: 0 valueNorm: 5 stepSize: 0.001
Iteration 2000 Time: 2306 Score: 17.51 Size: 24.155 Loss: 0.4625 Win: 0 valueNorm: 5 stepSize: 0.001
Iteration 2200 Time: 2557 Score: 18.4775 Size: 25.6425 Loss: 0.515 Win: 0 valueNorm: 5 stepSize: 0.001
Iteration 2400 Time: 2805 Score: 19.5625 Size: 27.105 Loss: 0.5525 Win: 0 valueNorm: 5 stepSize: 0.001
Iteration 2600 Time: 3063 Score: 22.285 Size: 29.5975 Loss: 0.53 Win: 0 valueNorm: 5 stepSize: 0.001
Iteration 2800 Time: 3323 Score: 24.595 Size: 31.835 Loss: 0.5225 Win: 0 valueNorm: 5 stepSize: 0.001
Iteration 3000 Time: 3581 Score: 27.195 Size: 34.46 Loss: 0.525 Win: 0 valueNorm: 5 stepSize: 0.001
Iteration 3200 Time: 3841 Score: 30.45 Size: 37.78 Loss: 0.5325 Win: 0 valueNorm: 5 stepSize: 0.001
Iteration 3400 Time: 4104 Score: 32.875 Size: 40.6225 Loss: 0.5725 Win: 0 valueNorm: 5 stepSize: 0.001
Iteration 3600 Time: 4369 Score: 35.08 Size: 42.98 Loss: 0.5875 Win: 0 valueNorm: 5 stepSize: 0.001
Iteration 3800 Time: 4636 Score: 37.4125 Size: 44.5675 Loss: 0.515 Win: 0 valueNorm: 5 stepSize: 0.001
Iteration 4000 Time: 4897 Score: 39.2625 Size: 46.205 Loss: 0.4925 Win: 0 valueNorm: 5 stepSize: 0.001
Iteration 4200 Time: 5149 Score: 41.2375 Size: 47.9825 Loss: 0.4725 Win: 0 valueNorm: 5 stepSize: 0.001
Iteration 4400 Time: 5408 Score: 43.8775 Size: 49.9875 Loss: 0.41 Win: 0 valueNorm: 5 stepSize: 0.001
Iteration 4600 Time: 5666 Score: 44.51 Size: 50.055 Loss: 0.3525 Win: 0 valueNorm: 5 stepSize: 0.001
Iteration 4800 Time: 5926 Score: 45.68 Size: 51.1425 Loss: 0.345 Win: 0 valueNorm: 5 stepSize: 0.001
Iteration 5000 Time: 6189 Score: 47.6225 Size: 52.8575 Loss: 0.3225 Win: 0 valueNorm: 5 stepSize: 0.001
Iteration 5200 Time: 6449 Score: 48.4775 Size: 53.5725 Loss: 0.3075 Win: 0 valueNorm: 5 stepSize: 0.001
Iteration 5400 Time: 6703 Score: 48.6425 Size: 53.9025 Loss: 0.325 Win: 0 valueNorm: 5 stepSize: 0.001
Iteration 5600 Time: 6959 Score: 49.5025 Size: 54.235 Loss: 0.2725 Win: 0 valueNorm: 5 stepSize: 0.001
Iteration 5800 Time: 7208 Score: 48.4875 Size: 53.48 Loss: 0.2975 Win: 0 valueNorm: 5 stepSize: 0.001
Iteration 6000 Time: 7467 Score: 51.16 Size: 55.63 Loss: 0.245 Win: 0 valueNorm: 5 stepSize: 0.001
Iteration 6200 Time: 7727 Score: 51.905 Size: 56.4725 Loss: 0.255 Win: 0 valueNorm: 5 stepSize: 0.001
Iteration 6400 Time: 7984 Score: 51.62 Size: 56.3325 Loss: 0.27 Win: 0 valueNorm: 5 stepSize: 0.001
Iteration 6600 Time: 8245 Score: 52.29 Size: 56.4525 Loss: 0.215 Win: 0 valueNorm: 5 stepSize: 0.001
Iteration 6800 Time: 8504 Score: 52.515 Size: 57.23 Loss: 0.27 Win: 0 valueNorm: 5 stepSize: 0.001
Iteration 7000 Time: 8766 Score: 53.63 Size: 57.94 Loss: 0.23 Win: 0 valueNorm: 5 stepSize: 0.001
Iteration 7200 Time: 9022 Score: 52.8575 Size: 57.4175 Loss: 0.255 Win: 0 valueNorm: 5 stepSize: 0.001
Iteration 7400 Time: 9276 Score: 53.24 Size: 57.9825 Loss: 0.2725 Win: 0 valueNorm: 5 stepSize: 0.001
Iteration 7600 Time: 9525 Score: 52.205 Size: 57.0225 Loss: 0.28 Win: 0 valueNorm: 5 stepSize: 0.001
Iteration 7800 Time: 9779 Score: 53.0825 Size: 57.95 Loss: 0.285 Win: 0 valueNorm: 5 stepSize: 0.001
Iteration 8000 Time: 10030 Score: 52.7625 Size: 57.5 Loss: 0.2725 Win: 0 valueNorm: 5 stepSize: 0.001
Iteration 8200 Time: 10284 Score: 53.3375 Size: 58.135 Loss: 0.2775 Win: 0 valueNorm: 5 stepSize: 0.001
Iteration 8400 Time: 10544 Score: 54.24 Size: 58.7625 Loss: 0.25 Win: 0 valueNorm: 5 stepSize: 0.001
Iteration 8600 Time: 10812 Score: 54.7275 Size: 59.32 Loss: 0.2575 Win: 0 valueNorm: 5 stepSize: 0.001
Iteration 8800 Time: 11079 Score: 54.2325 Size: 58.76 Loss: 0.25 Win: 0 valueNorm: 5 stepSize: 0.001
Iteration 9000 Time: 11346 Score: 54.215 Size: 58.675 Loss: 0.245 Win: 0 valueNorm: 5 stepSize: 0.001
Iteration 9200 Time: 11610 Score: 54.7125 Size: 59.3325 Loss: 0.26 Win: 0 valueNorm: 5 stepSize: 0.001
Iteration 9400 Time: 11878 Score: 55.84 Size: 60.555 Loss: 0.27 Win: 0 valueNorm: 5 stepSize: 0.001
Iteration 9600 Time: 12141 Score: 53.9175 Size: 58.99 Loss: 0.305 Win: 0 valueNorm: 5 stepSize: 0.001
Iteration 9800 Time: 12410 Score: 55.835 Size: 60.1375 Loss: 0.2275 Win: 0 valueNorm: 5 stepSize: 0.001
Iteration 10000 Time: 12675 Score: 55.33 Size: 60.005 Loss: 0.265 Win: 0 valueNorm: 5 stepSize: 0.001
Iteration 10200 Time: 12940 Score: 55.53 Size: 60.365 Loss: 0.2825 Win: 0 valueNorm: 5 stepSize: 0.001
Iteration 10400 Time: 13198 Score: 54.27 Size: 59.4125 Loss: 0.3125 Win: 0 valueNorm: 5 stepSize: 0.001
Iteration 10600 Time: 13465 Score: 56.2725 Size: 60.89 Loss: 0.26 Win: 0 valueNorm: 5 stepSize: 0.001
Iteration 10800 Time: 13732 Score: 56.77 Size: 61.4175 Loss: 0.2625 Win: 0 valueNorm: 5 stepSize: 0.001
Iteration 11000 Time: 13997 Score: 56.47 Size: 61.0325 Loss: 0.255 Win: 0 valueNorm: 5 stepSize: 0.001
Iteration 11200 Time: 14256 Score: 55.5075 Size: 60.655 Loss: 0.3125 Win: 0 valueNorm: 5 stepSize: 0.001
Iteration 11400 Time: 14508 Score: 56.82 Size: 61.655 Loss: 0.28 Win: 0 valueNorm: 5 stepSize: 0.001
Iteration 11600 Time: 14761 Score: 57.0425 Size: 61.655 Loss: 0.26 Win: 0 valueNorm: 5 stepSize: 0.001
Iteration 11800 Time: 15007 Score: 56.7575 Size: 61.68 Loss: 0.29 Win: 0 valueNorm: 5 stepSize: 0.001
Iteration 12000 Time: 15256 Score: 56.685 Size: 61.49 Loss: 0.2775 Win: 0 valueNorm: 5 stepSize: 0.001
Iteration 12200 Time: 15504 Score: 56.7725 Size: 61.5 Loss: 0.27 Win: 0 valueNorm: 5 stepSize: 0.001
Iteration 12400 Time: 15754 Score: 57.3325 Size: 61.9925 Loss: 0.2625 Win: 0 valueNorm: 5 stepSize: 0.001
Iteration 12600 Time: 16001 Score: 56.875 Size: 61.8075 Loss: 0.29 Win: 0 valueNorm: 5 stepSize: 0.001
Iteration 12800 Time: 16251 Score: 57.1225 Size: 61.47 Loss: 0.2325 Win: 0 valueNorm: 5 stepSize: 0.001
Iteration 13000 Time: 16504 Score: 58.0225 Size: 62.545 Loss: 0.25 Win: 0 valueNorm: 5 stepSize: 0.001
Iteration 13200 Time: 16761 Score: 56.995 Size: 62.01 Loss: 0.2975 Win: 0 valueNorm: 5 stepSize: 0.001
Iteration 13400 Time: 17022 Score: 57.41 Size: 62.135 Loss: 0.27 Win: 0 valueNorm: 5 stepSize: 0.001
Iteration 13600 Time: 17287 Score: 58.3425 Size: 63.145 Loss: 0.2775 Win: 0 valueNorm: 5 stepSize: 0.001
Iteration 13800 Time: 17546 Score: 58.0325 Size: 62.675 Loss: 0.2625 Win: 0 valueNorm: 5 stepSize: 0.001
Iteration 14000 Time: 17798 Score: 56.105 Size: 61.265 Loss: 0.3125 Win: 0 valueNorm: 5 stepSize: 0.001
Iteration 14200 Time: 18063 Score: 59.355 Size: 63.835 Loss: 0.245 Win: 0 valueNorm: 5 stepSize: 0.001
Iteration 14400 Time: 18323 Score: 58.19 Size: 62.9925 Loss: 0.2775 Win: 0 valueNorm: 5 stepSize: 0.001
Iteration 14600 Time: 18584 Score: 58.3875 Size: 62.99 Loss: 0.2575 Win: 0 valueNorm: 5 stepSize: 0.001
Iteration 14800 Time: 18845 Score: 57.875 Size: 62.9225 Loss: 0.3025 Win: 0 valueNorm: 5 stepSize: 0.001
Iteration 15000 Time: 19095 Score: 57.815 Size: 62.6225 Loss: 0.2775 Win: 0 valueNorm: 5 stepSize: 0.001
Iteration 15200 Time: 19353 Score: 60.0025 Size: 64.305 Loss: 0.2275 Win: 0 valueNorm: 5 stepSize: 0.001
Iteration 15400 Time: 19601 Score: 58.0075 Size: 62.8825 Loss: 0.2875 Win: 0.0025 valueNorm: 5 stepSize: 0.001 Win Time: 1158
Iteration 15600 Time: 19853 Score: 59.0925 Size: 63.71 Loss: 0.2575 Win: 0 valueNorm: 5 stepSize: 0.001
Iteration 15800 Time: 20099 Score: 58.3975 Size: 63.255 Loss: 0.2825 Win: 0 valueNorm: 5 stepSize: 0.001
Iteration 16000 Time: 20355 Score: 60.435 Size: 64.8 Loss: 0.235 Win: 0 valueNorm: 5 stepSize: 0.001
Iteration 16200 Time: 20604 Score: 59.125 Size: 63.705 Loss: 0.255 Win: 0 valueNorm: 5 stepSize: 0.001
Iteration 16400 Time: 20859 Score: 61.0575 Size: 65.1525 Loss: 0.2075 Win: 0 valueNorm: 5 stepSize: 0.001
Iteration 16600 Time: 21110 Score: 60.66 Size: 64.985 Loss: 0.2325 Win: 0.0025 valueNorm: 5 stepSize: 0.001 Win Time: 1136
Iteration 16800 Time: 21368 Score: 61.73 Size: 65.9525 Loss: 0.22 Win: 0 valueNorm: 5 stepSize: 0.001
Iteration 17000 Time: 21618 Score: 60.05 Size: 64.49 Loss: 0.24 Win: 0 valueNorm: 5 stepSize: 0.001
Iteration 17200 Time: 21870 Score: 60.7475 Size: 65.195 Loss: 0.2425 Win: 0 valueNorm: 5 stepSize: 0.001
Iteration 17400 Time: 22122 Score: 60.48 Size: 65.215 Loss: 0.27 Win: 0 valueNorm: 5 stepSize: 0.001
Iteration 17600 Time: 22373 Score: 60.755 Size: 65.585 Loss: 0.28 Win: 0 valueNorm: 5 stepSize: 0.001
Iteration 17800 Time: 22624 Score: 60.6625 Size: 65.0825 Loss: 0.24 Win: 0 valueNorm: 5 stepSize: 0.001
Iteration 18000 Time: 22871 Score: 59.2325 Size: 64.2225 Loss: 0.2975 Win: 0.0025 valueNorm: 5 stepSize: 0.001 Win Time: 1169
Iteration 18200 Time: 23127 Score: 62.205 Size: 66.39 Loss: 0.215 Win: 0 valueNorm: 5 stepSize: 0.001
Iteration 18400 Time: 23379 Score: 61.47 Size: 65.935 Loss: 0.245 Win: 0.0025 valueNorm: 5 stepSize: 0.001 Win Time: 1156
Iteration 18600 Time: 23630 Score: 60.2325 Size: 65.09 Loss: 0.2825 Win: 0 valueNorm: 5 stepSize: 0.001
Iteration 18800 Time: 23888 Score: 61.065 Size: 65.44 Loss: 0.235 Win: 0 valueNorm: 5 stepSize: 0.001
Iteration 19000 Time: 24146 Score: 61.625 Size: 65.95 Loss: 0.2325 Win: 0.0025 valueNorm: 5 stepSize: 0.001 Win Time: 1170
Iteration 19200 Time: 24411 Score: 63.185 Size: 67.2625 Loss: 0.205 Win: 0 valueNorm: 5 stepSize: 0.001
Iteration 19400 Time: 24667 Score: 60.0175 Size: 65.2325 Loss: 0.32 Win: 0.0025 valueNorm: 5 stepSize: 0.001 Win Time: 1152
Iteration 19600 Time: 24922 Score: 61.2325 Size: 65.855 Loss: 0.2625 Win: 0.0025 valueNorm: 5 stepSize: 0.001 Win Time: 1099
Iteration 19800 Time: 25180 Score: 62.325 Size: 66.86 Loss: 0.2525 Win: 0.0025 valueNorm: 5 stepSize: 0.001 Win Time: 1200
Iteration 20000 Time: 25444 Score: 64.6475 Size: 68.515 Loss: 0.19 Win: 0.005 valueNorm: 5 stepSize: 0.001 Win Time: 1194.5
Iteration 20200 Time: 25702 Score: 61.8225 Size: 66.4625 Loss: 0.2625 Win: 0.0025 valueNorm: 5 stepSize: 0.001 Win Time: 1174
Iteration 20400 Time: 25960 Score: 62.635 Size: 66.91 Loss: 0.225 Win: 0.0025 valueNorm: 5 stepSize: 0.001 Win Time: 1143
Iteration 20600 Time: 26223 Score: 62.6125 Size: 67.06 Loss: 0.2475 Win: 0.005 valueNorm: 5 stepSize: 0.001 Win Time: 1180.5
Iteration 20800 Time: 26484 Score: 63.0675 Size: 67.51 Loss: 0.245 Win: 0.005 valueNorm: 5 stepSize: 0.001 Win Time: 1123
Iteration 21000 Time: 26751 Score: 63.995 Size: 68.2025 Loss: 0.2175 Win: 0 valueNorm: 5 stepSize: 0.001
Iteration 21200 Time: 27013 Score: 63.0725 Size: 67.255 Loss: 0.2175 Win: 0.0025 valueNorm: 5 stepSize: 0.001 Win Time: 1164
Iteration 21400 Time: 27276 Score: 63.975 Size: 68.015 Loss: 0.2075 Win: 0.0075 valueNorm: 5 stepSize: 0.001 Win Time: 1164.67
Iteration 21600 Time: 27537 Score: 64.1425 Size: 67.985 Loss: 0.1925 Win: 0.0125 valueNorm: 5 stepSize: 0.001 Win Time: 1185.4
Iteration 21800 Time: 27794 Score: 63.1475 Size: 67.285 Loss: 0.225 Win: 0.015 valueNorm: 5 stepSize: 0.001 Win Time: 1152.83
Iteration 22000 Time: 28049 Score: 61.72 Size: 66.7025 Loss: 0.2975 Win: 0.0025 valueNorm: 5 stepSize: 0.001 Win Time: 1139
Iteration 22200 Time: 28311 Score: 64.955 Size: 69.38 Loss: 0.26 Win: 0.0225 valueNorm: 5 stepSize: 0.001 Win Time: 1180.44
Iteration 22400 Time: 28566 Score: 61.9075 Size: 66.5975 Loss: 0.27 Win: 0.005 valueNorm: 5 stepSize: 0.001 Win Time: 1163
Iteration 22600 Time: 28830 Score: 65.335 Size: 69.2875 Loss: 0.2025 Win: 0.01 valueNorm: 5 stepSize: 0.001 Win Time: 1176.5
Iteration 22800 Time: 29091 Score: 64.5875 Size: 68.6675 Loss: 0.2125 Win: 0.0075 valueNorm: 5 stepSize: 0.001 Win Time: 1148
Iteration 23000 Time: 29353 Score: 64.07 Size: 68.285 Loss: 0.2225 Win: 0.005 valueNorm: 5 stepSize: 0.001 Win Time: 1138
Iteration 23200 Time: 29621 Score: 67.145 Size: 71.02 Loss: 0.205 Win: 0.0225 valueNorm: 5 stepSize: 0.001 Win Time: 1162
Iteration 23400 Time: 29883 Score: 66.0625 Size: 69.8125 Loss: 0.1975 Win: 0.0275 valueNorm: 5 stepSize: 0.001 Win Time: 1161.36
Iteration 23600 Time: 30143 Score: 65.2425 Size: 69.3525 Loss: 0.225 Win: 0.0175 valueNorm: 5 stepSize: 0.001 Win Time: 1162.14
Iteration 23800 Time: 30398 Score: 62.6925 Size: 67.2675 Loss: 0.265 Win: 0.0125 valueNorm: 5 stepSize: 0.001 Win Time: 1146.8
Iteration 24000 Time: 30664 Score: 65.9775 Size: 69.945 Loss: 0.21 Win: 0.0175 valueNorm: 5 stepSize: 0.001 Win Time: 1159.29
Iteration 24200 Time: 30925 Score: 65.845 Size: 69.8875 Loss: 0.2275 Win: 0.0275 valueNorm: 5 stepSize: 0.001 Win Time: 1142
Iteration 24400 Time: 31184 Score: 65.68 Size: 69.71 Loss: 0.2325 Win: 0.035 valueNorm: 5 stepSize: 0.001 Win Time: 1167.5
Iteration 24600 Time: 31454 Score: 68.655 Size: 72.1225 Loss: 0.1625 Win: 0.02 valueNorm: 5 stepSize: 0.001 Win Time: 1156.62
Iteration 24800 Time: 31711 Score: 67.2225 Size: 70.9925 Loss: 0.2225 Win: 0.0525 valueNorm: 5 stepSize: 0.001 Win Time: 1149.52
Iteration 25000 Time: 31967 Score: 66.31 Size: 70.3625 Loss: 0.235 Win: 0.035 valueNorm: 5 stepSize: 0.001 Win Time: 1151.86
Iteration 25200 Time: 32225 Score: 67.01 Size: 70.7875 Loss: 0.2225 Win: 0.0525 valueNorm: 5 stepSize: 0.001 Win Time: 1146.05
Iteration 25400 Time: 32481 Score: 65.8825 Size: 69.815 Loss: 0.24 Win: 0.055 valueNorm: 5 stepSize: 0.001 Win Time: 1150.32
Iteration 25600 Time: 32738 Score: 67.6225 Size: 71.19 Loss: 0.22 Win: 0.0725 valueNorm: 5 stepSize: 0.001 Win Time: 1161.07
Iteration 25800 Time: 33001 Score: 68.745 Size: 72.3125 Loss: 0.2075 Win: 0.06 valueNorm: 5 stepSize: 0.001 Win Time: 1155.33
Iteration 26000 Time: 33259 Score: 68.05 Size: 71.64 Loss: 0.2225 Win: 0.0725 valueNorm: 5 stepSize: 0.001 Win Time: 1149.66
Iteration 26200 Time: 33515 Score: 68.08 Size: 71.755 Loss: 0.2275 Win: 0.07 valueNorm: 5 stepSize: 0.001 Win Time: 1153.93
Iteration 26400 Time: 33775 Score: 70.635 Size: 73.965 Loss: 0.2275 Win: 0.1075 valueNorm: 5 stepSize: 0.001 Win Time: 1139
Iteration 26600 Time: 34035 Score: 71.14 Size: 74.2175 Loss: 0.21 Win: 0.1175 valueNorm: 5 stepSize: 0.001 Win Time: 1142.38
Iteration 26800 Time: 34292 Score: 70.7775 Size: 74.05 Loss: 0.23 Win: 0.1175 valueNorm: 5 stepSize: 0.001 Win Time: 1151.28
Iteration 27000 Time: 34546 Score: 69.2275 Size: 72.8725 Loss: 0.2525 Win: 0.1 valueNorm: 5 stepSize: 0.001 Win Time: 1138.12
Iteration 27200 Time: 34807 Score: 72.015 Size: 74.89 Loss: 0.2025 Win: 0.13 valueNorm: 5 stepSize: 0.001 Win Time: 1146.63
Iteration 27400 Time: 35064 Score: 70.4675 Size: 73.8375 Loss: 0.2275 Win: 0.1025 valueNorm: 5 stepSize: 0.001 Win Time: 1142.8
Iteration 27600 Time: 35324 Score: 72.6675 Size: 75.34 Loss: 0.205 Win: 0.1575 valueNorm: 5 stepSize: 0.001 Win Time: 1148.86
Iteration 27800 Time: 35578 Score: 68.4475 Size: 72.265 Loss: 0.25 Win: 0.08 valueNorm: 5 stepSize: 0.001 Win Time: 1148.72
Iteration 28000 Time: 35835 Score: 70.3675 Size: 73.7325 Loss: 0.225 Win: 0.1025 valueNorm: 5 stepSize: 0.001 Win Time: 1145.76
Iteration 28200 Time: 36097 Score: 72.7975 Size: 75.53 Loss: 0.195 Win: 0.1375 valueNorm: 5 stepSize: 0.001 Win Time: 1154.16
Iteration 28400 Time: 36354 Score: 72.865 Size: 75.355 Loss: 0.1975 Win: 0.1675 valueNorm: 5 stepSize: 0.001 Win Time: 1143.48
Iteration 28600 Time: 36612 Score: 72.58 Size: 75.38 Loss: 0.205 Win: 0.1425 valueNorm: 5 stepSize: 0.001 Win Time: 1136.82
Iteration 28800 Time: 36870 Score: 71.63 Size: 74.45 Loss: 0.215 Win: 0.15 valueNorm: 5 stepSize: 0.001 Win Time: 1142.85
Iteration 29000 Time: 37130 Score: 70.425 Size: 73.7775 Loss: 0.2075 Win: 0.0825 valueNorm: 5 stepSize: 0.001 Win Time: 1152.36
Iteration 29200 Time: 37390 Score: 73.24 Size: 75.9875 Loss: 0.2 Win: 0.14 valueNorm: 5 stepSize: 0.001 Win Time: 1160.21
Iteration 29400 Time: 37654 Score: 75.89 Size: 78.0275 Loss: 0.1625 Win: 0.1675 valueNorm: 5 stepSize: 0.001 Win Time: 1145.96
Iteration 29600 Time: 37910 Score: 74.0575 Size: 76.4925 Loss: 0.205 Win: 0.1825 valueNorm: 5 stepSize: 0.001 Win Time: 1139.33
Iteration 29800 Time: 38173 Score: 74.1175 Size: 76.7325 Loss: 0.1875 Win: 0.1425 valueNorm: 5 stepSize: 0.001 Win Time: 1148.95
Iteration 30000 Time: 38435 Score: 74.885 Size: 77.0425 Loss: 0.17 Win: 0.1725 valueNorm: 5 stepSize: 0.001 Win Time: 1151.72
Iteration 30200 Time: 38693 Score: 72.77 Size: 75.715 Loss: 0.21 Win: 0.1325 valueNorm: 5 stepSize: 0.001 Win Time: 1138.55
Iteration 30400 Time: 38951 Score: 72.985 Size: 75.595 Loss: 0.2075 Win: 0.165 valueNorm: 5 stepSize: 0.001 Win Time: 1142.24
Iteration 30600 Time: 39204 Score: 71.9075 Size: 74.7775 Loss: 0.24 Win: 0.175 valueNorm: 5 stepSize: 0.001 Win Time: 1140.06
Iteration 30800 Time: 39464 Score: 76.055 Size: 77.9125 Loss: 0.17 Win: 0.2075 valueNorm: 5 stepSize: 0.001 Win Time: 1136.52
Iteration 31000 Time: 39717 Score: 72.8325 Size: 75.835 Loss: 0.2325 Win: 0.15 valueNorm: 5 stepSize: 0.001 Win Time: 1144.77
Iteration 31200 Time: 39977 Score: 75.3725 Size: 77.6825 Loss: 0.2175 Win: 0.21 valueNorm: 5 stepSize: 0.001 Win Time: 1146.74
Iteration 31400 Time: 40244 Score: 74.1475 Size: 76.4075 Loss: 0.1825 Win: 0.175 valueNorm: 5 stepSize: 0.001 Win Time: 1143.86
Iteration 31600 Time: 40517 Score: 76.39 Size: 78.47 Loss: 0.1725 Win: 0.185 valueNorm: 5 stepSize: 0.001 Win Time: 1148.85
Iteration 31800 Time: 40784 Score: 76.375 Size: 78.245 Loss: 0.1875 Win: 0.225 valueNorm: 5 stepSize: 0.001 Win Time: 1147.72
Iteration 32000 Time: 41056 Score: 75.69 Size: 78.1625 Loss: 0.18 Win: 0.15 valueNorm: 5 stepSize: 0.001 Win Time: 1151.73
Iteration 32200 Time: 41328 Score: 77.945 Size: 79.5975 Loss: 0.165 Win: 0.225 valueNorm: 5 stepSize: 0.001 Win Time: 1142.74
Iteration 32400 Time: 41599 Score: 77.5725 Size: 79.295 Loss: 0.1575 Win: 0.2075 valueNorm: 5 stepSize: 0.001 Win Time: 1142.08
Iteration 32600 Time: 41867 Score: 77.5125 Size: 79.3475 Loss: 0.1925 Win: 0.235 valueNorm: 5 stepSize: 0.001 Win Time: 1144.37
Iteration 32800 Time: 42130 Score: 76.5525 Size: 78.415 Loss: 0.1975 Win: 0.2375 valueNorm: 5 stepSize: 0.001 Win Time: 1138.65
Iteration 33000 Time: 42401 Score: 79.87 Size: 81.04 Loss: 0.15 Win: 0.26 valueNorm: 5 stepSize: 0.001 Win Time: 1137.57
Iteration 33200 Time: 42666 Score: 78.1125 Size: 79.5925 Loss: 0.1825 Win: 0.2625 valueNorm: 5 stepSize: 0.001 Win Time: 1142.3
Iteration 33400 Time: 42935 Score: 77.5525 Size: 79.2575 Loss: 0.18 Win: 0.235 valueNorm: 5 stepSize: 0.001 Win Time: 1136.82
Iteration 33600 Time: 43196 Score: 78.6275 Size: 79.975 Loss: 0.18 Win: 0.275 valueNorm: 5 stepSize: 0.001 Win Time: 1137.47
Iteration 33800 Time: 43452 Score: 74.7125 Size: 77.28 Loss: 0.2325 Win: 0.1975 valueNorm: 5 stepSize: 0.001 Win Time: 1133.94
Iteration 34000 Time: 43718 Score: 80.0325 Size: 81.13 Loss: 0.1525 Win: 0.2725 valueNorm: 5 stepSize: 0.001 Win Time: 1138.38
Iteration 34200 Time: 43978 Score: 76.1175 Size: 78.2925 Loss: 0.2075 Win: 0.215 valueNorm: 5 stepSize: 0.001 Win Time: 1145.9
Iteration 34400 Time: 44243 Score: 80.23 Size: 81.2825 Loss: 0.1525 Win: 0.2775 valueNorm: 5 stepSize: 0.001 Win Time: 1135.33
Iteration 34600 Time: 44499 Score: 77.0875 Size: 78.86 Loss: 0.2 Win: 0.25 valueNorm: 5 stepSize: 0.001 Win Time: 1128.15
Iteration 34800 Time: 44757 Score: 78.365 Size: 79.7875 Loss: 0.1875 Win: 0.275 valueNorm: 5 stepSize: 0.001 Win Time: 1133.69
Iteration 35000 Time: 45015 Score: 77.4325 Size: 79.105 Loss: 0.1875 Win: 0.2475 valueNorm: 5 stepSize: 0.001 Win Time: 1130.85
Iteration 35200 Time: 45279 Score: 80.0525 Size: 81.265 Loss: 0.165 Win: 0.2725 valueNorm: 5 stepSize: 0.001 Win Time: 1133.4
Iteration 35400 Time: 45543 Score: 81.9425 Size: 82.795 Loss: 0.16 Win: 0.3075 valueNorm: 5 stepSize: 0.001 Win Time: 1132.05
Iteration 35600 Time: 45804 Score: 79.4325 Size: 80.675 Loss: 0.17 Win: 0.275 valueNorm: 5 stepSize: 0.001 Win Time: 1136.69
Iteration 35800 Time: 46066 Score: 79.4725 Size: 80.8625 Loss: 0.175 Win: 0.265 valueNorm: 5 stepSize: 0.001 Win Time: 1139.75
Iteration 36000 Time: 46319 Score: 77.685 Size: 79.115 Loss: 0.215 Win: 0.305 valueNorm: 5 stepSize: 0.001 Win Time: 1140.67
Iteration 36200 Time: 46575 Score: 76.46 Size: 78.455 Loss: 0.215 Win: 0.2425 valueNorm: 5 stepSize: 0.001 Win Time: 1137.8
Iteration 36400 Time: 46833 Score: 79.6225 Size: 80.8225 Loss: 0.1825 Win: 0.295 valueNorm: 5 stepSize: 0.001 Win Time: 1131.41
Iteration 36600 Time: 47082 Score: 74.95 Size: 77.21 Loss: 0.2425 Win: 0.245 valueNorm: 5 stepSize: 0.001 Win Time: 1136.35
Iteration 36800 Time: 47345 Score: 78.825 Size: 80.48 Loss: 0.1875 Win: 0.25 valueNorm: 5 stepSize: 0.001 Win Time: 1125.78
Iteration 37000 Time: 47604 Score: 79.54 Size: 80.7325 Loss: 0.2 Win: 0.315 valueNorm: 5 stepSize: 0.001 Win Time: 1137.18
Iteration 37200 Time: 47861 Score: 80.09 Size: 80.97 Loss: 0.195 Win: 0.3425 valueNorm: 5 stepSize: 0.001 Win Time: 1138.33
Iteration 37400 Time: 48117 Score: 80.3825 Size: 81.3475 Loss: 0.195 Win: 0.335 valueNorm: 5 stepSize: 0.001 Win Time: 1129.98
Iteration 37600 Time: 48378 Score: 79.9275 Size: 81.15 Loss: 0.19 Win: 0.3 valueNorm: 5 stepSize: 0.001 Win Time: 1140.13
Iteration 37800 Time: 48635 Score: 78.3 Size: 80.1425 Loss: 0.22 Win: 0.2675 valueNorm: 5 stepSize: 0.001 Win Time: 1137.61
Iteration 38000 Time: 48898 Score: 79.59 Size: 80.955 Loss: 0.1675 Win: 0.2575 valueNorm: 5 stepSize: 0.001 Win Time: 1140.96
Iteration 38200 Time: 49159 Score: 80.2475 Size: 81.4875 Loss: 0.19 Win: 0.2975 valueNorm: 5 stepSize: 0.001 Win Time: 1130.72
Iteration 38400 Time: 49420 Score: 81.815 Size: 82.5625 Loss: 0.18 Win: 0.3425 valueNorm: 5 stepSize: 0.001 Win Time: 1138.24
Iteration 38600 Time: 49682 Score: 81.6975 Size: 82.3525 Loss: 0.1575 Win: 0.3275 valueNorm: 5 stepSize: 0.001 Win Time: 1122.84
Iteration 38800 Time: 49939 Score: 81.7625 Size: 82.42 Loss: 0.19 Win: 0.3625 valueNorm: 5 stepSize: 0.001 Win Time: 1125.15
Iteration 39000 Time: 50202 Score: 82.58 Size: 83.2275 Loss: 0.1625 Win: 0.3325 valueNorm: 5 stepSize: 0.001 Win Time: 1125.21
Iteration 39200 Time: 50453 Score: 78.695 Size: 79.7925 Loss: 0.2025 Win: 0.3275 valueNorm: 5 stepSize: 0.001 Win Time: 1132.59
Iteration 39400 Time: 50713 Score: 81.6825 Size: 82.28 Loss: 0.185 Win: 0.365 valueNorm: 5 stepSize: 0.001 Win Time: 1132.23
Iteration 39600 Time: 50969 Score: 80.8675 Size: 81.5675 Loss: 0.1875 Win: 0.355 valueNorm: 5 stepSize: 0.001 Win Time: 1122.11
Iteration 39800 Time: 51232 Score: 83.2075 Size: 83.6925 Loss: 0.17 Win: 0.36 valueNorm: 5 stepSize: 0.001 Win Time: 1132.69
Iteration 40000 Time: 51483 Score: 80.585 Size: 81.265 Loss: 0.2175 Win: 0.3925 valueNorm: 5 stepSize: 0.001 Win Time: 1127.44
Iteration 40200 Time: 51739 Score: 81.295 Size: 82.025 Loss: 0.1975 Win: 0.365 valueNorm: 5 stepSize: 0.001 Win Time: 1135.24
Iteration 40400 Time: 51998 Score: 81.55 Size: 82.275 Loss: 0.1875 Win: 0.3525 valueNorm: 5 stepSize: 0.001 Win Time: 1135.11
Iteration 40600 Time: 52251 Score: 79.4875 Size: 80.6 Loss: 0.2275 Win: 0.355 valueNorm: 5 stepSize: 0.001 Win Time: 1135.19
Iteration 40800 Time: 52508 Score: 83.1475 Size: 83.4075 Loss: 0.1875 Win: 0.405 valueNorm: 5 stepSize: 0.001 Win Time: 1121.87
Iteration 41000 Time: 52763 Score: 81.1175 Size: 81.9675 Loss: 0.205 Win: 0.3575 valueNorm: 5 stepSize: 0.001 Win Time: 1131.15
Iteration 41200 Time: 53023 Score: 83.2075 Size: 83.4775 Loss: 0.165 Win: 0.3775 valueNorm: 5 stepSize: 0.001 Win Time: 1128.83
Iteration 41400 Time: 53281 Score: 83.205 Size: 83.34 Loss: 0.1675 Win: 0.395 valueNorm: 5 stepSize: 0.001 Win Time: 1127.15
Iteration 41600 Time: 53537 Score: 79.6725 Size: 80.8925 Loss: 0.205 Win: 0.3175 valueNorm: 5 stepSize: 0.001 Win Time: 1130.43
Iteration 41800 Time: 53798 Score: 82.52 Size: 83.0825 Loss: 0.18 Win: 0.3625 valueNorm: 5 stepSize: 0.001 Win Time: 1132.4
Iteration 42000 Time: 54062 Score: 81.8875 Size: 82.7625 Loss: 0.165 Win: 0.31 valueNorm: 5 stepSize: 0.001 Win Time: 1135.62
Iteration 42200 Time: 54320 Score: 82.4975 Size: 83.0275 Loss: 0.1975 Win: 0.385 valueNorm: 5 stepSize: 0.001 Win Time: 1129.8
Iteration 42400 Time: 54578 Score: 84.6825 Size: 84.5325 Loss: 0.185 Win: 0.4475 valueNorm: 5 stepSize: 0.001 Win Time: 1118.69
Iteration 42600 Time: 54838 Score: 84.6125 Size: 84.4675 Loss: 0.1725 Win: 0.43 valueNorm: 5 stepSize: 0.001 Win Time: 1121.77
Iteration 42800 Time: 55093 Score: 84.3475 Size: 84.2175 Loss: 0.175 Win: 0.435 valueNorm: 5 stepSize: 0.001 Win Time: 1114.98
Iteration 43000 Time: 55351 Score: 84.395 Size: 84.5 Loss: 0.18 Win: 0.4125 valueNorm: 5 stepSize: 0.001 Win Time: 1121.51
Iteration 43200 Time: 55604 Score: 81.85 Size: 82.4725 Loss: 0.2175 Win: 0.3975 valueNorm: 5 stepSize: 0.001 Win Time: 1132.69
Iteration 43400 Time: 55860 Score: 83.445 Size: 83.7 Loss: 0.19 Win: 0.4075 valueNorm: 5 stepSize: 0.001 Win Time: 1130.34
Iteration 43600 Time: 56110 Score: 82.3025 Size: 82.8475 Loss: 0.2175 Win: 0.4075 valueNorm: 5 stepSize: 0.001 Win Time: 1120.53
Iteration 43800 Time: 56358 Score: 83.025 Size: 83.5725 Loss: 0.2375 Win: 0.43 valueNorm: 5 stepSize: 0.001 Win Time: 1124.06
Iteration 44000 Time: 56611 Score: 84.115 Size: 84.24 Loss: 0.1825 Win: 0.4125 valueNorm: 5 stepSize: 0.001 Win Time: 1125.82
Iteration 44200 Time: 56863 Score: 83.215 Size: 83.6225 Loss: 0.195 Win: 0.395 valueNorm: 5 stepSize: 0.001 Win Time: 1123.06
Iteration 44400 Time: 57120 Score: 87.105 Size: 86.405 Loss: 0.155 Win: 0.475 valueNorm: 5 stepSize: 0.001 Win Time: 1123.09
Iteration 44600 Time: 57367 Score: 82.4375 Size: 83.015 Loss: 0.2225 Win: 0.4075 valueNorm: 5 stepSize: 0.001 Win Time: 1118.24
Iteration 44800 Time: 57616 Score: 84.895 Size: 84.69 Loss: 0.215 Win: 0.4875 valueNorm: 5 stepSize: 0.001 Win Time: 1124.61
Iteration 45000 Time: 57862 Score: 84.93 Size: 84.6475 Loss: 0.1925 Win: 0.47 valueNorm: 5 stepSize: 0.001 Win Time: 1117.1
Iteration 45200 Time: 58103 Score: 82.9825 Size: 83.055 Loss: 0.2275 Win: 0.47 valueNorm: 5 stepSize: 0.001 Win Time: 1118.84
Iteration 45400 Time: 58352 Score: 85.3425 Size: 85.1375 Loss: 0.1975 Win: 0.4675 valueNorm: 5 stepSize: 0.001 Win Time: 1119.41
Iteration 45600 Time: 58598 Score: 86.3375 Size: 85.645 Loss: 0.1825 Win: 0.505 valueNorm: 5 stepSize: 0.001 Win Time: 1118.96
Iteration 45800 Time: 58842 Score: 84.61 Size: 84.28 Loss: 0.205 Win: 0.49 valueNorm: 5 stepSize: 0.001 Win Time: 1116.99
Iteration 46000 Time: 59087 Score: 83.4075 Size: 83.525 Loss: 0.22 Win: 0.4575 valueNorm: 5 stepSize: 0.001 Win Time: 1125.44
Iteration 46200 Time: 59336 Score: 84.8925 Size: 84.7575 Loss: 0.195 Win: 0.4575 valueNorm: 5 stepSize: 0.001 Win Time: 1116.87
Iteration 46400 Time: 59581 Score: 83.9175 Size: 84.11 Loss: 0.2 Win: 0.425 valueNorm: 5 stepSize: 0.001 Win Time: 1121.26
Iteration 46600 Time: 59824 Score: 85.525 Size: 85.135 Loss: 0.1975 Win: 0.4875 valueNorm: 5 stepSize: 0.001 Win Time: 1113.77
Iteration 46800 Time: 60065 Score: 85.145 Size: 84.815 Loss: 0.2025 Win: 0.485 valueNorm: 5 stepSize: 0.001 Win Time: 1107.79
Iteration 47000 Time: 60308 Score: 85.17 Size: 85.0175 Loss: 0.2225 Win: 0.49 valueNorm: 5 stepSize: 0.001 Win Time: 1115.94
Iteration 47200 Time: 60551 Score: 85.3725 Size: 85.0625 Loss: 0.21 Win: 0.4925 valueNorm: 5 stepSize: 0.001 Win Time: 1112.96
Iteration 47400 Time: 60789 Score: 84.4975 Size: 84.06 Loss: 0.215 Win: 0.5125 valueNorm: 5 stepSize: 0.001 Win Time: 1105.12
Iteration 47600 Time: 61038 Score: 85.805 Size: 85.4025 Loss: 0.1775 Win: 0.4675 valueNorm: 5 stepSize: 0.001 Win Time: 1118.03
Iteration 47800 Time: 61285 Score: 85.7925 Size: 85.505 Loss: 0.195 Win: 0.4725 valueNorm: 5 stepSize: 0.001 Win Time: 1118.31
Iteration 48000 Time: 61524 Score: 85.6025 Size: 84.915 Loss: 0.1925 Win: 0.515 valueNorm: 5 stepSize: 0.001 Win Time: 1112
Iteration 48200 Time: 61767 Score: 87.1125 Size: 86.27 Loss: 0.1825 Win: 0.5225 valueNorm: 5 stepSize: 0.001 Win Time: 1103.23
Iteration 48400 Time: 62014 Score: 88.5025 Size: 87.8 Loss: 0.19 Win: 0.515 valueNorm: 5 stepSize: 0.001 Win Time: 1103.54
Iteration 48600 Time: 62257 Score: 87.635 Size: 87.06 Loss: 0.21 Win: 0.525 valueNorm: 5 stepSize: 0.001 Win Time: 1110.17
Iteration 48800 Time: 62498 Score: 87.2775 Size: 86.345 Loss: 0.2 Win: 0.55 valueNorm: 5 stepSize: 0.001 Win Time: 1106.81
Iteration 49000 Time: 62740 Score: 87.34 Size: 86.405 Loss: 0.19 Win: 0.54 valueNorm: 5 stepSize: 0.001 Win Time: 1109.03
Iteration 49200 Time: 62978 Score: 85.695 Size: 85.2225 Loss: 0.2225 Win: 0.525 valueNorm: 5 stepSize: 0.001 Win Time: 1111.82
Iteration 49400 Time: 63227 Score: 92.135 Size: 90.155 Loss: 0.145 Win: 0.605 valueNorm: 5 stepSize: 0.001 Win Time: 1106.66
Iteration 49600 Time: 63468 Score: 89.205 Size: 87.5725 Loss: 0.1775 Win: 0.6025 valueNorm: 5 stepSize: 0.001 Win Time: 1101.91
Iteration 49800 Time: 63705 Score: 86.445 Size: 85.705 Loss: 0.225 Win: 0.5575 valueNorm: 5 stepSize: 0.001 Win Time: 1110.83
Iteration 50000 Time: 63948 Score: 87.7375 Size: 86.81 Loss: 0.1875 Win: 0.5375 valueNorm: 5 stepSize: 0.001 Win Time: 1112.63
Evaluation score: 79.3097
