Training control Time: 1715011496
Hyperparameters: numRollouts: 1 batchSize: 0 numEpochs: 1 numIter: 100000 evalPeriod: 400 savePeriod: 400 alpha: 0.001000 GAEParam: 1.000000 
Iteration 400 Time: 197 Score: -2.53117 Size: 6.97007 Loss: 0.74813 Win: 0 valueNorm: 5 stepSize: 0.001
Iteration 800 Time: 453 Score: 1.705 Size: 7.4725 Loss: 0.375 Win: 0 valueNorm: 5 stepSize: 0.001
Iteration 1200 Time: 709 Score: 2.2825 Size: 8.5475 Loss: 0.425 Win: 0 valueNorm: 5 stepSize: 0.001
Iteration 1600 Time: 933 Score: 4.175 Size: 11.64 Loss: 0.545 Win: 0 valueNorm: 5 stepSize: 0.001
Iteration 2000 Time: 1155 Score: 7.82 Size: 14.4025 Loss: 0.455 Win: 0 valueNorm: 5 stepSize: 0.001
Iteration 2400 Time: 1386 Score: 9.3825 Size: 15.9 Loss: 0.4475 Win: 0 valueNorm: 5 stepSize: 0.001
Iteration 2800 Time: 1612 Score: 9.2925 Size: 16.68 Loss: 0.535 Win: 0 valueNorm: 5 stepSize: 0.001
Iteration 3200 Time: 1847 Score: 11.715 Size: 18.0825 Loss: 0.435 Win: 0 valueNorm: 5 stepSize: 0.001
Iteration 3600 Time: 2095 Score: 13.8525 Size: 19.5775 Loss: 0.37 Win: 0 valueNorm: 5 stepSize: 0.001
Iteration 4000 Time: 2343 Score: 14.525 Size: 20.245 Loss: 0.37 Win: 0 valueNorm: 5 stepSize: 0.001
Iteration 4400 Time: 2577 Score: 13.9575 Size: 20.6475 Loss: 0.465 Win: 0 valueNorm: 5 stepSize: 0.001
Iteration 4800 Time: 2828 Score: 15.555 Size: 21.1175 Loss: 0.355 Win: 0 valueNorm: 5 stepSize: 0.001
Iteration 5200 Time: 3091 Score: 17.0375 Size: 22.185 Loss: 0.3125 Win: 0 valueNorm: 5 stepSize: 0.001
Iteration 5600 Time: 3358 Score: 18.325 Size: 23.2925 Loss: 0.295 Win: 0 valueNorm: 5 stepSize: 0.001
Iteration 6000 Time: 3604 Score: 16.5625 Size: 23.0325 Loss: 0.445 Win: 0 valueNorm: 5 stepSize: 0.001
Iteration 6400 Time: 3852 Score: 17.155 Size: 23.26 Loss: 0.4075 Win: 0 valueNorm: 5 stepSize: 0.001
Iteration 6800 Time: 4108 Score: 18.8275 Size: 24.4175 Loss: 0.3575 Win: 0 valueNorm: 5 stepSize: 0.001
Iteration 7200 Time: 4366 Score: 19.235 Size: 25.045 Loss: 0.38 Win: 0 valueNorm: 5 stepSize: 0.001
Iteration 7600 Time: 4628 Score: 20.3975 Size: 26.115 Loss: 0.37 Win: 0 valueNorm: 5 stepSize: 0.001
Iteration 8000 Time: 4872 Score: 20.2175 Size: 26.2775 Loss: 0.405 Win: 0 valueNorm: 5 stepSize: 0.001
Iteration 8400 Time: 5124 Score: 22.015 Size: 28.0275 Loss: 0.4 Win: 0 valueNorm: 5 stepSize: 0.001
Iteration 8800 Time: 5375 Score: 23.3425 Size: 29.26 Loss: 0.39 Win: 0 valueNorm: 5 stepSize: 0.001
Iteration 9200 Time: 5628 Score: 25.3775 Size: 31.1125 Loss: 0.3725 Win: 0 valueNorm: 5 stepSize: 0.001
Iteration 9600 Time: 5876 Score: 26.74 Size: 32.8975 Loss: 0.415 Win: 0 valueNorm: 5 stepSize: 0.001
Iteration 10000 Time: 6121 Score: 28.17 Size: 34.2525 Loss: 0.4075 Win: 0 valueNorm: 5 stepSize: 0.001
Iteration 10400 Time: 6358 Score: 29.6225 Size: 36.42 Loss: 0.4775 Win: 0 valueNorm: 5 stepSize: 0.001
Iteration 10800 Time: 6597 Score: 32.4525 Size: 38.445 Loss: 0.3975 Win: 0 valueNorm: 5 stepSize: 0.001
Iteration 11200 Time: 6838 Score: 34.09 Size: 39.9625 Loss: 0.385 Win: 0 valueNorm: 5 stepSize: 0.001
Iteration 11600 Time: 7087 Score: 36.97 Size: 43.035 Loss: 0.405 Win: 0 valueNorm: 5 stepSize: 0.001
Iteration 12000 Time: 7337 Score: 38.545 Size: 44.3 Loss: 0.375 Win: 0 valueNorm: 5 stepSize: 0.001
Iteration 12400 Time: 7577 Score: 38.5175 Size: 44.8875 Loss: 0.435 Win: 0 valueNorm: 5 stepSize: 0.001
Iteration 12800 Time: 7811 Score: 38.095 Size: 44.565 Loss: 0.445 Win: 0 valueNorm: 5 stepSize: 0.001
Iteration 13200 Time: 8055 Score: 40.765 Size: 47.4475 Loss: 0.465 Win: 0 valueNorm: 5 stepSize: 0.001
Iteration 13600 Time: 8304 Score: 43.8825 Size: 49.1225 Loss: 0.3225 Win: 0 valueNorm: 5 stepSize: 0.001
Iteration 14000 Time: 8552 Score: 43.1925 Size: 48.8825 Loss: 0.3675 Win: 0 valueNorm: 5 stepSize: 0.001
Iteration 14400 Time: 8794 Score: 42.3725 Size: 48.4125 Loss: 0.4025 Win: 0 valueNorm: 5 stepSize: 0.001
Iteration 14800 Time: 9048 Score: 45.9975 Size: 51.3225 Loss: 0.33 Win: 0 valueNorm: 5 stepSize: 0.001
Iteration 15200 Time: 9297 Score: 45.725 Size: 51.3825 Loss: 0.365 Win: 0 valueNorm: 5 stepSize: 0.001
Iteration 15600 Time: 9536 Score: 44.82 Size: 50.8975 Loss: 0.405 Win: 0 valueNorm: 5 stepSize: 0.001
Iteration 16000 Time: 9791 Score: 48.95 Size: 54.3975 Loss: 0.3425 Win: 0 valueNorm: 5 stepSize: 0.001
Iteration 16400 Time: 10037 Score: 47.245 Size: 52.455 Loss: 0.32 Win: 0 valueNorm: 5 stepSize: 0.001
Iteration 16800 Time: 10283 Score: 47.8275 Size: 53.2875 Loss: 0.345 Win: 0 valueNorm: 5 stepSize: 0.001
Iteration 17200 Time: 10532 Score: 49.01 Size: 54.8475 Loss: 0.3825 Win: 0 valueNorm: 5 stepSize: 0.001
Iteration 17600 Time: 10785 Score: 48.005 Size: 53.6475 Loss: 0.3625 Win: 0 valueNorm: 5 stepSize: 0.001
Iteration 18000 Time: 11042 Score: 50.005 Size: 55.18 Loss: 0.315 Win: 0 valueNorm: 5 stepSize: 0.001
Iteration 18400 Time: 11308 Score: 51.585 Size: 56.6525 Loss: 0.305 Win: 0 valueNorm: 5 stepSize: 0.001
Iteration 18800 Time: 11568 Score: 51.4475 Size: 56.895 Loss: 0.3425 Win: 0 valueNorm: 5 stepSize: 0.001
Iteration 19200 Time: 11834 Score: 52.3475 Size: 57.295 Loss: 0.2925 Win: 0 valueNorm: 5 stepSize: 0.001
Iteration 19600 Time: 12095 Score: 52.095 Size: 57.1375 Loss: 0.3025 Win: 0 valueNorm: 5 stepSize: 0.001
Iteration 20000 Time: 12355 Score: 50.7325 Size: 56.0525 Loss: 0.33 Win: 0 valueNorm: 5 stepSize: 0.001
Iteration 20400 Time: 12619 Score: 52.8875 Size: 57.9925 Loss: 0.3075 Win: 0 valueNorm: 5 stepSize: 0.001
Iteration 20800 Time: 12888 Score: 54.1 Size: 58.985 Loss: 0.2875 Win: 0 valueNorm: 5 stepSize: 0.001
Iteration 21200 Time: 13157 Score: 54.115 Size: 58.6775 Loss: 0.255 Win: 0 valueNorm: 5 stepSize: 0.001
Iteration 21600 Time: 13425 Score: 54.085 Size: 59.0125 Loss: 0.29 Win: 0 valueNorm: 5 stepSize: 0.001
Iteration 22000 Time: 13689 Score: 54.065 Size: 59 Loss: 0.29 Win: 0 valueNorm: 5 stepSize: 0.001
Iteration 22400 Time: 13945 Score: 52.7975 Size: 58.1725 Loss: 0.335 Win: 0 valueNorm: 5 stepSize: 0.001
Iteration 22800 Time: 14212 Score: 54.495 Size: 59.16 Loss: 0.265 Win: 0 valueNorm: 5 stepSize: 0.001
Iteration 23200 Time: 14467 Score: 54.82 Size: 59.6675 Loss: 0.2825 Win: 0 valueNorm: 5 stepSize: 0.001
Iteration 23600 Time: 14718 Score: 55.47 Size: 60.37 Loss: 0.29 Win: 0.0025 valueNorm: 5 stepSize: 0.001 Win Time: 1153
Iteration 24000 Time: 14966 Score: 53.79 Size: 58.6325 Loss: 0.2825 Win: 0 valueNorm: 5 stepSize: 0.001
Iteration 24400 Time: 15220 Score: 55.78 Size: 60.5775 Loss: 0.2775 Win: 0 valueNorm: 5 stepSize: 0.001
Iteration 24800 Time: 15474 Score: 57.205 Size: 62.0025 Loss: 0.2775 Win: 0 valueNorm: 5 stepSize: 0.001
Iteration 25200 Time: 15730 Score: 58.6875 Size: 62.875 Loss: 0.225 Win: 0.01 valueNorm: 5 stepSize: 0.001 Win Time: 1169.5
Iteration 25600 Time: 15976 Score: 56.1725 Size: 60.96 Loss: 0.28 Win: 0.0025 valueNorm: 5 stepSize: 0.001 Win Time: 1183
Iteration 26000 Time: 16228 Score: 57.49 Size: 62.2675 Loss: 0.275 Win: 0 valueNorm: 5 stepSize: 0.001
Iteration 26400 Time: 16488 Score: 60.04 Size: 64.335 Loss: 0.2275 Win: 0 valueNorm: 5 stepSize: 0.001
Iteration 26800 Time: 16748 Score: 58.9 Size: 63.4075 Loss: 0.265 Win: 0.0175 valueNorm: 5 stepSize: 0.001 Win Time: 1173.86
Iteration 27200 Time: 17014 Score: 59.54 Size: 63.6425 Loss: 0.215 Win: 0.0075 valueNorm: 5 stepSize: 0.001 Win Time: 1181.67
Iteration 27600 Time: 17291 Score: 62.6675 Size: 66.4375 Loss: 0.185 Win: 0.01 valueNorm: 5 stepSize: 0.001 Win Time: 1176.75
Iteration 28000 Time: 17555 Score: 59.735 Size: 64.25 Loss: 0.2525 Win: 0.0025 valueNorm: 5 stepSize: 0.001 Win Time: 1165
Iteration 28400 Time: 17821 Score: 59.5675 Size: 63.7375 Loss: 0.22 Win: 0.005 valueNorm: 5 stepSize: 0.001 Win Time: 1169
Iteration 28800 Time: 18082 Score: 59.7825 Size: 64.1575 Loss: 0.24 Win: 0.005 valueNorm: 5 stepSize: 0.001 Win Time: 1100.5
Iteration 29200 Time: 18353 Score: 62.1225 Size: 66.1925 Loss: 0.21 Win: 0.005 valueNorm: 5 stepSize: 0.001 Win Time: 1193.5
Iteration 29600 Time: 18623 Score: 62.135 Size: 66.1775 Loss: 0.21 Win: 0.0075 valueNorm: 5 stepSize: 0.001 Win Time: 1155.33
Iteration 30000 Time: 18892 Score: 62.78 Size: 66.51 Loss: 0.1875 Win: 0.0175 valueNorm: 5 stepSize: 0.001 Win Time: 1159.43
Iteration 30400 Time: 19153 Score: 63.9 Size: 67.735 Loss: 0.19 Win: 0.01 valueNorm: 5 stepSize: 0.001 Win Time: 1182
Iteration 30800 Time: 19402 Score: 61.44 Size: 65.885 Loss: 0.26 Win: 0.02 valueNorm: 5 stepSize: 0.001 Win Time: 1155.5
Iteration 31200 Time: 19651 Score: 60.99 Size: 65.0725 Loss: 0.23 Win: 0.0275 valueNorm: 5 stepSize: 0.001 Win Time: 1171.18
Iteration 31600 Time: 19907 Score: 62.5425 Size: 66.41 Loss: 0.205 Win: 0.0225 valueNorm: 5 stepSize: 0.001 Win Time: 1160.89
Iteration 32000 Time: 20160 Score: 60.77 Size: 64.96 Loss: 0.23 Win: 0.015 valueNorm: 5 stepSize: 0.001 Win Time: 1123.83
Iteration 32400 Time: 20420 Score: 63.655 Size: 67.4 Loss: 0.1875 Win: 0.015 valueNorm: 5 stepSize: 0.001 Win Time: 1175.33
Iteration 32800 Time: 20678 Score: 64.7175 Size: 68.1175 Loss: 0.1725 Win: 0.0375 valueNorm: 5 stepSize: 0.001 Win Time: 1159.07
Iteration 33200 Time: 20941 Score: 65.225 Size: 68.635 Loss: 0.1625 Win: 0.025 valueNorm: 5 stepSize: 0.001 Win Time: 1154.5
Iteration 33600 Time: 21206 Score: 67.9525 Size: 71.055 Loss: 0.1425 Win: 0.0375 valueNorm: 5 stepSize: 0.001 Win Time: 1169.87
Iteration 34000 Time: 21463 Score: 65.7225 Size: 69.105 Loss: 0.1825 Win: 0.05 valueNorm: 5 stepSize: 0.001 Win Time: 1150
Iteration 34400 Time: 21714 Score: 62.4775 Size: 66.61 Loss: 0.25 Win: 0.0425 valueNorm: 5 stepSize: 0.001 Win Time: 1162.35
Iteration 34800 Time: 21967 Score: 64.1 Size: 67.7625 Loss: 0.205 Win: 0.045 valueNorm: 5 stepSize: 0.001 Win Time: 1144.89
Iteration 35200 Time: 22228 Score: 67.825 Size: 70.965 Loss: 0.16 Win: 0.0525 valueNorm: 5 stepSize: 0.001 Win Time: 1167.33
Iteration 35600 Time: 22487 Score: 65.8775 Size: 69.2975 Loss: 0.1625 Win: 0.025 valueNorm: 5 stepSize: 0.001 Win Time: 1159.1
Iteration 36000 Time: 22751 Score: 66.8775 Size: 70.325 Loss: 0.1525 Win: 0.01 valueNorm: 5 stepSize: 0.001 Win Time: 1180.5
Iteration 36400 Time: 23008 Score: 64.83 Size: 68.3425 Loss: 0.18 Win: 0.0325 valueNorm: 5 stepSize: 0.001 Win Time: 1163.08
Iteration 36800 Time: 23273 Score: 66.12 Size: 69.2725 Loss: 0.145 Win: 0.035 valueNorm: 5 stepSize: 0.001 Win Time: 1169.93
Iteration 37200 Time: 23538 Score: 68.6175 Size: 71.355 Loss: 0.115 Win: 0.0475 valueNorm: 5 stepSize: 0.001 Win Time: 1156.37
Iteration 37600 Time: 23805 Score: 66.0425 Size: 69.375 Loss: 0.165 Win: 0.0375 valueNorm: 5 stepSize: 0.001 Win Time: 1166.27
Iteration 38000 Time: 24061 Score: 64.425 Size: 68.335 Loss: 0.225 Win: 0.04 valueNorm: 5 stepSize: 0.001 Win Time: 1166.94
Iteration 38400 Time: 24324 Score: 64.885 Size: 68.7725 Loss: 0.2225 Win: 0.04 valueNorm: 5 stepSize: 0.001 Win Time: 1159.56
Iteration 38800 Time: 24599 Score: 70.295 Size: 72.94 Loss: 0.12 Win: 0.0625 valueNorm: 5 stepSize: 0.001 Win Time: 1154.16
Iteration 39200 Time: 24868 Score: 68.7625 Size: 71.94 Loss: 0.1675 Win: 0.0575 valueNorm: 5 stepSize: 0.001 Win Time: 1152.3
Iteration 39600 Time: 25140 Score: 68.9775 Size: 72.1475 Loss: 0.155 Win: 0.045 valueNorm: 5 stepSize: 0.001 Win Time: 1155.11
Iteration 40000 Time: 25409 Score: 67.78 Size: 71.03 Loss: 0.175 Win: 0.0575 valueNorm: 5 stepSize: 0.001 Win Time: 1162.52
Iteration 40400 Time: 25677 Score: 66.3075 Size: 69.8575 Loss: 0.1875 Win: 0.0375 valueNorm: 5 stepSize: 0.001 Win Time: 1152.07
Iteration 40800 Time: 25936 Score: 68.79 Size: 71.9175 Loss: 0.185 Win: 0.0825 valueNorm: 5 stepSize: 0.001 Win Time: 1161.94
Iteration 41200 Time: 26199 Score: 68.5525 Size: 71.815 Loss: 0.1925 Win: 0.075 valueNorm: 5 stepSize: 0.001 Win Time: 1165.93
Iteration 41600 Time: 26469 Score: 70.445 Size: 73.335 Loss: 0.1475 Win: 0.0675 valueNorm: 5 stepSize: 0.001 Win Time: 1167.3
Iteration 42000 Time: 26736 Score: 69.8675 Size: 72.6775 Loss: 0.1425 Win: 0.07 valueNorm: 5 stepSize: 0.001 Win Time: 1159.43
Iteration 42400 Time: 26997 Score: 68.2325 Size: 71.4475 Loss: 0.1775 Win: 0.065 valueNorm: 5 stepSize: 0.001 Win Time: 1143.54
Iteration 42800 Time: 27267 Score: 69.1775 Size: 71.975 Loss: 0.13 Win: 0.0575 valueNorm: 5 stepSize: 0.001 Win Time: 1156.91
Iteration 43200 Time: 27532 Score: 68.295 Size: 71.5575 Loss: 0.1725 Win: 0.0525 valueNorm: 5 stepSize: 0.001 Win Time: 1158.14
Iteration 43600 Time: 27786 Score: 67.29 Size: 70.6625 Loss: 0.23 Win: 0.105 valueNorm: 5 stepSize: 0.001 Win Time: 1146.52
Iteration 44000 Time: 28042 Score: 65.7925 Size: 69.46 Loss: 0.23 Win: 0.0725 valueNorm: 5 stepSize: 0.001 Win Time: 1158.93
Iteration 44400 Time: 28303 Score: 66.31 Size: 69.83 Loss: 0.1875 Win: 0.0425 valueNorm: 5 stepSize: 0.001 Win Time: 1170.47
Iteration 44800 Time: 28567 Score: 67.7925 Size: 70.955 Loss: 0.175 Win: 0.0675 valueNorm: 5 stepSize: 0.001 Win Time: 1166.85
Iteration 45200 Time: 28823 Score: 66.2375 Size: 69.855 Loss: 0.2175 Win: 0.065 valueNorm: 5 stepSize: 0.001 Win Time: 1153.38
Iteration 45600 Time: 29088 Score: 68.8775 Size: 71.92 Loss: 0.165 Win: 0.07 valueNorm: 5 stepSize: 0.001 Win Time: 1154.54
Iteration 46000 Time: 29346 Score: 67.5825 Size: 70.925 Loss: 0.205 Win: 0.08 valueNorm: 5 stepSize: 0.001 Win Time: 1144.94
Iteration 46400 Time: 29603 Score: 67.005 Size: 70.4875 Loss: 0.2025 Win: 0.0625 valueNorm: 5 stepSize: 0.001 Win Time: 1152.96
Iteration 46800 Time: 29865 Score: 71.15 Size: 73.9125 Loss: 0.1675 Win: 0.1025 valueNorm: 5 stepSize: 0.001 Win Time: 1146.83
Iteration 47200 Time: 30128 Score: 69.64 Size: 72.5075 Loss: 0.1675 Win: 0.0925 valueNorm: 5 stepSize: 0.001 Win Time: 1154.59
Iteration 47600 Time: 30388 Score: 68.3975 Size: 71.71 Loss: 0.21 Win: 0.09 valueNorm: 5 stepSize: 0.001 Win Time: 1155.78
Iteration 48000 Time: 30640 Score: 67.5525 Size: 70.81 Loss: 0.2225 Win: 0.11 valueNorm: 5 stepSize: 0.001 Win Time: 1157
Iteration 48400 Time: 30906 Score: 70.93 Size: 73.7525 Loss: 0.1775 Win: 0.1075 valueNorm: 5 stepSize: 0.001 Win Time: 1159.91
Iteration 48800 Time: 31170 Score: 70.6875 Size: 73.28 Loss: 0.1625 Win: 0.1175 valueNorm: 5 stepSize: 0.001 Win Time: 1148.96
Iteration 49200 Time: 31438 Score: 71.39 Size: 73.965 Loss: 0.1375 Win: 0.09 valueNorm: 5 stepSize: 0.001 Win Time: 1158.19
Iteration 49600 Time: 31693 Score: 68.2525 Size: 71.4075 Loss: 0.1925 Win: 0.0875 valueNorm: 5 stepSize: 0.001 Win Time: 1161.09
Iteration 50000 Time: 31954 Score: 69.0525 Size: 72.1325 Loss: 0.18 Win: 0.0825 valueNorm: 5 stepSize: 0.001 Win Time: 1151.27
Iteration 50400 Time: 32222 Score: 70.38 Size: 73.0275 Loss: 0.1425 Win: 0.0875 valueNorm: 5 stepSize: 0.001 Win Time: 1156.63
Iteration 50800 Time: 32491 Score: 69.165 Size: 72.08 Loss: 0.14 Win: 0.055 valueNorm: 5 stepSize: 0.001 Win Time: 1169.45
Iteration 51200 Time: 32755 Score: 70.1975 Size: 73.2275 Loss: 0.1825 Win: 0.09 valueNorm: 5 stepSize: 0.001 Win Time: 1156.08
Iteration 51600 Time: 33016 Score: 67.2675 Size: 70.56 Loss: 0.1825 Win: 0.0625 valueNorm: 5 stepSize: 0.001 Win Time: 1155.52
Iteration 52000 Time: 33289 Score: 72.245 Size: 74.7875 Loss: 0.125 Win: 0.08 valueNorm: 5 stepSize: 0.001 Win Time: 1156.72
Iteration 52400 Time: 33534 Score: 58.465 Size: 64.0325 Loss: 0.39 Win: 0.04 valueNorm: 5 stepSize: 0.001 Win Time: 1162.44
Iteration 52800 Time: 33804 Score: 70.6075 Size: 73.505 Loss: 0.1475 Win: 0.065 valueNorm: 5 stepSize: 0.001 Win Time: 1149.88
Iteration 53200 Time: 34075 Score: 74.35 Size: 76.52 Loss: 0.1275 Win: 0.125 valueNorm: 5 stepSize: 0.001 Win Time: 1143.02
Iteration 53600 Time: 34347 Score: 73.1825 Size: 75.57 Loss: 0.1275 Win: 0.1 valueNorm: 5 stepSize: 0.001 Win Time: 1154.78
Iteration 54000 Time: 34614 Score: 71.5425 Size: 74.255 Loss: 0.16 Win: 0.1 valueNorm: 5 stepSize: 0.001 Win Time: 1164.6
Iteration 54400 Time: 34885 Score: 72.625 Size: 75.3075 Loss: 0.1525 Win: 0.095 valueNorm: 5 stepSize: 0.001 Win Time: 1155.26
Iteration 54800 Time: 35154 Score: 75.075 Size: 77.1675 Loss: 0.1375 Win: 0.145 valueNorm: 5 stepSize: 0.001 Win Time: 1147.62
Iteration 55200 Time: 35421 Score: 75.085 Size: 76.945 Loss: 0.1325 Win: 0.165 valueNorm: 5 stepSize: 0.001 Win Time: 1154.76
Iteration 55600 Time: 35686 Score: 73.2375 Size: 75.32 Loss: 0.1425 Win: 0.15 valueNorm: 5 stepSize: 0.001 Win Time: 1155.6
Iteration 56000 Time: 35955 Score: 74.2475 Size: 76.2725 Loss: 0.13 Win: 0.1425 valueNorm: 5 stepSize: 0.001 Win Time: 1151.56
Iteration 56400 Time: 36215 Score: 71.5825 Size: 74.4375 Loss: 0.185 Win: 0.1125 valueNorm: 5 stepSize: 0.001 Win Time: 1151.47
Iteration 56800 Time: 36489 Score: 75.19 Size: 77.23 Loss: 0.115 Win: 0.125 valueNorm: 5 stepSize: 0.001 Win Time: 1156.94
Iteration 57200 Time: 36755 Score: 72.5275 Size: 75.1625 Loss: 0.165 Win: 0.115 valueNorm: 5 stepSize: 0.001 Win Time: 1148.83
Iteration 57600 Time: 37027 Score: 76.4175 Size: 78.2975 Loss: 0.135 Win: 0.165 valueNorm: 5 stepSize: 0.001 Win Time: 1149.85
Iteration 58000 Time: 37293 Score: 74.075 Size: 76.55 Loss: 0.175 Win: 0.1425 valueNorm: 5 stepSize: 0.001 Win Time: 1153.77
Iteration 58400 Time: 37556 Score: 72.91 Size: 75.31 Loss: 0.1575 Win: 0.1325 valueNorm: 5 stepSize: 0.001 Win Time: 1157.66
Iteration 58800 Time: 37821 Score: 71.02 Size: 73.7175 Loss: 0.1675 Win: 0.11 valueNorm: 5 stepSize: 0.001 Win Time: 1151.61
Iteration 59200 Time: 38087 Score: 74.6975 Size: 76.875 Loss: 0.155 Win: 0.155 valueNorm: 5 stepSize: 0.001 Win Time: 1144.6
Iteration 59600 Time: 38350 Score: 73.515 Size: 75.6575 Loss: 0.16 Win: 0.1625 valueNorm: 5 stepSize: 0.001 Win Time: 1140.82
Iteration 60000 Time: 38617 Score: 75.4375 Size: 77.435 Loss: 0.1425 Win: 0.16 valueNorm: 5 stepSize: 0.001 Win Time: 1151.92
Iteration 60400 Time: 38883 Score: 73.925 Size: 76.35 Loss: 0.17 Win: 0.145 valueNorm: 5 stepSize: 0.001 Win Time: 1151.1
Iteration 60800 Time: 39153 Score: 74.4825 Size: 76.7325 Loss: 0.1425 Win: 0.1325 valueNorm: 5 stepSize: 0.001 Win Time: 1153.89
Iteration 61200 Time: 39420 Score: 75.6875 Size: 77.705 Loss: 0.15 Win: 0.1675 valueNorm: 5 stepSize: 0.001 Win Time: 1147.43
Iteration 61600 Time: 39690 Score: 75.32 Size: 77.255 Loss: 0.1325 Win: 0.155 valueNorm: 5 stepSize: 0.001 Win Time: 1155.61
Iteration 62000 Time: 39957 Score: 75.3225 Size: 77.3 Loss: 0.1425 Win: 0.1625 valueNorm: 5 stepSize: 0.001 Win Time: 1153.83
Iteration 62400 Time: 40239 Score: 79.725 Size: 80.895 Loss: 0.1025 Win: 0.2075 valueNorm: 5 stepSize: 0.001 Win Time: 1151.41
Iteration 62800 Time: 40512 Score: 74.7875 Size: 76.7275 Loss: 0.1475 Win: 0.1725 valueNorm: 5 stepSize: 0.001 Win Time: 1143.01
Iteration 63200 Time: 40784 Score: 75.1175 Size: 77.075 Loss: 0.145 Win: 0.1675 valueNorm: 5 stepSize: 0.001 Win Time: 1146.4
Iteration 63600 Time: 41057 Score: 74.365 Size: 76.5175 Loss: 0.145 Win: 0.145 valueNorm: 5 stepSize: 0.001 Win Time: 1139.98
Iteration 64000 Time: 41334 Score: 72.4775 Size: 75.1725 Loss: 0.16 Win: 0.1025 valueNorm: 5 stepSize: 0.001 Win Time: 1149.71
Iteration 64400 Time: 41599 Score: 68.7375 Size: 71.9575 Loss: 0.2025 Win: 0.0925 valueNorm: 5 stepSize: 0.001 Win Time: 1146
Iteration 64800 Time: 41875 Score: 74.1 Size: 76.2525 Loss: 0.145 Win: 0.145 valueNorm: 5 stepSize: 0.001 Win Time: 1151.71
Iteration 65200 Time: 42141 Score: 71.27 Size: 73.965 Loss: 0.185 Win: 0.13 valueNorm: 5 stepSize: 0.001 Win Time: 1163.1
Iteration 65600 Time: 42409 Score: 73.89 Size: 76.2225 Loss: 0.175 Win: 0.16 valueNorm: 5 stepSize: 0.001 Win Time: 1149.94
Iteration 66000 Time: 42687 Score: 76.4825 Size: 78.0875 Loss: 0.1125 Win: 0.17 valueNorm: 5 stepSize: 0.001 Win Time: 1158.88
Iteration 66400 Time: 42965 Score: 75.0825 Size: 77.305 Loss: 0.1425 Win: 0.135 valueNorm: 5 stepSize: 0.001 Win Time: 1151.26
Iteration 66800 Time: 43231 Score: 73.59 Size: 75.9625 Loss: 0.155 Win: 0.1325 valueNorm: 5 stepSize: 0.001 Win Time: 1133.6
Iteration 67200 Time: 43497 Score: 72.74 Size: 75.235 Loss: 0.15 Win: 0.1125 valueNorm: 5 stepSize: 0.001 Win Time: 1153.2
Iteration 67600 Time: 43760 Score: 75.4525 Size: 77.495 Loss: 0.1575 Win: 0.1725 valueNorm: 5 stepSize: 0.001 Win Time: 1148.41
Iteration 68000 Time: 44025 Score: 74.38 Size: 76.46 Loss: 0.1625 Win: 0.1725 valueNorm: 5 stepSize: 0.001 Win Time: 1139.48
Iteration 68400 Time: 44288 Score: 72.1175 Size: 74.7725 Loss: 0.175 Win: 0.125 valueNorm: 5 stepSize: 0.001 Win Time: 1147.5
Iteration 68800 Time: 44559 Score: 76.9975 Size: 78.7625 Loss: 0.1125 Win: 0.1525 valueNorm: 5 stepSize: 0.001 Win Time: 1149.85
Iteration 69200 Time: 44820 Score: 74.4375 Size: 76.4 Loss: 0.1675 Win: 0.1925 valueNorm: 5 stepSize: 0.001 Win Time: 1150.22
Iteration 69600 Time: 45084 Score: 73.3125 Size: 75.61 Loss: 0.1575 Win: 0.1425 valueNorm: 5 stepSize: 0.001 Win Time: 1150.67
Iteration 70000 Time: 45351 Score: 74.225 Size: 76.6 Loss: 0.16 Win: 0.1375 valueNorm: 5 stepSize: 0.001 Win Time: 1136.11
Iteration 70400 Time: 45616 Score: 75.45 Size: 77.4 Loss: 0.1575 Win: 0.1825 valueNorm: 5 stepSize: 0.001 Win Time: 1147.97
Iteration 70800 Time: 45880 Score: 74.89 Size: 77.04 Loss: 0.1575 Win: 0.16 valueNorm: 5 stepSize: 0.001 Win Time: 1144.62
Iteration 71200 Time: 46138 Score: 71.2625 Size: 74.135 Loss: 0.2 Win: 0.1275 valueNorm: 5 stepSize: 0.001 Win Time: 1149.51
Iteration 71600 Time: 46399 Score: 72.1525 Size: 74.9025 Loss: 0.2 Win: 0.1425 valueNorm: 5 stepSize: 0.001 Win Time: 1156.07
Iteration 72000 Time: 46662 Score: 74.8 Size: 76.89 Loss: 0.155 Win: 0.165 valueNorm: 5 stepSize: 0.001 Win Time: 1137.98
Iteration 72400 Time: 46933 Score: 74.17 Size: 76.525 Loss: 0.13 Win: 0.1075 valueNorm: 5 stepSize: 0.001 Win Time: 1147.44
Iteration 72800 Time: 47201 Score: 75.775 Size: 77.66 Loss: 0.14 Win: 0.17 valueNorm: 5 stepSize: 0.001 Win Time: 1144.97
Iteration 73200 Time: 47476 Score: 78.82 Size: 80.2375 Loss: 0.1 Win: 0.1775 valueNorm: 5 stepSize: 0.001 Win Time: 1152.17
Iteration 73600 Time: 47750 Score: 80.4725 Size: 81.5775 Loss: 0.1 Win: 0.2125 valueNorm: 5 stepSize: 0.001 Win Time: 1144.86
Iteration 74000 Time: 48014 Score: 76.6925 Size: 78.46 Loss: 0.16 Win: 0.205 valueNorm: 5 stepSize: 0.001 Win Time: 1139.95
Iteration 74400 Time: 48282 Score: 76.03 Size: 77.9475 Loss: 0.1475 Win: 0.175 valueNorm: 5 stepSize: 0.001 Win Time: 1151.5
Iteration 74800 Time: 48549 Score: 76.06 Size: 78.1125 Loss: 0.17 Win: 0.185 valueNorm: 5 stepSize: 0.001 Win Time: 1152.95
Iteration 75200 Time: 48818 Score: 76.805 Size: 78.4325 Loss: 0.135 Win: 0.1925 valueNorm: 5 stepSize: 0.001 Win Time: 1143.77
Iteration 75600 Time: 49086 Score: 77.01 Size: 78.72 Loss: 0.1475 Win: 0.1975 valueNorm: 5 stepSize: 0.001 Win Time: 1148.73
Iteration 76000 Time: 49341 Score: 73.1 Size: 75.5825 Loss: 0.215 Win: 0.1875 valueNorm: 5 stepSize: 0.001 Win Time: 1149.76
Iteration 76400 Time: 49606 Score: 74.235 Size: 76.5875 Loss: 0.1625 Win: 0.1425 valueNorm: 5 stepSize: 0.001 Win Time: 1146.49
Iteration 76800 Time: 49869 Score: 77.0125 Size: 78.63 Loss: 0.165 Win: 0.2275 valueNorm: 5 stepSize: 0.001 Win Time: 1151.71
Iteration 77200 Time: 50132 Score: 76.1525 Size: 77.8475 Loss: 0.1575 Win: 0.21 valueNorm: 5 stepSize: 0.001 Win Time: 1148.15
Iteration 77600 Time: 50393 Score: 74.1175 Size: 76.635 Loss: 0.205 Win: 0.1725 valueNorm: 5 stepSize: 0.001 Win Time: 1144.35
Iteration 78000 Time: 50660 Score: 77.47 Size: 79.0575 Loss: 0.15 Win: 0.215 valueNorm: 5 stepSize: 0.001 Win Time: 1146.36
Iteration 78400 Time: 50933 Score: 79.3975 Size: 80.57 Loss: 0.0975 Win: 0.2025 valueNorm: 5 stepSize: 0.001 Win Time: 1142.21
Iteration 78800 Time: 51196 Score: 77.2225 Size: 78.895 Loss: 0.1525 Win: 0.2075 valueNorm: 5 stepSize: 0.001 Win Time: 1137.31
Iteration 79200 Time: 51458 Score: 76.385 Size: 78.02 Loss: 0.16 Win: 0.22 valueNorm: 5 stepSize: 0.001 Win Time: 1145.77
Iteration 79600 Time: 51728 Score: 77.6075 Size: 78.95 Loss: 0.115 Win: 0.2025 valueNorm: 5 stepSize: 0.001 Win Time: 1153.41
Iteration 80000 Time: 51998 Score: 78.05 Size: 79.42 Loss: 0.1225 Win: 0.2075 valueNorm: 5 stepSize: 0.001 Win Time: 1143.42
Iteration 80400 Time: 52264 Score: 72.72 Size: 75.35 Loss: 0.1875 Win: 0.14 valueNorm: 5 stepSize: 0.001 Win Time: 1148.64
Iteration 80800 Time: 52532 Score: 78.2725 Size: 79.77 Loss: 0.1375 Win: 0.21 valueNorm: 5 stepSize: 0.001 Win Time: 1139.83
Iteration 81200 Time: 52790 Score: 71 Size: 73.7375 Loss: 0.2075 Win: 0.1525 valueNorm: 5 stepSize: 0.001 Win Time: 1148.36
Iteration 81600 Time: 53049 Score: 71.34 Size: 74.165 Loss: 0.1975 Win: 0.13 valueNorm: 5 stepSize: 0.001 Win Time: 1146.37
Iteration 82000 Time: 53319 Score: 78.995 Size: 80.2675 Loss: 0.1375 Win: 0.235 valueNorm: 5 stepSize: 0.001 Win Time: 1150.73
Iteration 82400 Time: 53585 Score: 78.845 Size: 80.09 Loss: 0.1375 Win: 0.24 valueNorm: 5 stepSize: 0.001 Win Time: 1144.54
Iteration 82800 Time: 53856 Score: 82.095 Size: 82.77 Loss: 0.1225 Win: 0.285 valueNorm: 5 stepSize: 0.001 Win Time: 1141.2
Iteration 83200 Time: 54129 Score: 80.535 Size: 81.625 Loss: 0.115 Win: 0.23 valueNorm: 5 stepSize: 0.001 Win Time: 1147.97
Iteration 83600 Time: 54394 Score: 78.76 Size: 80.1025 Loss: 0.15 Win: 0.2425 valueNorm: 5 stepSize: 0.001 Win Time: 1145.12
Iteration 84000 Time: 54664 Score: 79.51 Size: 80.5575 Loss: 0.115 Win: 0.235 valueNorm: 5 stepSize: 0.001 Win Time: 1143.01
Iteration 84400 Time: 54936 Score: 79.8625 Size: 80.91 Loss: 0.125 Win: 0.2475 valueNorm: 5 stepSize: 0.001 Win Time: 1150.14
Iteration 84800 Time: 55203 Score: 77.645 Size: 79.195 Loss: 0.1425 Win: 0.2125 valueNorm: 5 stepSize: 0.001 Win Time: 1147.81
Iteration 85200 Time: 55474 Score: 78.99 Size: 80.1225 Loss: 0.1125 Win: 0.2225 valueNorm: 5 stepSize: 0.001 Win Time: 1139.66
Iteration 85600 Time: 55743 Score: 79.2925 Size: 80.3925 Loss: 0.1225 Win: 0.2375 valueNorm: 5 stepSize: 0.001 Win Time: 1143.25
Iteration 86000 Time: 56006 Score: 77.6625 Size: 79.2025 Loss: 0.15 Win: 0.22 valueNorm: 5 stepSize: 0.001 Win Time: 1147.93
Iteration 86400 Time: 56271 Score: 79.7 Size: 81.0025 Loss: 0.1375 Win: 0.2325 valueNorm: 5 stepSize: 0.001 Win Time: 1146.86
Iteration 86800 Time: 56530 Score: 75.8225 Size: 77.775 Loss: 0.1725 Win: 0.2 valueNorm: 5 stepSize: 0.001 Win Time: 1150.26
Iteration 87200 Time: 56793 Score: 78.755 Size: 79.9175 Loss: 0.1325 Win: 0.2425 valueNorm: 5 stepSize: 0.001 Win Time: 1144.95
Iteration 87600 Time: 57057 Score: 79.4075 Size: 80.715 Loss: 0.1475 Win: 0.2425 valueNorm: 5 stepSize: 0.001 Win Time: 1143.42
Iteration 88000 Time: 57327 Score: 82.2375 Size: 82.88 Loss: 0.0925 Win: 0.255 valueNorm: 5 stepSize: 0.001 Win Time: 1150.75
Iteration 88400 Time: 57577 Score: 76.0325 Size: 77.46 Loss: 0.18 Win: 0.2675 valueNorm: 5 stepSize: 0.001 Win Time: 1146.52
Iteration 88800 Time: 57830 Score: 72.7825 Size: 75.2 Loss: 0.195 Win: 0.1725 valueNorm: 5 stepSize: 0.001 Win Time: 1144.03
Iteration 89200 Time: 58087 Score: 76.5475 Size: 78.4475 Loss: 0.17 Win: 0.2025 valueNorm: 5 stepSize: 0.001 Win Time: 1143.6
Iteration 89600 Time: 58350 Score: 80.1575 Size: 81.3 Loss: 0.11 Win: 0.22 valueNorm: 5 stepSize: 0.001 Win Time: 1139.05
Iteration 90000 Time: 58609 Score: 79.8875 Size: 81.11 Loss: 0.155 Win: 0.26 valueNorm: 5 stepSize: 0.001 Win Time: 1140.61
Iteration 90400 Time: 58873 Score: 77.2775 Size: 79.1025 Loss: 0.1475 Win: 0.185 valueNorm: 5 stepSize: 0.001 Win Time: 1143.22
Iteration 90800 Time: 59130 Score: 76.4675 Size: 78.28 Loss: 0.175 Win: 0.2175 valueNorm: 5 stepSize: 0.001 Win Time: 1143.39
Iteration 91200 Time: 59386 Score: 79.285 Size: 80.3675 Loss: 0.1425 Win: 0.2625 valueNorm: 5 stepSize: 0.001 Win Time: 1139.26
Iteration 91600 Time: 59644 Score: 79.975 Size: 81.1425 Loss: 0.14 Win: 0.25 valueNorm: 5 stepSize: 0.001 Win Time: 1135.09
Iteration 92000 Time: 59897 Score: 77.8225 Size: 79.495 Loss: 0.195 Win: 0.255 valueNorm: 5 stepSize: 0.001 Win Time: 1144.56
Iteration 92400 Time: 60155 Score: 79.6225 Size: 80.82 Loss: 0.1325 Win: 0.2375 valueNorm: 5 stepSize: 0.001 Win Time: 1143.07
Iteration 92800 Time: 60405 Score: 76.88 Size: 78.55 Loss: 0.19 Win: 0.25 valueNorm: 5 stepSize: 0.001 Win Time: 1141.63
Iteration 93200 Time: 60662 Score: 80.07 Size: 81.165 Loss: 0.145 Win: 0.2625 valueNorm: 5 stepSize: 0.001 Win Time: 1136.26
Iteration 93600 Time: 60919 Score: 79.915 Size: 80.9575 Loss: 0.13 Win: 0.2525 valueNorm: 5 stepSize: 0.001 Win Time: 1145.09
Iteration 94000 Time: 61175 Score: 77.0575 Size: 78.7025 Loss: 0.155 Win: 0.215 valueNorm: 5 stepSize: 0.001 Win Time: 1148.88
Iteration 94400 Time: 61435 Score: 79.0825 Size: 80.6 Loss: 0.1475 Win: 0.22 valueNorm: 5 stepSize: 0.001 Win Time: 1136.67
Iteration 94800 Time: 61691 Score: 76.805 Size: 78.6425 Loss: 0.175 Win: 0.215 valueNorm: 5 stepSize: 0.001 Win Time: 1148.44
Iteration 95200 Time: 61950 Score: 76.7275 Size: 78.825 Loss: 0.16 Win: 0.1675 valueNorm: 5 stepSize: 0.001 Win Time: 1142.4
Iteration 95600 Time: 62207 Score: 80.93 Size: 81.9175 Loss: 0.1425 Win: 0.2725 valueNorm: 5 stepSize: 0.001 Win Time: 1136.49
Iteration 96000 Time: 62468 Score: 80.8725 Size: 81.605 Loss: 0.1125 Win: 0.2675 valueNorm: 5 stepSize: 0.001 Win Time: 1145.93
Iteration 96400 Time: 62726 Score: 80.7925 Size: 81.7625 Loss: 0.1425 Win: 0.275 valueNorm: 5 stepSize: 0.001 Win Time: 1142.65
Iteration 96800 Time: 62982 Score: 79.5725 Size: 80.795 Loss: 0.1475 Win: 0.2525 valueNorm: 5 stepSize: 0.001 Win Time: 1138.61
Iteration 97200 Time: 63241 Score: 79.125 Size: 80.47 Loss: 0.1375 Win: 0.2275 valueNorm: 5 stepSize: 0.001 Win Time: 1141.13
Iteration 97600 Time: 63493 Score: 80.77 Size: 81.36 Loss: 0.15 Win: 0.325 valueNorm: 5 stepSize: 0.001 Win Time: 1145.46
Iteration 98000 Time: 63752 Score: 79.815 Size: 80.92 Loss: 0.1275 Win: 0.2425 valueNorm: 5 stepSize: 0.001 Win Time: 1142.66
Iteration 98400 Time: 64006 Score: 79.99 Size: 81.1575 Loss: 0.16 Win: 0.2725 valueNorm: 5 stepSize: 0.001 Win Time: 1137.59
Iteration 98800 Time: 64262 Score: 79.6125 Size: 80.7025 Loss: 0.1475 Win: 0.2675 valueNorm: 5 stepSize: 0.001 Win Time: 1140.96
Iteration 99200 Time: 64517 Score: 79.7925 Size: 80.775 Loss: 0.15 Win: 0.2825 valueNorm: 5 stepSize: 0.001 Win Time: 1141.24
Iteration 99600 Time: 64776 Score: 81.6725 Size: 82.35 Loss: 0.1425 Win: 0.3075 valueNorm: 5 stepSize: 0.001 Win Time: 1139.92
Iteration 100000 Time: 65035 Score: 80.56 Size: 81.4825 Loss: 0.1325 Win: 0.2675 valueNorm: 5 stepSize: 0.001 Win Time: 1151.75
Evaluation score: 75.9325
