Training control Time: 1715011497
Hyperparameters: numRollouts: 4 batchSize: 128 numEpochs: 1 numIter: 25000 evalPeriod: 100 savePeriod: 100 alpha: 0.001000 GAEParam: 0.950000 
Iteration 100 Time: 194 Score: -0.287129 Size: 8.66337 Loss: 0.693069 Win: 0 valueNorm: 5 stepSize: 0.001
Iteration 200 Time: 387 Score: 5.265 Size: 13.6825 Loss: 0.6375 Win: 0 valueNorm: 5 stepSize: 0.001
Iteration 300 Time: 584 Score: 9.365 Size: 17.7 Loss: 0.63 Win: 0 valueNorm: 5 stepSize: 0.001
Iteration 400 Time: 804 Score: 13.13 Size: 20.0925 Loss: 0.495 Win: 0 valueNorm: 5 stepSize: 0.001
Iteration 500 Time: 1038 Score: 15.98 Size: 22.155 Loss: 0.415 Win: 0 valueNorm: 5 stepSize: 0.001
Iteration 600 Time: 1274 Score: 17.115 Size: 23.16 Loss: 0.4025 Win: 0 valueNorm: 5 stepSize: 0.001
Iteration 700 Time: 1521 Score: 17.71 Size: 24.25 Loss: 0.4525 Win: 0 valueNorm: 5 stepSize: 0.001
Iteration 800 Time: 1766 Score: 18.705 Size: 25.675 Loss: 0.495 Win: 0 valueNorm: 5 stepSize: 0.001
Iteration 900 Time: 2016 Score: 22.2475 Size: 29.3425 Loss: 0.5075 Win: 0 valueNorm: 5 stepSize: 0.001
Iteration 1000 Time: 2261 Score: 25.5425 Size: 34.565 Loss: 0.7 Win: 0 valueNorm: 5 stepSize: 0.001
Iteration 1100 Time: 2503 Score: 28.5625 Size: 38.06 Loss: 0.7475 Win: 0 valueNorm: 5 stepSize: 0.001
Iteration 1200 Time: 2747 Score: 31.86 Size: 40.0425 Loss: 0.6175 Win: 0 valueNorm: 5 stepSize: 0.001
Iteration 1300 Time: 2993 Score: 35.73 Size: 42.62 Loss: 0.4875 Win: 0 valueNorm: 5 stepSize: 0.001
Iteration 1400 Time: 3229 Score: 35.7925 Size: 42.7025 Loss: 0.49 Win: 0 valueNorm: 5 stepSize: 0.001
Iteration 1500 Time: 3492 Score: 42.48 Size: 48.0825 Loss: 0.36 Win: 0 valueNorm: 5 stepSize: 0.001
Iteration 1600 Time: 3731 Score: 38.475 Size: 45.345 Loss: 0.485 Win: 0 valueNorm: 5 stepSize: 0.001
Iteration 1700 Time: 3965 Score: 39.2825 Size: 45.91 Loss: 0.46 Win: 0 valueNorm: 5 stepSize: 0.001
Iteration 1800 Time: 4211 Score: 41.62 Size: 47.6325 Loss: 0.4 Win: 0 valueNorm: 5 stepSize: 0.001
Iteration 1900 Time: 4449 Score: 41.9375 Size: 48.5475 Loss: 0.46 Win: 0 valueNorm: 5 stepSize: 0.001
Iteration 2000 Time: 4697 Score: 44.1525 Size: 50.0825 Loss: 0.3925 Win: 0 valueNorm: 5 stepSize: 0.001
Iteration 2100 Time: 4933 Score: 44.34 Size: 49.95 Loss: 0.36 Win: 0 valueNorm: 5 stepSize: 0.001
Iteration 2200 Time: 5158 Score: 42.8175 Size: 49.175 Loss: 0.435 Win: 0 valueNorm: 5 stepSize: 0.001
Iteration 2300 Time: 5375 Score: 41.5125 Size: 47.83 Loss: 0.43 Win: 0 valueNorm: 5 stepSize: 0.001
Iteration 2400 Time: 5588 Score: 40.73 Size: 47.27 Loss: 0.4525 Win: 0 valueNorm: 5 stepSize: 0.001
Iteration 2500 Time: 5825 Score: 45.685 Size: 51.1975 Loss: 0.35 Win: 0 valueNorm: 5 stepSize: 0.001
Iteration 2600 Time: 6062 Score: 46.9 Size: 52.01 Loss: 0.31 Win: 0 valueNorm: 5 stepSize: 0.001
Iteration 2700 Time: 6295 Score: 46.1325 Size: 51.725 Loss: 0.3575 Win: 0 valueNorm: 5 stepSize: 0.001
Iteration 2800 Time: 6506 Score: 41.8925 Size: 48.9575 Loss: 0.505 Win: 0 valueNorm: 5 stepSize: 0.001
Iteration 2900 Time: 6731 Score: 45.81 Size: 52.2475 Loss: 0.4425 Win: 0 valueNorm: 5 stepSize: 0.001
Iteration 3000 Time: 6940 Score: 42.8625 Size: 49.7425 Loss: 0.4875 Win: 0 valueNorm: 5 stepSize: 0.001
Iteration 3100 Time: 7146 Score: 44.0625 Size: 50.97 Loss: 0.4875 Win: 0 valueNorm: 5 stepSize: 0.001
Iteration 3200 Time: 7363 Score: 46.6075 Size: 52.945 Loss: 0.4325 Win: 0 valueNorm: 5 stepSize: 0.001
Iteration 3300 Time: 7586 Score: 48.0375 Size: 54.105 Loss: 0.405 Win: 0 valueNorm: 5 stepSize: 0.001
Iteration 3400 Time: 7812 Score: 48.5275 Size: 54.675 Loss: 0.4125 Win: 0 valueNorm: 5 stepSize: 0.001
Iteration 3500 Time: 8027 Score: 46.45 Size: 52.69 Loss: 0.4225 Win: 0 valueNorm: 5 stepSize: 0.001
Iteration 3600 Time: 8245 Score: 47.5525 Size: 53.87 Loss: 0.43 Win: 0 valueNorm: 5 stepSize: 0.001
Iteration 3700 Time: 8471 Score: 49.6375 Size: 55.8375 Loss: 0.4175 Win: 0 valueNorm: 5 stepSize: 0.001
Iteration 3800 Time: 8682 Score: 46.84 Size: 53.72 Loss: 0.485 Win: 0 valueNorm: 5 stepSize: 0.001
Iteration 3900 Time: 8897 Score: 48.005 Size: 54.5975 Loss: 0.4575 Win: 0 valueNorm: 5 stepSize: 0.001
Iteration 4000 Time: 9108 Score: 46.9175 Size: 54.1125 Loss: 0.5175 Win: 0 valueNorm: 5 stepSize: 0.001
Iteration 4100 Time: 9319 Score: 47.7425 Size: 55.3675 Loss: 0.56 Win: 0 valueNorm: 5 stepSize: 0.001
Iteration 4200 Time: 9531 Score: 48.21 Size: 55.1475 Loss: 0.4925 Win: 0 valueNorm: 5 stepSize: 0.001
Iteration 4300 Time: 9755 Score: 49.735 Size: 56.1525 Loss: 0.44 Win: 0 valueNorm: 5 stepSize: 0.001
Iteration 4400 Time: 9969 Score: 48.035 Size: 54.6725 Loss: 0.46 Win: 0 valueNorm: 5 stepSize: 0.001
Iteration 4500 Time: 10184 Score: 49.5825 Size: 56.0775 Loss: 0.4475 Win: 0 valueNorm: 5 stepSize: 0.001
Iteration 4600 Time: 10404 Score: 50.915 Size: 57.2425 Loss: 0.43 Win: 0 valueNorm: 5 stepSize: 0.001
Iteration 4700 Time: 10636 Score: 51.5125 Size: 57.8925 Loss: 0.435 Win: 0 valueNorm: 5 stepSize: 0.001
Iteration 4800 Time: 10856 Score: 47.7875 Size: 54.85 Loss: 0.5025 Win: 0 valueNorm: 5 stepSize: 0.001
Iteration 4900 Time: 11087 Score: 50.4975 Size: 57.2925 Loss: 0.4775 Win: 0 valueNorm: 5 stepSize: 0.001
Iteration 5000 Time: 11307 Score: 48.2175 Size: 55.09 Loss: 0.485 Win: 0 valueNorm: 5 stepSize: 0.001
Iteration 5100 Time: 11550 Score: 52.8975 Size: 58.6325 Loss: 0.3725 Win: 0 valueNorm: 5 stepSize: 0.001
Iteration 5200 Time: 11784 Score: 50.785 Size: 57.07 Loss: 0.4275 Win: 0 valueNorm: 5 stepSize: 0.001
Iteration 5300 Time: 12009 Score: 50.4425 Size: 57.11 Loss: 0.4625 Win: 0 valueNorm: 5 stepSize: 0.001
Iteration 5400 Time: 12249 Score: 53.6675 Size: 59.585 Loss: 0.39 Win: 0 valueNorm: 5 stepSize: 0.001
Iteration 5500 Time: 12485 Score: 51.98 Size: 58.15 Loss: 0.415 Win: 0 valueNorm: 5 stepSize: 0.001
Iteration 5600 Time: 12717 Score: 52.2525 Size: 58.7375 Loss: 0.445 Win: 0 valueNorm: 5 stepSize: 0.001
Iteration 5700 Time: 12944 Score: 50.94 Size: 57.425 Loss: 0.445 Win: 0 valueNorm: 5 stepSize: 0.001
Iteration 5800 Time: 13177 Score: 53.77 Size: 60.7975 Loss: 0.5 Win: 0 valueNorm: 5 stepSize: 0.001
Iteration 5900 Time: 13403 Score: 51.14 Size: 58.6175 Loss: 0.545 Win: 0 valueNorm: 5 stepSize: 0.001
Iteration 6000 Time: 13624 Score: 50.24 Size: 57.47 Loss: 0.52 Win: 0 valueNorm: 5 stepSize: 0.001
Iteration 6100 Time: 13848 Score: 50.705 Size: 57.8475 Loss: 0.51 Win: 0 valueNorm: 5 stepSize: 0.001
Iteration 6200 Time: 14079 Score: 52.5225 Size: 59.09 Loss: 0.4525 Win: 0 valueNorm: 5 stepSize: 0.001
Iteration 6300 Time: 14305 Score: 51.1225 Size: 58.1325 Loss: 0.4975 Win: 0 valueNorm: 5 stepSize: 0.001
Iteration 6400 Time: 14539 Score: 55.045 Size: 61.1925 Loss: 0.4125 Win: 0 valueNorm: 5 stepSize: 0.001
Iteration 6500 Time: 14763 Score: 52.9975 Size: 59.33 Loss: 0.43 Win: 0 valueNorm: 5 stepSize: 0.001
Iteration 6600 Time: 14979 Score: 52.115 Size: 59.1525 Loss: 0.5 Win: 0 valueNorm: 5 stepSize: 0.001
Iteration 6700 Time: 15187 Score: 50.2725 Size: 57.555 Loss: 0.525 Win: 0 valueNorm: 5 stepSize: 0.001
Iteration 6800 Time: 15406 Score: 52.88 Size: 59.79 Loss: 0.4875 Win: 0 valueNorm: 5 stepSize: 0.001
Iteration 6900 Time: 15632 Score: 54.6875 Size: 61.0125 Loss: 0.43 Win: 0 valueNorm: 5 stepSize: 0.001
Iteration 7000 Time: 15855 Score: 54.8075 Size: 61.43 Loss: 0.46 Win: 0 valueNorm: 5 stepSize: 0.001
Iteration 7100 Time: 16068 Score: 51.78 Size: 59.1725 Loss: 0.535 Win: 0 valueNorm: 5 stepSize: 0.001
Iteration 7200 Time: 16284 Score: 53.085 Size: 60.0125 Loss: 0.4875 Win: 0 valueNorm: 5 stepSize: 0.001
Iteration 7300 Time: 16490 Score: 50.225 Size: 57.26 Loss: 0.5 Win: 0 valueNorm: 5 stepSize: 0.001
Iteration 7400 Time: 16704 Score: 50.8425 Size: 58.49 Loss: 0.56 Win: 0 valueNorm: 5 stepSize: 0.001
Iteration 7500 Time: 16932 Score: 53.55 Size: 60.4575 Loss: 0.4875 Win: 0 valueNorm: 5 stepSize: 0.001
Iteration 7600 Time: 17156 Score: 53.1075 Size: 59.945 Loss: 0.4775 Win: 0 valueNorm: 5 stepSize: 0.001
Iteration 7700 Time: 17389 Score: 54.6725 Size: 61.41 Loss: 0.47 Win: 0 valueNorm: 5 stepSize: 0.001
Iteration 7800 Time: 17619 Score: 53.235 Size: 59.8675 Loss: 0.46 Win: 0 valueNorm: 5 stepSize: 0.001
Iteration 7900 Time: 17848 Score: 53.9325 Size: 60.365 Loss: 0.44 Win: 0 valueNorm: 5 stepSize: 0.001
Iteration 8000 Time: 18081 Score: 54.4975 Size: 61.1825 Loss: 0.465 Win: 0 valueNorm: 5 stepSize: 0.001
Iteration 8100 Time: 18317 Score: 55.4 Size: 62.09 Loss: 0.465 Win: 0 valueNorm: 5 stepSize: 0.001
Iteration 8200 Time: 18540 Score: 52.3425 Size: 59.245 Loss: 0.4875 Win: 0 valueNorm: 5 stepSize: 0.001
Iteration 8300 Time: 18761 Score: 53.2925 Size: 60 Loss: 0.47 Win: 0.0025 valueNorm: 5 stepSize: 0.001 Win Time: 1182
Iteration 8400 Time: 18982 Score: 54.375 Size: 61.4975 Loss: 0.5075 Win: 0 valueNorm: 5 stepSize: 0.001
Iteration 8500 Time: 19199 Score: 54.9675 Size: 62.0225 Loss: 0.5 Win: 0 valueNorm: 5 stepSize: 0.001
Iteration 8600 Time: 19424 Score: 56.0725 Size: 62.55 Loss: 0.4425 Win: 0 valueNorm: 5 stepSize: 0.001
Iteration 8700 Time: 19653 Score: 57.055 Size: 63.2975 Loss: 0.42 Win: 0 valueNorm: 5 stepSize: 0.001
Iteration 8800 Time: 19857 Score: 50.7625 Size: 58.1525 Loss: 0.535 Win: 0 valueNorm: 5 stepSize: 0.001
Iteration 8900 Time: 20068 Score: 50.68 Size: 58.055 Loss: 0.5325 Win: 0 valueNorm: 5 stepSize: 0.001
Iteration 9000 Time: 20284 Score: 53.8825 Size: 61.0375 Loss: 0.5125 Win: 0 valueNorm: 5 stepSize: 0.001
Iteration 9100 Time: 20494 Score: 53.3525 Size: 60.665 Loss: 0.5275 Win: 0 valueNorm: 5 stepSize: 0.001
Iteration 9200 Time: 20717 Score: 56.85 Size: 63.77 Loss: 0.49 Win: 0.0025 valueNorm: 5 stepSize: 0.001 Win Time: 1140
Iteration 9300 Time: 20941 Score: 55.61 Size: 62.5075 Loss: 0.485 Win: 0 valueNorm: 5 stepSize: 0.001
Iteration 9400 Time: 21170 Score: 58.0575 Size: 64.2825 Loss: 0.4175 Win: 0 valueNorm: 5 stepSize: 0.001
Iteration 9500 Time: 21393 Score: 56.6575 Size: 63.37 Loss: 0.4675 Win: 0 valueNorm: 5 stepSize: 0.001
Iteration 9600 Time: 21618 Score: 56.49 Size: 63.0075 Loss: 0.445 Win: 0 valueNorm: 5 stepSize: 0.001
Iteration 9700 Time: 21838 Score: 56.0475 Size: 62.83 Loss: 0.4725 Win: 0 valueNorm: 5 stepSize: 0.001
Iteration 9800 Time: 22058 Score: 55.2125 Size: 62.13 Loss: 0.4875 Win: 0 valueNorm: 5 stepSize: 0.001
Iteration 9900 Time: 22268 Score: 52.1875 Size: 59.825 Loss: 0.5575 Win: 0 valueNorm: 5 stepSize: 0.001
Iteration 10000 Time: 22493 Score: 55.87 Size: 62.4525 Loss: 0.4525 Win: 0 valueNorm: 5 stepSize: 0.001
Iteration 10100 Time: 22715 Score: 56.48 Size: 63.3625 Loss: 0.4825 Win: 0 valueNorm: 5 stepSize: 0.001
Iteration 10200 Time: 22938 Score: 56.16 Size: 62.695 Loss: 0.45 Win: 0 valueNorm: 5 stepSize: 0.001
Iteration 10300 Time: 23161 Score: 55.63 Size: 62.4775 Loss: 0.4775 Win: 0 valueNorm: 5 stepSize: 0.001
Iteration 10400 Time: 23388 Score: 57.3725 Size: 63.9975 Loss: 0.4575 Win: 0 valueNorm: 5 stepSize: 0.001
Iteration 10500 Time: 23613 Score: 56.075 Size: 62.96 Loss: 0.4825 Win: 0 valueNorm: 5 stepSize: 0.001
Iteration 10600 Time: 23835 Score: 55.4525 Size: 62.705 Loss: 0.52 Win: 0.0025 valueNorm: 5 stepSize: 0.001 Win Time: 1175
Iteration 10700 Time: 24058 Score: 55.5375 Size: 62.635 Loss: 0.505 Win: 0 valueNorm: 5 stepSize: 0.001
Iteration 10800 Time: 24282 Score: 55.475 Size: 62.5525 Loss: 0.5025 Win: 0 valueNorm: 5 stepSize: 0.001
Iteration 10900 Time: 24508 Score: 55.985 Size: 63.325 Loss: 0.5275 Win: 0 valueNorm: 5 stepSize: 0.001
Iteration 11000 Time: 24735 Score: 56.085 Size: 63.02 Loss: 0.49 Win: 0 valueNorm: 5 stepSize: 0.001
Iteration 11100 Time: 24976 Score: 58.95 Size: 65.1925 Loss: 0.42 Win: 0 valueNorm: 5 stepSize: 0.001
Iteration 11200 Time: 25204 Score: 56.3075 Size: 62.825 Loss: 0.4475 Win: 0 valueNorm: 5 stepSize: 0.001
Iteration 11300 Time: 25433 Score: 56.1675 Size: 62.8425 Loss: 0.4675 Win: 0.005 valueNorm: 5 stepSize: 0.001 Win Time: 1125
Iteration 11400 Time: 25664 Score: 57.4025 Size: 63.785 Loss: 0.4375 Win: 0.005 valueNorm: 5 stepSize: 0.001 Win Time: 1159
Iteration 11500 Time: 25900 Score: 59.615 Size: 66.03 Loss: 0.44 Win: 0.0025 valueNorm: 5 stepSize: 0.001 Win Time: 1066
Iteration 11600 Time: 26127 Score: 56.945 Size: 63.7175 Loss: 0.475 Win: 0.0025 valueNorm: 5 stepSize: 0.001 Win Time: 1152
Iteration 11700 Time: 26357 Score: 57.645 Size: 64.47 Loss: 0.4775 Win: 0 valueNorm: 5 stepSize: 0.001
Iteration 11800 Time: 26600 Score: 60.0525 Size: 66.26 Loss: 0.415 Win: 0 valueNorm: 5 stepSize: 0.001
Iteration 11900 Time: 26825 Score: 57.005 Size: 64.405 Loss: 0.5375 Win: 0.0025 valueNorm: 5 stepSize: 0.001 Win Time: 1170
Iteration 12000 Time: 27060 Score: 58.2925 Size: 65.16 Loss: 0.4825 Win: 0 valueNorm: 5 stepSize: 0.001
Iteration 12100 Time: 27290 Score: 57.795 Size: 64.565 Loss: 0.4725 Win: 0 valueNorm: 5 stepSize: 0.001
Iteration 12200 Time: 27517 Score: 56.855 Size: 63.755 Loss: 0.4825 Win: 0 valueNorm: 5 stepSize: 0.001
Iteration 12300 Time: 27743 Score: 57.6825 Size: 65.175 Loss: 0.5475 Win: 0.005 valueNorm: 5 stepSize: 0.001 Win Time: 1156
Iteration 12400 Time: 27972 Score: 57.205 Size: 64.115 Loss: 0.485 Win: 0 valueNorm: 5 stepSize: 0.001
Iteration 12500 Time: 28206 Score: 57.7925 Size: 63.9075 Loss: 0.4125 Win: 0.005 valueNorm: 5 stepSize: 0.001 Win Time: 1187
Iteration 12600 Time: 28431 Score: 57.03 Size: 64.08 Loss: 0.5025 Win: 0.0025 valueNorm: 5 stepSize: 0.001 Win Time: 1163
Iteration 12700 Time: 28670 Score: 60.345 Size: 66.42 Loss: 0.4075 Win: 0.005 valueNorm: 5 stepSize: 0.001 Win Time: 1154.5
Iteration 12800 Time: 28888 Score: 55.68 Size: 62.85 Loss: 0.5175 Win: 0.0075 valueNorm: 5 stepSize: 0.001 Win Time: 1164.67
Iteration 12900 Time: 29108 Score: 55.845 Size: 63.11 Loss: 0.5325 Win: 0.01 valueNorm: 5 stepSize: 0.001 Win Time: 1137.75
Iteration 13000 Time: 29325 Score: 55.22 Size: 62.0675 Loss: 0.4875 Win: 0.01 valueNorm: 5 stepSize: 0.001 Win Time: 1153
Iteration 13100 Time: 29559 Score: 59.175 Size: 65.2475 Loss: 0.41 Win: 0.0075 valueNorm: 5 stepSize: 0.001 Win Time: 1166.33
Iteration 13200 Time: 29790 Score: 59.5425 Size: 65.7175 Loss: 0.425 Win: 0.0125 valueNorm: 5 stepSize: 0.001 Win Time: 1175
Iteration 13300 Time: 30021 Score: 58.95 Size: 64.995 Loss: 0.41 Win: 0.01 valueNorm: 5 stepSize: 0.001 Win Time: 1167.75
Iteration 13400 Time: 30251 Score: 58.7825 Size: 64.84 Loss: 0.4075 Win: 0.0075 valueNorm: 5 stepSize: 0.001 Win Time: 1138
Iteration 13500 Time: 30465 Score: 55.835 Size: 63.38 Loss: 0.56 Win: 0.0125 valueNorm: 5 stepSize: 0.001 Win Time: 1133.4
Iteration 13600 Time: 30686 Score: 57.8375 Size: 64.5575 Loss: 0.485 Win: 0.02 valueNorm: 5 stepSize: 0.001 Win Time: 1159.25
Iteration 13700 Time: 30918 Score: 59.5225 Size: 65.75 Loss: 0.42 Win: 0.005 valueNorm: 5 stepSize: 0.001 Win Time: 1157
Iteration 13800 Time: 31144 Score: 56.76 Size: 63.5125 Loss: 0.475 Win: 0.005 valueNorm: 5 stepSize: 0.001 Win Time: 1166
Iteration 13900 Time: 31371 Score: 57.845 Size: 64.5475 Loss: 0.4675 Win: 0.0025 valueNorm: 5 stepSize: 0.001 Win Time: 1152
Iteration 14000 Time: 31588 Score: 54.9325 Size: 62.0525 Loss: 0.51 Win: 0.0025 valueNorm: 5 stepSize: 0.001 Win Time: 1195
Iteration 14100 Time: 31815 Score: 58.3575 Size: 65.2175 Loss: 0.4975 Win: 0.0175 valueNorm: 5 stepSize: 0.001 Win Time: 1155.86
Iteration 14200 Time: 32045 Score: 59.965 Size: 66.1925 Loss: 0.4225 Win: 0.005 valueNorm: 5 stepSize: 0.001 Win Time: 1162.5
Iteration 14300 Time: 32268 Score: 57.6525 Size: 64.8925 Loss: 0.53 Win: 0.0125 valueNorm: 5 stepSize: 0.001 Win Time: 1138
Iteration 14400 Time: 32498 Score: 60.275 Size: 66.78 Loss: 0.4725 Win: 0.03 valueNorm: 5 stepSize: 0.001 Win Time: 1129.92
Iteration 14500 Time: 32710 Score: 56.7075 Size: 63.825 Loss: 0.5475 Win: 0.045 valueNorm: 5 stepSize: 0.001 Win Time: 1142.11
Iteration 14600 Time: 32931 Score: 59.4375 Size: 65.5625 Loss: 0.47 Win: 0.07 valueNorm: 5 stepSize: 0.001 Win Time: 1151.86
Iteration 14700 Time: 33152 Score: 58.9225 Size: 65.19 Loss: 0.4575 Win: 0.0375 valueNorm: 5 stepSize: 0.001 Win Time: 1126.2
Iteration 14800 Time: 33377 Score: 59.9325 Size: 65.7775 Loss: 0.4275 Win: 0.0525 valueNorm: 5 stepSize: 0.001 Win Time: 1157.1
Iteration 14900 Time: 33608 Score: 61.415 Size: 67.135 Loss: 0.415 Win: 0.0525 valueNorm: 5 stepSize: 0.001 Win Time: 1148.52
Iteration 15000 Time: 33830 Score: 57.045 Size: 63.71 Loss: 0.495 Win: 0.0375 valueNorm: 5 stepSize: 0.001 Win Time: 1147.47
Iteration 15100 Time: 34049 Score: 58.37 Size: 64.5375 Loss: 0.4575 Win: 0.05 valueNorm: 5 stepSize: 0.001 Win Time: 1141.7
Iteration 15200 Time: 34267 Score: 58.295 Size: 64.5725 Loss: 0.475 Win: 0.0575 valueNorm: 5 stepSize: 0.001 Win Time: 1135.35
Iteration 15300 Time: 34492 Score: 61.6975 Size: 67.1025 Loss: 0.415 Win: 0.0875 valueNorm: 5 stepSize: 0.001 Win Time: 1140.77
Iteration 15400 Time: 34722 Score: 62.825 Size: 67.8925 Loss: 0.3875 Win: 0.0925 valueNorm: 5 stepSize: 0.001 Win Time: 1150.3
Iteration 15500 Time: 34954 Score: 63.0225 Size: 68.225 Loss: 0.38 Win: 0.07 valueNorm: 5 stepSize: 0.001 Win Time: 1151.18
Iteration 15600 Time: 35174 Score: 59.905 Size: 65.93 Loss: 0.48 Win: 0.09 valueNorm: 5 stepSize: 0.001 Win Time: 1132.22
Iteration 15700 Time: 35407 Score: 64.535 Size: 68.885 Loss: 0.3575 Win: 0.1375 valueNorm: 5 stepSize: 0.001 Win Time: 1144.76
Iteration 15800 Time: 35626 Score: 59.67 Size: 65.495 Loss: 0.4775 Win: 0.11 valueNorm: 5 stepSize: 0.001 Win Time: 1144.5
Iteration 15900 Time: 35856 Score: 61.3575 Size: 66.6275 Loss: 0.4025 Win: 0.0875 valueNorm: 5 stepSize: 0.001 Win Time: 1144.74
Iteration 16000 Time: 36095 Score: 66.11 Size: 70.4075 Loss: 0.335 Win: 0.12 valueNorm: 5 stepSize: 0.001 Win Time: 1144.77
Iteration 16100 Time: 36328 Score: 66.0675 Size: 70.35 Loss: 0.355 Win: 0.145 valueNorm: 5 stepSize: 0.001 Win Time: 1142.67
Iteration 16200 Time: 36539 Score: 57.2575 Size: 63.67 Loss: 0.5275 Win: 0.1025 valueNorm: 5 stepSize: 0.001 Win Time: 1152
Iteration 16300 Time: 36754 Score: 62.2425 Size: 67.2675 Loss: 0.4375 Win: 0.155 valueNorm: 5 stepSize: 0.001 Win Time: 1136.55
Iteration 16400 Time: 36963 Score: 57.8 Size: 63.915 Loss: 0.4875 Win: 0.0875 valueNorm: 5 stepSize: 0.001 Win Time: 1146.54
Iteration 16500 Time: 37189 Score: 60.92 Size: 66.3975 Loss: 0.415 Win: 0.08 valueNorm: 5 stepSize: 0.001 Win Time: 1122.34
Iteration 16600 Time: 37409 Score: 60.1675 Size: 65.615 Loss: 0.44 Win: 0.11 valueNorm: 5 stepSize: 0.001 Win Time: 1128.84
Iteration 16700 Time: 37627 Score: 58.6975 Size: 64.9225 Loss: 0.4825 Win: 0.0725 valueNorm: 5 stepSize: 0.001 Win Time: 1148.28
Iteration 16800 Time: 37853 Score: 61.2425 Size: 66.7675 Loss: 0.425 Win: 0.0825 valueNorm: 5 stepSize: 0.001 Win Time: 1135.91
Iteration 16900 Time: 38083 Score: 64.03 Size: 69.375 Loss: 0.4175 Win: 0.0975 valueNorm: 5 stepSize: 0.001 Win Time: 1148.03
Iteration 17000 Time: 38316 Score: 67.8675 Size: 71.935 Loss: 0.36 Win: 0.175 valueNorm: 5 stepSize: 0.001 Win Time: 1136.61
Iteration 17100 Time: 38554 Score: 66.4675 Size: 71.1175 Loss: 0.37 Win: 0.12 valueNorm: 5 stepSize: 0.001 Win Time: 1136.67
Iteration 17200 Time: 38786 Score: 64.0425 Size: 68.91 Loss: 0.39 Win: 0.1175 valueNorm: 5 stepSize: 0.001 Win Time: 1134.57
Iteration 17300 Time: 39016 Score: 67.415 Size: 71.2675 Loss: 0.37 Win: 0.21 valueNorm: 5 stepSize: 0.001 Win Time: 1138.5
Iteration 17400 Time: 39247 Score: 65.5925 Size: 70.08 Loss: 0.3875 Win: 0.1575 valueNorm: 5 stepSize: 0.001 Win Time: 1141.16
Iteration 17500 Time: 39475 Score: 63.185 Size: 68.135 Loss: 0.39 Win: 0.11 valueNorm: 5 stepSize: 0.001 Win Time: 1145.64
Iteration 17600 Time: 39707 Score: 64.4775 Size: 69 Loss: 0.3625 Win: 0.125 valueNorm: 5 stepSize: 0.001 Win Time: 1150.98
Iteration 17700 Time: 39914 Score: 55.75 Size: 62.2825 Loss: 0.5525 Win: 0.115 valueNorm: 5 stepSize: 0.001 Win Time: 1149.8
Iteration 17800 Time: 40152 Score: 64.7625 Size: 69.605 Loss: 0.3825 Win: 0.1125 valueNorm: 5 stepSize: 0.001 Win Time: 1140.73
Iteration 17900 Time: 40387 Score: 64.3975 Size: 69.265 Loss: 0.4025 Win: 0.1325 valueNorm: 5 stepSize: 0.001 Win Time: 1142.38
Iteration 18000 Time: 40625 Score: 67.1925 Size: 71.38 Loss: 0.3725 Win: 0.175 valueNorm: 5 stepSize: 0.001 Win Time: 1137.2
Iteration 18100 Time: 40866 Score: 67.45 Size: 71.3675 Loss: 0.34 Win: 0.17 valueNorm: 5 stepSize: 0.001 Win Time: 1143.97
Iteration 18200 Time: 41099 Score: 63.4 Size: 68.1725 Loss: 0.4025 Win: 0.1425 valueNorm: 5 stepSize: 0.001 Win Time: 1144.67
Iteration 18300 Time: 41340 Score: 66.685 Size: 70.9 Loss: 0.345 Win: 0.14 valueNorm: 5 stepSize: 0.001 Win Time: 1150.75
Iteration 18400 Time: 41576 Score: 65.1175 Size: 69.49 Loss: 0.375 Win: 0.155 valueNorm: 5 stepSize: 0.001 Win Time: 1121.71
Iteration 18500 Time: 41822 Score: 70.9775 Size: 74.1775 Loss: 0.2975 Win: 0.2 valueNorm: 5 stepSize: 0.001 Win Time: 1134.85
Iteration 18600 Time: 42057 Score: 65.8125 Size: 70.0025 Loss: 0.3675 Win: 0.1675 valueNorm: 5 stepSize: 0.001 Win Time: 1130.22
Iteration 18700 Time: 42295 Score: 67.3725 Size: 71.2275 Loss: 0.34 Win: 0.175 valueNorm: 5 stepSize: 0.001 Win Time: 1134.23
Iteration 18800 Time: 42524 Score: 63.51 Size: 68.4225 Loss: 0.4225 Win: 0.15 valueNorm: 5 stepSize: 0.001 Win Time: 1133.13
Iteration 18900 Time: 42756 Score: 66.5675 Size: 70.645 Loss: 0.38 Win: 0.195 valueNorm: 5 stepSize: 0.001 Win Time: 1142.54
Iteration 19000 Time: 42988 Score: 64.2375 Size: 68.9275 Loss: 0.39 Win: 0.1375 valueNorm: 5 stepSize: 0.001 Win Time: 1137.58
Iteration 19100 Time: 43230 Score: 68.72 Size: 72.26 Loss: 0.3075 Win: 0.1725 valueNorm: 5 stepSize: 0.001 Win Time: 1145.74
Iteration 19200 Time: 43466 Score: 67.285 Size: 71.265 Loss: 0.34 Win: 0.16 valueNorm: 5 stepSize: 0.001 Win Time: 1148.95
Iteration 19300 Time: 43691 Score: 65.0675 Size: 69.4925 Loss: 0.39 Win: 0.1675 valueNorm: 5 stepSize: 0.001 Win Time: 1132.09
Iteration 19400 Time: 43904 Score: 62.4075 Size: 67.235 Loss: 0.435 Win: 0.1725 valueNorm: 5 stepSize: 0.001 Win Time: 1133.48
Iteration 19500 Time: 44134 Score: 67.29 Size: 71.5425 Loss: 0.39 Win: 0.1875 valueNorm: 5 stepSize: 0.001 Win Time: 1141.21
Iteration 19600 Time: 44364 Score: 67.4525 Size: 71.2425 Loss: 0.36 Win: 0.205 valueNorm: 5 stepSize: 0.001 Win Time: 1144.35
Iteration 19700 Time: 44587 Score: 65.7475 Size: 70.0525 Loss: 0.4125 Win: 0.205 valueNorm: 5 stepSize: 0.001 Win Time: 1133.6
Iteration 19800 Time: 44823 Score: 68.755 Size: 72.2375 Loss: 0.3125 Win: 0.185 valueNorm: 5 stepSize: 0.001 Win Time: 1141.23
Iteration 19900 Time: 45053 Score: 66.9775 Size: 70.855 Loss: 0.3425 Win: 0.175 valueNorm: 5 stepSize: 0.001 Win Time: 1142.41
Iteration 20000 Time: 45274 Score: 62.5625 Size: 67.505 Loss: 0.415 Win: 0.1375 valueNorm: 5 stepSize: 0.001 Win Time: 1139.65
Iteration 20100 Time: 45493 Score: 65.2775 Size: 69.575 Loss: 0.415 Win: 0.21 valueNorm: 5 stepSize: 0.001 Win Time: 1127.52
Iteration 20200 Time: 45712 Score: 63.5725 Size: 67.7175 Loss: 0.385 Win: 0.1925 valueNorm: 5 stepSize: 0.001 Win Time: 1135.49
Iteration 20300 Time: 45941 Score: 69.47 Size: 72.8275 Loss: 0.35 Win: 0.2425 valueNorm: 5 stepSize: 0.001 Win Time: 1137.61
Iteration 20400 Time: 46168 Score: 63.58 Size: 68.5125 Loss: 0.4325 Win: 0.1575 valueNorm: 5 stepSize: 0.001 Win Time: 1133.9
Iteration 20500 Time: 46393 Score: 62.26 Size: 67.2575 Loss: 0.3975 Win: 0.115 valueNorm: 5 stepSize: 0.001 Win Time: 1137.72
Iteration 20600 Time: 46629 Score: 70.545 Size: 73.5875 Loss: 0.3175 Win: 0.24 valueNorm: 5 stepSize: 0.001 Win Time: 1142.5
Iteration 20700 Time: 46857 Score: 65.5075 Size: 69.93 Loss: 0.3725 Win: 0.15 valueNorm: 5 stepSize: 0.001 Win Time: 1133.9
Iteration 20800 Time: 47090 Score: 69.4875 Size: 73 Loss: 0.335 Win: 0.2075 valueNorm: 5 stepSize: 0.001 Win Time: 1136.02
Iteration 20900 Time: 47321 Score: 63.9 Size: 68.9875 Loss: 0.415 Win: 0.1225 valueNorm: 5 stepSize: 0.001 Win Time: 1148.51
Iteration 21000 Time: 47540 Score: 65.035 Size: 69.5175 Loss: 0.4125 Win: 0.1875 valueNorm: 5 stepSize: 0.001 Win Time: 1128.87
Iteration 21100 Time: 47770 Score: 67.2225 Size: 71.1175 Loss: 0.345 Win: 0.1775 valueNorm: 5 stepSize: 0.001 Win Time: 1120.06
Iteration 21200 Time: 47990 Score: 61.5075 Size: 66.695 Loss: 0.4225 Win: 0.1175 valueNorm: 5 stepSize: 0.001 Win Time: 1132.3
Iteration 21300 Time: 48219 Score: 67.2125 Size: 71.3825 Loss: 0.395 Win: 0.2025 valueNorm: 5 stepSize: 0.001 Win Time: 1141.64
Iteration 21400 Time: 48450 Score: 68.975 Size: 72.465 Loss: 0.345 Win: 0.22 valueNorm: 5 stepSize: 0.001 Win Time: 1132.76
Iteration 21500 Time: 48675 Score: 66.82 Size: 70.5925 Loss: 0.3725 Win: 0.22 valueNorm: 5 stepSize: 0.001 Win Time: 1127.17
Iteration 21600 Time: 48915 Score: 70.2275 Size: 73.555 Loss: 0.305 Win: 0.195 valueNorm: 5 stepSize: 0.001 Win Time: 1141.64
Iteration 21700 Time: 49148 Score: 69.515 Size: 73.0175 Loss: 0.345 Win: 0.22 valueNorm: 5 stepSize: 0.001 Win Time: 1137.15
Iteration 21800 Time: 49367 Score: 67.215 Size: 70.6875 Loss: 0.38 Win: 0.2625 valueNorm: 5 stepSize: 0.001 Win Time: 1131.32
Iteration 21900 Time: 49604 Score: 67.4425 Size: 71.1075 Loss: 0.3275 Win: 0.1825 valueNorm: 5 stepSize: 0.001 Win Time: 1139.62
Iteration 22000 Time: 49837 Score: 70.24 Size: 73.6725 Loss: 0.36 Win: 0.2425 valueNorm: 5 stepSize: 0.001 Win Time: 1120.21
Iteration 22100 Time: 50064 Score: 66.185 Size: 70.6875 Loss: 0.41 Win: 0.1825 valueNorm: 5 stepSize: 0.001 Win Time: 1140.47
Iteration 22200 Time: 50293 Score: 67.44 Size: 71.3525 Loss: 0.375 Win: 0.2075 valueNorm: 5 stepSize: 0.001 Win Time: 1129.75
Iteration 22300 Time: 50526 Score: 67.47 Size: 71.85 Loss: 0.385 Win: 0.1675 valueNorm: 5 stepSize: 0.001 Win Time: 1132.73
Iteration 22400 Time: 50761 Score: 69.4675 Size: 72.95 Loss: 0.3325 Win: 0.2075 valueNorm: 5 stepSize: 0.001 Win Time: 1141.89
Iteration 22500 Time: 50986 Score: 68.705 Size: 72.2275 Loss: 0.385 Win: 0.2625 valueNorm: 5 stepSize: 0.001 Win Time: 1136.1
Iteration 22600 Time: 51207 Score: 65.3725 Size: 69.5725 Loss: 0.4025 Win: 0.205 valueNorm: 5 stepSize: 0.001 Win Time: 1138.39
Iteration 22700 Time: 51412 Score: 60.635 Size: 65.595 Loss: 0.4675 Win: 0.195 valueNorm: 5 stepSize: 0.001 Win Time: 1129
Iteration 22800 Time: 51649 Score: 73.49 Size: 76.1075 Loss: 0.3275 Win: 0.2975 valueNorm: 5 stepSize: 0.001 Win Time: 1131.08
Iteration 22900 Time: 51877 Score: 70.2275 Size: 73.335 Loss: 0.37 Win: 0.29 valueNorm: 5 stepSize: 0.001 Win Time: 1129.37
Iteration 23000 Time: 52100 Score: 68.5425 Size: 72.0375 Loss: 0.375 Win: 0.255 valueNorm: 5 stepSize: 0.001 Win Time: 1127.36
Iteration 23100 Time: 52319 Score: 68.6175 Size: 71.825 Loss: 0.395 Win: 0.31 valueNorm: 5 stepSize: 0.001 Win Time: 1132.61
Iteration 23200 Time: 52549 Score: 65.24 Size: 69.4175 Loss: 0.37 Win: 0.1725 valueNorm: 5 stepSize: 0.001 Win Time: 1139.58
Iteration 23300 Time: 52773 Score: 66.175 Size: 70.395 Loss: 0.4125 Win: 0.2175 valueNorm: 5 stepSize: 0.001 Win Time: 1127.25
Iteration 23400 Time: 52990 Score: 65.425 Size: 69.7225 Loss: 0.4225 Win: 0.2175 valueNorm: 5 stepSize: 0.001 Win Time: 1129.67
Iteration 23500 Time: 53224 Score: 69.4 Size: 72.9275 Loss: 0.34 Win: 0.2125 valueNorm: 5 stepSize: 0.001 Win Time: 1142.13
Iteration 23600 Time: 53449 Score: 66.2025 Size: 70.0775 Loss: 0.37 Win: 0.2075 valueNorm: 5 stepSize: 0.001 Win Time: 1140.02
Iteration 23700 Time: 53667 Score: 64.155 Size: 68.6625 Loss: 0.405 Win: 0.175 valueNorm: 5 stepSize: 0.001 Win Time: 1124.4
Iteration 23800 Time: 53897 Score: 66.285 Size: 70.74 Loss: 0.3925 Win: 0.1675 valueNorm: 5 stepSize: 0.001 Win Time: 1143.81
Iteration 23900 Time: 54123 Score: 67.26 Size: 71.34 Loss: 0.385 Win: 0.2025 valueNorm: 5 stepSize: 0.001 Win Time: 1128.56
Iteration 24000 Time: 54349 Score: 66.1925 Size: 70.3525 Loss: 0.4025 Win: 0.21 valueNorm: 5 stepSize: 0.001 Win Time: 1134.32
Iteration 24100 Time: 54575 Score: 66.75 Size: 70.775 Loss: 0.3775 Win: 0.2 valueNorm: 5 stepSize: 0.001 Win Time: 1134.64
Iteration 24200 Time: 54799 Score: 67.345 Size: 71.31 Loss: 0.415 Win: 0.245 valueNorm: 5 stepSize: 0.001 Win Time: 1138.85
Iteration 24300 Time: 55025 Score: 67.7425 Size: 71.71 Loss: 0.3925 Win: 0.2225 valueNorm: 5 stepSize: 0.001 Win Time: 1134.61
Iteration 24400 Time: 55264 Score: 71.3975 Size: 74.2975 Loss: 0.29 Win: 0.225 valueNorm: 5 stepSize: 0.001 Win Time: 1138.56
Iteration 24500 Time: 55488 Score: 67.9675 Size: 71.7325 Loss: 0.4 Win: 0.2525 valueNorm: 5 stepSize: 0.001 Win Time: 1135.93
Iteration 24600 Time: 55700 Score: 63.9125 Size: 68.3325 Loss: 0.43 Win: 0.2125 valueNorm: 5 stepSize: 0.001 Win Time: 1128.54
Iteration 24700 Time: 55925 Score: 67.33 Size: 71.0625 Loss: 0.3675 Win: 0.2175 valueNorm: 5 stepSize: 0.001 Win Time: 1135.8
Iteration 24800 Time: 56160 Score: 71.855 Size: 74.675 Loss: 0.29 Win: 0.2325 valueNorm: 5 stepSize: 0.001 Win Time: 1138.35
Iteration 24900 Time: 56388 Score: 71.0825 Size: 74.0725 Loss: 0.33 Win: 0.26 valueNorm: 5 stepSize: 0.001 Win Time: 1131.12
Iteration 25000 Time: 56612 Score: 69.76 Size: 73.0725 Loss: 0.3575 Win: 0.255 valueNorm: 5 stepSize: 0.001 Win Time: 1129.25
Evaluation score: 64.1153
