Training control Time: 1715011497
Hyperparameters: numRollouts: 2 batchSize: 0 numEpochs: 1 numIter: 50000 evalPeriod: 200 savePeriod: 200 alpha: 0.001000 GAEParam: 1.000000 
Iteration 200 Time: 173 Score: -3.63433 Size: 6.75871 Loss: 0.838308 Win: 0 valueNorm: 5 stepSize: 0.001
Iteration 400 Time: 416 Score: 0.655 Size: 7.61 Loss: 0.495 Win: 0 valueNorm: 5 stepSize: 0.001
Iteration 600 Time: 664 Score: 1.77 Size: 7.9775 Loss: 0.42 Win: 0 valueNorm: 5 stepSize: 0.001
Iteration 800 Time: 916 Score: 3.09 Size: 9.31 Loss: 0.42 Win: 0 valueNorm: 5 stepSize: 0.001
Iteration 1000 Time: 1154 Score: 4.5225 Size: 11.3225 Loss: 0.4775 Win: 0 valueNorm: 5 stepSize: 0.001
Iteration 1200 Time: 1390 Score: 7.055 Size: 14.0075 Loss: 0.4925 Win: 0 valueNorm: 5 stepSize: 0.001
Iteration 1400 Time: 1627 Score: 8.7325 Size: 15.6825 Loss: 0.4925 Win: 0 valueNorm: 5 stepSize: 0.001
Iteration 1600 Time: 1855 Score: 10.2075 Size: 17.5075 Loss: 0.5275 Win: 0 valueNorm: 5 stepSize: 0.001
Iteration 1800 Time: 2103 Score: 12.35 Size: 18.7125 Loss: 0.435 Win: 0 valueNorm: 5 stepSize: 0.001
Iteration 2000 Time: 2360 Score: 13.985 Size: 19.915 Loss: 0.39 Win: 0 valueNorm: 5 stepSize: 0.001
Iteration 2200 Time: 2608 Score: 14.07 Size: 20.295 Loss: 0.42 Win: 0 valueNorm: 5 stepSize: 0.001
Iteration 2400 Time: 2852 Score: 14.23 Size: 20.22 Loss: 0.3975 Win: 0 valueNorm: 5 stepSize: 0.001
Iteration 2600 Time: 3114 Score: 15.9375 Size: 21.225 Loss: 0.3275 Win: 0 valueNorm: 5 stepSize: 0.001
Iteration 2800 Time: 3378 Score: 16.6875 Size: 21.9775 Loss: 0.3275 Win: 0 valueNorm: 5 stepSize: 0.001
Iteration 3000 Time: 3634 Score: 16.13 Size: 22.0475 Loss: 0.39 Win: 0 valueNorm: 5 stepSize: 0.001
Iteration 3200 Time: 3895 Score: 17.4925 Size: 22.965 Loss: 0.345 Win: 0 valueNorm: 5 stepSize: 0.001
Iteration 3400 Time: 4160 Score: 17.9875 Size: 23.6075 Loss: 0.36 Win: 0 valueNorm: 5 stepSize: 0.001
Iteration 3600 Time: 4417 Score: 17.5025 Size: 23.55 Loss: 0.4025 Win: 0 valueNorm: 5 stepSize: 0.001
Iteration 3800 Time: 4689 Score: 19.69 Size: 24.9275 Loss: 0.3225 Win: 0 valueNorm: 5 stepSize: 0.001
Iteration 4000 Time: 4934 Score: 18.77 Size: 24.5175 Loss: 0.3725 Win: 0 valueNorm: 5 stepSize: 0.001
Iteration 4200 Time: 5191 Score: 20.6225 Size: 25.89 Loss: 0.325 Win: 0 valueNorm: 5 stepSize: 0.001
Iteration 4400 Time: 5445 Score: 21.0525 Size: 26.4225 Loss: 0.335 Win: 0 valueNorm: 5 stepSize: 0.001
Iteration 4600 Time: 5690 Score: 20.6925 Size: 26.515 Loss: 0.38 Win: 0 valueNorm: 5 stepSize: 0.001
Iteration 4800 Time: 5952 Score: 23.61 Size: 28.71 Loss: 0.31 Win: 0 valueNorm: 5 stepSize: 0.001
Iteration 5000 Time: 6191 Score: 22.33 Size: 28.39 Loss: 0.405 Win: 0 valueNorm: 5 stepSize: 0.001
Iteration 5200 Time: 6445 Score: 25.18 Size: 30.7175 Loss: 0.3525 Win: 0 valueNorm: 5 stepSize: 0.001
Iteration 5400 Time: 6687 Score: 27.1 Size: 32.9875 Loss: 0.3875 Win: 0 valueNorm: 5 stepSize: 0.001
Iteration 5600 Time: 6932 Score: 29.8025 Size: 35.6425 Loss: 0.3825 Win: 0 valueNorm: 5 stepSize: 0.001
Iteration 5800 Time: 7175 Score: 30.755 Size: 36.5025 Loss: 0.3725 Win: 0 valueNorm: 5 stepSize: 0.001
Iteration 6000 Time: 7413 Score: 32.54 Size: 39.105 Loss: 0.455 Win: 0 valueNorm: 5 stepSize: 0.001
Iteration 6200 Time: 7649 Score: 33.875 Size: 40.745 Loss: 0.485 Win: 0 valueNorm: 5 stepSize: 0.001
Iteration 6400 Time: 7890 Score: 37.3375 Size: 43.64 Loss: 0.4275 Win: 0 valueNorm: 5 stepSize: 0.001
Iteration 6600 Time: 8136 Score: 39.6875 Size: 46.1925 Loss: 0.4475 Win: 0 valueNorm: 5 stepSize: 0.001
Iteration 6800 Time: 8389 Score: 42.68 Size: 48.29 Loss: 0.36 Win: 0 valueNorm: 5 stepSize: 0.001
Iteration 7000 Time: 8633 Score: 42.725 Size: 48.7675 Loss: 0.4025 Win: 0 valueNorm: 5 stepSize: 0.001
Iteration 7200 Time: 8862 Score: 39.6875 Size: 46.365 Loss: 0.465 Win: 0 valueNorm: 5 stepSize: 0.001
Iteration 7400 Time: 9113 Score: 45.2525 Size: 50.725 Loss: 0.345 Win: 0 valueNorm: 5 stepSize: 0.001
Iteration 7600 Time: 9358 Score: 45.375 Size: 50.97 Loss: 0.3575 Win: 0 valueNorm: 5 stepSize: 0.001
Iteration 7800 Time: 9607 Score: 46.0925 Size: 51.66 Loss: 0.355 Win: 0 valueNorm: 5 stepSize: 0.001
Iteration 8000 Time: 9869 Score: 47.6725 Size: 52.905 Loss: 0.3225 Win: 0 valueNorm: 5 stepSize: 0.001
Iteration 8200 Time: 10119 Score: 48.025 Size: 53.3425 Loss: 0.33 Win: 0 valueNorm: 5 stepSize: 0.001
Iteration 8400 Time: 10365 Score: 48.105 Size: 53.72 Loss: 0.36 Win: 0 valueNorm: 5 stepSize: 0.001
Iteration 8600 Time: 10632 Score: 49.4125 Size: 54.7075 Loss: 0.3275 Win: 0 valueNorm: 5 stepSize: 0.001
Iteration 8800 Time: 10901 Score: 51.35 Size: 55.7625 Loss: 0.24 Win: 0 valueNorm: 5 stepSize: 0.001
Iteration 9000 Time: 11167 Score: 50.1375 Size: 55.11 Loss: 0.295 Win: 0 valueNorm: 5 stepSize: 0.001
Iteration 9200 Time: 11435 Score: 51.08 Size: 55.8425 Loss: 0.275 Win: 0 valueNorm: 5 stepSize: 0.001
Iteration 9400 Time: 11703 Score: 51.24 Size: 56.0825 Loss: 0.2825 Win: 0 valueNorm: 5 stepSize: 0.001
Iteration 9600 Time: 11975 Score: 52.405 Size: 56.895 Loss: 0.2475 Win: 0 valueNorm: 5 stepSize: 0.001
Iteration 9800 Time: 12241 Score: 51.8375 Size: 56.7 Loss: 0.285 Win: 0 valueNorm: 5 stepSize: 0.001
Iteration 10000 Time: 12512 Score: 53.0125 Size: 57.5 Loss: 0.2475 Win: 0 valueNorm: 5 stepSize: 0.001
Iteration 10200 Time: 12785 Score: 53.8575 Size: 58.195 Loss: 0.2325 Win: 0 valueNorm: 5 stepSize: 0.001
Iteration 10400 Time: 13049 Score: 51.925 Size: 56.71 Loss: 0.2775 Win: 0 valueNorm: 5 stepSize: 0.001
Iteration 10600 Time: 13316 Score: 52.7425 Size: 57.6575 Loss: 0.29 Win: 0 valueNorm: 5 stepSize: 0.001
Iteration 10800 Time: 13590 Score: 54.465 Size: 58.725 Loss: 0.225 Win: 0 valueNorm: 5 stepSize: 0.001
Iteration 11000 Time: 13868 Score: 54.7125 Size: 58.6925 Loss: 0.1975 Win: 0 valueNorm: 5 stepSize: 0.001
Iteration 11200 Time: 14146 Score: 55.1025 Size: 59.54 Loss: 0.2425 Win: 0 valueNorm: 5 stepSize: 0.001
Iteration 11400 Time: 14411 Score: 53.6 Size: 58.1425 Loss: 0.2525 Win: 0 valueNorm: 5 stepSize: 0.001
Iteration 11600 Time: 14679 Score: 54.295 Size: 58.7925 Loss: 0.2475 Win: 0 valueNorm: 5 stepSize: 0.001
Iteration 11800 Time: 14954 Score: 55.385 Size: 59.5425 Loss: 0.215 Win: 0 valueNorm: 5 stepSize: 0.001
Iteration 12000 Time: 15226 Score: 55.5925 Size: 59.6 Loss: 0.2 Win: 0 valueNorm: 5 stepSize: 0.001
Iteration 12200 Time: 15492 Score: 54.0075 Size: 58.495 Loss: 0.2475 Win: 0 valueNorm: 5 stepSize: 0.001
Iteration 12400 Time: 15765 Score: 56.72 Size: 60.7025 Loss: 0.1975 Win: 0 valueNorm: 5 stepSize: 0.001
Iteration 12600 Time: 16035 Score: 55.2825 Size: 60.075 Loss: 0.2775 Win: 0 valueNorm: 5 stepSize: 0.001
Iteration 12800 Time: 16306 Score: 55.2525 Size: 60.02 Loss: 0.275 Win: 0 valueNorm: 5 stepSize: 0.001
Iteration 13000 Time: 16575 Score: 56.545 Size: 61.1075 Loss: 0.2575 Win: 0.0025 valueNorm: 5 stepSize: 0.001 Win Time: 1189
Iteration 13200 Time: 16836 Score: 55.21 Size: 60.23 Loss: 0.3 Win: 0 valueNorm: 5 stepSize: 0.001
Iteration 13400 Time: 17103 Score: 56.9525 Size: 61.7975 Loss: 0.2825 Win: 0 valueNorm: 5 stepSize: 0.001
Iteration 13600 Time: 17370 Score: 57.1525 Size: 61.5475 Loss: 0.2375 Win: 0 valueNorm: 5 stepSize: 0.001
Iteration 13800 Time: 17629 Score: 55.31 Size: 59.8525 Loss: 0.255 Win: 0.0025 valueNorm: 5 stepSize: 0.001 Win Time: 1184
Iteration 14000 Time: 17895 Score: 57.985 Size: 62.3325 Loss: 0.2325 Win: 0 valueNorm: 5 stepSize: 0.001
Iteration 14200 Time: 18160 Score: 58.4075 Size: 62.4725 Loss: 0.2125 Win: 0.0075 valueNorm: 5 stepSize: 0.001 Win Time: 1136.33
Iteration 14400 Time: 18420 Score: 56.6375 Size: 61.2325 Loss: 0.2575 Win: 0 valueNorm: 5 stepSize: 0.001
Iteration 14600 Time: 18683 Score: 57.45 Size: 61.885 Loss: 0.245 Win: 0.0025 valueNorm: 5 stepSize: 0.001 Win Time: 1171
Iteration 14800 Time: 18949 Score: 58.5225 Size: 62.715 Loss: 0.22 Win: 0.0025 valueNorm: 5 stepSize: 0.001 Win Time: 1186
Iteration 15000 Time: 19216 Score: 59.1225 Size: 63.4725 Loss: 0.2375 Win: 0.005 valueNorm: 5 stepSize: 0.001 Win Time: 1191.5
Iteration 15200 Time: 19470 Score: 55.4875 Size: 60.46 Loss: 0.2975 Win: 0.0025 valueNorm: 5 stepSize: 0.001 Win Time: 1163
Iteration 15400 Time: 19728 Score: 55.455 Size: 60.305 Loss: 0.2825 Win: 0 valueNorm: 5 stepSize: 0.001
Iteration 15600 Time: 19993 Score: 57.4475 Size: 61.6025 Loss: 0.215 Win: 0 valueNorm: 5 stepSize: 0.001
Iteration 15800 Time: 20260 Score: 58.485 Size: 62.77 Loss: 0.2275 Win: 0 valueNorm: 5 stepSize: 0.001
Iteration 16000 Time: 20526 Score: 57.9675 Size: 62.265 Loss: 0.2275 Win: 0 valueNorm: 5 stepSize: 0.001
Iteration 16200 Time: 20799 Score: 59.2375 Size: 63.07 Loss: 0.1825 Win: 0 valueNorm: 5 stepSize: 0.001
Iteration 16400 Time: 21066 Score: 57.6775 Size: 61.6975 Loss: 0.2 Win: 0 valueNorm: 5 stepSize: 0.001
Iteration 16600 Time: 21326 Score: 55.73 Size: 60.7025 Loss: 0.2975 Win: 0.0025 valueNorm: 5 stepSize: 0.001 Win Time: 1175
Iteration 16800 Time: 21590 Score: 57.7275 Size: 62.0025 Loss: 0.2275 Win: 0.0025 valueNorm: 5 stepSize: 0.001 Win Time: 1130
Iteration 17000 Time: 21858 Score: 60.1925 Size: 64.035 Loss: 0.1825 Win: 0 valueNorm: 5 stepSize: 0.001
Iteration 17200 Time: 22128 Score: 60.2275 Size: 64.215 Loss: 0.2075 Win: 0.0125 valueNorm: 5 stepSize: 0.001 Win Time: 1171.6
Iteration 17400 Time: 22403 Score: 61.8075 Size: 65.5225 Loss: 0.1775 Win: 0.0075 valueNorm: 5 stepSize: 0.001 Win Time: 1173
Iteration 17600 Time: 22674 Score: 62.5375 Size: 66.4325 Loss: 0.1975 Win: 0.01 valueNorm: 5 stepSize: 0.001 Win Time: 1176.75
Iteration 17800 Time: 22944 Score: 62.845 Size: 66.6625 Loss: 0.1975 Win: 0.02 valueNorm: 5 stepSize: 0.001 Win Time: 1131.75
Iteration 18000 Time: 23210 Score: 60.945 Size: 65.0125 Loss: 0.22 Win: 0.0175 valueNorm: 5 stepSize: 0.001 Win Time: 1158.43
Iteration 18200 Time: 23476 Score: 60.9775 Size: 64.8675 Loss: 0.2025 Win: 0.0175 valueNorm: 5 stepSize: 0.001 Win Time: 1174.43
Iteration 18400 Time: 23740 Score: 59.485 Size: 63.61 Loss: 0.225 Win: 0.0175 valueNorm: 5 stepSize: 0.001 Win Time: 1162.86
Iteration 18600 Time: 24010 Score: 62.8 Size: 66.445 Loss: 0.18 Win: 0.02 valueNorm: 5 stepSize: 0.001 Win Time: 1160
Iteration 18800 Time: 24275 Score: 59.13 Size: 63.6825 Loss: 0.27 Win: 0.0175 valueNorm: 5 stepSize: 0.001 Win Time: 1133.57
Iteration 19000 Time: 24550 Score: 62.995 Size: 66.715 Loss: 0.1875 Win: 0.0175 valueNorm: 5 stepSize: 0.001 Win Time: 1160.29
Iteration 19200 Time: 24820 Score: 63.7925 Size: 67.5775 Loss: 0.2025 Win: 0.0275 valueNorm: 5 stepSize: 0.001 Win Time: 1168.73
Iteration 19400 Time: 25089 Score: 62.9475 Size: 66.7675 Loss: 0.2 Win: 0.0225 valueNorm: 5 stepSize: 0.001 Win Time: 1156
Iteration 19600 Time: 25359 Score: 63.0275 Size: 66.76 Loss: 0.19 Win: 0.02 valueNorm: 5 stepSize: 0.001 Win Time: 1168.12
Iteration 19800 Time: 25634 Score: 65.4725 Size: 68.8625 Loss: 0.1625 Win: 0.0275 valueNorm: 5 stepSize: 0.001 Win Time: 1153.82
Iteration 20000 Time: 25907 Score: 64.06 Size: 67.56 Loss: 0.1825 Win: 0.0375 valueNorm: 5 stepSize: 0.001 Win Time: 1165.47
Iteration 20200 Time: 26179 Score: 63.6925 Size: 67.38 Loss: 0.19 Win: 0.025 valueNorm: 5 stepSize: 0.001 Win Time: 1169.6
Iteration 20400 Time: 26448 Score: 61.985 Size: 66.0425 Loss: 0.22 Win: 0.0175 valueNorm: 5 stepSize: 0.001 Win Time: 1160.14
Iteration 20600 Time: 26722 Score: 65.4725 Size: 68.6825 Loss: 0.1425 Win: 0.025 valueNorm: 5 stepSize: 0.001 Win Time: 1153.6
Iteration 20800 Time: 26990 Score: 64.8025 Size: 68.2475 Loss: 0.165 Win: 0.025 valueNorm: 5 stepSize: 0.001 Win Time: 1165.5
Iteration 21000 Time: 27255 Score: 63.905 Size: 67.535 Loss: 0.195 Win: 0.0375 valueNorm: 5 stepSize: 0.001 Win Time: 1164.13
Iteration 21200 Time: 27519 Score: 63.275 Size: 67.0675 Loss: 0.2025 Win: 0.0275 valueNorm: 5 stepSize: 0.001 Win Time: 1154.73
Iteration 21400 Time: 27783 Score: 63.79 Size: 67.53 Loss: 0.1975 Win: 0.0275 valueNorm: 5 stepSize: 0.001 Win Time: 1159
Iteration 21600 Time: 28047 Score: 63.55 Size: 67.09 Loss: 0.1825 Win: 0.035 valueNorm: 5 stepSize: 0.001 Win Time: 1154.86
Iteration 21800 Time: 28314 Score: 63.885 Size: 67.6775 Loss: 0.2 Win: 0.025 valueNorm: 5 stepSize: 0.001 Win Time: 1168
Iteration 22000 Time: 28580 Score: 64.2125 Size: 67.895 Loss: 0.185 Win: 0.02 valueNorm: 5 stepSize: 0.001 Win Time: 1172.88
Iteration 22200 Time: 28852 Score: 65.2725 Size: 68.825 Loss: 0.1625 Win: 0.01 valueNorm: 5 stepSize: 0.001 Win Time: 1163.75
Iteration 22400 Time: 29122 Score: 64.95 Size: 68.3625 Loss: 0.1625 Win: 0.025 valueNorm: 5 stepSize: 0.001 Win Time: 1137.7
Iteration 22600 Time: 29396 Score: 66.735 Size: 69.89 Loss: 0.1425 Win: 0.0325 valueNorm: 5 stepSize: 0.001 Win Time: 1158.85
Iteration 22800 Time: 29660 Score: 63.825 Size: 67.5675 Loss: 0.2 Win: 0.03 valueNorm: 5 stepSize: 0.001 Win Time: 1147.92
Iteration 23000 Time: 29921 Score: 61.4875 Size: 65.8225 Loss: 0.245 Win: 0.015 valueNorm: 5 stepSize: 0.001 Win Time: 1180.33
Iteration 23200 Time: 30191 Score: 65.735 Size: 68.9075 Loss: 0.15 Win: 0.0375 valueNorm: 5 stepSize: 0.001 Win Time: 1145.07
Iteration 23400 Time: 30467 Score: 67.1475 Size: 70.1775 Loss: 0.1375 Win: 0.04 valueNorm: 5 stepSize: 0.001 Win Time: 1149.94
Iteration 23600 Time: 30731 Score: 64.33 Size: 68.11 Loss: 0.2 Win: 0.0275 valueNorm: 5 stepSize: 0.001 Win Time: 1161.18
Iteration 23800 Time: 30998 Score: 65.455 Size: 68.7325 Loss: 0.17 Win: 0.0475 valueNorm: 5 stepSize: 0.001 Win Time: 1168.95
Iteration 24000 Time: 31266 Score: 66.0325 Size: 69.255 Loss: 0.1525 Win: 0.035 valueNorm: 5 stepSize: 0.001 Win Time: 1156.86
Iteration 24200 Time: 31526 Score: 62.585 Size: 66.5275 Loss: 0.2175 Win: 0.0275 valueNorm: 5 stepSize: 0.001 Win Time: 1166.82
Iteration 24400 Time: 31795 Score: 66.0825 Size: 69.6175 Loss: 0.1875 Win: 0.04 valueNorm: 5 stepSize: 0.001 Win Time: 1164.19
Iteration 24600 Time: 32069 Score: 66.28 Size: 69.545 Loss: 0.15 Win: 0.0275 valueNorm: 5 stepSize: 0.001 Win Time: 1142.55
Iteration 24800 Time: 32345 Score: 68.3825 Size: 71.4725 Loss: 0.145 Win: 0.0425 valueNorm: 5 stepSize: 0.001 Win Time: 1166.24
Iteration 25000 Time: 32618 Score: 67.625 Size: 70.8 Loss: 0.15 Win: 0.0375 valueNorm: 5 stepSize: 0.001 Win Time: 1166.6
Iteration 25200 Time: 32890 Score: 67.365 Size: 70.375 Loss: 0.1475 Win: 0.0525 valueNorm: 5 stepSize: 0.001 Win Time: 1157.38
Iteration 25400 Time: 33155 Score: 66.5875 Size: 70.095 Loss: 0.195 Win: 0.05 valueNorm: 5 stepSize: 0.001 Win Time: 1155.55
Iteration 25600 Time: 33423 Score: 65.44 Size: 68.905 Loss: 0.165 Win: 0.0225 valueNorm: 5 stepSize: 0.001 Win Time: 1140.78
Iteration 25800 Time: 33694 Score: 68.2925 Size: 71.305 Loss: 0.1475 Win: 0.0525 valueNorm: 5 stepSize: 0.001 Win Time: 1157.29
Iteration 26000 Time: 33962 Score: 67.5375 Size: 70.7525 Loss: 0.16 Win: 0.045 valueNorm: 5 stepSize: 0.001 Win Time: 1152.28
Iteration 26200 Time: 34232 Score: 67.075 Size: 70.3925 Loss: 0.18 Win: 0.055 valueNorm: 5 stepSize: 0.001 Win Time: 1158.5
Iteration 26400 Time: 34503 Score: 68.4 Size: 71.6375 Loss: 0.1625 Win: 0.045 valueNorm: 5 stepSize: 0.001 Win Time: 1164.33
Iteration 26600 Time: 34777 Score: 67.1625 Size: 70.49 Loss: 0.17 Win: 0.0425 valueNorm: 5 stepSize: 0.001 Win Time: 1156.35
Iteration 26800 Time: 35046 Score: 67.35 Size: 70.6125 Loss: 0.1725 Win: 0.0525 valueNorm: 5 stepSize: 0.001 Win Time: 1161.95
Iteration 27000 Time: 35316 Score: 67.92 Size: 70.775 Loss: 0.145 Win: 0.0675 valueNorm: 5 stepSize: 0.001 Win Time: 1148.67
Iteration 27200 Time: 35589 Score: 67.9225 Size: 71.1425 Loss: 0.1675 Win: 0.0525 valueNorm: 5 stepSize: 0.001 Win Time: 1170.76
Iteration 27400 Time: 35862 Score: 67.53 Size: 70.7875 Loss: 0.1575 Win: 0.0375 valueNorm: 5 stepSize: 0.001 Win Time: 1167.07
Iteration 27600 Time: 36126 Score: 64.5525 Size: 68.415 Loss: 0.215 Win: 0.0325 valueNorm: 5 stepSize: 0.001 Win Time: 1152.31
Iteration 27800 Time: 36389 Score: 64.72 Size: 68.6 Loss: 0.2225 Win: 0.04 valueNorm: 5 stepSize: 0.001 Win Time: 1142.31
Iteration 28000 Time: 36660 Score: 69.345 Size: 72.215 Loss: 0.145 Win: 0.065 valueNorm: 5 stepSize: 0.001 Win Time: 1165.04
Iteration 28200 Time: 36924 Score: 63.63 Size: 67.795 Loss: 0.2325 Win: 0.02 valueNorm: 5 stepSize: 0.001 Win Time: 1179.38
Iteration 28400 Time: 37190 Score: 65.8425 Size: 69.425 Loss: 0.1925 Win: 0.04 valueNorm: 5 stepSize: 0.001 Win Time: 1173.81
Iteration 28600 Time: 37463 Score: 67.9 Size: 71.0925 Loss: 0.1625 Win: 0.05 valueNorm: 5 stepSize: 0.001 Win Time: 1156.45
Iteration 28800 Time: 37730 Score: 66.7525 Size: 70.125 Loss: 0.1875 Win: 0.0575 valueNorm: 5 stepSize: 0.001 Win Time: 1160.78
Iteration 29000 Time: 38003 Score: 69.195 Size: 72.015 Loss: 0.1325 Win: 0.0575 valueNorm: 5 stepSize: 0.001 Win Time: 1158.48
Iteration 29200 Time: 38273 Score: 67.9475 Size: 71.075 Loss: 0.1475 Win: 0.04 valueNorm: 5 stepSize: 0.001 Win Time: 1145.88
Iteration 29400 Time: 38543 Score: 69.88 Size: 72.9175 Loss: 0.16 Win: 0.065 valueNorm: 5 stepSize: 0.001 Win Time: 1154.96
Iteration 29600 Time: 38811 Score: 69.795 Size: 72.735 Loss: 0.165 Win: 0.08 valueNorm: 5 stepSize: 0.001 Win Time: 1156.09
Iteration 29800 Time: 39078 Score: 67.94 Size: 71.125 Loss: 0.1775 Win: 0.0675 valueNorm: 5 stepSize: 0.001 Win Time: 1165.3
Iteration 30000 Time: 39341 Score: 65.55 Size: 69.1 Loss: 0.1925 Win: 0.0425 valueNorm: 5 stepSize: 0.001 Win Time: 1152.18
Iteration 30200 Time: 39611 Score: 67.665 Size: 70.9625 Loss: 0.165 Win: 0.0425 valueNorm: 5 stepSize: 0.001 Win Time: 1161.65
Iteration 30400 Time: 39875 Score: 63.745 Size: 67.875 Loss: 0.2375 Win: 0.03 valueNorm: 5 stepSize: 0.001 Win Time: 1164.67
Iteration 30600 Time: 40152 Score: 66.64 Size: 69.8475 Loss: 0.1575 Win: 0.0425 valueNorm: 5 stepSize: 0.001 Win Time: 1168.18
Iteration 30800 Time: 40427 Score: 66.285 Size: 69.595 Loss: 0.1625 Win: 0.0375 valueNorm: 5 stepSize: 0.001 Win Time: 1158.87
Iteration 31000 Time: 40703 Score: 67.565 Size: 70.7075 Loss: 0.1575 Win: 0.05 valueNorm: 5 stepSize: 0.001 Win Time: 1171.3
Iteration 31200 Time: 40977 Score: 67.46 Size: 70.6725 Loss: 0.1675 Win: 0.055 valueNorm: 5 stepSize: 0.001 Win Time: 1161.32
Iteration 31400 Time: 41246 Score: 65.655 Size: 69.29 Loss: 0.2175 Win: 0.0625 valueNorm: 5 stepSize: 0.001 Win Time: 1168
Iteration 31600 Time: 41526 Score: 67.1125 Size: 70.3825 Loss: 0.155 Win: 0.0325 valueNorm: 5 stepSize: 0.001 Win Time: 1160.08
Iteration 31800 Time: 41808 Score: 70.945 Size: 73.5575 Loss: 0.1275 Win: 0.075 valueNorm: 5 stepSize: 0.001 Win Time: 1160.77
Iteration 32000 Time: 42096 Score: 72.09 Size: 74.45 Loss: 0.105 Win: 0.0775 valueNorm: 5 stepSize: 0.001 Win Time: 1155.52
Iteration 32200 Time: 42375 Score: 68.2525 Size: 71.295 Loss: 0.155 Win: 0.0575 valueNorm: 5 stepSize: 0.001 Win Time: 1145.52
Iteration 32400 Time: 42644 Score: 63.7275 Size: 67.705 Loss: 0.2225 Win: 0.03 valueNorm: 5 stepSize: 0.001 Win Time: 1164.83
Iteration 32600 Time: 42926 Score: 69.8175 Size: 72.375 Loss: 0.1225 Win: 0.075 valueNorm: 5 stepSize: 0.001 Win Time: 1156.7
Iteration 32800 Time: 43201 Score: 69.8475 Size: 72.74 Loss: 0.1525 Win: 0.0725 valueNorm: 5 stepSize: 0.001 Win Time: 1153.48
Iteration 33000 Time: 43487 Score: 71.2725 Size: 74.0625 Loss: 0.1375 Win: 0.0675 valueNorm: 5 stepSize: 0.001 Win Time: 1149.44
Iteration 33200 Time: 43769 Score: 71.2775 Size: 74.035 Loss: 0.1325 Win: 0.065 valueNorm: 5 stepSize: 0.001 Win Time: 1154.15
Iteration 33400 Time: 44050 Score: 69.615 Size: 72.53 Loss: 0.165 Win: 0.0825 valueNorm: 5 stepSize: 0.001 Win Time: 1158.33
Iteration 33600 Time: 44327 Score: 70.69 Size: 73.4775 Loss: 0.16 Win: 0.0925 valueNorm: 5 stepSize: 0.001 Win Time: 1158.16
Iteration 33800 Time: 44601 Score: 70.325 Size: 73.2125 Loss: 0.17 Win: 0.0925 valueNorm: 5 stepSize: 0.001 Win Time: 1158.38
Iteration 34000 Time: 44871 Score: 68.01 Size: 71.1525 Loss: 0.18 Win: 0.075 valueNorm: 5 stepSize: 0.001 Win Time: 1139.9
Iteration 34200 Time: 45149 Score: 71.395 Size: 74.05 Loss: 0.1525 Win: 0.0975 valueNorm: 5 stepSize: 0.001 Win Time: 1149.9
Iteration 34400 Time: 45435 Score: 73.5575 Size: 75.885 Loss: 0.1175 Win: 0.095 valueNorm: 5 stepSize: 0.001 Win Time: 1148.84
Iteration 34600 Time: 45710 Score: 68.345 Size: 71.5625 Loss: 0.1825 Win: 0.07 valueNorm: 5 stepSize: 0.001 Win Time: 1154
Iteration 34800 Time: 45982 Score: 70.515 Size: 73.2125 Loss: 0.165 Win: 0.1075 valueNorm: 5 stepSize: 0.001 Win Time: 1146.56
Iteration 35000 Time: 46257 Score: 70.7225 Size: 73.5075 Loss: 0.165 Win: 0.0975 valueNorm: 5 stepSize: 0.001 Win Time: 1154.95
Iteration 35200 Time: 46534 Score: 70.6225 Size: 73.4575 Loss: 0.1675 Win: 0.095 valueNorm: 5 stepSize: 0.001 Win Time: 1151.05
Iteration 35400 Time: 46809 Score: 69.9025 Size: 72.8825 Loss: 0.175 Win: 0.0875 valueNorm: 5 stepSize: 0.001 Win Time: 1161.43
Iteration 35600 Time: 47089 Score: 70.995 Size: 73.7725 Loss: 0.1625 Win: 0.095 valueNorm: 5 stepSize: 0.001 Win Time: 1156.79
Iteration 35800 Time: 47366 Score: 71.8175 Size: 74.4175 Loss: 0.1425 Win: 0.0925 valueNorm: 5 stepSize: 0.001 Win Time: 1155.57
Iteration 36000 Time: 47636 Score: 68.3575 Size: 71.4975 Loss: 0.1975 Win: 0.095 valueNorm: 5 stepSize: 0.001 Win Time: 1150.47
Iteration 36200 Time: 47913 Score: 72.4025 Size: 75.0475 Loss: 0.1575 Win: 0.105 valueNorm: 5 stepSize: 0.001 Win Time: 1151.21
Iteration 36400 Time: 48193 Score: 71.1975 Size: 73.8175 Loss: 0.1425 Win: 0.09 valueNorm: 5 stepSize: 0.001 Win Time: 1156.94
Iteration 36600 Time: 48472 Score: 70.6225 Size: 73.4975 Loss: 0.15 Win: 0.07 valueNorm: 5 stepSize: 0.001 Win Time: 1153.25
Iteration 36800 Time: 48746 Score: 70.4875 Size: 73.34 Loss: 0.1875 Win: 0.115 valueNorm: 5 stepSize: 0.001 Win Time: 1148.43
Iteration 37000 Time: 49021 Score: 70.5975 Size: 73.4125 Loss: 0.1675 Win: 0.0975 valueNorm: 5 stepSize: 0.001 Win Time: 1145.56
Iteration 37200 Time: 49300 Score: 73.5625 Size: 75.8725 Loss: 0.145 Win: 0.1275 valueNorm: 5 stepSize: 0.001 Win Time: 1151.02
Iteration 37400 Time: 49575 Score: 71.9575 Size: 74.445 Loss: 0.1575 Win: 0.1225 valueNorm: 5 stepSize: 0.001 Win Time: 1152.1
Iteration 37600 Time: 49848 Score: 71.2725 Size: 73.97 Loss: 0.1575 Win: 0.1 valueNorm: 5 stepSize: 0.001 Win Time: 1141.7
Iteration 37800 Time: 50119 Score: 70.5325 Size: 73.3275 Loss: 0.1775 Win: 0.11 valueNorm: 5 stepSize: 0.001 Win Time: 1157.45
Iteration 38000 Time: 50390 Score: 68.765 Size: 71.845 Loss: 0.19 Win: 0.0925 valueNorm: 5 stepSize: 0.001 Win Time: 1164.03
Iteration 38200 Time: 50663 Score: 70.61 Size: 73.575 Loss: 0.175 Win: 0.09 valueNorm: 5 stepSize: 0.001 Win Time: 1150.56
Iteration 38400 Time: 50946 Score: 72.255 Size: 74.945 Loss: 0.1325 Win: 0.0725 valueNorm: 5 stepSize: 0.001 Win Time: 1147.31
Iteration 38600 Time: 51221 Score: 71.455 Size: 74.2375 Loss: 0.17 Win: 0.105 valueNorm: 5 stepSize: 0.001 Win Time: 1140.36
Iteration 38800 Time: 51496 Score: 71.585 Size: 74.2425 Loss: 0.1675 Win: 0.115 valueNorm: 5 stepSize: 0.001 Win Time: 1137.65
Iteration 39000 Time: 51768 Score: 69.8375 Size: 72.8125 Loss: 0.1825 Win: 0.095 valueNorm: 5 stepSize: 0.001 Win Time: 1148.26
Iteration 39200 Time: 52044 Score: 72.85 Size: 75.085 Loss: 0.1575 Win: 0.15 valueNorm: 5 stepSize: 0.001 Win Time: 1157.13
Iteration 39400 Time: 52323 Score: 73.7275 Size: 76.105 Loss: 0.14 Win: 0.115 valueNorm: 5 stepSize: 0.001 Win Time: 1157.41
Iteration 39600 Time: 52599 Score: 74.9075 Size: 76.755 Loss: 0.125 Win: 0.1575 valueNorm: 5 stepSize: 0.001 Win Time: 1146.48
Iteration 39800 Time: 52883 Score: 77.5275 Size: 79.135 Loss: 0.09 Win: 0.145 valueNorm: 5 stepSize: 0.001 Win Time: 1150.24
Iteration 40000 Time: 53159 Score: 73.8075 Size: 76.085 Loss: 0.135 Win: 0.12 valueNorm: 5 stepSize: 0.001 Win Time: 1159.6
Iteration 40200 Time: 53443 Score: 76.625 Size: 78.2625 Loss: 0.095 Win: 0.1475 valueNorm: 5 stepSize: 0.001 Win Time: 1146.41
Iteration 40400 Time: 53725 Score: 75.6125 Size: 77.5675 Loss: 0.105 Win: 0.1225 valueNorm: 5 stepSize: 0.001 Win Time: 1143.24
Iteration 40600 Time: 53993 Score: 71.7125 Size: 74.34 Loss: 0.175 Win: 0.1275 valueNorm: 5 stepSize: 0.001 Win Time: 1146.08
Iteration 40800 Time: 54267 Score: 73.4275 Size: 75.7525 Loss: 0.135 Win: 0.115 valueNorm: 5 stepSize: 0.001 Win Time: 1152.59
Iteration 41000 Time: 54545 Score: 74.775 Size: 77.05 Loss: 0.1375 Win: 0.1225 valueNorm: 5 stepSize: 0.001 Win Time: 1156.16
Iteration 41200 Time: 54817 Score: 72.69 Size: 75.195 Loss: 0.155 Win: 0.1175 valueNorm: 5 stepSize: 0.001 Win Time: 1161.09
Iteration 41400 Time: 55090 Score: 71.66 Size: 74.3025 Loss: 0.16 Win: 0.1075 valueNorm: 5 stepSize: 0.001 Win Time: 1155.14
Iteration 41600 Time: 55363 Score: 74.8125 Size: 76.8025 Loss: 0.135 Win: 0.1525 valueNorm: 5 stepSize: 0.001 Win Time: 1149.7
Iteration 41800 Time: 55629 Score: 72.9725 Size: 75.275 Loss: 0.1775 Win: 0.165 valueNorm: 5 stepSize: 0.001 Win Time: 1143.2
Iteration 42000 Time: 55894 Score: 70.7975 Size: 73.59 Loss: 0.1825 Win: 0.1175 valueNorm: 5 stepSize: 0.001 Win Time: 1154.43
Iteration 42200 Time: 56169 Score: 74.0275 Size: 76.21 Loss: 0.1275 Win: 0.1225 valueNorm: 5 stepSize: 0.001 Win Time: 1151.41
Iteration 42400 Time: 56451 Score: 77.2625 Size: 78.735 Loss: 0.0975 Win: 0.1675 valueNorm: 5 stepSize: 0.001 Win Time: 1141
Iteration 42600 Time: 56715 Score: 71.0025 Size: 73.8325 Loss: 0.1875 Win: 0.1175 valueNorm: 5 stepSize: 0.001 Win Time: 1152.96
Iteration 42800 Time: 56983 Score: 74.075 Size: 76.185 Loss: 0.14 Win: 0.145 valueNorm: 5 stepSize: 0.001 Win Time: 1143.29
Iteration 43000 Time: 57247 Score: 72.515 Size: 75.07 Loss: 0.165 Win: 0.1225 valueNorm: 5 stepSize: 0.001 Win Time: 1149.37
Iteration 43200 Time: 57522 Score: 77.96 Size: 79.48 Loss: 0.1075 Win: 0.175 valueNorm: 5 stepSize: 0.001 Win Time: 1153.97
Iteration 43400 Time: 57786 Score: 74.645 Size: 76.755 Loss: 0.16 Win: 0.1675 valueNorm: 5 stepSize: 0.001 Win Time: 1139.16
Iteration 43600 Time: 58057 Score: 76.71 Size: 78.35 Loss: 0.1375 Win: 0.195 valueNorm: 5 stepSize: 0.001 Win Time: 1149.44
Iteration 43800 Time: 58324 Score: 74.7475 Size: 76.8475 Loss: 0.175 Win: 0.185 valueNorm: 5 stepSize: 0.001 Win Time: 1153.19
Iteration 44000 Time: 58596 Score: 76.805 Size: 78.2275 Loss: 0.1225 Win: 0.2025 valueNorm: 5 stepSize: 0.001 Win Time: 1152.77
Iteration 44200 Time: 58861 Score: 74.0075 Size: 76.135 Loss: 0.16 Win: 0.165 valueNorm: 5 stepSize: 0.001 Win Time: 1151.61
Iteration 44400 Time: 59122 Score: 74.5025 Size: 76.685 Loss: 0.1675 Win: 0.1675 valueNorm: 5 stepSize: 0.001 Win Time: 1149.49
Iteration 44600 Time: 59388 Score: 73.9175 Size: 76.09 Loss: 0.15 Win: 0.15 valueNorm: 5 stepSize: 0.001 Win Time: 1152.35
Iteration 44800 Time: 59648 Score: 71.3425 Size: 74.2275 Loss: 0.19 Win: 0.115 valueNorm: 5 stepSize: 0.001 Win Time: 1150.7
Iteration 45000 Time: 59908 Score: 73.3775 Size: 75.7325 Loss: 0.1475 Win: 0.125 valueNorm: 5 stepSize: 0.001 Win Time: 1153.56
Iteration 45200 Time: 60171 Score: 75.3325 Size: 77.33 Loss: 0.1375 Win: 0.155 valueNorm: 5 stepSize: 0.001 Win Time: 1156.52
Iteration 45400 Time: 60435 Score: 77.1175 Size: 78.725 Loss: 0.12 Win: 0.1775 valueNorm: 5 stepSize: 0.001 Win Time: 1153.99
Iteration 45600 Time: 60690 Score: 73.285 Size: 75.59 Loss: 0.1725 Win: 0.16 valueNorm: 5 stepSize: 0.001 Win Time: 1151.31
Iteration 45800 Time: 60936 Score: 70.2825 Size: 73.1125 Loss: 0.205 Win: 0.1375 valueNorm: 5 stepSize: 0.001 Win Time: 1141.65
Iteration 46000 Time: 61195 Score: 74.1525 Size: 76.33 Loss: 0.1475 Win: 0.145 valueNorm: 5 stepSize: 0.001 Win Time: 1146.36
Iteration 46200 Time: 61449 Score: 73.4825 Size: 75.825 Loss: 0.1775 Win: 0.16 valueNorm: 5 stepSize: 0.001 Win Time: 1144
Iteration 46400 Time: 61708 Score: 75.2925 Size: 77.2825 Loss: 0.1425 Win: 0.16 valueNorm: 5 stepSize: 0.001 Win Time: 1155.16
Iteration 46600 Time: 61969 Score: 75.945 Size: 78.08 Loss: 0.14 Win: 0.1425 valueNorm: 5 stepSize: 0.001 Win Time: 1148.26
Iteration 46800 Time: 62226 Score: 77.795 Size: 79.2725 Loss: 0.1325 Win: 0.2075 valueNorm: 5 stepSize: 0.001 Win Time: 1141.72
Iteration 47000 Time: 62484 Score: 76.13 Size: 78.125 Loss: 0.135 Win: 0.1525 valueNorm: 5 stepSize: 0.001 Win Time: 1157.3
Iteration 47200 Time: 62742 Score: 75.7675 Size: 77.7825 Loss: 0.135 Win: 0.15 valueNorm: 5 stepSize: 0.001 Win Time: 1140.32
Iteration 47400 Time: 62995 Score: 74.7825 Size: 76.9425 Loss: 0.1625 Win: 0.165 valueNorm: 5 stepSize: 0.001 Win Time: 1146.33
Iteration 47600 Time: 63251 Score: 75.6125 Size: 77.5425 Loss: 0.1475 Win: 0.1725 valueNorm: 5 stepSize: 0.001 Win Time: 1147.71
Iteration 47800 Time: 63508 Score: 74.7025 Size: 76.8175 Loss: 0.1425 Win: 0.1475 valueNorm: 5 stepSize: 0.001 Win Time: 1150.36
Iteration 48000 Time: 63764 Score: 75.5475 Size: 77.5825 Loss: 0.15 Win: 0.165 valueNorm: 5 stepSize: 0.001 Win Time: 1152.76
Iteration 48200 Time: 64022 Score: 75.04 Size: 77.1775 Loss: 0.1525 Win: 0.155 valueNorm: 5 stepSize: 0.001 Win Time: 1144.24
Iteration 48400 Time: 64285 Score: 77.3775 Size: 78.86 Loss: 0.105 Win: 0.175 valueNorm: 5 stepSize: 0.001 Win Time: 1147.23
Iteration 48600 Time: 64538 Score: 74.4025 Size: 76.69 Loss: 0.175 Win: 0.165 valueNorm: 5 stepSize: 0.001 Win Time: 1134.12
Iteration 48800 Time: 64794 Score: 73.7225 Size: 76.0325 Loss: 0.16 Win: 0.145 valueNorm: 5 stepSize: 0.001 Win Time: 1149.14
Iteration 49000 Time: 65049 Score: 76.0475 Size: 77.905 Loss: 0.145 Win: 0.1775 valueNorm: 5 stepSize: 0.001 Win Time: 1139.48
Iteration 49200 Time: 65298 Score: 73.1375 Size: 75.5575 Loss: 0.175 Win: 0.15 valueNorm: 5 stepSize: 0.001 Win Time: 1148
Iteration 49400 Time: 65556 Score: 77.3675 Size: 78.9875 Loss: 0.1325 Win: 0.19 valueNorm: 5 stepSize: 0.001 Win Time: 1148.01
Iteration 49600 Time: 65809 Score: 77.9525 Size: 79.36 Loss: 0.1625 Win: 0.2475 valueNorm: 5 stepSize: 0.001 Win Time: 1143.17
Iteration 49800 Time: 66064 Score: 78.36 Size: 79.6725 Loss: 0.135 Win: 0.2275 valueNorm: 5 stepSize: 0.001 Win Time: 1144
Iteration 50000 Time: 66326 Score: 77.215 Size: 78.8175 Loss: 0.11 Win: 0.1675 valueNorm: 5 stepSize: 0.001 Win Time: 1154.99
Evaluation score: 71.4692
