Training control Time: 1715011497
Hyperparameters: numRollouts: 4 batchSize: 0 numEpochs: 1 numIter: 25000 evalPeriod: 100 savePeriod: 100 alpha: 0.000500 GAEParam: 1.000000 
Iteration 100 Time: 140 Score: -5.30446 Size: 6.42327 Loss: 0.970297 Win: 0 valueNorm: 5 stepSize: 0.0005
Iteration 200 Time: 310 Score: -3.9925 Size: 7.0125 Loss: 0.8975 Win: 0 valueNorm: 5 stepSize: 0.0005
Iteration 300 Time: 543 Score: -0.975 Size: 7.325 Loss: 0.6275 Win: 0 valueNorm: 5 stepSize: 0.0005
Iteration 400 Time: 797 Score: 0.975 Size: 7.565 Loss: 0.4575 Win: 0 valueNorm: 5 stepSize: 0.0005
Iteration 500 Time: 1049 Score: 1.05 Size: 8.04 Loss: 0.4975 Win: 0 valueNorm: 5 stepSize: 0.0005
Iteration 600 Time: 1307 Score: 1.3825 Size: 7.8525 Loss: 0.445 Win: 0 valueNorm: 5 stepSize: 0.0005
Iteration 700 Time: 1577 Score: 1.875 Size: 8.4175 Loss: 0.4525 Win: 0 valueNorm: 5 stepSize: 0.0005
Iteration 800 Time: 1840 Score: 1.91 Size: 8.9025 Loss: 0.4975 Win: 0 valueNorm: 5 stepSize: 0.0005
Iteration 900 Time: 2110 Score: 2.945 Size: 9.205 Loss: 0.425 Win: 0 valueNorm: 5 stepSize: 0.0005
Iteration 1000 Time: 2379 Score: 3.595 Size: 9.9525 Loss: 0.435 Win: 0 valueNorm: 5 stepSize: 0.0005
Iteration 1100 Time: 2644 Score: 5.28 Size: 11.9125 Loss: 0.46 Win: 0 valueNorm: 5 stepSize: 0.0005
Iteration 1200 Time: 2908 Score: 5.3475 Size: 11.755 Loss: 0.44 Win: 0 valueNorm: 5 stepSize: 0.0005
Iteration 1300 Time: 3172 Score: 6.8625 Size: 13.0025 Loss: 0.4125 Win: 0 valueNorm: 5 stepSize: 0.0005
Iteration 1400 Time: 3434 Score: 7.505 Size: 13.435 Loss: 0.3925 Win: 0 valueNorm: 5 stepSize: 0.0005
Iteration 1500 Time: 3673 Score: 7.2725 Size: 14.185 Loss: 0.4875 Win: 0 valueNorm: 5 stepSize: 0.0005
Iteration 1600 Time: 3915 Score: 7.935 Size: 14.94 Loss: 0.4975 Win: 0 valueNorm: 5 stepSize: 0.0005
Iteration 1700 Time: 4159 Score: 7.9225 Size: 14.7875 Loss: 0.485 Win: 0 valueNorm: 5 stepSize: 0.0005
Iteration 1800 Time: 4409 Score: 9.085 Size: 15.53 Loss: 0.4425 Win: 0 valueNorm: 5 stepSize: 0.0005
Iteration 1900 Time: 4661 Score: 10.24 Size: 16.35 Loss: 0.41 Win: 0 valueNorm: 5 stepSize: 0.0005
Iteration 2000 Time: 4899 Score: 10.125 Size: 16.65 Loss: 0.45 Win: 0 valueNorm: 5 stepSize: 0.0005
Iteration 2100 Time: 5131 Score: 10.3375 Size: 16.86 Loss: 0.45 Win: 0 valueNorm: 5 stepSize: 0.0005
Iteration 2200 Time: 5368 Score: 10.535 Size: 17.1975 Loss: 0.465 Win: 0 valueNorm: 5 stepSize: 0.0005
Iteration 2300 Time: 5594 Score: 9.8175 Size: 16.76 Loss: 0.49 Win: 0 valueNorm: 5 stepSize: 0.0005
Iteration 2400 Time: 5834 Score: 11.5125 Size: 18.06 Loss: 0.4525 Win: 0 valueNorm: 5 stepSize: 0.0005
Iteration 2500 Time: 6076 Score: 12.0375 Size: 18.2625 Loss: 0.42 Win: 0 valueNorm: 5 stepSize: 0.0005
Iteration 2600 Time: 6314 Score: 12.485 Size: 18.865 Loss: 0.435 Win: 0 valueNorm: 5 stepSize: 0.0005
Iteration 2700 Time: 6544 Score: 12.51 Size: 18.79 Loss: 0.425 Win: 0 valueNorm: 5 stepSize: 0.0005
Iteration 2800 Time: 6775 Score: 12.8525 Size: 19.0275 Loss: 0.415 Win: 0 valueNorm: 5 stepSize: 0.0005
Iteration 2900 Time: 7004 Score: 13.065 Size: 19.355 Loss: 0.4275 Win: 0 valueNorm: 5 stepSize: 0.0005
Iteration 3000 Time: 7240 Score: 13.64 Size: 19.895 Loss: 0.4225 Win: 0 valueNorm: 5 stepSize: 0.0005
Iteration 3100 Time: 7482 Score: 14.35 Size: 20.09 Loss: 0.3725 Win: 0 valueNorm: 5 stepSize: 0.0005
Iteration 3200 Time: 7725 Score: 14.7225 Size: 20.7175 Loss: 0.3975 Win: 0 valueNorm: 5 stepSize: 0.0005
Iteration 3300 Time: 7958 Score: 14.05 Size: 20.095 Loss: 0.4025 Win: 0 valueNorm: 5 stepSize: 0.0005
Iteration 3400 Time: 8189 Score: 14.1425 Size: 20.64 Loss: 0.4475 Win: 0 valueNorm: 5 stepSize: 0.0005
Iteration 3500 Time: 8425 Score: 14.5625 Size: 20.7625 Loss: 0.4175 Win: 0 valueNorm: 5 stepSize: 0.0005
Iteration 3600 Time: 8659 Score: 14.6425 Size: 21.05 Loss: 0.4375 Win: 0 valueNorm: 5 stepSize: 0.0005
Iteration 3700 Time: 8901 Score: 15.3775 Size: 21.2925 Loss: 0.39 Win: 0 valueNorm: 5 stepSize: 0.0005
Iteration 3800 Time: 9155 Score: 17.0375 Size: 22.0775 Loss: 0.3025 Win: 0 valueNorm: 5 stepSize: 0.0005
Iteration 3900 Time: 9407 Score: 16.78 Size: 22.1925 Loss: 0.34 Win: 0 valueNorm: 5 stepSize: 0.0005
Iteration 4000 Time: 9651 Score: 16.9425 Size: 22.5825 Loss: 0.3625 Win: 0 valueNorm: 5 stepSize: 0.0005
Iteration 4100 Time: 9894 Score: 16.68 Size: 22.4525 Loss: 0.375 Win: 0 valueNorm: 5 stepSize: 0.0005
Iteration 4200 Time: 10138 Score: 16.52 Size: 22.295 Loss: 0.375 Win: 0 valueNorm: 5 stepSize: 0.0005
Iteration 4300 Time: 10393 Score: 18.025 Size: 23.445 Loss: 0.34 Win: 0 valueNorm: 5 stepSize: 0.0005
Iteration 4400 Time: 10636 Score: 16.765 Size: 22.425 Loss: 0.365 Win: 0 valueNorm: 5 stepSize: 0.0005
Iteration 4500 Time: 10893 Score: 18.1325 Size: 23.6425 Loss: 0.35 Win: 0 valueNorm: 5 stepSize: 0.0005
Iteration 4600 Time: 11136 Score: 17.27 Size: 23.1525 Loss: 0.385 Win: 0 valueNorm: 5 stepSize: 0.0005
Iteration 4700 Time: 11392 Score: 18.4925 Size: 24.1 Loss: 0.36 Win: 0 valueNorm: 5 stepSize: 0.0005
Iteration 4800 Time: 11645 Score: 18.3925 Size: 24.0175 Loss: 0.36 Win: 0 valueNorm: 5 stepSize: 0.0005
Iteration 4900 Time: 11898 Score: 18.59 Size: 24.6525 Loss: 0.4025 Win: 0 valueNorm: 5 stepSize: 0.0005
Iteration 5000 Time: 12148 Score: 19.1125 Size: 25.0975 Loss: 0.3975 Win: 0 valueNorm: 5 stepSize: 0.0005
Iteration 5100 Time: 12392 Score: 18.6675 Size: 24.735 Loss: 0.405 Win: 0 valueNorm: 5 stepSize: 0.0005
Iteration 5200 Time: 12644 Score: 19.72 Size: 25.5425 Loss: 0.38 Win: 0 valueNorm: 5 stepSize: 0.0005
Iteration 5300 Time: 12893 Score: 19.765 Size: 25.8275 Loss: 0.405 Win: 0 valueNorm: 5 stepSize: 0.0005
Iteration 5400 Time: 13147 Score: 20.8825 Size: 26.795 Loss: 0.3875 Win: 0 valueNorm: 5 stepSize: 0.0005
Iteration 5500 Time: 13410 Score: 21.7975 Size: 27.0675 Loss: 0.325 Win: 0 valueNorm: 5 stepSize: 0.0005
Iteration 5600 Time: 13668 Score: 21.725 Size: 27.08 Loss: 0.335 Win: 0 valueNorm: 5 stepSize: 0.0005
Iteration 5700 Time: 13919 Score: 21.645 Size: 27.3675 Loss: 0.37 Win: 0 valueNorm: 5 stepSize: 0.0005
Iteration 5800 Time: 14174 Score: 21.7625 Size: 27.33 Loss: 0.355 Win: 0 valueNorm: 5 stepSize: 0.0005
Iteration 5900 Time: 14435 Score: 23.055 Size: 28.395 Loss: 0.3325 Win: 0 valueNorm: 5 stepSize: 0.0005
Iteration 6000 Time: 14694 Score: 23.795 Size: 29.19 Loss: 0.3375 Win: 0 valueNorm: 5 stepSize: 0.0005
Iteration 6100 Time: 14954 Score: 23.76 Size: 29.215 Loss: 0.345 Win: 0 valueNorm: 5 stepSize: 0.0005
Iteration 6200 Time: 15209 Score: 23.985 Size: 29.6475 Loss: 0.365 Win: 0 valueNorm: 5 stepSize: 0.0005
Iteration 6300 Time: 15470 Score: 24.9075 Size: 30.025 Loss: 0.31 Win: 0 valueNorm: 5 stepSize: 0.0005
Iteration 6400 Time: 15730 Score: 25.08 Size: 30.1825 Loss: 0.3075 Win: 0 valueNorm: 5 stepSize: 0.0005
Iteration 6500 Time: 15975 Score: 23.9125 Size: 29.9775 Loss: 0.405 Win: 0 valueNorm: 5 stepSize: 0.0005
Iteration 6600 Time: 16226 Score: 24.67 Size: 30.31 Loss: 0.3625 Win: 0 valueNorm: 5 stepSize: 0.0005
Iteration 6700 Time: 16479 Score: 25.6425 Size: 31.3875 Loss: 0.3725 Win: 0 valueNorm: 5 stepSize: 0.0005
Iteration 6800 Time: 16735 Score: 26.54 Size: 31.85 Loss: 0.33 Win: 0 valueNorm: 5 stepSize: 0.0005
Iteration 6900 Time: 16994 Score: 28.2575 Size: 33.6875 Loss: 0.3425 Win: 0 valueNorm: 5 stepSize: 0.0005
Iteration 7000 Time: 17253 Score: 28.205 Size: 33.605 Loss: 0.3375 Win: 0 valueNorm: 5 stepSize: 0.0005
Iteration 7100 Time: 17515 Score: 29.485 Size: 34.55 Loss: 0.305 Win: 0 valueNorm: 5 stepSize: 0.0005
Iteration 7200 Time: 17766 Score: 29 Size: 34.765 Loss: 0.375 Win: 0 valueNorm: 5 stepSize: 0.0005
Iteration 7300 Time: 18021 Score: 29.85 Size: 35.3825 Loss: 0.3525 Win: 0 valueNorm: 5 stepSize: 0.0005
Iteration 7400 Time: 18279 Score: 30.9725 Size: 36.3225 Loss: 0.3325 Win: 0 valueNorm: 5 stepSize: 0.0005
Iteration 7500 Time: 18537 Score: 32.3025 Size: 37.565 Loss: 0.325 Win: 0 valueNorm: 5 stepSize: 0.0005
Iteration 7600 Time: 18803 Score: 32.995 Size: 38.2625 Loss: 0.325 Win: 0 valueNorm: 5 stepSize: 0.0005
Iteration 7700 Time: 19069 Score: 34.0925 Size: 39.53 Loss: 0.3425 Win: 0 valueNorm: 5 stepSize: 0.0005
Iteration 7800 Time: 19327 Score: 33.895 Size: 39.5425 Loss: 0.3625 Win: 0 valueNorm: 5 stepSize: 0.0005
Iteration 7900 Time: 19591 Score: 35.29 Size: 40.9075 Loss: 0.36 Win: 0 valueNorm: 5 stepSize: 0.0005
Iteration 8000 Time: 19860 Score: 36.78 Size: 42.3225 Loss: 0.3525 Win: 0 valueNorm: 5 stepSize: 0.0005
Iteration 8100 Time: 20125 Score: 37.195 Size: 42.6975 Loss: 0.35 Win: 0 valueNorm: 5 stepSize: 0.0005
Iteration 8200 Time: 20394 Score: 38.5325 Size: 43.8175 Loss: 0.3275 Win: 0 valueNorm: 5 stepSize: 0.0005
Iteration 8300 Time: 20646 Score: 36.485 Size: 42.18 Loss: 0.3675 Win: 0 valueNorm: 5 stepSize: 0.0005
Iteration 8400 Time: 20912 Score: 38.895 Size: 44.1575 Loss: 0.325 Win: 0 valueNorm: 5 stepSize: 0.0005
Iteration 8500 Time: 21174 Score: 38.9975 Size: 45.0375 Loss: 0.4025 Win: 0 valueNorm: 5 stepSize: 0.0005
Iteration 8600 Time: 21433 Score: 39.7975 Size: 45.535 Loss: 0.3725 Win: 0 valueNorm: 5 stepSize: 0.0005
Iteration 8700 Time: 21695 Score: 41.105 Size: 46.8425 Loss: 0.3725 Win: 0 valueNorm: 5 stepSize: 0.0005
Iteration 8800 Time: 21959 Score: 41.5975 Size: 46.9575 Loss: 0.335 Win: 0 valueNorm: 5 stepSize: 0.0005
Iteration 8900 Time: 22219 Score: 40.815 Size: 46.4925 Loss: 0.3675 Win: 0 valueNorm: 5 stepSize: 0.0005
Iteration 9000 Time: 22480 Score: 42.345 Size: 47.8075 Loss: 0.345 Win: 0 valueNorm: 5 stepSize: 0.0005
Iteration 9100 Time: 22741 Score: 42.1725 Size: 47.94 Loss: 0.375 Win: 0 valueNorm: 5 stepSize: 0.0005
Iteration 9200 Time: 23008 Score: 44.0625 Size: 49.4525 Loss: 0.3375 Win: 0 valueNorm: 5 stepSize: 0.0005
Iteration 9300 Time: 23277 Score: 44.26 Size: 49.425 Loss: 0.315 Win: 0 valueNorm: 5 stepSize: 0.0005
Iteration 9400 Time: 23538 Score: 43.64 Size: 49.22 Loss: 0.355 Win: 0 valueNorm: 5 stepSize: 0.0005
Iteration 9500 Time: 23808 Score: 45.1575 Size: 50.525 Loss: 0.335 Win: 0 valueNorm: 5 stepSize: 0.0005
Iteration 9600 Time: 24081 Score: 45.74 Size: 50.9525 Loss: 0.32 Win: 0 valueNorm: 5 stepSize: 0.0005
Iteration 9700 Time: 24344 Score: 43.8925 Size: 49.33 Loss: 0.3425 Win: 0 valueNorm: 5 stepSize: 0.0005
Iteration 9800 Time: 24606 Score: 45.495 Size: 50.52 Loss: 0.3 Win: 0 valueNorm: 5 stepSize: 0.0005
Iteration 9900 Time: 24868 Score: 45.4075 Size: 51.0675 Loss: 0.365 Win: 0 valueNorm: 5 stepSize: 0.0005
Iteration 10000 Time: 25132 Score: 46.2025 Size: 51.9425 Loss: 0.3725 Win: 0 valueNorm: 5 stepSize: 0.0005
Iteration 10100 Time: 25401 Score: 46.6775 Size: 51.9025 Loss: 0.32 Win: 0 valueNorm: 5 stepSize: 0.0005
Iteration 10200 Time: 25667 Score: 46.8775 Size: 52.26 Loss: 0.3375 Win: 0 valueNorm: 5 stepSize: 0.0005
Iteration 10300 Time: 25920 Score: 45.0425 Size: 50.4825 Loss: 0.3425 Win: 0 valueNorm: 5 stepSize: 0.0005
Iteration 10400 Time: 26187 Score: 47.25 Size: 52.7575 Loss: 0.35 Win: 0 valueNorm: 5 stepSize: 0.0005
Iteration 10500 Time: 26456 Score: 48.6375 Size: 53.985 Loss: 0.3325 Win: 0 valueNorm: 5 stepSize: 0.0005
Iteration 10600 Time: 26718 Score: 47.6975 Size: 53.0575 Loss: 0.335 Win: 0 valueNorm: 5 stepSize: 0.0005
Iteration 10700 Time: 26989 Score: 49.1725 Size: 53.7875 Loss: 0.26 Win: 0 valueNorm: 5 stepSize: 0.0005
Iteration 10800 Time: 27252 Score: 48.49 Size: 53.72 Loss: 0.3225 Win: 0 valueNorm: 5 stepSize: 0.0005
Iteration 10900 Time: 27520 Score: 49.8225 Size: 54.51 Loss: 0.2675 Win: 0 valueNorm: 5 stepSize: 0.0005
Iteration 11000 Time: 27794 Score: 50.785 Size: 55.18 Loss: 0.2375 Win: 0 valueNorm: 5 stepSize: 0.0005
Iteration 11100 Time: 28058 Score: 48.72 Size: 54.065 Loss: 0.3325 Win: 0 valueNorm: 5 stepSize: 0.0005
Iteration 11200 Time: 28319 Score: 47.9 Size: 53.015 Loss: 0.31 Win: 0 valueNorm: 5 stepSize: 0.0005
Iteration 11300 Time: 28576 Score: 48.33 Size: 53.4525 Loss: 0.31 Win: 0 valueNorm: 5 stepSize: 0.0005
Iteration 11400 Time: 28844 Score: 49.885 Size: 54.395 Loss: 0.25 Win: 0 valueNorm: 5 stepSize: 0.0005
Iteration 11500 Time: 29113 Score: 50.555 Size: 55.2475 Loss: 0.2675 Win: 0 valueNorm: 5 stepSize: 0.0005
Iteration 11600 Time: 29384 Score: 51.53 Size: 56.0875 Loss: 0.255 Win: 0 valueNorm: 5 stepSize: 0.0005
Iteration 11700 Time: 29658 Score: 52.175 Size: 56.3075 Loss: 0.2125 Win: 0 valueNorm: 5 stepSize: 0.0005
Iteration 11800 Time: 29926 Score: 50.8875 Size: 55.255 Loss: 0.235 Win: 0 valueNorm: 5 stepSize: 0.0005
Iteration 11900 Time: 30194 Score: 51.435 Size: 56.13 Loss: 0.2675 Win: 0 valueNorm: 5 stepSize: 0.0005
Iteration 12000 Time: 30460 Score: 50.7 Size: 55.2675 Loss: 0.255 Win: 0 valueNorm: 5 stepSize: 0.0005
Iteration 12100 Time: 30725 Score: 50.445 Size: 55.3175 Loss: 0.285 Win: 0 valueNorm: 5 stepSize: 0.0005
Iteration 12200 Time: 30994 Score: 51.2075 Size: 55.9275 Loss: 0.27 Win: 0 valueNorm: 5 stepSize: 0.0005
Iteration 12300 Time: 31268 Score: 52.7425 Size: 57.395 Loss: 0.2625 Win: 0 valueNorm: 5 stepSize: 0.0005
Iteration 12400 Time: 31535 Score: 52.0125 Size: 56.435 Loss: 0.24 Win: 0 valueNorm: 5 stepSize: 0.0005
Iteration 12500 Time: 31800 Score: 51.615 Size: 56.055 Loss: 0.2425 Win: 0 valueNorm: 5 stepSize: 0.0005
Iteration 12600 Time: 32069 Score: 52.5625 Size: 57.0525 Loss: 0.2475 Win: 0 valueNorm: 5 stepSize: 0.0005
Iteration 12700 Time: 32329 Score: 50.77 Size: 55.81 Loss: 0.3025 Win: 0 valueNorm: 5 stepSize: 0.0005
Iteration 12800 Time: 32591 Score: 51.39 Size: 56.365 Loss: 0.295 Win: 0 valueNorm: 5 stepSize: 0.0005
Iteration 12900 Time: 32861 Score: 52.6825 Size: 57.0725 Loss: 0.2375 Win: 0 valueNorm: 5 stepSize: 0.0005
Iteration 13000 Time: 33136 Score: 53.52 Size: 57.73 Loss: 0.22 Win: 0 valueNorm: 5 stepSize: 0.0005
Iteration 13100 Time: 33403 Score: 52.98 Size: 57.425 Loss: 0.2425 Win: 0 valueNorm: 5 stepSize: 0.0005
Iteration 13200 Time: 33674 Score: 53.625 Size: 58.2425 Loss: 0.26 Win: 0 valueNorm: 5 stepSize: 0.0005
Iteration 13300 Time: 33934 Score: 50.9775 Size: 56.2225 Loss: 0.3225 Win: 0 valueNorm: 5 stepSize: 0.0005
Iteration 13400 Time: 34203 Score: 52.9575 Size: 57.3625 Loss: 0.24 Win: 0 valueNorm: 5 stepSize: 0.0005
Iteration 13500 Time: 34469 Score: 52.365 Size: 56.91 Loss: 0.2525 Win: 0 valueNorm: 5 stepSize: 0.0005
Iteration 13600 Time: 34735 Score: 52.1425 Size: 57.0825 Loss: 0.2925 Win: 0 valueNorm: 5 stepSize: 0.0005
Iteration 13700 Time: 35003 Score: 52.74 Size: 57.54 Loss: 0.2775 Win: 0 valueNorm: 5 stepSize: 0.0005
Iteration 13800 Time: 35271 Score: 53.015 Size: 57.6275 Loss: 0.26 Win: 0 valueNorm: 5 stepSize: 0.0005
Iteration 13900 Time: 35541 Score: 53.4075 Size: 57.8725 Loss: 0.245 Win: 0 valueNorm: 5 stepSize: 0.0005
Iteration 14000 Time: 35813 Score: 53.7325 Size: 58 Loss: 0.225 Win: 0 valueNorm: 5 stepSize: 0.0005
Iteration 14100 Time: 36083 Score: 53.625 Size: 58.1075 Loss: 0.2475 Win: 0 valueNorm: 5 stepSize: 0.0005
Iteration 14200 Time: 36351 Score: 53.685 Size: 58.16 Loss: 0.245 Win: 0 valueNorm: 5 stepSize: 0.0005
Iteration 14300 Time: 36617 Score: 53.65 Size: 58.49 Loss: 0.2825 Win: 0 valueNorm: 5 stepSize: 0.0005
Iteration 14400 Time: 36896 Score: 55.735 Size: 59.85 Loss: 0.21 Win: 0 valueNorm: 5 stepSize: 0.0005
Iteration 14500 Time: 37167 Score: 54.2925 Size: 59.005 Loss: 0.27 Win: 0 valueNorm: 5 stepSize: 0.0005
Iteration 14600 Time: 37440 Score: 54.965 Size: 59.225 Loss: 0.225 Win: 0 valueNorm: 5 stepSize: 0.0005
Iteration 14700 Time: 37710 Score: 54.8975 Size: 59.065 Loss: 0.215 Win: 0 valueNorm: 5 stepSize: 0.0005
Iteration 14800 Time: 37981 Score: 55.3075 Size: 59.6525 Loss: 0.2325 Win: 0 valueNorm: 5 stepSize: 0.0005
Iteration 14900 Time: 38254 Score: 55.5675 Size: 60.03 Loss: 0.245 Win: 0 valueNorm: 5 stepSize: 0.0005
Iteration 15000 Time: 38525 Score: 55.035 Size: 59.6575 Loss: 0.26 Win: 0 valueNorm: 5 stepSize: 0.0005
Iteration 15100 Time: 38791 Score: 53.895 Size: 58.85 Loss: 0.2925 Win: 0 valueNorm: 5 stepSize: 0.0005
Iteration 15200 Time: 39061 Score: 54.9775 Size: 59.4175 Loss: 0.2425 Win: 0 valueNorm: 5 stepSize: 0.0005
Iteration 15300 Time: 39331 Score: 54.2075 Size: 59.075 Loss: 0.285 Win: 0 valueNorm: 5 stepSize: 0.0005
Iteration 15400 Time: 39600 Score: 54.78 Size: 59.205 Loss: 0.24 Win: 0 valueNorm: 5 stepSize: 0.0005
Iteration 15500 Time: 39872 Score: 55.615 Size: 59.9575 Loss: 0.2325 Win: 0 valueNorm: 5 stepSize: 0.0005
Iteration 15600 Time: 40147 Score: 55.4225 Size: 59.885 Loss: 0.245 Win: 0 valueNorm: 5 stepSize: 0.0005
Iteration 15700 Time: 40425 Score: 55.4325 Size: 59.81 Loss: 0.235 Win: 0 valueNorm: 5 stepSize: 0.0005
Iteration 15800 Time: 40705 Score: 55.9825 Size: 60.1425 Loss: 0.2125 Win: 0 valueNorm: 5 stepSize: 0.0005
Iteration 15900 Time: 40983 Score: 55.2175 Size: 59.435 Loss: 0.22 Win: 0 valueNorm: 5 stepSize: 0.0005
Iteration 16000 Time: 41263 Score: 56.51 Size: 60.72 Loss: 0.22 Win: 0 valueNorm: 5 stepSize: 0.0005
Iteration 16100 Time: 41542 Score: 56.0125 Size: 60.06 Loss: 0.2025 Win: 0 valueNorm: 5 stepSize: 0.0005
Iteration 16200 Time: 41820 Score: 56.0025 Size: 60.45 Loss: 0.2425 Win: 0 valueNorm: 5 stepSize: 0.0005
Iteration 16300 Time: 42101 Score: 55.71 Size: 59.8825 Loss: 0.215 Win: 0 valueNorm: 5 stepSize: 0.0005
Iteration 16400 Time: 42385 Score: 56.825 Size: 60.8125 Loss: 0.1975 Win: 0 valueNorm: 5 stepSize: 0.0005
Iteration 16500 Time: 42665 Score: 56.6025 Size: 61.2 Loss: 0.2575 Win: 0 valueNorm: 5 stepSize: 0.0005
Iteration 16600 Time: 42945 Score: 56.6675 Size: 60.7475 Loss: 0.205 Win: 0 valueNorm: 5 stepSize: 0.0005
Iteration 16700 Time: 43224 Score: 56.8225 Size: 61.1875 Loss: 0.235 Win: 0 valueNorm: 5 stepSize: 0.0005
Iteration 16800 Time: 43497 Score: 55.715 Size: 60.0425 Loss: 0.23 Win: 0 valueNorm: 5 stepSize: 0.0005
Iteration 16900 Time: 43779 Score: 57.3475 Size: 61.515 Loss: 0.215 Win: 0 valueNorm: 5 stepSize: 0.0005
Iteration 17000 Time: 44054 Score: 55.295 Size: 60.0775 Loss: 0.275 Win: 0 valueNorm: 5 stepSize: 0.0005
Iteration 17100 Time: 44325 Score: 54.965 Size: 59.61 Loss: 0.2625 Win: 0 valueNorm: 5 stepSize: 0.0005
Iteration 17200 Time: 44600 Score: 55.325 Size: 59.5925 Loss: 0.225 Win: 0 valueNorm: 5 stepSize: 0.0005
Iteration 17300 Time: 44881 Score: 57.275 Size: 61.4875 Loss: 0.22 Win: 0 valueNorm: 5 stepSize: 0.0005
Iteration 17400 Time: 45162 Score: 57.7075 Size: 61.6375 Loss: 0.1925 Win: 0 valueNorm: 5 stepSize: 0.0005
Iteration 17500 Time: 45436 Score: 54.89 Size: 59.6875 Loss: 0.2775 Win: 0 valueNorm: 5 stepSize: 0.0005
Iteration 17600 Time: 45719 Score: 57.61 Size: 61.5675 Loss: 0.195 Win: 0 valueNorm: 5 stepSize: 0.0005
Iteration 17700 Time: 45995 Score: 55.71 Size: 60.0275 Loss: 0.23 Win: 0 valueNorm: 5 stepSize: 0.0005
Iteration 17800 Time: 46275 Score: 57.085 Size: 61.455 Loss: 0.235 Win: 0 valueNorm: 5 stepSize: 0.0005
Iteration 17900 Time: 46555 Score: 57.565 Size: 61.6625 Loss: 0.2075 Win: 0 valueNorm: 5 stepSize: 0.0005
Iteration 18000 Time: 46830 Score: 56.0725 Size: 60.9425 Loss: 0.285 Win: 0 valueNorm: 5 stepSize: 0.0005
Iteration 18100 Time: 47110 Score: 57.84 Size: 61.98 Loss: 0.2125 Win: 0 valueNorm: 5 stepSize: 0.0005
Iteration 18200 Time: 47390 Score: 58.165 Size: 62.055 Loss: 0.1875 Win: 0 valueNorm: 5 stepSize: 0.0005
Iteration 18300 Time: 47670 Score: 57.2775 Size: 61.4425 Loss: 0.215 Win: 0 valueNorm: 5 stepSize: 0.0005
Iteration 18400 Time: 47943 Score: 56.475 Size: 60.77 Loss: 0.2275 Win: 0 valueNorm: 5 stepSize: 0.0005
Iteration 18500 Time: 48209 Score: 53.975 Size: 58.9275 Loss: 0.2925 Win: 0 valueNorm: 5 stepSize: 0.0005
Iteration 18600 Time: 48488 Score: 58.29 Size: 62.3725 Loss: 0.205 Win: 0 valueNorm: 5 stepSize: 0.0005
Iteration 18700 Time: 48768 Score: 57.745 Size: 61.79 Loss: 0.2025 Win: 0 valueNorm: 5 stepSize: 0.0005
Iteration 18800 Time: 49054 Score: 59.4025 Size: 63.195 Loss: 0.1775 Win: 0 valueNorm: 5 stepSize: 0.0005
Iteration 18900 Time: 49334 Score: 57.7675 Size: 61.935 Loss: 0.215 Win: 0 valueNorm: 5 stepSize: 0.0005
Iteration 19000 Time: 49607 Score: 56.215 Size: 60.6575 Loss: 0.2425 Win: 0 valueNorm: 5 stepSize: 0.0005
Iteration 19100 Time: 49884 Score: 57.66 Size: 62.185 Loss: 0.25 Win: 0 valueNorm: 5 stepSize: 0.0005
Iteration 19200 Time: 50162 Score: 57.425 Size: 61.865 Loss: 0.2425 Win: 0 valueNorm: 5 stepSize: 0.0005
Iteration 19300 Time: 50441 Score: 58.175 Size: 62.4375 Loss: 0.225 Win: 0 valueNorm: 5 stepSize: 0.0005
Iteration 19400 Time: 50717 Score: 57.48 Size: 61.7825 Loss: 0.2275 Win: 0 valueNorm: 5 stepSize: 0.0005
Iteration 19500 Time: 50991 Score: 56.9575 Size: 61.285 Loss: 0.23 Win: 0 valueNorm: 5 stepSize: 0.0005
Iteration 19600 Time: 51275 Score: 58.4625 Size: 62.46 Loss: 0.1975 Win: 0 valueNorm: 5 stepSize: 0.0005
Iteration 19700 Time: 51561 Score: 59.2925 Size: 62.9525 Loss: 0.165 Win: 0 valueNorm: 5 stepSize: 0.0005
Iteration 19800 Time: 51843 Score: 58.71 Size: 62.8775 Loss: 0.215 Win: 0 valueNorm: 5 stepSize: 0.0005
Iteration 19900 Time: 52116 Score: 56.465 Size: 61.2275 Loss: 0.275 Win: 0 valueNorm: 5 stepSize: 0.0005
Iteration 20000 Time: 52393 Score: 57.6225 Size: 61.6675 Loss: 0.205 Win: 0.0025 valueNorm: 5 stepSize: 0.0005 Win Time: 1159
Iteration 20100 Time: 52671 Score: 58.13 Size: 61.995 Loss: 0.185 Win: 0 valueNorm: 5 stepSize: 0.0005
Iteration 20200 Time: 52949 Score: 58.805 Size: 62.955 Loss: 0.2125 Win: 0 valueNorm: 5 stepSize: 0.0005
Iteration 20300 Time: 53218 Score: 57.2075 Size: 61.4325 Loss: 0.22 Win: 0 valueNorm: 5 stepSize: 0.0005
Iteration 20400 Time: 53496 Score: 59.11 Size: 63.04 Loss: 0.1925 Win: 0 valueNorm: 5 stepSize: 0.0005
Iteration 20500 Time: 53765 Score: 56.6125 Size: 61.0075 Loss: 0.2375 Win: 0 valueNorm: 5 stepSize: 0.0005
Iteration 20600 Time: 54023 Score: 53.3325 Size: 58.675 Loss: 0.33 Win: 0 valueNorm: 5 stepSize: 0.0005
Iteration 20700 Time: 54291 Score: 56.3575 Size: 60.8275 Loss: 0.245 Win: 0 valueNorm: 5 stepSize: 0.0005
Iteration 20800 Time: 54562 Score: 57.125 Size: 61.3975 Loss: 0.225 Win: 0 valueNorm: 5 stepSize: 0.0005
Iteration 20900 Time: 54838 Score: 57.71 Size: 62.0875 Loss: 0.235 Win: 0 valueNorm: 5 stepSize: 0.0005
Iteration 21000 Time: 55119 Score: 59.4425 Size: 63.3725 Loss: 0.1925 Win: 0 valueNorm: 5 stepSize: 0.0005
Iteration 21100 Time: 55398 Score: 59.1125 Size: 63.0175 Loss: 0.19 Win: 0 valueNorm: 5 stepSize: 0.0005
Iteration 21200 Time: 55679 Score: 59.7075 Size: 63.445 Loss: 0.1725 Win: 0 valueNorm: 5 stepSize: 0.0005
Iteration 21300 Time: 55953 Score: 58.0575 Size: 62.505 Loss: 0.2425 Win: 0 valueNorm: 5 stepSize: 0.0005
Iteration 21400 Time: 56222 Score: 57.0925 Size: 61.715 Loss: 0.2625 Win: 0.0025 valueNorm: 5 stepSize: 0.0005 Win Time: 1191
Iteration 21500 Time: 56491 Score: 56.67 Size: 61.485 Loss: 0.28 Win: 0 valueNorm: 5 stepSize: 0.0005
Iteration 21600 Time: 56768 Score: 59.98 Size: 63.95 Loss: 0.195 Win: 0 valueNorm: 5 stepSize: 0.0005
Iteration 21700 Time: 57039 Score: 58.5525 Size: 62.895 Loss: 0.2325 Win: 0 valueNorm: 5 stepSize: 0.0005
Iteration 21800 Time: 57308 Score: 57.6675 Size: 61.9075 Loss: 0.2225 Win: 0 valueNorm: 5 stepSize: 0.0005
Iteration 21900 Time: 57583 Score: 59.4225 Size: 63.485 Loss: 0.205 Win: 0 valueNorm: 5 stepSize: 0.0005
Iteration 22000 Time: 57854 Score: 58.465 Size: 62.405 Loss: 0.1925 Win: 0 valueNorm: 5 stepSize: 0.0005
Iteration 22100 Time: 58123 Score: 56.9975 Size: 61.42 Loss: 0.2425 Win: 0.0025 valueNorm: 5 stepSize: 0.0005 Win Time: 1191
Iteration 22200 Time: 58398 Score: 58.7 Size: 62.8 Loss: 0.2075 Win: 0 valueNorm: 5 stepSize: 0.0005
Iteration 22300 Time: 58669 Score: 58.7125 Size: 63.0175 Loss: 0.23 Win: 0 valueNorm: 5 stepSize: 0.0005
Iteration 22400 Time: 58934 Score: 58.5025 Size: 62.6525 Loss: 0.215 Win: 0.0025 valueNorm: 5 stepSize: 0.0005 Win Time: 1176
Iteration 22500 Time: 59202 Score: 58.7875 Size: 63.1075 Loss: 0.23 Win: 0 valueNorm: 5 stepSize: 0.0005
Iteration 22600 Time: 59477 Score: 60.735 Size: 64.4 Loss: 0.165 Win: 0 valueNorm: 5 stepSize: 0.0005
Iteration 22700 Time: 59746 Score: 60.5425 Size: 64.3725 Loss: 0.1825 Win: 0 valueNorm: 5 stepSize: 0.0005
Iteration 22800 Time: 60008 Score: 58.77 Size: 62.9425 Loss: 0.215 Win: 0 valueNorm: 5 stepSize: 0.0005
Iteration 22900 Time: 60274 Score: 60.495 Size: 64.32 Loss: 0.18 Win: 0 valueNorm: 5 stepSize: 0.0005
Iteration 23000 Time: 60536 Score: 58.7575 Size: 62.7475 Loss: 0.1975 Win: 0 valueNorm: 5 stepSize: 0.0005
Iteration 23100 Time: 60797 Score: 58.8975 Size: 63.0875 Loss: 0.2175 Win: 0 valueNorm: 5 stepSize: 0.0005
Iteration 23200 Time: 61060 Score: 59.7825 Size: 63.7525 Loss: 0.195 Win: 0 valueNorm: 5 stepSize: 0.0005
Iteration 23300 Time: 61320 Score: 59.145 Size: 63.0075 Loss: 0.19 Win: 0.005 valueNorm: 5 stepSize: 0.0005 Win Time: 1174
Iteration 23400 Time: 61575 Score: 57.985 Size: 62.4225 Loss: 0.245 Win: 0.0025 valueNorm: 5 stepSize: 0.0005 Win Time: 1166
Iteration 23500 Time: 61827 Score: 56.645 Size: 61.385 Loss: 0.2725 Win: 0 valueNorm: 5 stepSize: 0.0005
Iteration 23600 Time: 62084 Score: 58.6175 Size: 62.7125 Loss: 0.2075 Win: 0 valueNorm: 5 stepSize: 0.0005
Iteration 23700 Time: 62338 Score: 59.4675 Size: 63.6525 Loss: 0.2175 Win: 0 valueNorm: 5 stepSize: 0.0005
Iteration 23800 Time: 62589 Score: 57.31 Size: 61.795 Loss: 0.2475 Win: 0 valueNorm: 5 stepSize: 0.0005
Iteration 23900 Time: 62844 Score: 59.275 Size: 63.2725 Loss: 0.1975 Win: 0 valueNorm: 5 stepSize: 0.0005
Iteration 24000 Time: 63100 Score: 59.1475 Size: 63.455 Loss: 0.23 Win: 0.0025 valueNorm: 5 stepSize: 0.0005 Win Time: 1122
Iteration 24100 Time: 63362 Score: 60.425 Size: 64.245 Loss: 0.1875 Win: 0.0075 valueNorm: 5 stepSize: 0.0005 Win Time: 1188.67
Iteration 24200 Time: 63625 Score: 61.0625 Size: 64.915 Loss: 0.19 Win: 0.0075 valueNorm: 5 stepSize: 0.0005 Win Time: 1160.33
Iteration 24300 Time: 63880 Score: 59.8575 Size: 63.86 Loss: 0.2 Win: 0.0025 valueNorm: 5 stepSize: 0.0005 Win Time: 1195
Iteration 24400 Time: 64138 Score: 59.5 Size: 63.7725 Loss: 0.225 Win: 0 valueNorm: 5 stepSize: 0.0005
Iteration 24500 Time: 64397 Score: 60.89 Size: 65.09 Loss: 0.225 Win: 0.0075 valueNorm: 5 stepSize: 0.0005 Win Time: 1161.67
Iteration 24600 Time: 64657 Score: 61.22 Size: 65.115 Loss: 0.1925 Win: 0.005 valueNorm: 5 stepSize: 0.0005 Win Time: 1123.5
Iteration 24700 Time: 64916 Score: 61.9575 Size: 65.87 Loss: 0.2025 Win: 0.015 valueNorm: 5 stepSize: 0.0005 Win Time: 1170.17
Iteration 24800 Time: 65169 Score: 59.065 Size: 63.325 Loss: 0.225 Win: 0 valueNorm: 5 stepSize: 0.0005
Iteration 24900 Time: 65417 Score: 57.465 Size: 61.9925 Loss: 0.2525 Win: 0.0025 valueNorm: 5 stepSize: 0.0005 Win Time: 1174
Iteration 25000 Time: 65668 Score: 59.73 Size: 63.905 Loss: 0.225 Win: 0.01 valueNorm: 5 stepSize: 0.0005 Win Time: 1168.75
Evaluation score: 56.8262
