Training control Time: 1715011497
Hyperparameters: numRollouts: 1 batchSize: 512 numEpochs: 1 numIter: 100000 evalPeriod: 400 savePeriod: 400 alpha: 0.001000 GAEParam: 0.950000 
Iteration 400 Time: 264 Score: -1.2869 Size: 6.93555 Loss: 0.621622 Win: 0 valueNorm: 5 stepSize: 0.001
Iteration 800 Time: 545 Score: 2.3945 Size: 8.72706 Loss: 0.431193 Win: 0 valueNorm: 5 stepSize: 0.001
Iteration 1200 Time: 832 Score: 6.82653 Size: 13.4306 Loss: 0.457143 Win: 0 valueNorm: 5 stepSize: 0.001
Iteration 1600 Time: 1120 Score: 11.5796 Size: 18.611 Loss: 0.500982 Win: 0 valueNorm: 5 stepSize: 0.001
Iteration 2000 Time: 1424 Score: 14.3008 Size: 20.5598 Loss: 0.424303 Win: 0 valueNorm: 5 stepSize: 0.001
Iteration 2400 Time: 1730 Score: 16.4165 Size: 23.0536 Loss: 0.461856 Win: 0 valueNorm: 5 stepSize: 0.001
Iteration 2800 Time: 2035 Score: 17.2753 Size: 24.2328 Loss: 0.493927 Win: 0 valueNorm: 5 stepSize: 0.001
Iteration 3200 Time: 2332 Score: 18.2061 Size: 25.9293 Loss: 0.569697 Win: 0 valueNorm: 5 stepSize: 0.001
Iteration 3600 Time: 2615 Score: 22.2854 Size: 30.6438 Loss: 0.633333 Win: 0 valueNorm: 5 stepSize: 0.001
Iteration 4000 Time: 2901 Score: 26.783 Size: 34.7277 Loss: 0.591489 Win: 0 valueNorm: 5 stepSize: 0.001
Iteration 4400 Time: 3190 Score: 30.8051 Size: 38.576 Loss: 0.576017 Win: 0 valueNorm: 5 stepSize: 0.001
Iteration 4800 Time: 3482 Score: 35.9586 Size: 43.4336 Loss: 0.544662 Win: 0 valueNorm: 5 stepSize: 0.001
Iteration 5200 Time: 3777 Score: 38.4989 Size: 45.8094 Loss: 0.528908 Win: 0 valueNorm: 5 stepSize: 0.001
Iteration 5600 Time: 4077 Score: 42.4311 Size: 48.8534 Loss: 0.439825 Win: 0 valueNorm: 5 stepSize: 0.001
Iteration 6000 Time: 4382 Score: 45.0349 Size: 51.1441 Loss: 0.408297 Win: 0 valueNorm: 5 stepSize: 0.001
Iteration 6400 Time: 4686 Score: 45.6998 Size: 51.73 Loss: 0.401728 Win: 0 valueNorm: 5 stepSize: 0.001
Iteration 6800 Time: 4981 Score: 47.2376 Size: 53.3499 Loss: 0.408207 Win: 0 valueNorm: 5 stepSize: 0.001
Iteration 7200 Time: 5270 Score: 49.2971 Size: 55.102 Loss: 0.378685 Win: 0 valueNorm: 5 stepSize: 0.001
Iteration 7600 Time: 5563 Score: 49.8367 Size: 55.4653 Loss: 0.360179 Win: 0 valueNorm: 5 stepSize: 0.001
Iteration 8000 Time: 5859 Score: 49.4151 Size: 55.172 Loss: 0.374194 Win: 0 valueNorm: 5 stepSize: 0.001
Iteration 8400 Time: 6157 Score: 52.9685 Size: 58.2252 Loss: 0.324324 Win: 0 valueNorm: 5 stepSize: 0.001
Iteration 8800 Time: 6448 Score: 51.1379 Size: 56.6149 Loss: 0.345733 Win: 0 valueNorm: 5 stepSize: 0.001
Iteration 9200 Time: 6729 Score: 51.4692 Size: 57.1806 Loss: 0.370044 Win: 0 valueNorm: 5 stepSize: 0.001
Iteration 9600 Time: 7016 Score: 51.6204 Size: 57.269 Loss: 0.362256 Win: 0 valueNorm: 5 stepSize: 0.001
Iteration 10000 Time: 7301 Score: 53.17 Size: 58.9514 Loss: 0.375276 Win: 0 valueNorm: 5 stepSize: 0.001
Iteration 10400 Time: 7580 Score: 52.6562 Size: 58.3661 Loss: 0.368304 Win: 0 valueNorm: 5 stepSize: 0.001
Iteration 10800 Time: 7868 Score: 53.387 Size: 59.0043 Loss: 0.358696 Win: 0 valueNorm: 5 stepSize: 0.001
Iteration 11200 Time: 8155 Score: 55.0843 Size: 60.5831 Loss: 0.345898 Win: 0 valueNorm: 5 stepSize: 0.001
Iteration 11600 Time: 8437 Score: 55.9592 Size: 61.381 Loss: 0.340136 Win: 0 valueNorm: 5 stepSize: 0.001
Iteration 12000 Time: 8720 Score: 54.4093 Size: 60.3695 Loss: 0.393805 Win: 0 valueNorm: 5 stepSize: 0.001
Iteration 12400 Time: 8999 Score: 56.2705 Size: 62.1909 Loss: 0.388636 Win: 0 valueNorm: 5 stepSize: 0.001
Iteration 12800 Time: 9286 Score: 56.878 Size: 62.3925 Loss: 0.348115 Win: 0 valueNorm: 5 stepSize: 0.001
Iteration 13200 Time: 9569 Score: 54.9737 Size: 60.6908 Loss: 0.368421 Win: 0 valueNorm: 5 stepSize: 0.001
Iteration 13600 Time: 9856 Score: 56.4735 Size: 62.0907 Loss: 0.358407 Win: 0 valueNorm: 5 stepSize: 0.001
Iteration 14000 Time: 10137 Score: 57.6764 Size: 63.2382 Loss: 0.352809 Win: 0 valueNorm: 5 stepSize: 0.001
Iteration 14400 Time: 10413 Score: 55.7081 Size: 61.6601 Loss: 0.392157 Win: 0 valueNorm: 5 stepSize: 0.001
Iteration 14800 Time: 10695 Score: 56.0527 Size: 62.6352 Loss: 0.454945 Win: 0.0021978 valueNorm: 5 stepSize: 0.001 Win Time: 1153
Iteration 15200 Time: 10978 Score: 56.2118 Size: 62.4127 Loss: 0.417031 Win: 0 valueNorm: 5 stepSize: 0.001
Iteration 15600 Time: 11262 Score: 58.8027 Size: 64.8161 Loss: 0.396861 Win: 0 valueNorm: 5 stepSize: 0.001
Iteration 16000 Time: 11549 Score: 59.3163 Size: 64.9421 Loss: 0.358575 Win: 0 valueNorm: 5 stepSize: 0.001
Iteration 16400 Time: 11837 Score: 59.1699 Size: 64.9608 Loss: 0.376906 Win: 0 valueNorm: 5 stepSize: 0.001
Iteration 16800 Time: 12119 Score: 58.7188 Size: 64.8906 Loss: 0.410714 Win: 0 valueNorm: 5 stepSize: 0.001
Iteration 17200 Time: 12410 Score: 60.4143 Size: 65.8552 Loss: 0.340757 Win: 0 valueNorm: 5 stepSize: 0.001
Iteration 17600 Time: 12696 Score: 57.6494 Size: 63.9697 Loss: 0.426407 Win: 0 valueNorm: 5 stepSize: 0.001
Iteration 18000 Time: 12983 Score: 59.8985 Size: 66.0442 Loss: 0.410596 Win: 0 valueNorm: 5 stepSize: 0.001
Iteration 18400 Time: 13275 Score: 60.2879 Size: 66.0758 Loss: 0.374459 Win: 0 valueNorm: 5 stepSize: 0.001
Iteration 18800 Time: 13562 Score: 60.6879 Size: 66.6396 Loss: 0.391209 Win: 0.0021978 valueNorm: 5 stepSize: 0.001 Win Time: 1138
Iteration 19200 Time: 13853 Score: 61.7721 Size: 67.4624 Loss: 0.365044 Win: 0 valueNorm: 5 stepSize: 0.001
Iteration 19600 Time: 14147 Score: 62.2945 Size: 67.4659 Loss: 0.316484 Win: 0.0043956 valueNorm: 5 stepSize: 0.001 Win Time: 1127.5
Iteration 20000 Time: 14426 Score: 58.23 Size: 64.6498 Loss: 0.440928 Win: 0.00421941 valueNorm: 5 stepSize: 0.001 Win Time: 1167.5
Iteration 20400 Time: 14697 Score: 61.5352 Size: 67.4581 Loss: 0.39207 Win: 0.00440529 valueNorm: 5 stepSize: 0.001 Win Time: 1165
Iteration 20800 Time: 14971 Score: 62.9379 Size: 68.694 Loss: 0.37694 Win: 0.00665188 valueNorm: 5 stepSize: 0.001 Win Time: 1154.67
Iteration 21200 Time: 15243 Score: 62.5499 Size: 68.3126 Loss: 0.37694 Win: 0.00665188 valueNorm: 5 stepSize: 0.001 Win Time: 1164.67
Iteration 21600 Time: 15517 Score: 61.4956 Size: 67.3406 Loss: 0.379913 Win: 0 valueNorm: 5 stepSize: 0.001
Iteration 22000 Time: 15795 Score: 63.8085 Size: 68.8396 Loss: 0.298441 Win: 0 valueNorm: 5 stepSize: 0.001
Iteration 22400 Time: 16065 Score: 62.392 Size: 68.3007 Loss: 0.389755 Win: 0.00445434 valueNorm: 5 stepSize: 0.001 Win Time: 1136.5
Iteration 22800 Time: 16335 Score: 62.1893 Size: 68.1336 Loss: 0.389755 Win: 0 valueNorm: 5 stepSize: 0.001
Iteration 23200 Time: 16609 Score: 64.0952 Size: 69.6463 Loss: 0.356009 Win: 0.00453515 valueNorm: 5 stepSize: 0.001 Win Time: 1169
Iteration 23600 Time: 16890 Score: 63.6862 Size: 69.2709 Loss: 0.363431 Win: 0.00902935 valueNorm: 5 stepSize: 0.001 Win Time: 1113.5
Iteration 24000 Time: 17178 Score: 64.6331 Size: 69.9978 Loss: 0.33557 Win: 0.00447427 valueNorm: 5 stepSize: 0.001 Win Time: 1120.5
Iteration 24400 Time: 17458 Score: 63.049 Size: 69.4009 Loss: 0.44098 Win: 0.0111359 valueNorm: 5 stepSize: 0.001 Win Time: 1165.6
Iteration 24800 Time: 17741 Score: 63.4286 Size: 69.4088 Loss: 0.402198 Win: 0.00879121 valueNorm: 5 stepSize: 0.001 Win Time: 1169.75
Iteration 25200 Time: 18027 Score: 66.0022 Size: 71.2058 Loss: 0.340708 Win: 0.0265487 valueNorm: 5 stepSize: 0.001 Win Time: 1160.5
Iteration 25600 Time: 18314 Score: 65.5187 Size: 71.2 Loss: 0.382418 Win: 0.021978 valueNorm: 5 stepSize: 0.001 Win Time: 1148.7
Iteration 26000 Time: 18594 Score: 65.8254 Size: 71.2971 Loss: 0.358277 Win: 0.0181406 valueNorm: 5 stepSize: 0.001 Win Time: 1145.88
Iteration 26400 Time: 18878 Score: 65.8514 Size: 71.205 Loss: 0.344595 Win: 0.0157658 valueNorm: 5 stepSize: 0.001 Win Time: 1140.43
Iteration 26800 Time: 19150 Score: 65.8899 Size: 71.652 Loss: 0.396476 Win: 0.0286344 valueNorm: 5 stepSize: 0.001 Win Time: 1140.08
Iteration 27200 Time: 19415 Score: 65.222 Size: 70.9731 Loss: 0.399103 Win: 0.0313901 valueNorm: 5 stepSize: 0.001 Win Time: 1150.71
Iteration 27600 Time: 19684 Score: 66.6114 Size: 72.0818 Loss: 0.377273 Win: 0.0409091 valueNorm: 5 stepSize: 0.001 Win Time: 1131.94
Iteration 28000 Time: 19955 Score: 66.2383 Size: 71.8419 Loss: 0.376392 Win: 0.0244989 valueNorm: 5 stepSize: 0.001 Win Time: 1153.45
Iteration 28400 Time: 20229 Score: 66.7929 Size: 72.4788 Loss: 0.394209 Win: 0.0334076 valueNorm: 5 stepSize: 0.001 Win Time: 1165.47
Iteration 28800 Time: 20503 Score: 68.0952 Size: 73.6463 Loss: 0.369615 Win: 0.0226757 valueNorm: 5 stepSize: 0.001 Win Time: 1155.2
Iteration 29200 Time: 20779 Score: 68.427 Size: 73.7765 Loss: 0.373894 Win: 0.0486726 valueNorm: 5 stepSize: 0.001 Win Time: 1145.64
Iteration 29600 Time: 21054 Score: 66.4156 Size: 72.2619 Loss: 0.406926 Win: 0.0324675 valueNorm: 5 stepSize: 0.001 Win Time: 1121.47
Iteration 30000 Time: 21324 Score: 66.5978 Size: 72.4813 Loss: 0.437363 Win: 0.0615385 valueNorm: 5 stepSize: 0.001 Win Time: 1144.14
Iteration 30400 Time: 21594 Score: 67.8899 Size: 73.5169 Loss: 0.4 Win: 0.047191 valueNorm: 5 stepSize: 0.001 Win Time: 1151.62
Iteration 30800 Time: 21863 Score: 68.2848 Size: 73.8072 Loss: 0.401345 Win: 0.0605381 valueNorm: 5 stepSize: 0.001 Win Time: 1143.7
Iteration 31200 Time: 22132 Score: 71.3007 Size: 76.1425 Loss: 0.391982 Win: 0.126949 valueNorm: 5 stepSize: 0.001 Win Time: 1112.19
Iteration 31600 Time: 22401 Score: 71.2634 Size: 75.9286 Loss: 0.370536 Win: 0.122768 valueNorm: 5 stepSize: 0.001 Win Time: 1126.29
Iteration 32000 Time: 22668 Score: 69.1479 Size: 74.4879 Loss: 0.419426 Win: 0.101545 valueNorm: 5 stepSize: 0.001 Win Time: 1131.17
Iteration 32400 Time: 22939 Score: 69.0376 Size: 74.3053 Loss: 0.396018 Win: 0.0840708 valueNorm: 5 stepSize: 0.001 Win Time: 1138
Iteration 32800 Time: 23211 Score: 72.3283 Size: 76.5529 Loss: 0.37149 Win: 0.172786 valueNorm: 5 stepSize: 0.001 Win Time: 1133.09
Iteration 33200 Time: 23483 Score: 72.4827 Size: 76.4632 Loss: 0.365801 Win: 0.192641 valueNorm: 5 stepSize: 0.001 Win Time: 1141.67
Iteration 33600 Time: 23763 Score: 72.8985 Size: 77.4128 Loss: 0.381898 Win: 0.152318 valueNorm: 5 stepSize: 0.001 Win Time: 1144.06
Iteration 34000 Time: 24040 Score: 76.6802 Size: 79.9302 Loss: 0.31982 Win: 0.222973 valueNorm: 5 stepSize: 0.001 Win Time: 1126.56
Iteration 34400 Time: 24316 Score: 74.4737 Size: 77.9496 Loss: 0.35307 Win: 0.234649 valueNorm: 5 stepSize: 0.001 Win Time: 1121.52
Iteration 34800 Time: 24595 Score: 75.5276 Size: 78.5453 Loss: 0.324503 Win: 0.253863 valueNorm: 5 stepSize: 0.001 Win Time: 1128.49
Iteration 35200 Time: 24869 Score: 76.7798 Size: 79.6629 Loss: 0.32809 Win: 0.27191 valueNorm: 5 stepSize: 0.001 Win Time: 1128.59
Iteration 35600 Time: 25145 Score: 77.1681 Size: 79.8628 Loss: 0.329646 Win: 0.29646 valueNorm: 5 stepSize: 0.001 Win Time: 1121.7
Iteration 36000 Time: 25423 Score: 73.1026 Size: 76.4915 Loss: 0.361111 Win: 0.254274 valueNorm: 5 stepSize: 0.001 Win Time: 1125.18
Iteration 36400 Time: 25700 Score: 77.6711 Size: 80.0447 Loss: 0.295302 Win: 0.290828 valueNorm: 5 stepSize: 0.001 Win Time: 1128.72
Iteration 36800 Time: 25977 Score: 77.1926 Size: 79.5514 Loss: 0.301969 Win: 0.299781 valueNorm: 5 stepSize: 0.001 Win Time: 1124.22
Iteration 37200 Time: 26252 Score: 75.1936 Size: 78.6219 Loss: 0.33713 Win: 0.223235 valueNorm: 5 stepSize: 0.001 Win Time: 1129.23
Iteration 37600 Time: 26526 Score: 78.4874 Size: 80.9839 Loss: 0.298851 Win: 0.282759 valueNorm: 5 stepSize: 0.001 Win Time: 1128.5
Iteration 38000 Time: 26799 Score: 76.817 Size: 79.7522 Loss: 0.341518 Win: 0.283482 valueNorm: 5 stepSize: 0.001 Win Time: 1124.26
Iteration 38400 Time: 27074 Score: 78.1737 Size: 80.2606 Loss: 0.300668 Win: 0.329621 valueNorm: 5 stepSize: 0.001 Win Time: 1113.28
Iteration 38800 Time: 27345 Score: 75.7105 Size: 78.637 Loss: 0.329621 Win: 0.269488 valueNorm: 5 stepSize: 0.001 Win Time: 1122.26
Iteration 39200 Time: 27621 Score: 74.7896 Size: 77.9262 Loss: 0.355748 Win: 0.275488 valueNorm: 5 stepSize: 0.001 Win Time: 1127.27
Iteration 39600 Time: 27891 Score: 78.8404 Size: 81.009 Loss: 0.332584 Win: 0.355056 valueNorm: 5 stepSize: 0.001 Win Time: 1122
Iteration 40000 Time: 28168 Score: 81.8258 Size: 83.1176 Loss: 0.269231 Win: 0.382353 valueNorm: 5 stepSize: 0.001 Win Time: 1125.53
Iteration 40400 Time: 28442 Score: 77.5786 Size: 79.8777 Loss: 0.325328 Win: 0.334061 valueNorm: 5 stepSize: 0.001 Win Time: 1105.94
Iteration 40800 Time: 28715 Score: 77.3027 Size: 79.8879 Loss: 0.320628 Win: 0.295964 valueNorm: 5 stepSize: 0.001 Win Time: 1116.34
Iteration 41200 Time: 28993 Score: 82 Size: 83.2059 Loss: 0.246606 Win: 0.366516 valueNorm: 5 stepSize: 0.001 Win Time: 1117.16
Iteration 41600 Time: 29265 Score: 82.1109 Size: 83.4988 Loss: 0.263279 Win: 0.364896 valueNorm: 5 stepSize: 0.001 Win Time: 1119.65
Iteration 42000 Time: 29538 Score: 81.3054 Size: 82.8213 Loss: 0.291855 Win: 0.384615 valueNorm: 5 stepSize: 0.001 Win Time: 1115.38
Iteration 42400 Time: 29810 Score: 77.6395 Size: 80.2426 Loss: 0.303855 Win: 0.274376 valueNorm: 5 stepSize: 0.001 Win Time: 1119.02
Iteration 42800 Time: 30087 Score: 80.5045 Size: 82.096 Loss: 0.290179 Win: 0.375 valueNorm: 5 stepSize: 0.001 Win Time: 1122.43
Iteration 43200 Time: 30361 Score: 80.2165 Size: 81.7232 Loss: 0.294643 Win: 0.388393 valueNorm: 5 stepSize: 0.001 Win Time: 1114.68
Iteration 43600 Time: 30638 Score: 81.5963 Size: 82.949 Loss: 0.243619 Win: 0.345708 valueNorm: 5 stepSize: 0.001 Win Time: 1119.19
Iteration 44000 Time: 30913 Score: 82.5973 Size: 83.9186 Loss: 0.29638 Win: 0.409502 valueNorm: 5 stepSize: 0.001 Win Time: 1106.11
Iteration 44400 Time: 31185 Score: 80.0268 Size: 82.1409 Loss: 0.346756 Win: 0.380313 valueNorm: 5 stepSize: 0.001 Win Time: 1118.54
Iteration 44800 Time: 31456 Score: 82.0691 Size: 83.3502 Loss: 0.278802 Win: 0.394009 valueNorm: 5 stepSize: 0.001 Win Time: 1112.76
Iteration 45200 Time: 31729 Score: 80.4357 Size: 81.8671 Loss: 0.331155 Win: 0.437908 valueNorm: 5 stepSize: 0.001 Win Time: 1107.39
Iteration 45600 Time: 31997 Score: 80.2686 Size: 81.7427 Loss: 0.30474 Win: 0.401806 valueNorm: 5 stepSize: 0.001 Win Time: 1111.07
Iteration 46000 Time: 32267 Score: 81.2652 Size: 82.773 Loss: 0.310112 Win: 0.406742 valueNorm: 5 stepSize: 0.001 Win Time: 1104.06
Iteration 46400 Time: 32539 Score: 81.9034 Size: 83.2575 Loss: 0.275862 Win: 0.383908 valueNorm: 5 stepSize: 0.001 Win Time: 1112.23
Iteration 46800 Time: 32810 Score: 80.925 Size: 82.7545 Loss: 0.309091 Win: 0.370455 valueNorm: 5 stepSize: 0.001 Win Time: 1111.18
Iteration 47200 Time: 33084 Score: 84.2301 Size: 84.6446 Loss: 0.248292 Win: 0.457859 valueNorm: 5 stepSize: 0.001 Win Time: 1114.42
Iteration 47600 Time: 33358 Score: 84.0849 Size: 84.7844 Loss: 0.254587 Win: 0.433486 valueNorm: 5 stepSize: 0.001 Win Time: 1115.57
Iteration 48000 Time: 33630 Score: 81.8912 Size: 83.1519 Loss: 0.287982 Win: 0.408163 valueNorm: 5 stepSize: 0.001 Win Time: 1117.59
Iteration 48400 Time: 33908 Score: 82.2925 Size: 83.3107 Loss: 0.238095 Win: 0.378685 valueNorm: 5 stepSize: 0.001 Win Time: 1118.87
Iteration 48800 Time: 34178 Score: 80.7374 Size: 82.4817 Loss: 0.315068 Win: 0.383562 valueNorm: 5 stepSize: 0.001 Win Time: 1112.53
Iteration 49200 Time: 34456 Score: 83.7941 Size: 84.5469 Loss: 0.240275 Win: 0.409611 valueNorm: 5 stepSize: 0.001 Win Time: 1115.88
Iteration 49600 Time: 34727 Score: 81.3801 Size: 82.4932 Loss: 0.280543 Win: 0.414027 valueNorm: 5 stepSize: 0.001 Win Time: 1110.21
Iteration 50000 Time: 34998 Score: 84.4977 Size: 85.1393 Loss: 0.287671 Win: 0.477169 valueNorm: 5 stepSize: 0.001 Win Time: 1110.83
Iteration 50400 Time: 35266 Score: 82.0211 Size: 83.8525 Loss: 0.320843 Win: 0.381733 valueNorm: 5 stepSize: 0.001 Win Time: 1110.6
Iteration 50800 Time: 35539 Score: 80.5202 Size: 82.2534 Loss: 0.329596 Win: 0.401345 valueNorm: 5 stepSize: 0.001 Win Time: 1123.01
Iteration 51200 Time: 35807 Score: 81.2379 Size: 83.067 Loss: 0.323326 Win: 0.385681 valueNorm: 5 stepSize: 0.001 Win Time: 1114.52
Iteration 51600 Time: 36080 Score: 83.5685 Size: 84.2539 Loss: 0.27191 Win: 0.453933 valueNorm: 5 stepSize: 0.001 Win Time: 1114.16
Iteration 52000 Time: 36348 Score: 83.7523 Size: 84.0113 Loss: 0.277027 Win: 0.506757 valueNorm: 5 stepSize: 0.001 Win Time: 1100.12
Iteration 52400 Time: 36618 Score: 78.0404 Size: 80.564 Loss: 0.350562 Win: 0.337079 valueNorm: 5 stepSize: 0.001 Win Time: 1117.65
Iteration 52800 Time: 36886 Score: 84.1344 Size: 84.5558 Loss: 0.266515 Win: 0.476082 valueNorm: 5 stepSize: 0.001 Win Time: 1111.53
Iteration 53200 Time: 37155 Score: 85.6998 Size: 85.8961 Loss: 0.247113 Win: 0.48037 valueNorm: 5 stepSize: 0.001 Win Time: 1107.85
Iteration 53600 Time: 37425 Score: 86.5275 Size: 86.5665 Loss: 0.270642 Win: 0.525229 valueNorm: 5 stepSize: 0.001 Win Time: 1101.96
Iteration 54000 Time: 37700 Score: 84.2697 Size: 84.9596 Loss: 0.27191 Win: 0.453933 valueNorm: 5 stepSize: 0.001 Win Time: 1102.24
Iteration 54400 Time: 37967 Score: 83.5835 Size: 84.6957 Loss: 0.320366 Win: 0.462243 valueNorm: 5 stepSize: 0.001 Win Time: 1108.12
Iteration 54800 Time: 38238 Score: 84.31 Size: 84.8507 Loss: 0.289593 Win: 0.488688 valueNorm: 5 stepSize: 0.001 Win Time: 1106.84
Iteration 55200 Time: 38504 Score: 81.552 Size: 83.6305 Loss: 0.341801 Win: 0.378753 valueNorm: 5 stepSize: 0.001 Win Time: 1096.26
Iteration 55600 Time: 38775 Score: 82.6547 Size: 83.6951 Loss: 0.309417 Win: 0.457399 valueNorm: 5 stepSize: 0.001 Win Time: 1111.4
Iteration 56000 Time: 39040 Score: 82.9817 Size: 84.1854 Loss: 0.320366 Win: 0.450801 valueNorm: 5 stepSize: 0.001 Win Time: 1099.29
Iteration 56400 Time: 39307 Score: 83.9461 Size: 84.3955 Loss: 0.298876 Win: 0.510112 valueNorm: 5 stepSize: 0.001 Win Time: 1095.34
Iteration 56800 Time: 39575 Score: 84.8314 Size: 85.2916 Loss: 0.275626 Win: 0.485194 valueNorm: 5 stepSize: 0.001 Win Time: 1104.18
Iteration 57200 Time: 39844 Score: 85.4231 Size: 85.5452 Loss: 0.280543 Win: 0.524887 valueNorm: 5 stepSize: 0.001 Win Time: 1093.76
Iteration 57600 Time: 40122 Score: 85.1327 Size: 84.9535 Loss: 0.261062 Win: 0.537611 valueNorm: 5 stepSize: 0.001 Win Time: 1097.81
Iteration 58000 Time: 40402 Score: 83.8125 Size: 84.2455 Loss: 0.279018 Win: 0.491071 valueNorm: 5 stepSize: 0.001 Win Time: 1105.56
Iteration 58400 Time: 40678 Score: 82.9036 Size: 83.7803 Loss: 0.311659 Win: 0.477578 valueNorm: 5 stepSize: 0.001 Win Time: 1096.13
Iteration 58800 Time: 40950 Score: 86.1379 Size: 86.2552 Loss: 0.289655 Win: 0.537931 valueNorm: 5 stepSize: 0.001 Win Time: 1096.35
Iteration 59200 Time: 41229 Score: 86.3741 Size: 86.1224 Loss: 0.251701 Win: 0.535147 valueNorm: 5 stepSize: 0.001 Win Time: 1105.14
Iteration 59600 Time: 41504 Score: 88.6697 Size: 87.7569 Loss: 0.252294 Win: 0.610092 valueNorm: 5 stepSize: 0.001 Win Time: 1096.95
Iteration 60000 Time: 41785 Score: 83.9461 Size: 84.7011 Loss: 0.274157 Win: 0.449438 valueNorm: 5 stepSize: 0.001 Win Time: 1102.36
Iteration 60400 Time: 42062 Score: 84.086 Size: 84.4774 Loss: 0.264706 Win: 0.477376 valueNorm: 5 stepSize: 0.001 Win Time: 1101.94
Iteration 60800 Time: 42338 Score: 85.8597 Size: 85.8846 Loss: 0.276018 Win: 0.531674 valueNorm: 5 stepSize: 0.001 Win Time: 1095.69
Iteration 61200 Time: 42616 Score: 83.7136 Size: 84.65 Loss: 0.302273 Win: 0.459091 valueNorm: 5 stepSize: 0.001 Win Time: 1095.15
Iteration 61600 Time: 42889 Score: 85.5757 Size: 86.0023 Loss: 0.293578 Win: 0.509174 valueNorm: 5 stepSize: 0.001 Win Time: 1091.73
Iteration 62000 Time: 43162 Score: 88.0897 Size: 87.7195 Loss: 0.262069 Win: 0.56092 valueNorm: 5 stepSize: 0.001 Win Time: 1095.91
Iteration 62400 Time: 43430 Score: 87.2257 Size: 86.5305 Loss: 0.255079 Win: 0.586907 valueNorm: 5 stepSize: 0.001 Win Time: 1092.2
Iteration 62800 Time: 43696 Score: 82.8182 Size: 83.5809 Loss: 0.32816 Win: 0.507761 valueNorm: 5 stepSize: 0.001 Win Time: 1085.48
Iteration 63200 Time: 43962 Score: 83.8584 Size: 84.605 Loss: 0.303653 Win: 0.484018 valueNorm: 5 stepSize: 0.001 Win Time: 1102.65
Iteration 63600 Time: 44228 Score: 88.461 Size: 87.8005 Loss: 0.259174 Win: 0.58945 valueNorm: 5 stepSize: 0.001 Win Time: 1092.94
Iteration 64000 Time: 44500 Score: 83.6966 Size: 84.977 Loss: 0.296552 Win: 0.416092 valueNorm: 5 stepSize: 0.001 Win Time: 1092.6
Iteration 64400 Time: 44771 Score: 84.8005 Size: 85.2494 Loss: 0.283447 Win: 0.494331 valueNorm: 5 stepSize: 0.001 Win Time: 1089.07
Iteration 64800 Time: 45036 Score: 86.0995 Size: 86.3032 Loss: 0.282407 Win: 0.518519 valueNorm: 5 stepSize: 0.001 Win Time: 1091.9
Iteration 65200 Time: 45311 Score: 85.9418 Size: 85.9239 Loss: 0.270694 Win: 0.530201 valueNorm: 5 stepSize: 0.001 Win Time: 1099.78
Iteration 65600 Time: 45582 Score: 84.8211 Size: 85.6009 Loss: 0.318807 Win: 0.497706 valueNorm: 5 stepSize: 0.001 Win Time: 1096.32
Iteration 66000 Time: 45851 Score: 86.9704 Size: 86.8497 Loss: 0.280182 Win: 0.553531 valueNorm: 5 stepSize: 0.001 Win Time: 1093.3
Iteration 66400 Time: 46117 Score: 85.5908 Size: 85.7425 Loss: 0.275862 Win: 0.517241 valueNorm: 5 stepSize: 0.001 Win Time: 1084.9
Iteration 66800 Time: 46384 Score: 89.0276 Size: 88.2857 Loss: 0.262673 Win: 0.603687 valueNorm: 5 stepSize: 0.001 Win Time: 1089.19
Iteration 67200 Time: 46649 Score: 89.2116 Size: 88.8605 Loss: 0.293023 Win: 0.595349 valueNorm: 5 stepSize: 0.001 Win Time: 1083.24
Iteration 67600 Time: 46911 Score: 89.6288 Size: 88.5522 Loss: 0.262181 Win: 0.638051 valueNorm: 5 stepSize: 0.001 Win Time: 1078.89
Iteration 68000 Time: 47184 Score: 92.6982 Size: 90.5161 Loss: 0.186636 Win: 0.675115 valueNorm: 5 stepSize: 0.001 Win Time: 1079.42
Iteration 68400 Time: 47451 Score: 85.3356 Size: 85.4116 Loss: 0.297539 Win: 0.550336 valueNorm: 5 stepSize: 0.001 Win Time: 1084.11
Iteration 68800 Time: 47717 Score: 88.2041 Size: 87.4558 Loss: 0.267574 Win: 0.60771 valueNorm: 5 stepSize: 0.001 Win Time: 1080.65
Iteration 69200 Time: 47979 Score: 88.4213 Size: 88.0046 Loss: 0.277778 Win: 0.585648 valueNorm: 5 stepSize: 0.001 Win Time: 1070.94
Iteration 69600 Time: 48240 Score: 88.8989 Size: 87.8828 Loss: 0.264368 Win: 0.634483 valueNorm: 5 stepSize: 0.001 Win Time: 1081.11
Iteration 70000 Time: 48509 Score: 91.6359 Size: 90.0806 Loss: 0.230415 Win: 0.656682 valueNorm: 5 stepSize: 0.001 Win Time: 1082.67
Iteration 70400 Time: 48774 Score: 86.1429 Size: 85.907 Loss: 0.283447 Win: 0.569161 valueNorm: 5 stepSize: 0.001 Win Time: 1086.1
Iteration 70800 Time: 49040 Score: 86.6704 Size: 86.3905 Loss: 0.291196 Win: 0.582393 valueNorm: 5 stepSize: 0.001 Win Time: 1077.44
Iteration 71200 Time: 49299 Score: 86.2632 Size: 86.3661 Loss: 0.318078 Win: 0.569794 valueNorm: 5 stepSize: 0.001 Win Time: 1076.18
Iteration 71600 Time: 49562 Score: 91.9767 Size: 90.2448 Loss: 0.226107 Win: 0.671329 valueNorm: 5 stepSize: 0.001 Win Time: 1071.16
Iteration 72000 Time: 49824 Score: 80.9207 Size: 82.2974 Loss: 0.370044 Win: 0.486784 valueNorm: 5 stepSize: 0.001 Win Time: 1083.02
Iteration 72400 Time: 50086 Score: 87.9728 Size: 87.2086 Loss: 0.276644 Win: 0.619048 valueNorm: 5 stepSize: 0.001 Win Time: 1073.34
Iteration 72800 Time: 50342 Score: 85.78 Size: 85.6145 Loss: 0.319728 Win: 0.600907 valueNorm: 5 stepSize: 0.001 Win Time: 1068.02
Iteration 73200 Time: 50605 Score: 85.6756 Size: 85.5414 Loss: 0.306488 Win: 0.583893 valueNorm: 5 stepSize: 0.001 Win Time: 1079.05
Iteration 73600 Time: 50865 Score: 85.7018 Size: 85.2741 Loss: 0.311404 Win: 0.620614 valueNorm: 5 stepSize: 0.001 Win Time: 1060.02
Iteration 74000 Time: 51126 Score: 89.6335 Size: 88.2557 Loss: 0.269231 Win: 0.678733 valueNorm: 5 stepSize: 0.001 Win Time: 1065.83
Iteration 74400 Time: 51388 Score: 89.8767 Size: 88.5548 Loss: 0.262557 Win: 0.666667 valueNorm: 5 stepSize: 0.001 Win Time: 1066.91
Iteration 74800 Time: 51650 Score: 90.2703 Size: 88.759 Loss: 0.263514 Win: 0.689189 valueNorm: 5 stepSize: 0.001 Win Time: 1058.63
Iteration 75200 Time: 51909 Score: 90.5207 Size: 88.8917 Loss: 0.241935 Win: 0.677419 valueNorm: 5 stepSize: 0.001 Win Time: 1069.23
Iteration 75600 Time: 52170 Score: 91.2926 Size: 89.5622 Loss: 0.235023 Win: 0.682028 valueNorm: 5 stepSize: 0.001 Win Time: 1060.93
Iteration 76000 Time: 52435 Score: 84.0356 Size: 84.4677 Loss: 0.314031 Win: 0.52784 valueNorm: 5 stepSize: 0.001 Win Time: 1076.14
Iteration 76400 Time: 52700 Score: 87.4321 Size: 86.9321 Loss: 0.278281 Win: 0.59276 valueNorm: 5 stepSize: 0.001 Win Time: 1070.27
Iteration 76800 Time: 52958 Score: 85.953 Size: 85.349 Loss: 0.295302 Win: 0.621924 valueNorm: 5 stepSize: 0.001 Win Time: 1069.55
Iteration 77200 Time: 53220 Score: 88.7896 Size: 87.4434 Loss: 0.255656 Win: 0.660633 valueNorm: 5 stepSize: 0.001 Win Time: 1065.4
Iteration 77600 Time: 53482 Score: 91.7343 Size: 90.2867 Loss: 0.254079 Win: 0.67366 valueNorm: 5 stepSize: 0.001 Win Time: 1067.76
Iteration 78000 Time: 53741 Score: 84.8022 Size: 85.409 Loss: 0.355056 Win: 0.557303 valueNorm: 5 stepSize: 0.001 Win Time: 1064.78
Iteration 78400 Time: 54000 Score: 87.9414 Size: 87.0495 Loss: 0.283784 Win: 0.641892 valueNorm: 5 stepSize: 0.001 Win Time: 1058.93
Iteration 78800 Time: 54257 Score: 86.125 Size: 86.2068 Loss: 0.325 Win: 0.579545 valueNorm: 5 stepSize: 0.001 Win Time: 1067.83
Iteration 79200 Time: 54523 Score: 85.1929 Size: 85.3237 Loss: 0.310421 Win: 0.558758 valueNorm: 5 stepSize: 0.001 Win Time: 1076.08
Iteration 79600 Time: 54786 Score: 86.018 Size: 85.768 Loss: 0.297297 Win: 0.585586 valueNorm: 5 stepSize: 0.001 Win Time: 1088.92
Iteration 80000 Time: 55049 Score: 89.083 Size: 87.8632 Loss: 0.264574 Win: 0.656951 valueNorm: 5 stepSize: 0.001 Win Time: 1064.04
Iteration 80400 Time: 55307 Score: 87.6281 Size: 87.3084 Loss: 0.31746 Win: 0.619048 valueNorm: 5 stepSize: 0.001 Win Time: 1060.53
Iteration 80800 Time: 55565 Score: 88.2432 Size: 87.3311 Loss: 0.292793 Win: 0.655405 valueNorm: 5 stepSize: 0.001 Win Time: 1060.52
Iteration 81200 Time: 55827 Score: 90.237 Size: 88.4244 Loss: 0.241535 Win: 0.69526 valueNorm: 5 stepSize: 0.001 Win Time: 1060.27
Iteration 81600 Time: 56081 Score: 90.127 Size: 89.0393 Loss: 0.267898 Win: 0.646651 valueNorm: 5 stepSize: 0.001 Win Time: 1050.88
Iteration 82000 Time: 56336 Score: 88.7621 Size: 87.1806 Loss: 0.26652 Win: 0.698238 valueNorm: 5 stepSize: 0.001 Win Time: 1048.86
Iteration 82400 Time: 56588 Score: 89.1441 Size: 87.6419 Loss: 0.268018 Win: 0.693694 valueNorm: 5 stepSize: 0.001 Win Time: 1056.81
Iteration 82800 Time: 56843 Score: 90.4132 Size: 89.0639 Loss: 0.262557 Win: 0.66895 valueNorm: 5 stepSize: 0.001 Win Time: 1064.94
Iteration 83200 Time: 57099 Score: 91.3424 Size: 89.6259 Loss: 0.258503 Win: 0.705215 valueNorm: 5 stepSize: 0.001 Win Time: 1053.59
Iteration 83600 Time: 57346 Score: 91.9533 Size: 89.9836 Loss: 0.242991 Win: 0.71729 valueNorm: 5 stepSize: 0.001 Win Time: 1045.3
Iteration 84000 Time: 57596 Score: 89.4649 Size: 88.1043 Loss: 0.269841 Win: 0.678005 valueNorm: 5 stepSize: 0.001 Win Time: 1047.03
Iteration 84400 Time: 57847 Score: 92.659 Size: 90.7327 Loss: 0.239631 Win: 0.709677 valueNorm: 5 stepSize: 0.001 Win Time: 1043.74
Iteration 84800 Time: 58097 Score: 92.1192 Size: 89.993 Loss: 0.228972 Win: 0.71729 valueNorm: 5 stepSize: 0.001 Win Time: 1053.55
Iteration 85200 Time: 58346 Score: 90.2995 Size: 88.6959 Loss: 0.25576 Win: 0.68894 valueNorm: 5 stepSize: 0.001 Win Time: 1055.91
Iteration 85600 Time: 58599 Score: 91.7466 Size: 89.5183 Loss: 0.232877 Win: 0.732877 valueNorm: 5 stepSize: 0.001 Win Time: 1046.96
Iteration 86000 Time: 58849 Score: 91.8132 Size: 89.6241 Loss: 0.234624 Win: 0.731207 valueNorm: 5 stepSize: 0.001 Win Time: 1046.29
Iteration 86400 Time: 59098 Score: 90.9361 Size: 89.2169 Loss: 0.255708 Win: 0.700913 valueNorm: 5 stepSize: 0.001 Win Time: 1053.21
Iteration 86800 Time: 59342 Score: 90.023 Size: 88.5829 Loss: 0.262673 Win: 0.679724 valueNorm: 5 stepSize: 0.001 Win Time: 1044.39
Iteration 87200 Time: 59592 Score: 91.2632 Size: 89.2883 Loss: 0.242563 Win: 0.716247 valueNorm: 5 stepSize: 0.001 Win Time: 1051.13
Iteration 87600 Time: 59845 Score: 89.9413 Size: 88.4695 Loss: 0.259594 Win: 0.679458 valueNorm: 5 stepSize: 0.001 Win Time: 1055.57
Iteration 88000 Time: 60092 Score: 91.3782 Size: 89.3527 Loss: 0.236659 Win: 0.714617 valueNorm: 5 stepSize: 0.001 Win Time: 1056.76
Iteration 88400 Time: 60343 Score: 89.0114 Size: 88.225 Loss: 0.295455 Win: 0.645455 valueNorm: 5 stepSize: 0.001 Win Time: 1050.88
Iteration 88800 Time: 60597 Score: 90.4045 Size: 88.7236 Loss: 0.25618 Win: 0.698876 valueNorm: 5 stepSize: 0.001 Win Time: 1051.24
Iteration 89200 Time: 60844 Score: 92.0762 Size: 90.0808 Loss: 0.244804 Win: 0.722864 valueNorm: 5 stepSize: 0.001 Win Time: 1036.31
Iteration 89600 Time: 61098 Score: 93.0208 Size: 90.5046 Loss: 0.208333 Win: 0.736111 valueNorm: 5 stepSize: 0.001 Win Time: 1061.92
Iteration 90000 Time: 61348 Score: 88.7868 Size: 87.2989 Loss: 0.274725 Win: 0.698901 valueNorm: 5 stepSize: 0.001 Win Time: 1042.87
Iteration 90400 Time: 61592 Score: 88.3136 Size: 87.6955 Loss: 0.318182 Win: 0.65 valueNorm: 5 stepSize: 0.001 Win Time: 1043.81
Iteration 90800 Time: 61834 Score: 91.8188 Size: 89.88 Loss: 0.242353 Win: 0.712941 valueNorm: 5 stepSize: 0.001 Win Time: 1042.73
Iteration 91200 Time: 62081 Score: 91.3718 Size: 90.0069 Loss: 0.279446 Win: 0.690531 valueNorm: 5 stepSize: 0.001 Win Time: 1051.47
Iteration 91600 Time: 62323 Score: 91.3164 Size: 89.2102 Loss: 0.240185 Win: 0.727483 valueNorm: 5 stepSize: 0.001 Win Time: 1040.48
Iteration 92000 Time: 62568 Score: 93.5727 Size: 90.8753 Loss: 0.205543 Win: 0.755196 valueNorm: 5 stepSize: 0.001 Win Time: 1035.87
Iteration 92400 Time: 62811 Score: 90.9954 Size: 88.9245 Loss: 0.242563 Win: 0.7254 valueNorm: 5 stepSize: 0.001 Win Time: 1037.63
Iteration 92800 Time: 63055 Score: 90.0607 Size: 88.409 Loss: 0.265169 Win: 0.707865 valueNorm: 5 stepSize: 0.001 Win Time: 1043.41
Iteration 93200 Time: 63299 Score: 87.1633 Size: 86.737 Loss: 0.31746 Win: 0.628118 valueNorm: 5 stepSize: 0.001 Win Time: 1053.46
Iteration 93600 Time: 63547 Score: 91.8174 Size: 89.4909 Loss: 0.223744 Win: 0.732877 valueNorm: 5 stepSize: 0.001 Win Time: 1053.81
Iteration 94000 Time: 63790 Score: 91.7701 Size: 89.9885 Loss: 0.257471 Win: 0.714943 valueNorm: 5 stepSize: 0.001 Win Time: 1039.65
Iteration 94400 Time: 64037 Score: 90.2154 Size: 88.4807 Loss: 0.256236 Win: 0.705215 valueNorm: 5 stepSize: 0.001 Win Time: 1047.85
Iteration 94800 Time: 64282 Score: 90.0631 Size: 88.259 Loss: 0.25 Win: 0.707207 valueNorm: 5 stepSize: 0.001 Win Time: 1045.96
Iteration 95200 Time: 64530 Score: 91.3258 Size: 89.1281 Loss: 0.233708 Win: 0.732584 valueNorm: 5 stepSize: 0.001 Win Time: 1048.82
Iteration 95600 Time: 64774 Score: 91.3249 Size: 89.2609 Loss: 0.244851 Win: 0.727689 valueNorm: 5 stepSize: 0.001 Win Time: 1047.75
Iteration 96000 Time: 65024 Score: 89.7235 Size: 87.9336 Loss: 0.252212 Win: 0.705752 valueNorm: 5 stepSize: 0.001 Win Time: 1048.78
Iteration 96400 Time: 65270 Score: 92.2704 Size: 90.0047 Loss: 0.219114 Win: 0.72028 valueNorm: 5 stepSize: 0.001 Win Time: 1056.26
Iteration 96800 Time: 65516 Score: 92.406 Size: 90.1147 Loss: 0.227064 Win: 0.731651 valueNorm: 5 stepSize: 0.001 Win Time: 1049.96
Iteration 97200 Time: 65757 Score: 90.6544 Size: 88.8249 Loss: 0.251152 Win: 0.709677 valueNorm: 5 stepSize: 0.001 Win Time: 1037.88
Iteration 97600 Time: 66003 Score: 92.7396 Size: 90.5968 Loss: 0.237327 Win: 0.730415 valueNorm: 5 stepSize: 0.001 Win Time: 1047.23
Iteration 98000 Time: 66246 Score: 94.9438 Size: 91.8548 Loss: 0.192037 Win: 0.782201 valueNorm: 5 stepSize: 0.001 Win Time: 1038.56
Iteration 98400 Time: 66491 Score: 92.4104 Size: 89.737 Loss: 0.213152 Win: 0.759637 valueNorm: 5 stepSize: 0.001 Win Time: 1046.16
Iteration 98800 Time: 66731 Score: 92.3562 Size: 89.8128 Loss: 0.221461 Win: 0.755708 valueNorm: 5 stepSize: 0.001 Win Time: 1042.03
Iteration 99200 Time: 66976 Score: 89.613 Size: 88.2908 Loss: 0.277405 Win: 0.682327 valueNorm: 5 stepSize: 0.001 Win Time: 1041.88
Iteration 99600 Time: 67217 Score: 92.6674 Size: 90.5058 Loss: 0.237875 Win: 0.732102 valueNorm: 5 stepSize: 0.001 Win Time: 1043.29
Iteration 100000 Time: 67456 Score: 90.0795 Size: 88.3955 Loss: 0.265909 Win: 0.711364 valueNorm: 5 stepSize: 0.001 Win Time: 1039.88
Evaluation score: 87.9704
