Training control Time: 1715011497
Hyperparameters: numRollouts: 1 batchSize: 0 numEpochs: 1 numIter: 100000 evalPeriod: 400 savePeriod: 400 alpha: 0.001000 GAEParam: 0.950000 
Iteration 400 Time: 220 Score: -1.28678 Size: 6.96758 Loss: 0.623441 Win: 0 valueNorm: 5 stepSize: 0.001
Iteration 800 Time: 472 Score: 2.0475 Size: 7.9275 Loss: 0.3875 Win: 0 valueNorm: 5 stepSize: 0.001
Iteration 1200 Time: 727 Score: 3.645 Size: 9.2525 Loss: 0.36 Win: 0 valueNorm: 5 stepSize: 0.001
Iteration 1600 Time: 982 Score: 5.495 Size: 10.905 Loss: 0.34 Win: 0 valueNorm: 5 stepSize: 0.001
Iteration 2000 Time: 1238 Score: 6.75 Size: 11.9875 Loss: 0.3225 Win: 0 valueNorm: 5 stepSize: 0.001
Iteration 2400 Time: 1517 Score: 8.475 Size: 13.1575 Loss: 0.2675 Win: 0 valueNorm: 5 stepSize: 0.001
Iteration 2800 Time: 1787 Score: 9.27 Size: 14.445 Loss: 0.315 Win: 0 valueNorm: 5 stepSize: 0.001
Iteration 3200 Time: 2059 Score: 10.5325 Size: 15.7775 Loss: 0.3225 Win: 0 valueNorm: 5 stepSize: 0.001
Iteration 3600 Time: 2314 Score: 11.98 Size: 18.0275 Loss: 0.4025 Win: 0 valueNorm: 5 stepSize: 0.001
Iteration 4000 Time: 2558 Score: 13.08 Size: 19.9225 Loss: 0.48 Win: 0 valueNorm: 5 stepSize: 0.001
Iteration 4400 Time: 2788 Score: 12.7225 Size: 20.5575 Loss: 0.58 Win: 0 valueNorm: 5 stepSize: 0.001
Iteration 4800 Time: 3011 Score: 13.2725 Size: 21.8675 Loss: 0.655 Win: 0 valueNorm: 5 stepSize: 0.001
Iteration 5200 Time: 3238 Score: 14.8375 Size: 23.9825 Loss: 0.71 Win: 0 valueNorm: 5 stepSize: 0.001
Iteration 5600 Time: 3474 Score: 17.4125 Size: 26.15 Loss: 0.67 Win: 0 valueNorm: 5 stepSize: 0.001
Iteration 6000 Time: 3712 Score: 20.005 Size: 28.305 Loss: 0.6275 Win: 0 valueNorm: 5 stepSize: 0.001
Iteration 6400 Time: 3955 Score: 23.3325 Size: 31.7175 Loss: 0.635 Win: 0 valueNorm: 5 stepSize: 0.001
Iteration 6800 Time: 4194 Score: 25.5125 Size: 34.285 Loss: 0.6725 Win: 0 valueNorm: 5 stepSize: 0.001
Iteration 7200 Time: 4444 Score: 29.8425 Size: 38.0525 Loss: 0.6175 Win: 0 valueNorm: 5 stepSize: 0.001
Iteration 7600 Time: 4695 Score: 33.1525 Size: 40.9375 Loss: 0.575 Win: 0 valueNorm: 5 stepSize: 0.001
Iteration 8000 Time: 4933 Score: 35.5475 Size: 42.8775 Loss: 0.53 Win: 0 valueNorm: 5 stepSize: 0.001
Iteration 8400 Time: 5176 Score: 38.6725 Size: 45.875 Loss: 0.5175 Win: 0 valueNorm: 5 stepSize: 0.001
Iteration 8800 Time: 5421 Score: 41.4325 Size: 48.72 Loss: 0.525 Win: 0 valueNorm: 5 stepSize: 0.001
Iteration 9200 Time: 5667 Score: 43.5225 Size: 50.565 Loss: 0.5 Win: 0 valueNorm: 5 stepSize: 0.001
Iteration 9600 Time: 5915 Score: 44.4375 Size: 50.8825 Loss: 0.4425 Win: 0 valueNorm: 5 stepSize: 0.001
Iteration 10000 Time: 6169 Score: 45.7425 Size: 51.9975 Loss: 0.4225 Win: 0 valueNorm: 5 stepSize: 0.001
Iteration 10400 Time: 6417 Score: 47.5425 Size: 53.615 Loss: 0.405 Win: 0 valueNorm: 5 stepSize: 0.001
Iteration 10800 Time: 6668 Score: 48.255 Size: 54.1875 Loss: 0.39 Win: 0 valueNorm: 5 stepSize: 0.001
Iteration 11200 Time: 6917 Score: 49.78 Size: 55.36 Loss: 0.355 Win: 0 valueNorm: 5 stepSize: 0.001
Iteration 11600 Time: 7163 Score: 49.695 Size: 55.325 Loss: 0.36 Win: 0 valueNorm: 5 stepSize: 0.001
Iteration 12000 Time: 7411 Score: 50.8325 Size: 56.505 Loss: 0.365 Win: 0 valueNorm: 5 stepSize: 0.001
Iteration 12400 Time: 7660 Score: 50.775 Size: 56.6 Loss: 0.38 Win: 0 valueNorm: 5 stepSize: 0.001
Iteration 12800 Time: 7905 Score: 49.6775 Size: 55.48 Loss: 0.3775 Win: 0 valueNorm: 5 stepSize: 0.001
Iteration 13200 Time: 8155 Score: 51.6825 Size: 57.145 Loss: 0.3425 Win: 0 valueNorm: 5 stepSize: 0.001
Iteration 13600 Time: 8405 Score: 51.555 Size: 56.8525 Loss: 0.3275 Win: 0 valueNorm: 5 stepSize: 0.001
Iteration 14000 Time: 8657 Score: 53.59 Size: 58.975 Loss: 0.335 Win: 0 valueNorm: 5 stepSize: 0.001
Iteration 14400 Time: 8903 Score: 51.415 Size: 57.12 Loss: 0.3675 Win: 0 valueNorm: 5 stepSize: 0.001
Iteration 14800 Time: 9151 Score: 52.7025 Size: 58.4 Loss: 0.3675 Win: 0 valueNorm: 5 stepSize: 0.001
Iteration 15200 Time: 9400 Score: 53.08 Size: 58.57 Loss: 0.3475 Win: 0 valueNorm: 5 stepSize: 0.001
Iteration 15600 Time: 9648 Score: 53.295 Size: 58.6775 Loss: 0.335 Win: 0 valueNorm: 5 stepSize: 0.001
Iteration 16000 Time: 9897 Score: 53.8875 Size: 59.14 Loss: 0.3225 Win: 0 valueNorm: 5 stepSize: 0.001
Iteration 16400 Time: 10144 Score: 53.19 Size: 58.6875 Loss: 0.3475 Win: 0 valueNorm: 5 stepSize: 0.001
Iteration 16800 Time: 10396 Score: 53.725 Size: 59.145 Loss: 0.3375 Win: 0 valueNorm: 5 stepSize: 0.001
Iteration 17200 Time: 10653 Score: 53.0225 Size: 58.335 Loss: 0.3275 Win: 0 valueNorm: 5 stepSize: 0.001
Iteration 17600 Time: 10917 Score: 54.445 Size: 59.4375 Loss: 0.295 Win: 0 valueNorm: 5 stepSize: 0.001
Iteration 18000 Time: 11174 Score: 53.2875 Size: 58.5775 Loss: 0.3275 Win: 0 valueNorm: 5 stepSize: 0.001
Iteration 18400 Time: 11440 Score: 54.6325 Size: 59.7725 Loss: 0.3125 Win: 0 valueNorm: 5 stepSize: 0.001
Iteration 18800 Time: 11702 Score: 54.29 Size: 59.5925 Loss: 0.3275 Win: 0 valueNorm: 5 stepSize: 0.001
Iteration 19200 Time: 11969 Score: 55.53 Size: 60.43 Loss: 0.2875 Win: 0 valueNorm: 5 stepSize: 0.001
Iteration 19600 Time: 12230 Score: 54.94 Size: 59.885 Loss: 0.29 Win: 0 valueNorm: 5 stepSize: 0.001
Iteration 20000 Time: 12501 Score: 56.645 Size: 61.56 Loss: 0.29 Win: 0 valueNorm: 5 stepSize: 0.001
Iteration 20400 Time: 12766 Score: 55.67 Size: 60.625 Loss: 0.2925 Win: 0 valueNorm: 5 stepSize: 0.001
Iteration 20800 Time: 13030 Score: 55.7925 Size: 60.9025 Loss: 0.3075 Win: 0 valueNorm: 5 stepSize: 0.001
Iteration 21200 Time: 13294 Score: 55.72 Size: 60.63 Loss: 0.2875 Win: 0 valueNorm: 5 stepSize: 0.001
Iteration 21600 Time: 13566 Score: 57.345 Size: 61.7325 Loss: 0.2375 Win: 0 valueNorm: 5 stepSize: 0.001
Iteration 22000 Time: 13833 Score: 56.9775 Size: 61.6925 Loss: 0.2675 Win: 0 valueNorm: 5 stepSize: 0.001
Iteration 22400 Time: 14097 Score: 55.61 Size: 60.34 Loss: 0.27 Win: 0 valueNorm: 5 stepSize: 0.001
Iteration 22800 Time: 14350 Score: 54.445 Size: 59.6775 Loss: 0.32 Win: 0 valueNorm: 5 stepSize: 0.001
Iteration 23200 Time: 14598 Score: 55.42 Size: 60.535 Loss: 0.3075 Win: 0 valueNorm: 5 stepSize: 0.001
Iteration 23600 Time: 14847 Score: 55.865 Size: 60.695 Loss: 0.28 Win: 0 valueNorm: 5 stepSize: 0.001
Iteration 24000 Time: 15094 Score: 55.9475 Size: 61.1775 Loss: 0.32 Win: 0 valueNorm: 5 stepSize: 0.001
Iteration 24400 Time: 15346 Score: 57.455 Size: 62.0475 Loss: 0.2575 Win: 0 valueNorm: 5 stepSize: 0.001
Iteration 24800 Time: 15598 Score: 57.235 Size: 62.0875 Loss: 0.2825 Win: 0 valueNorm: 5 stepSize: 0.001
Iteration 25200 Time: 15846 Score: 55.1775 Size: 60.53 Loss: 0.3325 Win: 0 valueNorm: 5 stepSize: 0.001
Iteration 25600 Time: 16095 Score: 56.375 Size: 61.5175 Loss: 0.3125 Win: 0 valueNorm: 5 stepSize: 0.001
Iteration 26000 Time: 16343 Score: 56.845 Size: 61.775 Loss: 0.29 Win: 0 valueNorm: 5 stepSize: 0.001
Iteration 26400 Time: 16592 Score: 55.8175 Size: 61.4175 Loss: 0.3575 Win: 0 valueNorm: 5 stepSize: 0.001
Iteration 26800 Time: 16856 Score: 57.91 Size: 62.765 Loss: 0.2825 Win: 0 valueNorm: 5 stepSize: 0.001
Iteration 27200 Time: 17112 Score: 56.53 Size: 61.41 Loss: 0.285 Win: 0 valueNorm: 5 stepSize: 0.001
Iteration 27600 Time: 17376 Score: 57.52 Size: 62.45 Loss: 0.2875 Win: 0 valueNorm: 5 stepSize: 0.001
Iteration 28000 Time: 17642 Score: 59.2625 Size: 63.6825 Loss: 0.24 Win: 0 valueNorm: 5 stepSize: 0.001
Iteration 28400 Time: 17905 Score: 58.74 Size: 63.5675 Loss: 0.28 Win: 0 valueNorm: 5 stepSize: 0.001
Iteration 28800 Time: 18165 Score: 57.075 Size: 61.8825 Loss: 0.2775 Win: 0 valueNorm: 5 stepSize: 0.001
Iteration 29200 Time: 18425 Score: 56.885 Size: 61.8875 Loss: 0.2975 Win: 0 valueNorm: 5 stepSize: 0.001
Iteration 29600 Time: 18690 Score: 58.6075 Size: 63.265 Loss: 0.2625 Win: 0 valueNorm: 5 stepSize: 0.001
Iteration 30000 Time: 18949 Score: 58.5525 Size: 63.585 Loss: 0.3 Win: 0 valueNorm: 5 stepSize: 0.001
Iteration 30400 Time: 19201 Score: 58.5225 Size: 63.5325 Loss: 0.2975 Win: 0 valueNorm: 5 stepSize: 0.001
Iteration 30800 Time: 19453 Score: 58.95 Size: 63.6725 Loss: 0.2675 Win: 0 valueNorm: 5 stepSize: 0.001
Iteration 31200 Time: 19709 Score: 59.305 Size: 64.08 Loss: 0.275 Win: 0 valueNorm: 5 stepSize: 0.001
Iteration 31600 Time: 19959 Score: 58.2725 Size: 63.015 Loss: 0.2725 Win: 0 valueNorm: 5 stepSize: 0.001
Iteration 32000 Time: 20210 Score: 58.185 Size: 63.245 Loss: 0.3025 Win: 0 valueNorm: 5 stepSize: 0.001
Iteration 32400 Time: 20452 Score: 56.3125 Size: 61.9175 Loss: 0.3575 Win: 0 valueNorm: 5 stepSize: 0.001
Iteration 32800 Time: 20702 Score: 59.5325 Size: 64.0825 Loss: 0.2525 Win: 0 valueNorm: 5 stepSize: 0.001
Iteration 33200 Time: 20952 Score: 59.3725 Size: 64.2525 Loss: 0.285 Win: 0 valueNorm: 5 stepSize: 0.001
Iteration 33600 Time: 21202 Score: 59.175 Size: 64.08 Loss: 0.29 Win: 0.0025 valueNorm: 5 stepSize: 0.001 Win Time: 1133
Iteration 34000 Time: 21457 Score: 60.605 Size: 65.36 Loss: 0.2725 Win: 0 valueNorm: 5 stepSize: 0.001
Iteration 34400 Time: 21708 Score: 59.97 Size: 64.88 Loss: 0.2875 Win: 0 valueNorm: 5 stepSize: 0.001
Iteration 34800 Time: 21960 Score: 59.7825 Size: 64.5975 Loss: 0.2775 Win: 0 valueNorm: 5 stepSize: 0.001
Iteration 35200 Time: 22211 Score: 59.83 Size: 64.63 Loss: 0.2775 Win: 0 valueNorm: 5 stepSize: 0.001
Iteration 35600 Time: 22466 Score: 61.3725 Size: 66.0875 Loss: 0.2725 Win: 0.005 valueNorm: 5 stepSize: 0.001 Win Time: 1188
Iteration 36000 Time: 22718 Score: 60.5225 Size: 65.175 Loss: 0.2625 Win: 0 valueNorm: 5 stepSize: 0.001
Iteration 36400 Time: 22964 Score: 59.13 Size: 64.1975 Loss: 0.3025 Win: 0 valueNorm: 5 stepSize: 0.001
Iteration 36800 Time: 23218 Score: 60.5125 Size: 65.255 Loss: 0.27 Win: 0 valueNorm: 5 stepSize: 0.001
Iteration 37200 Time: 23470 Score: 59.9175 Size: 64.775 Loss: 0.2825 Win: 0 valueNorm: 5 stepSize: 0.001
Iteration 37600 Time: 23725 Score: 60.1375 Size: 65.5625 Loss: 0.3375 Win: 0 valueNorm: 5 stepSize: 0.001
Iteration 38000 Time: 23985 Score: 61.1775 Size: 65.7775 Loss: 0.26 Win: 0.0025 valueNorm: 5 stepSize: 0.001 Win Time: 1157
Iteration 38400 Time: 24241 Score: 61.8525 Size: 66.37 Loss: 0.255 Win: 0.0075 valueNorm: 5 stepSize: 0.001 Win Time: 1179.33
Iteration 38800 Time: 24497 Score: 59.92 Size: 64.7275 Loss: 0.2775 Win: 0 valueNorm: 5 stepSize: 0.001
Iteration 39200 Time: 24757 Score: 61.4075 Size: 66.12 Loss: 0.2675 Win: 0 valueNorm: 5 stepSize: 0.001
Iteration 39600 Time: 25014 Score: 60.305 Size: 64.99 Loss: 0.265 Win: 0 valueNorm: 5 stepSize: 0.001
Iteration 40000 Time: 25262 Score: 58.35 Size: 63.845 Loss: 0.3475 Win: 0.0025 valueNorm: 5 stepSize: 0.001 Win Time: 1167
Iteration 40400 Time: 25514 Score: 59.9725 Size: 64.8125 Loss: 0.28 Win: 0 valueNorm: 5 stepSize: 0.001
Iteration 40800 Time: 25765 Score: 59.945 Size: 65.1825 Loss: 0.32 Win: 0 valueNorm: 5 stepSize: 0.001
Iteration 41200 Time: 26014 Score: 59.6 Size: 64.79 Loss: 0.3175 Win: 0 valueNorm: 5 stepSize: 0.001
Iteration 41600 Time: 26271 Score: 60.3325 Size: 65.6525 Loss: 0.3275 Win: 0 valueNorm: 5 stepSize: 0.001
Iteration 42000 Time: 26521 Score: 60.1225 Size: 65.3175 Loss: 0.315 Win: 0 valueNorm: 5 stepSize: 0.001
Iteration 42400 Time: 26778 Score: 61.0225 Size: 66.495 Loss: 0.3425 Win: 0 valueNorm: 5 stepSize: 0.001
Iteration 42800 Time: 27028 Score: 59.585 Size: 65.155 Loss: 0.3525 Win: 0 valueNorm: 5 stepSize: 0.001
Iteration 43200 Time: 27280 Score: 60.035 Size: 65.655 Loss: 0.3575 Win: 0 valueNorm: 5 stepSize: 0.001
Iteration 43600 Time: 27534 Score: 60.5725 Size: 65.7825 Loss: 0.3175 Win: 0 valueNorm: 5 stepSize: 0.001
Iteration 44000 Time: 27792 Score: 62.16 Size: 67.0525 Loss: 0.285 Win: 0 valueNorm: 5 stepSize: 0.001
Iteration 44400 Time: 28051 Score: 62.4425 Size: 67.6375 Loss: 0.315 Win: 0 valueNorm: 5 stepSize: 0.001
Iteration 44800 Time: 28301 Score: 61.045 Size: 66.2975 Loss: 0.325 Win: 0.005 valueNorm: 5 stepSize: 0.001 Win Time: 1141
Iteration 45200 Time: 28556 Score: 62.7625 Size: 67.7925 Loss: 0.305 Win: 0.0075 valueNorm: 5 stepSize: 0.001 Win Time: 1181
Iteration 45600 Time: 28814 Score: 63.115 Size: 68.135 Loss: 0.3 Win: 0.0025 valueNorm: 5 stepSize: 0.001 Win Time: 1121
Iteration 46000 Time: 29069 Score: 62.9475 Size: 67.87 Loss: 0.2925 Win: 0.005 valueNorm: 5 stepSize: 0.001 Win Time: 1168
Iteration 46400 Time: 29327 Score: 63.855 Size: 68.6575 Loss: 0.28 Win: 0.005 valueNorm: 5 stepSize: 0.001 Win Time: 1121.5
Iteration 46800 Time: 29574 Score: 60.77 Size: 66.265 Loss: 0.345 Win: 0 valueNorm: 5 stepSize: 0.001
Iteration 47200 Time: 29828 Score: 62.3625 Size: 67.575 Loss: 0.3225 Win: 0.005 valueNorm: 5 stepSize: 0.001 Win Time: 1130.5
Iteration 47600 Time: 30083 Score: 63.565 Size: 68.72 Loss: 0.3125 Win: 0 valueNorm: 5 stepSize: 0.001
Iteration 48000 Time: 30341 Score: 64.14 Size: 68.62 Loss: 0.265 Win: 0.0225 valueNorm: 5 stepSize: 0.001 Win Time: 1161.67
Iteration 48400 Time: 30586 Score: 62.4525 Size: 67.43 Loss: 0.335 Win: 0.0475 valueNorm: 5 stepSize: 0.001 Win Time: 1166.79
Iteration 48800 Time: 30834 Score: 61.715 Size: 66.8925 Loss: 0.325 Win: 0.0125 valueNorm: 5 stepSize: 0.001 Win Time: 1188
Iteration 49200 Time: 31081 Score: 60.21 Size: 66.01 Loss: 0.38 Win: 0.005 valueNorm: 5 stepSize: 0.001 Win Time: 1095
Iteration 49600 Time: 31342 Score: 64.975 Size: 69.7425 Loss: 0.2825 Win: 0.01 valueNorm: 5 stepSize: 0.001 Win Time: 1172.5
Iteration 50000 Time: 31600 Score: 64.8825 Size: 69.6325 Loss: 0.2775 Win: 0.0075 valueNorm: 5 stepSize: 0.001 Win Time: 1183
Iteration 50400 Time: 31854 Score: 63.4925 Size: 68.485 Loss: 0.3025 Win: 0.0075 valueNorm: 5 stepSize: 0.001 Win Time: 1147.33
Iteration 50800 Time: 32106 Score: 64.24 Size: 69.07 Loss: 0.2875 Win: 0.0075 valueNorm: 5 stepSize: 0.001 Win Time: 1160.33
Iteration 51200 Time: 32363 Score: 64.39 Size: 69.1575 Loss: 0.2775 Win: 0.005 valueNorm: 5 stepSize: 0.001 Win Time: 1083
Iteration 51600 Time: 32618 Score: 64.57 Size: 69.4475 Loss: 0.3 Win: 0.0175 valueNorm: 5 stepSize: 0.001 Win Time: 1160.14
Iteration 52000 Time: 32873 Score: 64.6125 Size: 69.35 Loss: 0.2825 Win: 0.015 valueNorm: 5 stepSize: 0.001 Win Time: 1157.83
Iteration 52400 Time: 33134 Score: 67.895 Size: 72.0075 Loss: 0.2525 Win: 0.05 valueNorm: 5 stepSize: 0.001 Win Time: 1172.6
Iteration 52800 Time: 33387 Score: 65.06 Size: 69.6375 Loss: 0.27 Win: 0.0175 valueNorm: 5 stepSize: 0.001 Win Time: 1137.57
Iteration 53200 Time: 33634 Score: 63.5375 Size: 69.11 Loss: 0.375 Win: 0.025 valueNorm: 5 stepSize: 0.001 Win Time: 1142.7
Iteration 53600 Time: 33892 Score: 66.225 Size: 71.195 Loss: 0.305 Win: 0.0125 valueNorm: 5 stepSize: 0.001 Win Time: 1134.4
Iteration 54000 Time: 34140 Score: 64.25 Size: 69.165 Loss: 0.31 Win: 0.025 valueNorm: 5 stepSize: 0.001 Win Time: 1154.3
Iteration 54400 Time: 34384 Score: 63.0875 Size: 68.3675 Loss: 0.35 Win: 0.03 valueNorm: 5 stepSize: 0.001 Win Time: 1146.83
Iteration 54800 Time: 34635 Score: 65.435 Size: 70.1175 Loss: 0.315 Win: 0.0575 valueNorm: 5 stepSize: 0.001 Win Time: 1151.52
Iteration 55200 Time: 34885 Score: 66.3325 Size: 70.7775 Loss: 0.2925 Win: 0.06 valueNorm: 5 stepSize: 0.001 Win Time: 1127.5
Iteration 55600 Time: 35137 Score: 67.4525 Size: 71.705 Loss: 0.3 Win: 0.0875 valueNorm: 5 stepSize: 0.001 Win Time: 1150.57
Iteration 56000 Time: 35392 Score: 69.785 Size: 73.0825 Loss: 0.2225 Win: 0.1075 valueNorm: 5 stepSize: 0.001 Win Time: 1142.51
Iteration 56400 Time: 35647 Score: 67.255 Size: 71.275 Loss: 0.265 Win: 0.075 valueNorm: 5 stepSize: 0.001 Win Time: 1159.83
Iteration 56800 Time: 35903 Score: 67.995 Size: 72.2625 Loss: 0.27 Win: 0.0525 valueNorm: 5 stepSize: 0.001 Win Time: 1135.33
Iteration 57200 Time: 36155 Score: 68.4725 Size: 72.25 Loss: 0.25 Win: 0.085 valueNorm: 5 stepSize: 0.001 Win Time: 1143.5
Iteration 57600 Time: 36410 Score: 68.975 Size: 73.26 Loss: 0.2925 Win: 0.075 valueNorm: 5 stepSize: 0.001 Win Time: 1149.2
Iteration 58000 Time: 36649 Score: 65.1075 Size: 69.565 Loss: 0.3275 Win: 0.095 valueNorm: 5 stepSize: 0.001 Win Time: 1141.89
Iteration 58400 Time: 36897 Score: 64.5925 Size: 69.26 Loss: 0.295 Win: 0.035 valueNorm: 5 stepSize: 0.001 Win Time: 1173.5
Iteration 58800 Time: 37144 Score: 67.835 Size: 71.7525 Loss: 0.27 Win: 0.0925 valueNorm: 5 stepSize: 0.001 Win Time: 1150
Iteration 59200 Time: 37399 Score: 71.955 Size: 75.085 Loss: 0.2525 Win: 0.1575 valueNorm: 5 stepSize: 0.001 Win Time: 1138.35
Iteration 59600 Time: 37641 Score: 67.285 Size: 71.5525 Loss: 0.3175 Win: 0.1075 valueNorm: 5 stepSize: 0.001 Win Time: 1135.56
Iteration 60000 Time: 37888 Score: 66.5775 Size: 71.1275 Loss: 0.325 Win: 0.0825 valueNorm: 5 stepSize: 0.001 Win Time: 1136.67
Iteration 60400 Time: 38141 Score: 72.2425 Size: 75.44 Loss: 0.26 Win: 0.1625 valueNorm: 5 stepSize: 0.001 Win Time: 1142.92
Iteration 60800 Time: 38388 Score: 69.98 Size: 73.29 Loss: 0.255 Win: 0.1425 valueNorm: 5 stepSize: 0.001 Win Time: 1136.37
Iteration 61200 Time: 38645 Score: 75.0725 Size: 77.405 Loss: 0.2 Win: 0.1875 valueNorm: 5 stepSize: 0.001 Win Time: 1135.69
Iteration 61600 Time: 38899 Score: 73.255 Size: 75.99 Loss: 0.2275 Win: 0.175 valueNorm: 5 stepSize: 0.001 Win Time: 1145.2
Iteration 62000 Time: 39150 Score: 71.82 Size: 75.1375 Loss: 0.25 Win: 0.135 valueNorm: 5 stepSize: 0.001 Win Time: 1138.31
Iteration 62400 Time: 39406 Score: 75.5675 Size: 77.7325 Loss: 0.2125 Win: 0.22 valueNorm: 5 stepSize: 0.001 Win Time: 1142.67
Iteration 62800 Time: 39660 Score: 73.4275 Size: 76.1275 Loss: 0.22 Win: 0.17 valueNorm: 5 stepSize: 0.001 Win Time: 1137.82
Iteration 63200 Time: 39917 Score: 74.1325 Size: 76.6575 Loss: 0.205 Win: 0.1725 valueNorm: 5 stepSize: 0.001 Win Time: 1139.28
Iteration 63600 Time: 40176 Score: 72.155 Size: 75.3325 Loss: 0.26 Win: 0.1625 valueNorm: 5 stepSize: 0.001 Win Time: 1147.62
Iteration 64000 Time: 40438 Score: 74.5925 Size: 77.1475 Loss: 0.2225 Win: 0.19 valueNorm: 5 stepSize: 0.001 Win Time: 1141.87
Iteration 64400 Time: 40693 Score: 70.8625 Size: 74.1225 Loss: 0.2625 Win: 0.155 valueNorm: 5 stepSize: 0.001 Win Time: 1128.34
Iteration 64800 Time: 40959 Score: 76.5625 Size: 78.65 Loss: 0.215 Win: 0.2325 valueNorm: 5 stepSize: 0.001 Win Time: 1135.84
Iteration 65200 Time: 41209 Score: 67.3925 Size: 71.9575 Loss: 0.35 Win: 0.1075 valueNorm: 5 stepSize: 0.001 Win Time: 1142.86
Iteration 65600 Time: 41463 Score: 69.665 Size: 73.2175 Loss: 0.285 Win: 0.1475 valueNorm: 5 stepSize: 0.001 Win Time: 1145.8
Iteration 66000 Time: 41724 Score: 73.96 Size: 76.68 Loss: 0.235 Win: 0.185 valueNorm: 5 stepSize: 0.001 Win Time: 1136.16
Iteration 66400 Time: 41983 Score: 72.17 Size: 75.29 Loss: 0.25 Win: 0.1575 valueNorm: 5 stepSize: 0.001 Win Time: 1141.7
Iteration 66800 Time: 42233 Score: 72.9575 Size: 75.735 Loss: 0.275 Win: 0.225 valueNorm: 5 stepSize: 0.001 Win Time: 1139.84
Iteration 67200 Time: 42482 Score: 70.5225 Size: 74.065 Loss: 0.32 Win: 0.1875 valueNorm: 5 stepSize: 0.001 Win Time: 1148.43
Iteration 67600 Time: 42736 Score: 72.2725 Size: 75.3475 Loss: 0.285 Win: 0.2025 valueNorm: 5 stepSize: 0.001 Win Time: 1136.38
Iteration 68000 Time: 42996 Score: 73.825 Size: 76.63 Loss: 0.2525 Win: 0.195 valueNorm: 5 stepSize: 0.001 Win Time: 1139.19
Iteration 68400 Time: 43260 Score: 79.4375 Size: 80.9625 Loss: 0.2025 Win: 0.2825 valueNorm: 5 stepSize: 0.001 Win Time: 1139.19
Iteration 68800 Time: 43507 Score: 71.855 Size: 75.6 Loss: 0.3375 Win: 0.1875 valueNorm: 5 stepSize: 0.001 Win Time: 1134.03
Iteration 69200 Time: 43756 Score: 72.37 Size: 75.765 Loss: 0.28 Win: 0.16 valueNorm: 5 stepSize: 0.001 Win Time: 1132.89
Iteration 69600 Time: 44005 Score: 73.9675 Size: 76.945 Loss: 0.2825 Win: 0.21 valueNorm: 5 stepSize: 0.001 Win Time: 1138.25
Iteration 70000 Time: 44253 Score: 77.3825 Size: 79.015 Loss: 0.245 Win: 0.3175 valueNorm: 5 stepSize: 0.001 Win Time: 1130.46
Iteration 70400 Time: 44508 Score: 76.6425 Size: 78.85 Loss: 0.235 Win: 0.2425 valueNorm: 5 stepSize: 0.001 Win Time: 1135.26
Iteration 70800 Time: 44759 Score: 75.5125 Size: 77.72 Loss: 0.2325 Win: 0.2375 valueNorm: 5 stepSize: 0.001 Win Time: 1133.25
Iteration 71200 Time: 45016 Score: 79.365 Size: 80.9125 Loss: 0.2075 Win: 0.285 valueNorm: 5 stepSize: 0.001 Win Time: 1132.24
Iteration 71600 Time: 45271 Score: 77.4775 Size: 79.41 Loss: 0.2125 Win: 0.2475 valueNorm: 5 stepSize: 0.001 Win Time: 1134.25
Iteration 72000 Time: 45529 Score: 76.395 Size: 78.61 Loss: 0.2475 Win: 0.2575 valueNorm: 5 stepSize: 0.001 Win Time: 1133.21
Iteration 72400 Time: 45788 Score: 78.9925 Size: 80.655 Loss: 0.205 Win: 0.27 valueNorm: 5 stepSize: 0.001 Win Time: 1136.57
Iteration 72800 Time: 46043 Score: 75.47 Size: 78.1175 Loss: 0.235 Win: 0.1925 valueNorm: 5 stepSize: 0.001 Win Time: 1139.94
Iteration 73200 Time: 46303 Score: 77.13 Size: 79.22 Loss: 0.205 Win: 0.2225 valueNorm: 5 stepSize: 0.001 Win Time: 1138.28
Iteration 73600 Time: 46562 Score: 77.1825 Size: 79.2475 Loss: 0.205 Win: 0.225 valueNorm: 5 stepSize: 0.001 Win Time: 1135.96
Iteration 74000 Time: 46814 Score: 76.9875 Size: 79.045 Loss: 0.2375 Win: 0.2625 valueNorm: 5 stepSize: 0.001 Win Time: 1129.53
Iteration 74400 Time: 47068 Score: 77.5725 Size: 79.3075 Loss: 0.2375 Win: 0.2975 valueNorm: 5 stepSize: 0.001 Win Time: 1137.36
Iteration 74800 Time: 47319 Score: 79.385 Size: 80.455 Loss: 0.215 Win: 0.345 valueNorm: 5 stepSize: 0.001 Win Time: 1124.28
Iteration 75200 Time: 47576 Score: 78.7525 Size: 80.325 Loss: 0.2075 Win: 0.2825 valueNorm: 5 stepSize: 0.001 Win Time: 1134.85
Iteration 75600 Time: 47827 Score: 76.2875 Size: 78.2625 Loss: 0.25 Win: 0.285 valueNorm: 5 stepSize: 0.001 Win Time: 1132.62
Iteration 76000 Time: 48078 Score: 76.7625 Size: 78.5825 Loss: 0.2225 Win: 0.27 valueNorm: 5 stepSize: 0.001 Win Time: 1137.32
Iteration 76400 Time: 48334 Score: 76.855 Size: 79.2375 Loss: 0.2375 Win: 0.225 valueNorm: 5 stepSize: 0.001 Win Time: 1141.43
Iteration 76800 Time: 48587 Score: 77.1775 Size: 78.975 Loss: 0.22 Win: 0.27 valueNorm: 5 stepSize: 0.001 Win Time: 1137.79
Iteration 77200 Time: 48845 Score: 79.7375 Size: 81.5725 Loss: 0.2425 Win: 0.2925 valueNorm: 5 stepSize: 0.001 Win Time: 1129.81
Iteration 77600 Time: 49101 Score: 76.99 Size: 78.9975 Loss: 0.2325 Win: 0.26 valueNorm: 5 stepSize: 0.001 Win Time: 1132.08
Iteration 78000 Time: 49361 Score: 81.27 Size: 82.38 Loss: 0.19 Win: 0.315 valueNorm: 5 stepSize: 0.001 Win Time: 1128.44
Iteration 78400 Time: 49611 Score: 79.51 Size: 80.5 Loss: 0.22 Win: 0.36 valueNorm: 5 stepSize: 0.001 Win Time: 1127.47
Iteration 78800 Time: 49864 Score: 79.3125 Size: 80.74 Loss: 0.235 Win: 0.33 valueNorm: 5 stepSize: 0.001 Win Time: 1126.41
Iteration 79200 Time: 50115 Score: 79.315 Size: 80.585 Loss: 0.2175 Win: 0.3275 valueNorm: 5 stepSize: 0.001 Win Time: 1128.14
Iteration 79600 Time: 50370 Score: 77.6025 Size: 79.5125 Loss: 0.225 Win: 0.2625 valueNorm: 5 stepSize: 0.001 Win Time: 1138.97
Iteration 80000 Time: 50622 Score: 80.755 Size: 81.675 Loss: 0.215 Win: 0.3625 valueNorm: 5 stepSize: 0.001 Win Time: 1126.73
Iteration 80400 Time: 50876 Score: 81.1125 Size: 81.9575 Loss: 0.2125 Win: 0.3675 valueNorm: 5 stepSize: 0.001 Win Time: 1124.87
Iteration 80800 Time: 51128 Score: 79.685 Size: 80.8125 Loss: 0.22 Win: 0.345 valueNorm: 5 stepSize: 0.001 Win Time: 1126.28
Iteration 81200 Time: 51383 Score: 80.9375 Size: 82.0875 Loss: 0.2225 Win: 0.345 valueNorm: 5 stepSize: 0.001 Win Time: 1125.33
Iteration 81600 Time: 51637 Score: 80.405 Size: 81.23 Loss: 0.195 Win: 0.35 valueNorm: 5 stepSize: 0.001 Win Time: 1130.2
Iteration 82000 Time: 51887 Score: 77.6275 Size: 79.2675 Loss: 0.2325 Win: 0.3025 valueNorm: 5 stepSize: 0.001 Win Time: 1129.31
Iteration 82400 Time: 52137 Score: 81.32 Size: 81.9425 Loss: 0.21 Win: 0.39 valueNorm: 5 stepSize: 0.001 Win Time: 1113.97
Iteration 82800 Time: 52391 Score: 78.9725 Size: 80.4675 Loss: 0.2175 Win: 0.3 valueNorm: 5 stepSize: 0.001 Win Time: 1130.73
Iteration 83200 Time: 52643 Score: 79.165 Size: 80.5575 Loss: 0.225 Win: 0.3225 valueNorm: 5 stepSize: 0.001 Win Time: 1133.1
Iteration 83600 Time: 52896 Score: 80.1075 Size: 81.245 Loss: 0.2175 Win: 0.34 valueNorm: 5 stepSize: 0.001 Win Time: 1118.9
Iteration 84000 Time: 53149 Score: 79.46 Size: 80.95 Loss: 0.23 Win: 0.315 valueNorm: 5 stepSize: 0.001 Win Time: 1121.79
Iteration 84400 Time: 53402 Score: 80.165 Size: 81.3425 Loss: 0.2325 Win: 0.355 valueNorm: 5 stepSize: 0.001 Win Time: 1130.75
Iteration 84800 Time: 53657 Score: 81.8525 Size: 82.4475 Loss: 0.1975 Win: 0.3775 valueNorm: 5 stepSize: 0.001 Win Time: 1122.32
Iteration 85200 Time: 53906 Score: 74.86 Size: 77.5 Loss: 0.27 Win: 0.2325 valueNorm: 5 stepSize: 0.001 Win Time: 1133.4
Iteration 85600 Time: 54158 Score: 78.87 Size: 80.425 Loss: 0.2375 Win: 0.3175 valueNorm: 5 stepSize: 0.001 Win Time: 1136.13
Iteration 86000 Time: 54402 Score: 74.8825 Size: 77.5525 Loss: 0.3025 Win: 0.2675 valueNorm: 5 stepSize: 0.001 Win Time: 1125.06
Iteration 86400 Time: 54660 Score: 81.275 Size: 82.495 Loss: 0.225 Win: 0.34 valueNorm: 5 stepSize: 0.001 Win Time: 1128.6
Iteration 86800 Time: 54914 Score: 79.6975 Size: 81.08 Loss: 0.2225 Win: 0.32 valueNorm: 5 stepSize: 0.001 Win Time: 1129.55
Iteration 87200 Time: 55172 Score: 83.3975 Size: 83.7875 Loss: 0.1875 Win: 0.3925 valueNorm: 5 stepSize: 0.001 Win Time: 1130.92
Iteration 87600 Time: 55423 Score: 81.2325 Size: 81.94 Loss: 0.2125 Win: 0.3825 valueNorm: 5 stepSize: 0.001 Win Time: 1114.95
Iteration 88000 Time: 55671 Score: 79.2825 Size: 80.4325 Loss: 0.245 Win: 0.37 valueNorm: 5 stepSize: 0.001 Win Time: 1127.4
Iteration 88400 Time: 55914 Score: 78.76 Size: 80.2825 Loss: 0.275 Win: 0.365 valueNorm: 5 stepSize: 0.001 Win Time: 1125.28
Iteration 88800 Time: 56160 Score: 79.4675 Size: 80.7875 Loss: 0.25 Win: 0.3575 valueNorm: 5 stepSize: 0.001 Win Time: 1119.56
Iteration 89200 Time: 56402 Score: 78.975 Size: 80.575 Loss: 0.285 Win: 0.365 valueNorm: 5 stepSize: 0.001 Win Time: 1123.85
Iteration 89600 Time: 56653 Score: 81.4475 Size: 82.46 Loss: 0.2175 Win: 0.355 valueNorm: 5 stepSize: 0.001 Win Time: 1129.53
Iteration 90000 Time: 56902 Score: 82.225 Size: 82.965 Loss: 0.2225 Win: 0.3925 valueNorm: 5 stepSize: 0.001 Win Time: 1125.05
Iteration 90400 Time: 57144 Score: 79.02 Size: 80.48 Loss: 0.255 Win: 0.3475 valueNorm: 5 stepSize: 0.001 Win Time: 1124.94
Iteration 90800 Time: 57394 Score: 79.8975 Size: 81.2825 Loss: 0.2275 Win: 0.325 valueNorm: 5 stepSize: 0.001 Win Time: 1127.35
Iteration 91200 Time: 57632 Score: 78.615 Size: 80.1075 Loss: 0.2875 Win: 0.38 valueNorm: 5 stepSize: 0.001 Win Time: 1115.89
Iteration 91600 Time: 57876 Score: 80.7025 Size: 81.845 Loss: 0.25 Win: 0.3775 valueNorm: 5 stepSize: 0.001 Win Time: 1125.01
Iteration 92000 Time: 58118 Score: 80.9375 Size: 81.835 Loss: 0.2475 Win: 0.4 valueNorm: 5 stepSize: 0.001 Win Time: 1125.56
Iteration 92400 Time: 58366 Score: 82.055 Size: 83.0975 Loss: 0.2525 Win: 0.3925 valueNorm: 5 stepSize: 0.001 Win Time: 1133.36
Iteration 92800 Time: 58602 Score: 77.43 Size: 79.195 Loss: 0.2725 Win: 0.3325 valueNorm: 5 stepSize: 0.001 Win Time: 1114.19
Iteration 93200 Time: 58843 Score: 79.005 Size: 80.55 Loss: 0.265 Win: 0.3475 valueNorm: 5 stepSize: 0.001 Win Time: 1123.81
Iteration 93600 Time: 59092 Score: 83.12 Size: 83.5925 Loss: 0.2025 Win: 0.3975 valueNorm: 5 stepSize: 0.001 Win Time: 1120.25
Iteration 94000 Time: 59335 Score: 81.86 Size: 82.4825 Loss: 0.2275 Win: 0.4075 valueNorm: 5 stepSize: 0.001 Win Time: 1118.49
Iteration 94400 Time: 59579 Score: 83.76 Size: 83.6325 Loss: 0.21 Win: 0.475 valueNorm: 5 stepSize: 0.001 Win Time: 1122.09
Iteration 94800 Time: 59816 Score: 79.6275 Size: 80.6525 Loss: 0.27 Win: 0.4125 valueNorm: 5 stepSize: 0.001 Win Time: 1124.28
Iteration 95200 Time: 60060 Score: 80.0275 Size: 81.505 Loss: 0.255 Win: 0.345 valueNorm: 5 stepSize: 0.001 Win Time: 1127.01
Iteration 95600 Time: 60306 Score: 85.54 Size: 85.2175 Loss: 0.19 Win: 0.4725 valueNorm: 5 stepSize: 0.001 Win Time: 1121.28
Iteration 96000 Time: 60550 Score: 84.1375 Size: 83.995 Loss: 0.2125 Win: 0.4775 valueNorm: 5 stepSize: 0.001 Win Time: 1119.62
Iteration 96400 Time: 60796 Score: 83.1825 Size: 83.6925 Loss: 0.2175 Win: 0.41 valueNorm: 5 stepSize: 0.001 Win Time: 1115.43
Iteration 96800 Time: 61040 Score: 80.9475 Size: 82.25 Loss: 0.2525 Win: 0.3625 valueNorm: 5 stepSize: 0.001 Win Time: 1122.72
Iteration 97200 Time: 61270 Score: 77.6325 Size: 79.3475 Loss: 0.3125 Win: 0.385 valueNorm: 5 stepSize: 0.001 Win Time: 1119.83
Iteration 97600 Time: 61512 Score: 82.4975 Size: 83.08 Loss: 0.2575 Win: 0.45 valueNorm: 5 stepSize: 0.001 Win Time: 1115.87
Iteration 98000 Time: 61750 Score: 81.445 Size: 82.115 Loss: 0.2425 Win: 0.42 valueNorm: 5 stepSize: 0.001 Win Time: 1122.4
Iteration 98400 Time: 61996 Score: 85.6525 Size: 85.4075 Loss: 0.1825 Win: 0.455 valueNorm: 5 stepSize: 0.001 Win Time: 1114.77
Iteration 98800 Time: 62243 Score: 85.2225 Size: 85.1125 Loss: 0.2 Win: 0.4625 valueNorm: 5 stepSize: 0.001 Win Time: 1129.01
Iteration 99200 Time: 62488 Score: 85.8025 Size: 85.4625 Loss: 0.2075 Win: 0.495 valueNorm: 5 stepSize: 0.001 Win Time: 1122.77
Iteration 99600 Time: 62722 Score: 82.115 Size: 82.69 Loss: 0.27 Win: 0.4625 valueNorm: 5 stepSize: 0.001 Win Time: 1109.74
Iteration 100000 Time: 62961 Score: 81.865 Size: 82.73 Loss: 0.255 Win: 0.415 valueNorm: 5 stepSize: 0.001 Win Time: 1117.1
Evaluation score: 75.7567
