Training control Time: 1715011497
Hyperparameters: numRollouts: 4 batchSize: 512 numEpochs: 1 numIter: 25000 evalPeriod: 100 savePeriod: 100 alpha: 0.000500 GAEParam: 1.000000 
Iteration 100 Time: 160 Score: -4.75248 Size: 6.7203 Loss: 0.945545 Win: 0 valueNorm: 5 stepSize: 0.0005
Iteration 200 Time: 393 Score: -0.65 Size: 7.4925 Loss: 0.6125 Win: 0 valueNorm: 5 stepSize: 0.0005
Iteration 300 Time: 645 Score: 1.35 Size: 7.735 Loss: 0.4375 Win: 0 valueNorm: 5 stepSize: 0.0005
Iteration 400 Time: 906 Score: 1.93 Size: 8.32 Loss: 0.4375 Win: 0 valueNorm: 5 stepSize: 0.0005
Iteration 500 Time: 1167 Score: 2.36 Size: 8.77 Loss: 0.44 Win: 0 valueNorm: 5 stepSize: 0.0005
Iteration 600 Time: 1428 Score: 3.145 Size: 9.6475 Loss: 0.4475 Win: 0 valueNorm: 5 stepSize: 0.0005
Iteration 700 Time: 1680 Score: 4.465 Size: 11.415 Loss: 0.4925 Win: 0 valueNorm: 5 stepSize: 0.0005
Iteration 800 Time: 1925 Score: 7.335 Size: 13.8625 Loss: 0.45 Win: 0 valueNorm: 5 stepSize: 0.0005
Iteration 900 Time: 2149 Score: 7.34 Size: 14.9725 Loss: 0.5575 Win: 0 valueNorm: 5 stepSize: 0.0005
Iteration 1000 Time: 2384 Score: 8.82 Size: 15.9275 Loss: 0.5075 Win: 0 valueNorm: 5 stepSize: 0.0005
Iteration 1100 Time: 2623 Score: 10.2075 Size: 17.22 Loss: 0.4975 Win: 0 valueNorm: 5 stepSize: 0.0005
Iteration 1200 Time: 2871 Score: 11.71 Size: 18.0925 Loss: 0.435 Win: 0 valueNorm: 5 stepSize: 0.0005
Iteration 1300 Time: 3109 Score: 11.41 Size: 18.6175 Loss: 0.5175 Win: 0 valueNorm: 5 stepSize: 0.0005
Iteration 1400 Time: 3344 Score: 11.7725 Size: 19.08 Loss: 0.5275 Win: 0 valueNorm: 5 stepSize: 0.0005
Iteration 1500 Time: 3592 Score: 13.8575 Size: 20.2575 Loss: 0.4375 Win: 0 valueNorm: 5 stepSize: 0.0005
Iteration 1600 Time: 3853 Score: 15.9475 Size: 21.42 Loss: 0.345 Win: 0 valueNorm: 5 stepSize: 0.0005
Iteration 1700 Time: 4117 Score: 16.9675 Size: 22.6875 Loss: 0.37 Win: 0 valueNorm: 5 stepSize: 0.0005
Iteration 1800 Time: 4383 Score: 17.05 Size: 22.895 Loss: 0.3825 Win: 0 valueNorm: 5 stepSize: 0.0005
Iteration 1900 Time: 4651 Score: 17.71 Size: 23.5725 Loss: 0.385 Win: 0 valueNorm: 5 stepSize: 0.0005
Iteration 2000 Time: 4902 Score: 17.7625 Size: 23.9075 Loss: 0.4125 Win: 0 valueNorm: 5 stepSize: 0.0005
Iteration 2100 Time: 5164 Score: 18.96 Size: 24.6025 Loss: 0.3625 Win: 0 valueNorm: 5 stepSize: 0.0005
Iteration 2200 Time: 5423 Score: 19.1825 Size: 24.9025 Loss: 0.37 Win: 0 valueNorm: 5 stepSize: 0.0005
Iteration 2300 Time: 5677 Score: 19.39 Size: 25.3325 Loss: 0.3925 Win: 0 valueNorm: 5 stepSize: 0.0005
Iteration 2400 Time: 5916 Score: 18.54 Size: 24.69 Loss: 0.4125 Win: 0 valueNorm: 5 stepSize: 0.0005
Iteration 2500 Time: 6164 Score: 19.565 Size: 25.5625 Loss: 0.3975 Win: 0 valueNorm: 5 stepSize: 0.0005
Iteration 2600 Time: 6405 Score: 19.4075 Size: 25.595 Loss: 0.4175 Win: 0 valueNorm: 5 stepSize: 0.0005
Iteration 2700 Time: 6646 Score: 20.8225 Size: 27.49 Loss: 0.465 Win: 0 valueNorm: 5 stepSize: 0.0005
Iteration 2800 Time: 6878 Score: 19.9775 Size: 26.9075 Loss: 0.49 Win: 0 valueNorm: 5 stepSize: 0.0005
Iteration 2900 Time: 7113 Score: 20.9025 Size: 27.4175 Loss: 0.45 Win: 0 valueNorm: 5 stepSize: 0.0005
Iteration 3000 Time: 7360 Score: 23.0975 Size: 29.3475 Loss: 0.425 Win: 0 valueNorm: 5 stepSize: 0.0005
Iteration 3100 Time: 7590 Score: 22.34 Size: 29.1575 Loss: 0.48 Win: 0 valueNorm: 5 stepSize: 0.0005
Iteration 3200 Time: 7827 Score: 24.935 Size: 31.4375 Loss: 0.45 Win: 0 valueNorm: 5 stepSize: 0.0005
Iteration 3300 Time: 8069 Score: 27.5275 Size: 33.6325 Loss: 0.41 Win: 0 valueNorm: 5 stepSize: 0.0005
Iteration 3400 Time: 8310 Score: 28.9075 Size: 35.8575 Loss: 0.4925 Win: 0 valueNorm: 5 stepSize: 0.0005
Iteration 3500 Time: 8556 Score: 31.975 Size: 39.2725 Loss: 0.5275 Win: 0 valueNorm: 5 stepSize: 0.0005
Iteration 3600 Time: 8803 Score: 33.4975 Size: 40.7875 Loss: 0.5275 Win: 0 valueNorm: 5 stepSize: 0.0005
Iteration 3700 Time: 9057 Score: 35.95 Size: 42.715 Loss: 0.475 Win: 0 valueNorm: 5 stepSize: 0.0005
Iteration 3800 Time: 9308 Score: 36.96 Size: 43.71 Loss: 0.4725 Win: 0 valueNorm: 5 stepSize: 0.0005
Iteration 3900 Time: 9557 Score: 37.47 Size: 44.5425 Loss: 0.505 Win: 0 valueNorm: 5 stepSize: 0.0005
Iteration 4000 Time: 9814 Score: 40.2025 Size: 46.78 Loss: 0.455 Win: 0 valueNorm: 5 stepSize: 0.0005
Iteration 4100 Time: 10069 Score: 40.6925 Size: 47.06 Loss: 0.435 Win: 0 valueNorm: 5 stepSize: 0.0005
Iteration 4200 Time: 10312 Score: 40.05 Size: 46.3675 Loss: 0.43 Win: 0 valueNorm: 5 stepSize: 0.0005
Iteration 4300 Time: 10558 Score: 40.525 Size: 47.6325 Loss: 0.5075 Win: 0 valueNorm: 5 stepSize: 0.0005
Iteration 4400 Time: 10810 Score: 41.755 Size: 48.0775 Loss: 0.43 Win: 0 valueNorm: 5 stepSize: 0.0005
Iteration 4500 Time: 11057 Score: 42.3225 Size: 49.7425 Loss: 0.54 Win: 0 valueNorm: 5 stepSize: 0.0005
Iteration 4600 Time: 11308 Score: 43.2025 Size: 49.5675 Loss: 0.435 Win: 0 valueNorm: 5 stepSize: 0.0005
Iteration 4700 Time: 11567 Score: 45.405 Size: 51.17 Loss: 0.375 Win: 0 valueNorm: 5 stepSize: 0.0005
Iteration 4800 Time: 11825 Score: 45.6125 Size: 51.4875 Loss: 0.385 Win: 0 valueNorm: 5 stepSize: 0.0005
Iteration 4900 Time: 12091 Score: 48.3575 Size: 53.6725 Loss: 0.33 Win: 0 valueNorm: 5 stepSize: 0.0005
Iteration 5000 Time: 12350 Score: 47.3025 Size: 53.2525 Loss: 0.3925 Win: 0 valueNorm: 5 stepSize: 0.0005
Iteration 5100 Time: 12608 Score: 47.2775 Size: 53.0625 Loss: 0.375 Win: 0 valueNorm: 5 stepSize: 0.0005
Iteration 5200 Time: 12863 Score: 46.55 Size: 52.71 Loss: 0.415 Win: 0 valueNorm: 5 stepSize: 0.0005
Iteration 5300 Time: 13110 Score: 46.1525 Size: 52.3875 Loss: 0.42 Win: 0 valueNorm: 5 stepSize: 0.0005
Iteration 5400 Time: 13377 Score: 50.225 Size: 56.1125 Loss: 0.3875 Win: 0 valueNorm: 5 stepSize: 0.0005
Iteration 5500 Time: 13634 Score: 48.3425 Size: 54.26 Loss: 0.39 Win: 0 valueNorm: 5 stepSize: 0.0005
Iteration 5600 Time: 13891 Score: 49.0175 Size: 55.015 Loss: 0.3975 Win: 0 valueNorm: 5 stepSize: 0.0005
Iteration 5700 Time: 14145 Score: 48.4725 Size: 55.1325 Loss: 0.4625 Win: 0 valueNorm: 5 stepSize: 0.0005
Iteration 5800 Time: 14392 Score: 47.8775 Size: 54.315 Loss: 0.44 Win: 0 valueNorm: 5 stepSize: 0.0005
Iteration 5900 Time: 14639 Score: 48.87 Size: 55.1225 Loss: 0.42 Win: 0 valueNorm: 5 stepSize: 0.0005
Iteration 6000 Time: 14891 Score: 49.3525 Size: 55.4125 Loss: 0.4025 Win: 0 valueNorm: 5 stepSize: 0.0005
Iteration 6100 Time: 15143 Score: 50.1425 Size: 55.6875 Loss: 0.3525 Win: 0 valueNorm: 5 stepSize: 0.0005
Iteration 6200 Time: 15390 Score: 49.085 Size: 55.32 Loss: 0.42 Win: 0 valueNorm: 5 stepSize: 0.0005
Iteration 6300 Time: 15637 Score: 49.84 Size: 55.3325 Loss: 0.3475 Win: 0 valueNorm: 5 stepSize: 0.0005
Iteration 6400 Time: 15890 Score: 51.0075 Size: 56.2475 Loss: 0.32 Win: 0 valueNorm: 5 stepSize: 0.0005
Iteration 6500 Time: 16143 Score: 51.2325 Size: 57.06 Loss: 0.38 Win: 0 valueNorm: 5 stepSize: 0.0005
Iteration 6600 Time: 16392 Score: 49.77 Size: 55.65 Loss: 0.385 Win: 0 valueNorm: 5 stepSize: 0.0005
Iteration 6700 Time: 16646 Score: 51.3625 Size: 57.1025 Loss: 0.37 Win: 0 valueNorm: 5 stepSize: 0.0005
Iteration 6800 Time: 16903 Score: 53.035 Size: 57.98 Loss: 0.2925 Win: 0 valueNorm: 5 stepSize: 0.0005
Iteration 6900 Time: 17149 Score: 51.42 Size: 57.3675 Loss: 0.39 Win: 0 valueNorm: 5 stepSize: 0.0005
Iteration 7000 Time: 17401 Score: 52.3075 Size: 57.5525 Loss: 0.3225 Win: 0 valueNorm: 5 stepSize: 0.0005
Iteration 7100 Time: 17652 Score: 52.5675 Size: 57.85 Loss: 0.325 Win: 0 valueNorm: 5 stepSize: 0.0005
Iteration 7200 Time: 17906 Score: 53.3075 Size: 58.52 Loss: 0.3175 Win: 0 valueNorm: 5 stepSize: 0.0005
Iteration 7300 Time: 18156 Score: 52.92 Size: 58.48 Loss: 0.3525 Win: 0 valueNorm: 5 stepSize: 0.0005
Iteration 7400 Time: 18416 Score: 55.2875 Size: 60.5325 Loss: 0.3225 Win: 0 valueNorm: 5 stepSize: 0.0005
Iteration 7500 Time: 18667 Score: 53.7025 Size: 59.4125 Loss: 0.3675 Win: 0 valueNorm: 5 stepSize: 0.0005
Iteration 7600 Time: 18920 Score: 53.51 Size: 59.415 Loss: 0.3875 Win: 0 valueNorm: 5 stepSize: 0.0005
Iteration 7700 Time: 19173 Score: 54.12 Size: 59.285 Loss: 0.3125 Win: 0 valueNorm: 5 stepSize: 0.0005
Iteration 7800 Time: 19429 Score: 54.2925 Size: 59.55 Loss: 0.3225 Win: 0 valueNorm: 5 stepSize: 0.0005
Iteration 7900 Time: 19681 Score: 53.0875 Size: 58.5875 Loss: 0.3475 Win: 0 valueNorm: 5 stepSize: 0.0005
Iteration 8000 Time: 19934 Score: 54.055 Size: 59.365 Loss: 0.3275 Win: 0 valueNorm: 5 stepSize: 0.0005
Iteration 8100 Time: 20195 Score: 56.1675 Size: 61.3275 Loss: 0.3125 Win: 0 valueNorm: 5 stepSize: 0.0005
Iteration 8200 Time: 20451 Score: 55.225 Size: 60.485 Loss: 0.3225 Win: 0 valueNorm: 5 stepSize: 0.0005
Iteration 8300 Time: 20710 Score: 56.0375 Size: 60.6225 Loss: 0.255 Win: 0 valueNorm: 5 stepSize: 0.0005
Iteration 8400 Time: 20974 Score: 57.085 Size: 61.9625 Loss: 0.285 Win: 0 valueNorm: 5 stepSize: 0.0005
Iteration 8500 Time: 21227 Score: 55.255 Size: 60.59 Loss: 0.3325 Win: 0 valueNorm: 5 stepSize: 0.0005
Iteration 8600 Time: 21487 Score: 56.8425 Size: 61.5975 Loss: 0.2725 Win: 0 valueNorm: 5 stepSize: 0.0005
Iteration 8700 Time: 21746 Score: 56.2175 Size: 60.9875 Loss: 0.275 Win: 0 valueNorm: 5 stepSize: 0.0005
Iteration 8800 Time: 22011 Score: 59.4075 Size: 63.6925 Loss: 0.2275 Win: 0 valueNorm: 5 stepSize: 0.0005
Iteration 8900 Time: 22262 Score: 55.855 Size: 60.7325 Loss: 0.2875 Win: 0.0025 valueNorm: 5 stepSize: 0.0005 Win Time: 1172
Iteration 9000 Time: 22525 Score: 58.525 Size: 63.015 Loss: 0.2475 Win: 0 valueNorm: 5 stepSize: 0.0005
Iteration 9100 Time: 22783 Score: 57.1 Size: 61.96 Loss: 0.285 Win: 0.0025 valueNorm: 5 stepSize: 0.0005 Win Time: 1106
Iteration 9200 Time: 23044 Score: 58.01 Size: 63.0175 Loss: 0.3 Win: 0.0025 valueNorm: 5 stepSize: 0.0005 Win Time: 1188
Iteration 9300 Time: 23296 Score: 56.5575 Size: 61.87 Loss: 0.33 Win: 0.0025 valueNorm: 5 stepSize: 0.0005 Win Time: 1196
Iteration 9400 Time: 23548 Score: 56.5425 Size: 61.52 Loss: 0.295 Win: 0.0025 valueNorm: 5 stepSize: 0.0005 Win Time: 1140
Iteration 9500 Time: 23802 Score: 56.9325 Size: 61.9325 Loss: 0.3025 Win: 0.0075 valueNorm: 5 stepSize: 0.0005 Win Time: 1150.67
Iteration 9600 Time: 24059 Score: 57.95 Size: 62.735 Loss: 0.2825 Win: 0.0075 valueNorm: 5 stepSize: 0.0005 Win Time: 1189.33
Iteration 9700 Time: 24313 Score: 59.3375 Size: 63.7975 Loss: 0.2675 Win: 0.0275 valueNorm: 5 stepSize: 0.0005 Win Time: 1173.45
Iteration 9800 Time: 24569 Score: 59.23 Size: 64.2225 Loss: 0.305 Win: 0.01 valueNorm: 5 stepSize: 0.0005 Win Time: 1158.75
Iteration 9900 Time: 24829 Score: 59.8575 Size: 64.405 Loss: 0.265 Win: 0.0125 valueNorm: 5 stepSize: 0.0005 Win Time: 1141.8
Iteration 10000 Time: 25093 Score: 61.3625 Size: 65.8575 Loss: 0.2625 Win: 0.0175 valueNorm: 5 stepSize: 0.0005 Win Time: 1144.86
Iteration 10100 Time: 25356 Score: 61.985 Size: 66.4825 Loss: 0.2675 Win: 0.0225 valueNorm: 5 stepSize: 0.0005 Win Time: 1163.11
Iteration 10200 Time: 25608 Score: 59.5575 Size: 64.18 Loss: 0.2775 Win: 0.02 valueNorm: 5 stepSize: 0.0005 Win Time: 1160.25
Iteration 10300 Time: 25864 Score: 60.505 Size: 65.1975 Loss: 0.295 Win: 0.0325 valueNorm: 5 stepSize: 0.0005 Win Time: 1164.15
Iteration 10400 Time: 26112 Score: 58.53 Size: 63.46 Loss: 0.3225 Win: 0.035 valueNorm: 5 stepSize: 0.0005 Win Time: 1156.29
Iteration 10500 Time: 26362 Score: 59.56 Size: 64.545 Loss: 0.3275 Win: 0.035 valueNorm: 5 stepSize: 0.0005 Win Time: 1148.29
Iteration 10600 Time: 26608 Score: 59.165 Size: 63.865 Loss: 0.29 Win: 0.025 valueNorm: 5 stepSize: 0.0005 Win Time: 1164.1
Iteration 10700 Time: 26856 Score: 59.9125 Size: 64.3275 Loss: 0.26 Win: 0.0225 valueNorm: 5 stepSize: 0.0005 Win Time: 1179.11
Iteration 10800 Time: 27104 Score: 60.3 Size: 64.7025 Loss: 0.265 Win: 0.03 valueNorm: 5 stepSize: 0.0005 Win Time: 1170.33
Iteration 10900 Time: 27353 Score: 60.34 Size: 65.1225 Loss: 0.3 Win: 0.0275 valueNorm: 5 stepSize: 0.0005 Win Time: 1167.18
Iteration 11000 Time: 27607 Score: 63.16 Size: 67.045 Loss: 0.2325 Win: 0.0525 valueNorm: 5 stepSize: 0.0005 Win Time: 1160.38
Iteration 11100 Time: 27859 Score: 62.335 Size: 66.5225 Loss: 0.25 Win: 0.0375 valueNorm: 5 stepSize: 0.0005 Win Time: 1176.07
Iteration 11200 Time: 28113 Score: 61.51 Size: 65.7075 Loss: 0.2375 Win: 0.0225 valueNorm: 5 stepSize: 0.0005 Win Time: 1177.11
Iteration 11300 Time: 28373 Score: 63.0975 Size: 66.885 Loss: 0.2025 Win: 0.0275 valueNorm: 5 stepSize: 0.0005 Win Time: 1155.64
Iteration 11400 Time: 28632 Score: 63.93 Size: 67.6675 Loss: 0.21 Win: 0.0425 valueNorm: 5 stepSize: 0.0005 Win Time: 1163
Iteration 11500 Time: 28892 Score: 64.88 Size: 68.6275 Loss: 0.2125 Win: 0.045 valueNorm: 5 stepSize: 0.0005 Win Time: 1143.94
Iteration 11600 Time: 29154 Score: 64.4675 Size: 68.325 Loss: 0.215 Win: 0.035 valueNorm: 5 stepSize: 0.0005 Win Time: 1164.5
Iteration 11700 Time: 29405 Score: 63.515 Size: 67.5025 Loss: 0.2675 Win: 0.08 valueNorm: 5 stepSize: 0.0005 Win Time: 1175.25
Iteration 11800 Time: 29662 Score: 64.8575 Size: 68.605 Loss: 0.2325 Win: 0.0675 valueNorm: 5 stepSize: 0.0005 Win Time: 1142.93
Iteration 11900 Time: 29929 Score: 66.88 Size: 70.395 Loss: 0.2025 Win: 0.06 valueNorm: 5 stepSize: 0.0005 Win Time: 1159.83
Iteration 12000 Time: 30195 Score: 66.6975 Size: 70.295 Loss: 0.205 Win: 0.0525 valueNorm: 5 stepSize: 0.0005 Win Time: 1162.52
Iteration 12100 Time: 30453 Score: 64.38 Size: 68.345 Loss: 0.2325 Win: 0.0425 valueNorm: 5 stepSize: 0.0005 Win Time: 1155.65
Iteration 12200 Time: 30710 Score: 64.2475 Size: 68.095 Loss: 0.2225 Win: 0.045 valueNorm: 5 stepSize: 0.0005 Win Time: 1148.72
Iteration 12300 Time: 30968 Score: 65.105 Size: 68.7975 Loss: 0.22 Win: 0.06 valueNorm: 5 stepSize: 0.0005 Win Time: 1141.25
Iteration 12400 Time: 31228 Score: 66.625 Size: 70.0075 Loss: 0.2 Win: 0.07 valueNorm: 5 stepSize: 0.0005 Win Time: 1157.32
Iteration 12500 Time: 31487 Score: 66.255 Size: 69.73 Loss: 0.1975 Win: 0.0575 valueNorm: 5 stepSize: 0.0005 Win Time: 1162.26
Iteration 12600 Time: 31747 Score: 66.2975 Size: 70.0225 Loss: 0.215 Win: 0.05 valueNorm: 5 stepSize: 0.0005 Win Time: 1152.75
Iteration 12700 Time: 32008 Score: 67.0075 Size: 70.51 Loss: 0.21 Win: 0.0675 valueNorm: 5 stepSize: 0.0005 Win Time: 1146.63
Iteration 12800 Time: 32277 Score: 70.3375 Size: 73.305 Loss: 0.1775 Win: 0.0925 valueNorm: 5 stepSize: 0.0005 Win Time: 1159.03
Iteration 12900 Time: 32538 Score: 68.265 Size: 71.835 Loss: 0.22 Win: 0.0725 valueNorm: 5 stepSize: 0.0005 Win Time: 1162.52
Iteration 13000 Time: 32794 Score: 67.1325 Size: 70.745 Loss: 0.24 Win: 0.09 valueNorm: 5 stepSize: 0.0005 Win Time: 1146.61
Iteration 13100 Time: 33052 Score: 67.015 Size: 70.7 Loss: 0.22 Win: 0.06 valueNorm: 5 stepSize: 0.0005 Win Time: 1141.54
Iteration 13200 Time: 33313 Score: 69.335 Size: 72.45 Loss: 0.2075 Win: 0.1075 valueNorm: 5 stepSize: 0.0005 Win Time: 1159.37
Iteration 13300 Time: 33569 Score: 66.0375 Size: 69.4975 Loss: 0.2125 Win: 0.0775 valueNorm: 5 stepSize: 0.0005 Win Time: 1145.23
Iteration 13400 Time: 33826 Score: 67.7775 Size: 70.89 Loss: 0.2 Win: 0.1 valueNorm: 5 stepSize: 0.0005 Win Time: 1152.45
Iteration 13500 Time: 34088 Score: 69.02 Size: 72.015 Loss: 0.175 Win: 0.085 valueNorm: 5 stepSize: 0.0005 Win Time: 1162.53
Iteration 13600 Time: 34336 Score: 64.185 Size: 68.0275 Loss: 0.2525 Win: 0.0775 valueNorm: 5 stepSize: 0.0005 Win Time: 1157.9
Iteration 13700 Time: 34588 Score: 65.82 Size: 69.5775 Loss: 0.24 Win: 0.0725 valueNorm: 5 stepSize: 0.0005 Win Time: 1137.31
Iteration 13800 Time: 34851 Score: 70.485 Size: 73.49 Loss: 0.1925 Win: 0.105 valueNorm: 5 stepSize: 0.0005 Win Time: 1154.57
Iteration 13900 Time: 35112 Score: 70.16 Size: 73.11 Loss: 0.195 Win: 0.1125 valueNorm: 5 stepSize: 0.0005 Win Time: 1151.78
Iteration 14000 Time: 35371 Score: 68.755 Size: 72.135 Loss: 0.22 Win: 0.0925 valueNorm: 5 stepSize: 0.0005 Win Time: 1160.43
Iteration 14100 Time: 35637 Score: 70.12 Size: 73.295 Loss: 0.19 Win: 0.0825 valueNorm: 5 stepSize: 0.0005 Win Time: 1155
Iteration 14200 Time: 35903 Score: 70.29 Size: 73.2725 Loss: 0.185 Win: 0.0975 valueNorm: 5 stepSize: 0.0005 Win Time: 1155.46
Iteration 14300 Time: 36164 Score: 68.68 Size: 71.9675 Loss: 0.2025 Win: 0.085 valueNorm: 5 stepSize: 0.0005 Win Time: 1153.59
Iteration 14400 Time: 36424 Score: 71.5525 Size: 74.1975 Loss: 0.2025 Win: 0.155 valueNorm: 5 stepSize: 0.0005 Win Time: 1149.77
Iteration 14500 Time: 36684 Score: 69.6475 Size: 72.9175 Loss: 0.2175 Win: 0.1025 valueNorm: 5 stepSize: 0.0005 Win Time: 1151.9
Iteration 14600 Time: 36941 Score: 68.4575 Size: 71.5975 Loss: 0.22 Win: 0.12 valueNorm: 5 stepSize: 0.0005 Win Time: 1159.44
Iteration 14700 Time: 37203 Score: 68.135 Size: 71.4475 Loss: 0.2 Win: 0.0775 valueNorm: 5 stepSize: 0.0005 Win Time: 1160.35
Iteration 14800 Time: 37467 Score: 69.46 Size: 72.6625 Loss: 0.2 Win: 0.09 valueNorm: 5 stepSize: 0.0005 Win Time: 1161.86
Iteration 14900 Time: 37728 Score: 69.73 Size: 72.84 Loss: 0.2 Win: 0.1 valueNorm: 5 stepSize: 0.0005 Win Time: 1146.92
Iteration 15000 Time: 37998 Score: 72.3725 Size: 74.79 Loss: 0.14 Win: 0.11 valueNorm: 5 stepSize: 0.0005 Win Time: 1140.14
Iteration 15100 Time: 38260 Score: 69.66 Size: 72.9775 Loss: 0.2075 Win: 0.0875 valueNorm: 5 stepSize: 0.0005 Win Time: 1154
Iteration 15200 Time: 38513 Score: 65.94 Size: 69.6925 Loss: 0.2375 Win: 0.0725 valueNorm: 5 stepSize: 0.0005 Win Time: 1163.34
Iteration 15300 Time: 38778 Score: 71.47 Size: 74.2175 Loss: 0.1775 Win: 0.115 valueNorm: 5 stepSize: 0.0005 Win Time: 1159.98
Iteration 15400 Time: 39047 Score: 72.195 Size: 74.95 Loss: 0.1625 Win: 0.0975 valueNorm: 5 stepSize: 0.0005 Win Time: 1161.87
Iteration 15500 Time: 39304 Score: 69.515 Size: 72.5575 Loss: 0.215 Win: 0.125 valueNorm: 5 stepSize: 0.0005 Win Time: 1154.76
Iteration 15600 Time: 39562 Score: 70.735 Size: 73.5675 Loss: 0.195 Win: 0.125 valueNorm: 5 stepSize: 0.0005 Win Time: 1151.22
Iteration 15700 Time: 39827 Score: 72.51 Size: 75.16 Loss: 0.1675 Win: 0.115 valueNorm: 5 stepSize: 0.0005 Win Time: 1148.17
Iteration 15800 Time: 40100 Score: 72.2 Size: 74.8275 Loss: 0.16 Win: 0.11 valueNorm: 5 stepSize: 0.0005 Win Time: 1151.7
Iteration 15900 Time: 40361 Score: 68.8525 Size: 72.25 Loss: 0.235 Win: 0.1075 valueNorm: 5 stepSize: 0.0005 Win Time: 1139.33
Iteration 16000 Time: 40638 Score: 73.1625 Size: 75.51 Loss: 0.1475 Win: 0.1275 valueNorm: 5 stepSize: 0.0005 Win Time: 1146.22
Iteration 16100 Time: 40909 Score: 71.42 Size: 74.205 Loss: 0.185 Win: 0.12 valueNorm: 5 stepSize: 0.0005 Win Time: 1150.42
Iteration 16200 Time: 41178 Score: 72.9825 Size: 75.68 Loss: 0.1975 Win: 0.145 valueNorm: 5 stepSize: 0.0005 Win Time: 1148.09
Iteration 16300 Time: 41444 Score: 70.53 Size: 73.4875 Loss: 0.21 Win: 0.13 valueNorm: 5 stepSize: 0.0005 Win Time: 1152.4
Iteration 16400 Time: 41716 Score: 71.7575 Size: 74.385 Loss: 0.1925 Win: 0.1475 valueNorm: 5 stepSize: 0.0005 Win Time: 1154.17
Iteration 16500 Time: 41974 Score: 67.195 Size: 70.615 Loss: 0.225 Win: 0.095 valueNorm: 5 stepSize: 0.0005 Win Time: 1161.97
Iteration 16600 Time: 42249 Score: 72.3575 Size: 74.72 Loss: 0.1625 Win: 0.1425 valueNorm: 5 stepSize: 0.0005 Win Time: 1147.44
Iteration 16700 Time: 42516 Score: 70.13 Size: 73.1025 Loss: 0.2 Win: 0.1175 valueNorm: 5 stepSize: 0.0005 Win Time: 1153.51
Iteration 16800 Time: 42791 Score: 72.3525 Size: 75.0825 Loss: 0.165 Win: 0.105 valueNorm: 5 stepSize: 0.0005 Win Time: 1157.4
Iteration 16900 Time: 43058 Score: 71.265 Size: 74.0825 Loss: 0.1975 Win: 0.1325 valueNorm: 5 stepSize: 0.0005 Win Time: 1155.38
Iteration 17000 Time: 43325 Score: 69.88 Size: 72.6925 Loss: 0.195 Win: 0.1275 valueNorm: 5 stepSize: 0.0005 Win Time: 1145.45
Iteration 17100 Time: 43595 Score: 71.1875 Size: 74.0225 Loss: 0.1825 Win: 0.1125 valueNorm: 5 stepSize: 0.0005 Win Time: 1137.91
Iteration 17200 Time: 43874 Score: 74.37 Size: 76.6775 Loss: 0.1575 Win: 0.1425 valueNorm: 5 stepSize: 0.0005 Win Time: 1144.49
Iteration 17300 Time: 44152 Score: 74.5775 Size: 76.85 Loss: 0.1625 Win: 0.1525 valueNorm: 5 stepSize: 0.0005 Win Time: 1156.84
Iteration 17400 Time: 44423 Score: 71.3575 Size: 74.0975 Loss: 0.1825 Win: 0.1225 valueNorm: 5 stepSize: 0.0005 Win Time: 1154.41
Iteration 17500 Time: 44699 Score: 73.6625 Size: 76.0225 Loss: 0.1625 Win: 0.1425 valueNorm: 5 stepSize: 0.0005 Win Time: 1152.35
Iteration 17600 Time: 44960 Score: 67.7925 Size: 71.435 Loss: 0.2525 Win: 0.1 valueNorm: 5 stepSize: 0.0005 Win Time: 1155.35
Iteration 17700 Time: 45227 Score: 69.1975 Size: 72.4075 Loss: 0.2175 Win: 0.11 valueNorm: 5 stepSize: 0.0005 Win Time: 1134.41
Iteration 17800 Time: 45490 Score: 71.8225 Size: 74.3975 Loss: 0.1825 Win: 0.1425 valueNorm: 5 stepSize: 0.0005 Win Time: 1157.12
Iteration 17900 Time: 45761 Score: 73.7875 Size: 76.0875 Loss: 0.1875 Win: 0.1775 valueNorm: 5 stepSize: 0.0005 Win Time: 1145.51
Iteration 18000 Time: 46027 Score: 70.615 Size: 73.485 Loss: 0.1975 Win: 0.125 valueNorm: 5 stepSize: 0.0005 Win Time: 1152.58
Iteration 18100 Time: 46298 Score: 73.06 Size: 75.4075 Loss: 0.1725 Win: 0.155 valueNorm: 5 stepSize: 0.0005 Win Time: 1150.81
Iteration 18200 Time: 46566 Score: 72.75 Size: 75.215 Loss: 0.1925 Win: 0.165 valueNorm: 5 stepSize: 0.0005 Win Time: 1146.77
Iteration 18300 Time: 46836 Score: 73.3 Size: 75.705 Loss: 0.185 Win: 0.1625 valueNorm: 5 stepSize: 0.0005 Win Time: 1140.05
Iteration 18400 Time: 47106 Score: 71.74 Size: 74.5475 Loss: 0.185 Win: 0.1175 valueNorm: 5 stepSize: 0.0005 Win Time: 1148.98
Iteration 18500 Time: 47382 Score: 73.6425 Size: 76.2525 Loss: 0.1625 Win: 0.115 valueNorm: 5 stepSize: 0.0005 Win Time: 1143.85
Iteration 18600 Time: 47650 Score: 72.28 Size: 74.7525 Loss: 0.185 Win: 0.155 valueNorm: 5 stepSize: 0.0005 Win Time: 1151.4
Iteration 18700 Time: 47919 Score: 73.465 Size: 75.7525 Loss: 0.1875 Win: 0.1775 valueNorm: 5 stepSize: 0.0005 Win Time: 1143.13
Iteration 18800 Time: 48188 Score: 74.365 Size: 76.5025 Loss: 0.185 Win: 0.1925 valueNorm: 5 stepSize: 0.0005 Win Time: 1142.44
Iteration 18900 Time: 48449 Score: 68.445 Size: 71.9625 Loss: 0.2575 Win: 0.12 valueNorm: 5 stepSize: 0.0005 Win Time: 1144.92
Iteration 19000 Time: 48717 Score: 70.0025 Size: 73.2675 Loss: 0.225 Win: 0.1125 valueNorm: 5 stepSize: 0.0005 Win Time: 1150.04
Iteration 19100 Time: 48991 Score: 74.09 Size: 76.2825 Loss: 0.16 Win: 0.1575 valueNorm: 5 stepSize: 0.0005 Win Time: 1155.63
Iteration 19200 Time: 49267 Score: 75.45 Size: 77.655 Loss: 0.16 Win: 0.1575 valueNorm: 5 stepSize: 0.0005 Win Time: 1146.81
Iteration 19300 Time: 49541 Score: 75.8425 Size: 77.64 Loss: 0.16 Win: 0.2025 valueNorm: 5 stepSize: 0.0005 Win Time: 1152.63
Iteration 19400 Time: 49820 Score: 77.335 Size: 78.94 Loss: 0.135 Win: 0.195 valueNorm: 5 stepSize: 0.0005 Win Time: 1152.59
Iteration 19500 Time: 50093 Score: 74.425 Size: 76.4525 Loss: 0.1625 Win: 0.18 valueNorm: 5 stepSize: 0.0005 Win Time: 1150.38
Iteration 19600 Time: 50364 Score: 72.9025 Size: 75.3625 Loss: 0.185 Win: 0.155 valueNorm: 5 stepSize: 0.0005 Win Time: 1156.95
Iteration 19700 Time: 50630 Score: 71.4125 Size: 74.1175 Loss: 0.21 Win: 0.1575 valueNorm: 5 stepSize: 0.0005 Win Time: 1151
Iteration 19800 Time: 50901 Score: 73.295 Size: 75.9525 Loss: 0.1875 Win: 0.1375 valueNorm: 5 stepSize: 0.0005 Win Time: 1140.75
Iteration 19900 Time: 51166 Score: 72.815 Size: 75.1975 Loss: 0.1925 Win: 0.1725 valueNorm: 5 stepSize: 0.0005 Win Time: 1150.2
Iteration 20000 Time: 51430 Score: 71.8475 Size: 74.6475 Loss: 0.1975 Win: 0.135 valueNorm: 5 stepSize: 0.0005 Win Time: 1147.78
Iteration 20100 Time: 51706 Score: 74.2675 Size: 76.7375 Loss: 0.1825 Win: 0.1525 valueNorm: 5 stepSize: 0.0005 Win Time: 1149.56
Iteration 20200 Time: 51983 Score: 76.2225 Size: 77.965 Loss: 0.1425 Win: 0.19 valueNorm: 5 stepSize: 0.0005 Win Time: 1146.55
Iteration 20300 Time: 52255 Score: 74.745 Size: 77.1825 Loss: 0.195 Win: 0.17 valueNorm: 5 stepSize: 0.0005 Win Time: 1150.41
Iteration 20400 Time: 52530 Score: 76.695 Size: 78.47 Loss: 0.135 Win: 0.1775 valueNorm: 5 stepSize: 0.0005 Win Time: 1151.17
Iteration 20500 Time: 52804 Score: 77.8 Size: 79.32 Loss: 0.135 Win: 0.205 valueNorm: 5 stepSize: 0.0005 Win Time: 1148.6
Iteration 20600 Time: 53074 Score: 75.7575 Size: 77.61 Loss: 0.1575 Win: 0.1925 valueNorm: 5 stepSize: 0.0005 Win Time: 1140.96
Iteration 20700 Time: 53341 Score: 76.2375 Size: 77.945 Loss: 0.165 Win: 0.2175 valueNorm: 5 stepSize: 0.0005 Win Time: 1149.3
Iteration 20800 Time: 53612 Score: 75.8925 Size: 77.8125 Loss: 0.1575 Win: 0.185 valueNorm: 5 stepSize: 0.0005 Win Time: 1142.96
Iteration 20900 Time: 53878 Score: 74.15 Size: 76.29 Loss: 0.1675 Win: 0.1725 valueNorm: 5 stepSize: 0.0005 Win Time: 1142.62
Iteration 21000 Time: 54150 Score: 75.8625 Size: 77.83 Loss: 0.1575 Win: 0.18 valueNorm: 5 stepSize: 0.0005 Win Time: 1144.21
Iteration 21100 Time: 54417 Score: 75.5975 Size: 77.385 Loss: 0.1675 Win: 0.2125 valueNorm: 5 stepSize: 0.0005 Win Time: 1149.74
Iteration 21200 Time: 54682 Score: 75.4225 Size: 77.37 Loss: 0.18 Win: 0.2075 valueNorm: 5 stepSize: 0.0005 Win Time: 1147.88
Iteration 21300 Time: 54945 Score: 73.1675 Size: 75.6275 Loss: 0.2075 Win: 0.1825 valueNorm: 5 stepSize: 0.0005 Win Time: 1141.04
Iteration 21400 Time: 55211 Score: 76.9525 Size: 78.5475 Loss: 0.1875 Win: 0.255 valueNorm: 5 stepSize: 0.0005 Win Time: 1148.66
Iteration 21500 Time: 55478 Score: 77.0025 Size: 78.6175 Loss: 0.18 Win: 0.245 valueNorm: 5 stepSize: 0.0005 Win Time: 1143.3
Iteration 21600 Time: 55747 Score: 75.8475 Size: 77.8275 Loss: 0.1675 Win: 0.19 valueNorm: 5 stepSize: 0.0005 Win Time: 1148.61
Iteration 21700 Time: 56016 Score: 76.1 Size: 77.875 Loss: 0.1525 Win: 0.195 valueNorm: 5 stepSize: 0.0005 Win Time: 1145.77
Iteration 21800 Time: 56294 Score: 78.23 Size: 79.7975 Loss: 0.125 Win: 0.19 valueNorm: 5 stepSize: 0.0005 Win Time: 1147.25
Iteration 21900 Time: 56567 Score: 76.715 Size: 78.53 Loss: 0.155 Win: 0.195 valueNorm: 5 stepSize: 0.0005 Win Time: 1146.94
Iteration 22000 Time: 56839 Score: 75.8025 Size: 77.85 Loss: 0.1425 Win: 0.155 valueNorm: 5 stepSize: 0.0005 Win Time: 1150.55
Iteration 22100 Time: 57103 Score: 76.9325 Size: 78.545 Loss: 0.16 Win: 0.2225 valueNorm: 5 stepSize: 0.0005 Win Time: 1141.58
Iteration 22200 Time: 57363 Score: 75.7325 Size: 77.4625 Loss: 0.185 Win: 0.2375 valueNorm: 5 stepSize: 0.0005 Win Time: 1150.88
Iteration 22300 Time: 57625 Score: 76.5625 Size: 78.2025 Loss: 0.165 Win: 0.225 valueNorm: 5 stepSize: 0.0005 Win Time: 1140.91
Iteration 22400 Time: 57892 Score: 77.8475 Size: 79.2475 Loss: 0.155 Win: 0.24 valueNorm: 5 stepSize: 0.0005 Win Time: 1141.17
Iteration 22500 Time: 58154 Score: 74.6075 Size: 76.77 Loss: 0.195 Win: 0.2 valueNorm: 5 stepSize: 0.0005 Win Time: 1146.36
Iteration 22600 Time: 58429 Score: 78.1 Size: 79.705 Loss: 0.1275 Win: 0.1875 valueNorm: 5 stepSize: 0.0005 Win Time: 1143.63
Iteration 22700 Time: 58695 Score: 75.095 Size: 77.3225 Loss: 0.18 Win: 0.1775 valueNorm: 5 stepSize: 0.0005 Win Time: 1141.63
Iteration 22800 Time: 58951 Score: 75.8625 Size: 77.6475 Loss: 0.19 Win: 0.2375 valueNorm: 5 stepSize: 0.0005 Win Time: 1144.96
Iteration 22900 Time: 59211 Score: 77.195 Size: 78.715 Loss: 0.165 Win: 0.2375 valueNorm: 5 stepSize: 0.0005 Win Time: 1137.87
Iteration 23000 Time: 59475 Score: 75.9875 Size: 77.725 Loss: 0.155 Win: 0.2025 valueNorm: 5 stepSize: 0.0005 Win Time: 1151.02
Iteration 23100 Time: 59741 Score: 80.2425 Size: 81.285 Loss: 0.1325 Win: 0.255 valueNorm: 5 stepSize: 0.0005 Win Time: 1145.06
Iteration 23200 Time: 59999 Score: 77.35 Size: 78.8775 Loss: 0.1625 Win: 0.235 valueNorm: 5 stepSize: 0.0005 Win Time: 1147.52
Iteration 23300 Time: 60245 Score: 72.575 Size: 75.105 Loss: 0.2175 Win: 0.185 valueNorm: 5 stepSize: 0.0005 Win Time: 1153.99
Iteration 23400 Time: 60506 Score: 79.5875 Size: 80.6625 Loss: 0.135 Win: 0.255 valueNorm: 5 stepSize: 0.0005 Win Time: 1143.85
Iteration 23500 Time: 60759 Score: 75.435 Size: 77.3075 Loss: 0.175 Win: 0.21 valueNorm: 5 stepSize: 0.0005 Win Time: 1142.63
Iteration 23600 Time: 61014 Score: 75.7275 Size: 77.5525 Loss: 0.175 Win: 0.215 valueNorm: 5 stepSize: 0.0005 Win Time: 1143.42
Iteration 23700 Time: 61259 Score: 74.6525 Size: 76.5525 Loss: 0.21 Win: 0.2475 valueNorm: 5 stepSize: 0.0005 Win Time: 1146.42
Iteration 23800 Time: 61519 Score: 76.87 Size: 78.605 Loss: 0.1475 Win: 0.195 valueNorm: 5 stepSize: 0.0005 Win Time: 1152.46
Iteration 23900 Time: 61772 Score: 76.91 Size: 78.85 Loss: 0.185 Win: 0.215 valueNorm: 5 stepSize: 0.0005 Win Time: 1143.57
Iteration 24000 Time: 62027 Score: 77.85 Size: 79.4825 Loss: 0.1575 Win: 0.2175 valueNorm: 5 stepSize: 0.0005 Win Time: 1143.28
Iteration 24100 Time: 62282 Score: 78.895 Size: 80.0375 Loss: 0.1575 Win: 0.2725 valueNorm: 5 stepSize: 0.0005 Win Time: 1142.94
Iteration 24200 Time: 62532 Score: 77.4725 Size: 78.9825 Loss: 0.1775 Win: 0.2525 valueNorm: 5 stepSize: 0.0005 Win Time: 1141.95
Iteration 24300 Time: 62785 Score: 78.25 Size: 79.75 Loss: 0.16 Win: 0.235 valueNorm: 5 stepSize: 0.0005 Win Time: 1143.76
Iteration 24400 Time: 63035 Score: 79.485 Size: 80.6275 Loss: 0.185 Win: 0.3025 valueNorm: 5 stepSize: 0.0005 Win Time: 1150.83
Iteration 24500 Time: 63289 Score: 77.5525 Size: 79.6 Loss: 0.1825 Win: 0.2 valueNorm: 5 stepSize: 0.0005 Win Time: 1142.44
Iteration 24600 Time: 63546 Score: 78.22 Size: 79.7125 Loss: 0.1475 Win: 0.2225 valueNorm: 5 stepSize: 0.0005 Win Time: 1154.16
Iteration 24700 Time: 63791 Score: 77.5375 Size: 79.015 Loss: 0.195 Win: 0.2775 valueNorm: 5 stepSize: 0.0005 Win Time: 1135.21
Iteration 24800 Time: 64046 Score: 79.3625 Size: 80.4625 Loss: 0.1475 Win: 0.265 valueNorm: 5 stepSize: 0.0005 Win Time: 1145.98
Iteration 24900 Time: 64297 Score: 76.115 Size: 77.7875 Loss: 0.155 Win: 0.21 valueNorm: 5 stepSize: 0.0005 Win Time: 1147.29
Iteration 25000 Time: 64547 Score: 75.975 Size: 77.7725 Loss: 0.165 Win: 0.2075 valueNorm: 5 stepSize: 0.0005 Win Time: 1149.07
Evaluation score: 73.1318
