Training control Time: 1715011497
Hyperparameters: numRollouts: 2 batchSize: 0 numEpochs: 1 numIter: 50000 evalPeriod: 200 savePeriod: 200 alpha: 0.000500 GAEParam: 1.000000 
Iteration 200 Time: 151 Score: -4.92786 Size: 6.3408 Loss: 0.925373 Win: 0 valueNorm: 5 stepSize: 0.0005
Iteration 400 Time: 367 Score: -1.8175 Size: 7.02 Loss: 0.6825 Win: 0 valueNorm: 5 stepSize: 0.0005
Iteration 600 Time: 627 Score: 1.0125 Size: 7.3225 Loss: 0.43 Win: 0 valueNorm: 5 stepSize: 0.0005
Iteration 800 Time: 883 Score: 0.845 Size: 7.675 Loss: 0.4825 Win: 0 valueNorm: 5 stepSize: 0.0005
Iteration 1000 Time: 1152 Score: 2.36 Size: 8.1225 Loss: 0.375 Win: 0 valueNorm: 5 stepSize: 0.0005
Iteration 1200 Time: 1417 Score: 2.0925 Size: 8.7475 Loss: 0.465 Win: 0 valueNorm: 5 stepSize: 0.0005
Iteration 1400 Time: 1684 Score: 3.13 Size: 9.5925 Loss: 0.445 Win: 0 valueNorm: 5 stepSize: 0.0005
Iteration 1600 Time: 1947 Score: 3.9275 Size: 10.4825 Loss: 0.4525 Win: 0 valueNorm: 5 stepSize: 0.0005
Iteration 1800 Time: 2211 Score: 5.63 Size: 12.1775 Loss: 0.4525 Win: 0 valueNorm: 5 stepSize: 0.0005
Iteration 2000 Time: 2462 Score: 6.6975 Size: 13.7375 Loss: 0.5025 Win: 0 valueNorm: 5 stepSize: 0.0005
Iteration 2200 Time: 2705 Score: 6.88 Size: 14.0025 Loss: 0.51 Win: 0 valueNorm: 5 stepSize: 0.0005
Iteration 2400 Time: 2942 Score: 7.575 Size: 14.71 Loss: 0.51 Win: 0 valueNorm: 5 stepSize: 0.0005
Iteration 2600 Time: 3177 Score: 8.2175 Size: 15.2325 Loss: 0.4975 Win: 0 valueNorm: 5 stepSize: 0.0005
Iteration 2800 Time: 3416 Score: 8.8625 Size: 15.7225 Loss: 0.4825 Win: 0 valueNorm: 5 stepSize: 0.0005
Iteration 3000 Time: 3667 Score: 10.765 Size: 17.015 Loss: 0.4225 Win: 0 valueNorm: 5 stepSize: 0.0005
Iteration 3200 Time: 3914 Score: 10.585 Size: 16.9525 Loss: 0.435 Win: 0 valueNorm: 5 stepSize: 0.0005
Iteration 3400 Time: 4164 Score: 11.805 Size: 17.805 Loss: 0.3975 Win: 0 valueNorm: 5 stepSize: 0.0005
Iteration 3600 Time: 4405 Score: 11.5325 Size: 17.8875 Loss: 0.4325 Win: 0 valueNorm: 5 stepSize: 0.0005
Iteration 3800 Time: 4650 Score: 12.2275 Size: 18.425 Loss: 0.4175 Win: 0 valueNorm: 5 stepSize: 0.0005
Iteration 4000 Time: 4898 Score: 13.495 Size: 19.56 Loss: 0.405 Win: 0 valueNorm: 5 stepSize: 0.0005
Iteration 4200 Time: 5140 Score: 13.0975 Size: 19.0775 Loss: 0.395 Win: 0 valueNorm: 5 stepSize: 0.0005
Iteration 4400 Time: 5401 Score: 15.4225 Size: 20.4775 Loss: 0.3025 Win: 0 valueNorm: 5 stepSize: 0.0005
Iteration 4600 Time: 5656 Score: 15.2425 Size: 20.525 Loss: 0.3275 Win: 0 valueNorm: 5 stepSize: 0.0005
Iteration 4800 Time: 5916 Score: 15.8125 Size: 21.005 Loss: 0.3175 Win: 0 valueNorm: 5 stepSize: 0.0005
Iteration 5000 Time: 6176 Score: 15.31 Size: 20.505 Loss: 0.3175 Win: 0 valueNorm: 5 stepSize: 0.0005
Iteration 5200 Time: 6420 Score: 15.4575 Size: 21 Loss: 0.3525 Win: 0 valueNorm: 5 stepSize: 0.0005
Iteration 5400 Time: 6656 Score: 14.9925 Size: 20.665 Loss: 0.365 Win: 0 valueNorm: 5 stepSize: 0.0005
Iteration 5600 Time: 6896 Score: 15.6025 Size: 21.1925 Loss: 0.3575 Win: 0 valueNorm: 5 stepSize: 0.0005
Iteration 5800 Time: 7139 Score: 16.0725 Size: 21.505 Loss: 0.3425 Win: 0 valueNorm: 5 stepSize: 0.0005
Iteration 6000 Time: 7379 Score: 16.06 Size: 21.6925 Loss: 0.36 Win: 0 valueNorm: 5 stepSize: 0.0005
Iteration 6200 Time: 7624 Score: 16.5675 Size: 22.2075 Loss: 0.3625 Win: 0 valueNorm: 5 stepSize: 0.0005
Iteration 6400 Time: 7867 Score: 16.9025 Size: 22.2475 Loss: 0.3325 Win: 0 valueNorm: 5 stepSize: 0.0005
Iteration 6600 Time: 8116 Score: 17.695 Size: 22.62 Loss: 0.29 Win: 0 valueNorm: 5 stepSize: 0.0005
Iteration 6800 Time: 8361 Score: 17.2075 Size: 22.55 Loss: 0.3325 Win: 0 valueNorm: 5 stepSize: 0.0005
Iteration 7000 Time: 8594 Score: 16.5825 Size: 22.5875 Loss: 0.3975 Win: 0 valueNorm: 5 stepSize: 0.0005
Iteration 7200 Time: 8824 Score: 16.3825 Size: 22.8125 Loss: 0.44 Win: 0 valueNorm: 5 stepSize: 0.0005
Iteration 7400 Time: 9069 Score: 18.4825 Size: 24.3275 Loss: 0.3825 Win: 0 valueNorm: 5 stepSize: 0.0005
Iteration 7600 Time: 9320 Score: 19.1625 Size: 24.8975 Loss: 0.3725 Win: 0 valueNorm: 5 stepSize: 0.0005
Iteration 7800 Time: 9569 Score: 18.9325 Size: 24.7675 Loss: 0.3825 Win: 0 valueNorm: 5 stepSize: 0.0005
Iteration 8000 Time: 9817 Score: 19.045 Size: 24.615 Loss: 0.355 Win: 0 valueNorm: 5 stepSize: 0.0005
Iteration 8200 Time: 10060 Score: 18.79 Size: 24.6925 Loss: 0.3875 Win: 0 valueNorm: 5 stepSize: 0.0005
Iteration 8400 Time: 10303 Score: 18.985 Size: 25.0425 Loss: 0.405 Win: 0 valueNorm: 5 stepSize: 0.0005
Iteration 8600 Time: 10541 Score: 18.82 Size: 25.4925 Loss: 0.465 Win: 0 valueNorm: 5 stepSize: 0.0005
Iteration 8800 Time: 10789 Score: 19.7175 Size: 25.8775 Loss: 0.415 Win: 0 valueNorm: 5 stepSize: 0.0005
Iteration 9000 Time: 11036 Score: 20.605 Size: 26.675 Loss: 0.405 Win: 0 valueNorm: 5 stepSize: 0.0005
Iteration 9200 Time: 11281 Score: 20.925 Size: 26.795 Loss: 0.385 Win: 0 valueNorm: 5 stepSize: 0.0005
Iteration 9400 Time: 11528 Score: 21.31 Size: 27.59 Loss: 0.4275 Win: 0 valueNorm: 5 stepSize: 0.0005
Iteration 9600 Time: 11777 Score: 22.0175 Size: 28.01 Loss: 0.3975 Win: 0 valueNorm: 5 stepSize: 0.0005
Iteration 9800 Time: 12034 Score: 23.4925 Size: 29.13 Loss: 0.3625 Win: 0 valueNorm: 5 stepSize: 0.0005
Iteration 10000 Time: 12291 Score: 24.3675 Size: 30.205 Loss: 0.3825 Win: 0 valueNorm: 5 stepSize: 0.0005
Iteration 10200 Time: 12539 Score: 24.2375 Size: 30.2025 Loss: 0.395 Win: 0 valueNorm: 5 stepSize: 0.0005
Iteration 10400 Time: 12789 Score: 26.0075 Size: 32.655 Loss: 0.4625 Win: 0 valueNorm: 5 stepSize: 0.0005
Iteration 10600 Time: 13042 Score: 26.8075 Size: 32.9025 Loss: 0.4075 Win: 0 valueNorm: 5 stepSize: 0.0005
Iteration 10800 Time: 13296 Score: 27.985 Size: 34.0425 Loss: 0.405 Win: 0 valueNorm: 5 stepSize: 0.0005
Iteration 11000 Time: 13552 Score: 29.6025 Size: 35.2525 Loss: 0.3625 Win: 0 valueNorm: 5 stepSize: 0.0005
Iteration 11200 Time: 13806 Score: 30.6175 Size: 36.805 Loss: 0.4175 Win: 0 valueNorm: 5 stepSize: 0.0005
Iteration 11400 Time: 14055 Score: 30.6325 Size: 36.785 Loss: 0.415 Win: 0 valueNorm: 5 stepSize: 0.0005
Iteration 11600 Time: 14317 Score: 33.145 Size: 38.9875 Loss: 0.3825 Win: 0 valueNorm: 5 stepSize: 0.0005
Iteration 11800 Time: 14582 Score: 34.825 Size: 40.255 Loss: 0.3425 Win: 0 valueNorm: 5 stepSize: 0.0005
Iteration 12000 Time: 14840 Score: 35.4625 Size: 41.77 Loss: 0.43 Win: 0 valueNorm: 5 stepSize: 0.0005
Iteration 12200 Time: 15094 Score: 35.9625 Size: 42.0575 Loss: 0.4075 Win: 0 valueNorm: 5 stepSize: 0.0005
Iteration 12400 Time: 15353 Score: 36.84 Size: 43.13 Loss: 0.4275 Win: 0 valueNorm: 5 stepSize: 0.0005
Iteration 12600 Time: 15611 Score: 37.27 Size: 43.27 Loss: 0.4 Win: 0 valueNorm: 5 stepSize: 0.0005
Iteration 12800 Time: 15867 Score: 37.9475 Size: 44.2125 Loss: 0.425 Win: 0 valueNorm: 5 stepSize: 0.0005
Iteration 13000 Time: 16131 Score: 39.9625 Size: 45.795 Loss: 0.3825 Win: 0 valueNorm: 5 stepSize: 0.0005
Iteration 13200 Time: 16397 Score: 41.59 Size: 46.9 Loss: 0.33 Win: 0 valueNorm: 5 stepSize: 0.0005
Iteration 13400 Time: 16652 Score: 40.3025 Size: 45.8125 Loss: 0.35 Win: 0 valueNorm: 5 stepSize: 0.0005
Iteration 13600 Time: 16913 Score: 41.875 Size: 47.8325 Loss: 0.395 Win: 0 valueNorm: 5 stepSize: 0.0005
Iteration 13800 Time: 17161 Score: 40.2575 Size: 46.465 Loss: 0.42 Win: 0 valueNorm: 5 stepSize: 0.0005
Iteration 14000 Time: 17418 Score: 42.37 Size: 48.32 Loss: 0.3925 Win: 0 valueNorm: 5 stepSize: 0.0005
Iteration 14200 Time: 17673 Score: 42.6425 Size: 48.9225 Loss: 0.4275 Win: 0 valueNorm: 5 stepSize: 0.0005
Iteration 14400 Time: 17934 Score: 44.3 Size: 49.465 Loss: 0.315 Win: 0 valueNorm: 5 stepSize: 0.0005
Iteration 14600 Time: 18200 Score: 45.995 Size: 51.0575 Loss: 0.305 Win: 0 valueNorm: 5 stepSize: 0.0005
Iteration 14800 Time: 18462 Score: 45.06 Size: 50.64 Loss: 0.3575 Win: 0 valueNorm: 5 stepSize: 0.0005
Iteration 15000 Time: 18718 Score: 44.575 Size: 50.035 Loss: 0.345 Win: 0 valueNorm: 5 stepSize: 0.0005
Iteration 15200 Time: 18973 Score: 44.3075 Size: 49.765 Loss: 0.345 Win: 0 valueNorm: 5 stepSize: 0.0005
Iteration 15400 Time: 19236 Score: 46.72 Size: 52.21 Loss: 0.3475 Win: 0 valueNorm: 5 stepSize: 0.0005
Iteration 15600 Time: 19491 Score: 44.8725 Size: 50.7075 Loss: 0.3825 Win: 0 valueNorm: 5 stepSize: 0.0005
Iteration 15800 Time: 19757 Score: 47.355 Size: 52.59 Loss: 0.3225 Win: 0 valueNorm: 5 stepSize: 0.0005
Iteration 16000 Time: 20011 Score: 45.5875 Size: 51.2725 Loss: 0.3675 Win: 0 valueNorm: 5 stepSize: 0.0005
Iteration 16200 Time: 20279 Score: 48.8925 Size: 53.98 Loss: 0.3075 Win: 0 valueNorm: 5 stepSize: 0.0005
Iteration 16400 Time: 20538 Score: 48.23 Size: 53.57 Loss: 0.3325 Win: 0 valueNorm: 5 stepSize: 0.0005
Iteration 16600 Time: 20804 Score: 49.075 Size: 54.3325 Loss: 0.325 Win: 0 valueNorm: 5 stepSize: 0.0005
Iteration 16800 Time: 21070 Score: 49.97 Size: 54.8375 Loss: 0.285 Win: 0 valueNorm: 5 stepSize: 0.0005
Iteration 17000 Time: 21332 Score: 48.96 Size: 54.1975 Loss: 0.3225 Win: 0 valueNorm: 5 stepSize: 0.0005
Iteration 17200 Time: 21594 Score: 48.99 Size: 54.125 Loss: 0.3125 Win: 0 valueNorm: 5 stepSize: 0.0005
Iteration 17400 Time: 21858 Score: 49.6625 Size: 54.9225 Loss: 0.325 Win: 0 valueNorm: 5 stepSize: 0.0005
Iteration 17600 Time: 22115 Score: 48.62 Size: 54.4375 Loss: 0.38 Win: 0 valueNorm: 5 stepSize: 0.0005
Iteration 17800 Time: 22374 Score: 48.755 Size: 54.02 Loss: 0.325 Win: 0 valueNorm: 5 stepSize: 0.0005
Iteration 18000 Time: 22632 Score: 48.69 Size: 54.2075 Loss: 0.35 Win: 0 valueNorm: 5 stepSize: 0.0005
Iteration 18200 Time: 22888 Score: 48.5175 Size: 53.805 Loss: 0.3275 Win: 0 valueNorm: 5 stepSize: 0.0005
Iteration 18400 Time: 23139 Score: 48.2025 Size: 53.34 Loss: 0.3125 Win: 0 valueNorm: 5 stepSize: 0.0005
Iteration 18600 Time: 23403 Score: 50.8125 Size: 55.5475 Loss: 0.2725 Win: 0 valueNorm: 5 stepSize: 0.0005
Iteration 18800 Time: 23667 Score: 50.49 Size: 55.19 Loss: 0.27 Win: 0 valueNorm: 5 stepSize: 0.0005
Iteration 19000 Time: 23931 Score: 50.2 Size: 55.3825 Loss: 0.3175 Win: 0 valueNorm: 5 stepSize: 0.0005
Iteration 19200 Time: 24207 Score: 53.025 Size: 57.81 Loss: 0.2775 Win: 0 valueNorm: 5 stepSize: 0.0005
Iteration 19400 Time: 24473 Score: 50.555 Size: 55.28 Loss: 0.27 Win: 0 valueNorm: 5 stepSize: 0.0005
Iteration 19600 Time: 24744 Score: 52.55 Size: 56.9775 Loss: 0.24 Win: 0 valueNorm: 5 stepSize: 0.0005
Iteration 19800 Time: 25008 Score: 51.4575 Size: 56.5925 Loss: 0.3125 Win: 0 valueNorm: 5 stepSize: 0.0005
Iteration 20000 Time: 25274 Score: 51.53 Size: 56.68 Loss: 0.3125 Win: 0 valueNorm: 5 stepSize: 0.0005
Iteration 20200 Time: 25537 Score: 51.31 Size: 56.445 Loss: 0.3125 Win: 0 valueNorm: 5 stepSize: 0.0005
Iteration 20400 Time: 25798 Score: 51.2575 Size: 56.425 Loss: 0.315 Win: 0 valueNorm: 5 stepSize: 0.0005
Iteration 20600 Time: 26071 Score: 54.3875 Size: 58.9125 Loss: 0.25 Win: 0 valueNorm: 5 stepSize: 0.0005
Iteration 20800 Time: 26331 Score: 51.5 Size: 56.46 Loss: 0.295 Win: 0 valueNorm: 5 stepSize: 0.0005
Iteration 21000 Time: 26596 Score: 53.4425 Size: 57.905 Loss: 0.245 Win: 0 valueNorm: 5 stepSize: 0.0005
Iteration 21200 Time: 26856 Score: 52.0375 Size: 57.11 Loss: 0.305 Win: 0 valueNorm: 5 stepSize: 0.0005
Iteration 21400 Time: 27116 Score: 53.44 Size: 57.8725 Loss: 0.2425 Win: 0 valueNorm: 5 stepSize: 0.0005
Iteration 21600 Time: 27382 Score: 53.93 Size: 58.5075 Loss: 0.255 Win: 0 valueNorm: 5 stepSize: 0.0005
Iteration 21800 Time: 27643 Score: 52.955 Size: 57.48 Loss: 0.25 Win: 0 valueNorm: 5 stepSize: 0.0005
Iteration 22000 Time: 27905 Score: 53.415 Size: 57.7475 Loss: 0.2325 Win: 0 valueNorm: 5 stepSize: 0.0005
Iteration 22200 Time: 28164 Score: 52.9225 Size: 57.6125 Loss: 0.2675 Win: 0 valueNorm: 5 stepSize: 0.0005
Iteration 22400 Time: 28426 Score: 53.2475 Size: 57.895 Loss: 0.2625 Win: 0 valueNorm: 5 stepSize: 0.0005
Iteration 22600 Time: 28692 Score: 54.275 Size: 58.8625 Loss: 0.2575 Win: 0 valueNorm: 5 stepSize: 0.0005
Iteration 22800 Time: 28955 Score: 54.18 Size: 58.625 Loss: 0.2425 Win: 0 valueNorm: 5 stepSize: 0.0005
Iteration 23000 Time: 29219 Score: 53.9025 Size: 58.465 Loss: 0.255 Win: 0 valueNorm: 5 stepSize: 0.0005
Iteration 23200 Time: 29487 Score: 54.77 Size: 59.2075 Loss: 0.2425 Win: 0 valueNorm: 5 stepSize: 0.0005
Iteration 23400 Time: 29755 Score: 54.9625 Size: 59.4875 Loss: 0.25 Win: 0 valueNorm: 5 stepSize: 0.0005
Iteration 23600 Time: 30016 Score: 54.21 Size: 58.83 Loss: 0.26 Win: 0 valueNorm: 5 stepSize: 0.0005
Iteration 23800 Time: 30278 Score: 53.9225 Size: 58.8275 Loss: 0.2875 Win: 0 valueNorm: 5 stepSize: 0.0005
Iteration 24000 Time: 30552 Score: 56.8775 Size: 60.8325 Loss: 0.195 Win: 0 valueNorm: 5 stepSize: 0.0005
Iteration 24200 Time: 30818 Score: 55.6625 Size: 59.8825 Loss: 0.22 Win: 0 valueNorm: 5 stepSize: 0.0005
Iteration 24400 Time: 31083 Score: 55.325 Size: 59.6925 Loss: 0.235 Win: 0 valueNorm: 5 stepSize: 0.0005
Iteration 24600 Time: 31348 Score: 55.1875 Size: 59.5775 Loss: 0.2375 Win: 0 valueNorm: 5 stepSize: 0.0005
Iteration 24800 Time: 31613 Score: 55.885 Size: 60.2325 Loss: 0.2325 Win: 0 valueNorm: 5 stepSize: 0.0005
Iteration 25000 Time: 31878 Score: 55.13 Size: 59.525 Loss: 0.2375 Win: 0 valueNorm: 5 stepSize: 0.0005
Iteration 25200 Time: 32143 Score: 55.4675 Size: 59.8575 Loss: 0.2375 Win: 0 valueNorm: 5 stepSize: 0.0005
Iteration 25400 Time: 32405 Score: 55.0125 Size: 59.2675 Loss: 0.225 Win: 0 valueNorm: 5 stepSize: 0.0005
Iteration 25600 Time: 32673 Score: 55.8525 Size: 59.9925 Loss: 0.2125 Win: 0 valueNorm: 5 stepSize: 0.0005
Iteration 25800 Time: 32941 Score: 55.9525 Size: 60.265 Loss: 0.23 Win: 0 valueNorm: 5 stepSize: 0.0005
Iteration 26000 Time: 33197 Score: 53.6425 Size: 58.4575 Loss: 0.28 Win: 0 valueNorm: 5 stepSize: 0.0005
Iteration 26200 Time: 33472 Score: 58.2375 Size: 61.795 Loss: 0.155 Win: 0 valueNorm: 5 stepSize: 0.0005
Iteration 26400 Time: 33741 Score: 56.8425 Size: 61.1875 Loss: 0.2325 Win: 0 valueNorm: 5 stepSize: 0.0005
Iteration 26600 Time: 34010 Score: 57.505 Size: 61.595 Loss: 0.2075 Win: 0 valueNorm: 5 stepSize: 0.0005
Iteration 26800 Time: 34279 Score: 56.715 Size: 61.19 Loss: 0.245 Win: 0 valueNorm: 5 stepSize: 0.0005
Iteration 27000 Time: 34539 Score: 54.465 Size: 59.2225 Loss: 0.275 Win: 0 valueNorm: 5 stepSize: 0.0005
Iteration 27200 Time: 34806 Score: 56.83 Size: 61.08 Loss: 0.2225 Win: 0 valueNorm: 5 stepSize: 0.0005
Iteration 27400 Time: 35069 Score: 56.4625 Size: 60.805 Loss: 0.235 Win: 0.0025 valueNorm: 5 stepSize: 0.0005 Win Time: 1198
Iteration 27600 Time: 35339 Score: 58.53 Size: 62.3275 Loss: 0.1775 Win: 0 valueNorm: 5 stepSize: 0.0005
Iteration 27800 Time: 35608 Score: 57.0725 Size: 61.475 Loss: 0.2375 Win: 0 valueNorm: 5 stepSize: 0.0005
Iteration 28000 Time: 35875 Score: 56.165 Size: 60.6 Loss: 0.2425 Win: 0 valueNorm: 5 stepSize: 0.0005
Iteration 28200 Time: 36145 Score: 58.1525 Size: 62.0175 Loss: 0.185 Win: 0 valueNorm: 5 stepSize: 0.0005
Iteration 28400 Time: 36412 Score: 57.6325 Size: 61.6425 Loss: 0.2 Win: 0 valueNorm: 5 stepSize: 0.0005
Iteration 28600 Time: 36691 Score: 60.135 Size: 63.7075 Loss: 0.155 Win: 0 valueNorm: 5 stepSize: 0.0005
Iteration 28800 Time: 36958 Score: 56.6375 Size: 61.055 Loss: 0.24 Win: 0 valueNorm: 5 stepSize: 0.0005
Iteration 29000 Time: 37224 Score: 56.6075 Size: 61.0175 Loss: 0.24 Win: 0 valueNorm: 5 stepSize: 0.0005
Iteration 29200 Time: 37488 Score: 57.35 Size: 61.72 Loss: 0.235 Win: 0 valueNorm: 5 stepSize: 0.0005
Iteration 29400 Time: 37747 Score: 55.675 Size: 60.4775 Loss: 0.28 Win: 0.0025 valueNorm: 5 stepSize: 0.0005 Win Time: 1157
Iteration 29600 Time: 38016 Score: 57.9425 Size: 62.005 Loss: 0.205 Win: 0 valueNorm: 5 stepSize: 0.0005
Iteration 29800 Time: 38285 Score: 57.2 Size: 61.1425 Loss: 0.1925 Win: 0 valueNorm: 5 stepSize: 0.0005
Iteration 30000 Time: 38558 Score: 59.005 Size: 62.59 Loss: 0.1575 Win: 0 valueNorm: 5 stepSize: 0.0005
Iteration 30200 Time: 38835 Score: 60.615 Size: 63.995 Loss: 0.1375 Win: 0 valueNorm: 5 stepSize: 0.0005
Iteration 30400 Time: 39101 Score: 57.3525 Size: 61.7525 Loss: 0.2375 Win: 0 valueNorm: 5 stepSize: 0.0005
Iteration 30600 Time: 39371 Score: 58.655 Size: 62.4125 Loss: 0.175 Win: 0 valueNorm: 5 stepSize: 0.0005
Iteration 30800 Time: 39627 Score: 54.975 Size: 59.6625 Loss: 0.2675 Win: 0 valueNorm: 5 stepSize: 0.0005
Iteration 31000 Time: 39898 Score: 58.1225 Size: 62.2725 Loss: 0.2125 Win: 0 valueNorm: 5 stepSize: 0.0005
Iteration 31200 Time: 40170 Score: 57.8375 Size: 62.2225 Loss: 0.24 Win: 0.005 valueNorm: 5 stepSize: 0.0005 Win Time: 1126.5
Iteration 31400 Time: 40449 Score: 58.695 Size: 62.725 Loss: 0.2025 Win: 0 valueNorm: 5 stepSize: 0.0005
Iteration 31600 Time: 40729 Score: 59.2725 Size: 63.3675 Loss: 0.2075 Win: 0 valueNorm: 5 stepSize: 0.0005
Iteration 31800 Time: 41004 Score: 57.3875 Size: 61.8275 Loss: 0.2425 Win: 0 valueNorm: 5 stepSize: 0.0005
Iteration 32000 Time: 41276 Score: 57.8125 Size: 62.0425 Loss: 0.22 Win: 0 valueNorm: 5 stepSize: 0.0005
Iteration 32200 Time: 41555 Score: 58.35 Size: 62.6425 Loss: 0.2275 Win: 0 valueNorm: 5 stepSize: 0.0005
Iteration 32400 Time: 41830 Score: 57.7775 Size: 62.46 Loss: 0.265 Win: 0 valueNorm: 5 stepSize: 0.0005
Iteration 32600 Time: 42108 Score: 58.2675 Size: 62.4375 Loss: 0.215 Win: 0 valueNorm: 5 stepSize: 0.0005
Iteration 32800 Time: 42385 Score: 58.6575 Size: 62.78 Loss: 0.21 Win: 0 valueNorm: 5 stepSize: 0.0005
Iteration 33000 Time: 42658 Score: 57.2775 Size: 61.655 Loss: 0.235 Win: 0 valueNorm: 5 stepSize: 0.0005
Iteration 33200 Time: 42929 Score: 57.5225 Size: 62.0375 Loss: 0.25 Win: 0 valueNorm: 5 stepSize: 0.0005
Iteration 33400 Time: 43203 Score: 57.6775 Size: 62.065 Loss: 0.2375 Win: 0 valueNorm: 5 stepSize: 0.0005
Iteration 33600 Time: 43482 Score: 59.465 Size: 63.5875 Loss: 0.21 Win: 0 valueNorm: 5 stepSize: 0.0005
Iteration 33800 Time: 43752 Score: 56.7 Size: 61.8 Loss: 0.3075 Win: 0 valueNorm: 5 stepSize: 0.0005
Iteration 34000 Time: 44024 Score: 58.1925 Size: 62.5725 Loss: 0.2375 Win: 0.0025 valueNorm: 5 stepSize: 0.0005 Win Time: 1060
Iteration 34200 Time: 44296 Score: 58.7975 Size: 63.0025 Loss: 0.2175 Win: 0 valueNorm: 5 stepSize: 0.0005
Iteration 34400 Time: 44569 Score: 59.3725 Size: 63.5125 Loss: 0.215 Win: 0.0025 valueNorm: 5 stepSize: 0.0005 Win Time: 1189
Iteration 34600 Time: 44847 Score: 60.1475 Size: 64.3325 Loss: 0.2175 Win: 0 valueNorm: 5 stepSize: 0.0005
Iteration 34800 Time: 45120 Score: 57.9925 Size: 62.2375 Loss: 0.2225 Win: 0 valueNorm: 5 stepSize: 0.0005
Iteration 35000 Time: 45390 Score: 57.48 Size: 62.1575 Loss: 0.265 Win: 0 valueNorm: 5 stepSize: 0.0005
Iteration 35200 Time: 45665 Score: 59.8475 Size: 63.86 Loss: 0.2 Win: 0 valueNorm: 5 stepSize: 0.0005
Iteration 35400 Time: 45934 Score: 57.9675 Size: 62.4225 Loss: 0.245 Win: 0.0025 valueNorm: 5 stepSize: 0.0005 Win Time: 1197
Iteration 35600 Time: 46206 Score: 59.585 Size: 63.775 Loss: 0.22 Win: 0.0025 valueNorm: 5 stepSize: 0.0005 Win Time: 1179
Iteration 35800 Time: 46478 Score: 59.1475 Size: 63.165 Loss: 0.2 Win: 0 valueNorm: 5 stepSize: 0.0005
Iteration 36000 Time: 46749 Score: 59.1175 Size: 63.5725 Loss: 0.2475 Win: 0.005 valueNorm: 5 stepSize: 0.0005 Win Time: 1178
Iteration 36200 Time: 47016 Score: 58.3275 Size: 62.77 Loss: 0.245 Win: 0.0025 valueNorm: 5 stepSize: 0.0005 Win Time: 1149
Iteration 36400 Time: 47280 Score: 57.785 Size: 62.45 Loss: 0.27 Win: 0.0075 valueNorm: 5 stepSize: 0.0005 Win Time: 1162.67
Iteration 36600 Time: 47554 Score: 60.185 Size: 64.21 Loss: 0.205 Win: 0.005 valueNorm: 5 stepSize: 0.0005 Win Time: 1185.5
Iteration 36800 Time: 47831 Score: 60.785 Size: 64.5425 Loss: 0.175 Win: 0 valueNorm: 5 stepSize: 0.0005
Iteration 37000 Time: 48108 Score: 61.175 Size: 64.9825 Loss: 0.185 Win: 0.0075 valueNorm: 5 stepSize: 0.0005 Win Time: 1174
Iteration 37200 Time: 48385 Score: 61.35 Size: 65.3475 Loss: 0.2025 Win: 0.005 valueNorm: 5 stepSize: 0.0005 Win Time: 1169.5
Iteration 37400 Time: 48658 Score: 60.51 Size: 64.7375 Loss: 0.2225 Win: 0.0025 valueNorm: 5 stepSize: 0.0005 Win Time: 1160
Iteration 37600 Time: 48940 Score: 62.6775 Size: 66.2975 Loss: 0.1625 Win: 0.0025 valueNorm: 5 stepSize: 0.0005 Win Time: 1147
Iteration 37800 Time: 49213 Score: 61.11 Size: 65.1825 Loss: 0.21 Win: 0.005 valueNorm: 5 stepSize: 0.0005 Win Time: 1177
Iteration 38000 Time: 49483 Score: 60.2525 Size: 64.3225 Loss: 0.21 Win: 0.005 valueNorm: 5 stepSize: 0.0005 Win Time: 1145.5
Iteration 38200 Time: 49756 Score: 61.79 Size: 65.62 Loss: 0.1925 Win: 0.0125 valueNorm: 5 stepSize: 0.0005 Win Time: 1147.8
Iteration 38400 Time: 50030 Score: 60.88 Size: 64.9 Loss: 0.2075 Win: 0.0075 valueNorm: 5 stepSize: 0.0005 Win Time: 1151
Iteration 38600 Time: 50305 Score: 61.4125 Size: 65.2025 Loss: 0.19 Win: 0.015 valueNorm: 5 stepSize: 0.0005 Win Time: 1171
Iteration 38800 Time: 50575 Score: 60.24 Size: 64.5375 Loss: 0.23 Win: 0.0025 valueNorm: 5 stepSize: 0.0005 Win Time: 1186
Iteration 39000 Time: 50850 Score: 61.775 Size: 65.645 Loss: 0.1925 Win: 0.0075 valueNorm: 5 stepSize: 0.0005 Win Time: 1174
Iteration 39200 Time: 51116 Score: 60.27 Size: 64.46 Loss: 0.23 Win: 0.015 valueNorm: 5 stepSize: 0.0005 Win Time: 1163.83
Iteration 39400 Time: 51395 Score: 63.8525 Size: 67.3025 Loss: 0.165 Win: 0.0225 valueNorm: 5 stepSize: 0.0005 Win Time: 1168.56
Iteration 39600 Time: 51665 Score: 62.0975 Size: 66.0775 Loss: 0.215 Win: 0.02 valueNorm: 5 stepSize: 0.0005 Win Time: 1178.38
Iteration 39800 Time: 51939 Score: 63.1225 Size: 67.215 Loss: 0.22 Win: 0.015 valueNorm: 5 stepSize: 0.0005 Win Time: 1155
Iteration 40000 Time: 52211 Score: 62.0375 Size: 66.3275 Loss: 0.24 Win: 0.015 valueNorm: 5 stepSize: 0.0005 Win Time: 1154.33
Iteration 40200 Time: 52488 Score: 63.995 Size: 67.6825 Loss: 0.1825 Win: 0.0175 valueNorm: 5 stepSize: 0.0005 Win Time: 1176.57
Iteration 40400 Time: 52758 Score: 61.795 Size: 66.0175 Loss: 0.225 Win: 0.005 valueNorm: 5 stepSize: 0.0005 Win Time: 1189.5
Iteration 40600 Time: 53035 Score: 65.045 Size: 68.46 Loss: 0.1625 Win: 0.025 valueNorm: 5 stepSize: 0.0005 Win Time: 1163.6
Iteration 40800 Time: 53311 Score: 63.5125 Size: 67.1625 Loss: 0.1825 Win: 0.02 valueNorm: 5 stepSize: 0.0005 Win Time: 1175.25
Iteration 41000 Time: 53578 Score: 62.3925 Size: 66.385 Loss: 0.215 Win: 0.02 valueNorm: 5 stepSize: 0.0005 Win Time: 1155.38
Iteration 41200 Time: 53852 Score: 65.2975 Size: 68.655 Loss: 0.155 Win: 0.0225 valueNorm: 5 stepSize: 0.0005 Win Time: 1158.67
Iteration 41400 Time: 54111 Score: 59.9025 Size: 64.53 Loss: 0.28 Win: 0.0225 valueNorm: 5 stepSize: 0.0005 Win Time: 1150
Iteration 41600 Time: 54379 Score: 63.005 Size: 67.02 Loss: 0.225 Win: 0.0275 valueNorm: 5 stepSize: 0.0005 Win Time: 1170.73
Iteration 41800 Time: 54650 Score: 63.1525 Size: 67.06 Loss: 0.2075 Win: 0.02 valueNorm: 5 stepSize: 0.0005 Win Time: 1162
Iteration 42000 Time: 54925 Score: 64.58 Size: 68.2125 Loss: 0.18 Win: 0.02 valueNorm: 5 stepSize: 0.0005 Win Time: 1176.38
Iteration 42200 Time: 55197 Score: 64.565 Size: 68.305 Loss: 0.1975 Win: 0.0275 valueNorm: 5 stepSize: 0.0005 Win Time: 1144.27
Iteration 42400 Time: 55467 Score: 62.3975 Size: 66.4675 Loss: 0.225 Win: 0.0225 valueNorm: 5 stepSize: 0.0005 Win Time: 1158.56
Iteration 42600 Time: 55739 Score: 63.8325 Size: 67.43 Loss: 0.1825 Win: 0.0275 valueNorm: 5 stepSize: 0.0005 Win Time: 1162.64
Iteration 42800 Time: 56013 Score: 64.56 Size: 67.9325 Loss: 0.165 Win: 0.0325 valueNorm: 5 stepSize: 0.0005 Win Time: 1162.38
Iteration 43000 Time: 56285 Score: 63.5625 Size: 67.425 Loss: 0.1975 Win: 0.015 valueNorm: 5 stepSize: 0.0005 Win Time: 1176.17
Iteration 43200 Time: 56561 Score: 65.3075 Size: 68.9 Loss: 0.1875 Win: 0.0325 valueNorm: 5 stepSize: 0.0005 Win Time: 1146.69
Iteration 43400 Time: 56831 Score: 64.5175 Size: 68.2125 Loss: 0.19 Win: 0.025 valueNorm: 5 stepSize: 0.0005 Win Time: 1147.9
Iteration 43600 Time: 57089 Score: 61.35 Size: 65.8525 Loss: 0.265 Win: 0.02 valueNorm: 5 stepSize: 0.0005 Win Time: 1156.75
Iteration 43800 Time: 57350 Score: 63.5475 Size: 67.3725 Loss: 0.21 Win: 0.0325 valueNorm: 5 stepSize: 0.0005 Win Time: 1165.54
Iteration 44000 Time: 57618 Score: 65.875 Size: 69.36 Loss: 0.185 Win: 0.0425 valueNorm: 5 stepSize: 0.0005 Win Time: 1156.59
Iteration 44200 Time: 57892 Score: 66.765 Size: 69.9175 Loss: 0.15 Win: 0.04 valueNorm: 5 stepSize: 0.0005 Win Time: 1168.44
Iteration 44400 Time: 58162 Score: 66.0375 Size: 69.53 Loss: 0.1925 Win: 0.05 valueNorm: 5 stepSize: 0.0005 Win Time: 1165.15
Iteration 44600 Time: 58434 Score: 64.6675 Size: 68.3025 Loss: 0.185 Win: 0.025 valueNorm: 5 stepSize: 0.0005 Win Time: 1158.2
Iteration 44800 Time: 58706 Score: 64.7875 Size: 68.425 Loss: 0.1825 Win: 0.0225 valueNorm: 5 stepSize: 0.0005 Win Time: 1134.33
Iteration 45000 Time: 58977 Score: 67.58 Size: 70.785 Loss: 0.1525 Win: 0.0375 valueNorm: 5 stepSize: 0.0005 Win Time: 1144.93
Iteration 45200 Time: 59237 Score: 65.3875 Size: 68.8625 Loss: 0.2025 Win: 0.0625 valueNorm: 5 stepSize: 0.0005 Win Time: 1159.08
Iteration 45400 Time: 59504 Score: 67.7925 Size: 70.845 Loss: 0.1625 Win: 0.065 valueNorm: 5 stepSize: 0.0005 Win Time: 1157.38
Iteration 45600 Time: 59774 Score: 68.5175 Size: 71.5325 Loss: 0.1475 Win: 0.0525 valueNorm: 5 stepSize: 0.0005 Win Time: 1147.38
Iteration 45800 Time: 60037 Score: 65.5225 Size: 68.995 Loss: 0.1675 Win: 0.025 valueNorm: 5 stepSize: 0.0005 Win Time: 1171.2
Iteration 46000 Time: 60303 Score: 68.14 Size: 70.9675 Loss: 0.12 Win: 0.0425 valueNorm: 5 stepSize: 0.0005 Win Time: 1164.29
Iteration 46200 Time: 60562 Score: 67.2 Size: 70.4975 Loss: 0.1775 Win: 0.055 valueNorm: 5 stepSize: 0.0005 Win Time: 1148.23
Iteration 46400 Time: 60831 Score: 70.8625 Size: 73.59 Loss: 0.1175 Win: 0.05 valueNorm: 5 stepSize: 0.0005 Win Time: 1160.7
Iteration 46600 Time: 61092 Score: 67.4375 Size: 70.745 Loss: 0.1825 Win: 0.06 valueNorm: 5 stepSize: 0.0005 Win Time: 1153.29
Iteration 46800 Time: 61355 Score: 67.685 Size: 70.8075 Loss: 0.155 Win: 0.05 valueNorm: 5 stepSize: 0.0005 Win Time: 1159.85
Iteration 47000 Time: 61615 Score: 68.1025 Size: 71.1675 Loss: 0.1625 Win: 0.0625 valueNorm: 5 stepSize: 0.0005 Win Time: 1156.8
Iteration 47200 Time: 61871 Score: 67.57 Size: 70.7875 Loss: 0.1675 Win: 0.0525 valueNorm: 5 stepSize: 0.0005 Win Time: 1160.14
Iteration 47400 Time: 62132 Score: 68.5925 Size: 71.4775 Loss: 0.15 Win: 0.07 valueNorm: 5 stepSize: 0.0005 Win Time: 1165.61
Iteration 47600 Time: 62388 Score: 66.8475 Size: 70.5125 Loss: 0.2 Win: 0.04 valueNorm: 5 stepSize: 0.0005 Win Time: 1150.12
Iteration 47800 Time: 62643 Score: 67.6 Size: 70.9475 Loss: 0.185 Win: 0.0575 valueNorm: 5 stepSize: 0.0005 Win Time: 1157
Iteration 48000 Time: 62898 Score: 67.1375 Size: 70.3875 Loss: 0.175 Win: 0.0575 valueNorm: 5 stepSize: 0.0005 Win Time: 1150.39
Iteration 48200 Time: 63154 Score: 67.81 Size: 70.89 Loss: 0.1625 Win: 0.0625 valueNorm: 5 stepSize: 0.0005 Win Time: 1149.08
Iteration 48400 Time: 63413 Score: 69.35 Size: 72.505 Loss: 0.1525 Win: 0.0425 valueNorm: 5 stepSize: 0.0005 Win Time: 1145.76
Iteration 48600 Time: 63662 Score: 65.865 Size: 69.485 Loss: 0.21 Win: 0.055 valueNorm: 5 stepSize: 0.0005 Win Time: 1141
Iteration 48800 Time: 63921 Score: 69.4775 Size: 72.505 Loss: 0.1675 Win: 0.075 valueNorm: 5 stepSize: 0.0005 Win Time: 1156.8
Iteration 49000 Time: 64177 Score: 68.92 Size: 72.0825 Loss: 0.17 Win: 0.0625 valueNorm: 5 stepSize: 0.0005 Win Time: 1148.36
Iteration 49200 Time: 64433 Score: 67.805 Size: 70.9875 Loss: 0.1525 Win: 0.04 valueNorm: 5 stepSize: 0.0005 Win Time: 1143.81
Iteration 49400 Time: 64681 Score: 64.4525 Size: 68.0625 Loss: 0.2 Win: 0.045 valueNorm: 5 stepSize: 0.0005 Win Time: 1162.67
Iteration 49600 Time: 64937 Score: 64.9375 Size: 68.6 Loss: 0.1875 Win: 0.0275 valueNorm: 5 stepSize: 0.0005 Win Time: 1166.27
Iteration 49800 Time: 65194 Score: 68.18 Size: 71.245 Loss: 0.165 Win: 0.0675 valueNorm: 5 stepSize: 0.0005 Win Time: 1155.41
Iteration 50000 Time: 65444 Score: 64.815 Size: 68.585 Loss: 0.2075 Win: 0.035 valueNorm: 5 stepSize: 0.0005 Win Time: 1143.21
Evaluation score: 61.4466
