Training control Time: 1715011497
Hyperparameters: numRollouts: 2 batchSize: 128 numEpochs: 1 numIter: 50000 evalPeriod: 200 savePeriod: 200 alpha: 0.000500 GAEParam: 0.950000 
Iteration 200 Time: 217 Score: -1.18408 Size: 7.69403 Loss: 0.686567 Win: 0 valueNorm: 5 stepSize: 0.0005
Iteration 400 Time: 406 Score: 4.16 Size: 13.1875 Loss: 0.7 Win: 0 valueNorm: 5 stepSize: 0.0005
Iteration 600 Time: 590 Score: 7.6675 Size: 16.92 Loss: 0.7225 Win: 0 valueNorm: 5 stepSize: 0.0005
Iteration 800 Time: 779 Score: 9.7075 Size: 18.725 Loss: 0.6975 Win: 0 valueNorm: 5 stepSize: 0.0005
Iteration 1000 Time: 975 Score: 11.6725 Size: 20.37 Loss: 0.665 Win: 0 valueNorm: 5 stepSize: 0.0005
Iteration 1200 Time: 1194 Score: 15.2925 Size: 22.5175 Loss: 0.52 Win: 0 valueNorm: 5 stepSize: 0.0005
Iteration 1400 Time: 1421 Score: 15.97 Size: 23.4225 Loss: 0.5425 Win: 0 valueNorm: 5 stepSize: 0.0005
Iteration 1600 Time: 1663 Score: 17.35 Size: 24.3175 Loss: 0.495 Win: 0 valueNorm: 5 stepSize: 0.0005
Iteration 1800 Time: 1909 Score: 18.98 Size: 25.9675 Loss: 0.4975 Win: 0 valueNorm: 5 stepSize: 0.0005
Iteration 2000 Time: 2149 Score: 20.475 Size: 27.77 Loss: 0.5275 Win: 0 valueNorm: 5 stepSize: 0.0005
Iteration 2200 Time: 2389 Score: 21.2275 Size: 28.725 Loss: 0.5475 Win: 0 valueNorm: 5 stepSize: 0.0005
Iteration 2400 Time: 2635 Score: 23.395 Size: 31.1475 Loss: 0.5725 Win: 0 valueNorm: 5 stepSize: 0.0005
Iteration 2600 Time: 2879 Score: 24.705 Size: 33.385 Loss: 0.665 Win: 0 valueNorm: 5 stepSize: 0.0005
Iteration 2800 Time: 3131 Score: 27.7575 Size: 36.4275 Loss: 0.665 Win: 0 valueNorm: 5 stepSize: 0.0005
Iteration 3000 Time: 3381 Score: 30.305 Size: 37.59 Loss: 0.525 Win: 0 valueNorm: 5 stepSize: 0.0005
Iteration 3200 Time: 3639 Score: 33.8 Size: 40.68 Loss: 0.485 Win: 0 valueNorm: 5 stepSize: 0.0005
Iteration 3400 Time: 3905 Score: 36.6075 Size: 43.45 Loss: 0.4825 Win: 0 valueNorm: 5 stepSize: 0.0005
Iteration 3600 Time: 4176 Score: 39.5475 Size: 46.0275 Loss: 0.4475 Win: 0 valueNorm: 5 stepSize: 0.0005
Iteration 3800 Time: 4444 Score: 40.675 Size: 47.1475 Loss: 0.445 Win: 0 valueNorm: 5 stepSize: 0.0005
Iteration 4000 Time: 4707 Score: 41.125 Size: 47.6525 Loss: 0.45 Win: 0 valueNorm: 5 stepSize: 0.0005
Iteration 4200 Time: 4958 Score: 43.385 Size: 49.55 Loss: 0.415 Win: 0 valueNorm: 5 stepSize: 0.0005
Iteration 4400 Time: 5201 Score: 43.135 Size: 49.615 Loss: 0.445 Win: 0 valueNorm: 5 stepSize: 0.0005
Iteration 4600 Time: 5453 Score: 45.68 Size: 52.38 Loss: 0.4675 Win: 0 valueNorm: 5 stepSize: 0.0005
Iteration 4800 Time: 5710 Score: 46.88 Size: 52.95 Loss: 0.405 Win: 0 valueNorm: 5 stepSize: 0.0005
Iteration 5000 Time: 5955 Score: 45.9225 Size: 51.965 Loss: 0.4025 Win: 0 valueNorm: 5 stepSize: 0.0005
Iteration 5200 Time: 6211 Score: 49.2725 Size: 55.03 Loss: 0.3725 Win: 0 valueNorm: 5 stepSize: 0.0005
Iteration 5400 Time: 6462 Score: 50.0175 Size: 55.7075 Loss: 0.3675 Win: 0 valueNorm: 5 stepSize: 0.0005
Iteration 5600 Time: 6705 Score: 49.0825 Size: 54.7175 Loss: 0.3625 Win: 0 valueNorm: 5 stepSize: 0.0005
Iteration 5800 Time: 6940 Score: 48.0075 Size: 54.3225 Loss: 0.4275 Win: 0 valueNorm: 5 stepSize: 0.0005
Iteration 6000 Time: 7182 Score: 50.555 Size: 56.1 Loss: 0.3525 Win: 0 valueNorm: 5 stepSize: 0.0005
Iteration 6200 Time: 7434 Score: 52.935 Size: 58.15 Loss: 0.32 Win: 0 valueNorm: 5 stepSize: 0.0005
Iteration 6400 Time: 7676 Score: 50.6725 Size: 56.53 Loss: 0.3825 Win: 0 valueNorm: 5 stepSize: 0.0005
Iteration 6600 Time: 7921 Score: 51.935 Size: 57.0775 Loss: 0.3125 Win: 0 valueNorm: 5 stepSize: 0.0005
Iteration 6800 Time: 8166 Score: 52.3075 Size: 57.73 Loss: 0.34 Win: 0 valueNorm: 5 stepSize: 0.0005
Iteration 7000 Time: 8409 Score: 51.9725 Size: 57.8725 Loss: 0.3875 Win: 0 valueNorm: 5 stepSize: 0.0005
Iteration 7200 Time: 8642 Score: 49.82 Size: 56.1325 Loss: 0.4275 Win: 0 valueNorm: 5 stepSize: 0.0005
Iteration 7400 Time: 8885 Score: 52.675 Size: 58.2075 Loss: 0.35 Win: 0 valueNorm: 5 stepSize: 0.0005
Iteration 7600 Time: 9122 Score: 51.1625 Size: 57.115 Loss: 0.3925 Win: 0 valueNorm: 5 stepSize: 0.0005
Iteration 7800 Time: 9363 Score: 53.02 Size: 58.57 Loss: 0.3525 Win: 0 valueNorm: 5 stepSize: 0.0005
Iteration 8000 Time: 9603 Score: 52.45 Size: 58.4675 Loss: 0.3975 Win: 0 valueNorm: 5 stepSize: 0.0005
Iteration 8200 Time: 9842 Score: 52.7525 Size: 58.6075 Loss: 0.3825 Win: 0 valueNorm: 5 stepSize: 0.0005
Iteration 8400 Time: 10084 Score: 53.26 Size: 58.9425 Loss: 0.365 Win: 0 valueNorm: 5 stepSize: 0.0005
Iteration 8600 Time: 10329 Score: 52.9175 Size: 58.6475 Loss: 0.37 Win: 0 valueNorm: 5 stepSize: 0.0005
Iteration 8800 Time: 10574 Score: 52.0499 Size: 57.9875 Loss: 0.391521 Win: 0 valueNorm: 5 stepSize: 0.0005
Iteration 9000 Time: 10828 Score: 52.8 Size: 58.5775 Loss: 0.375 Win: 0 valueNorm: 5 stepSize: 0.0005
Iteration 9200 Time: 11081 Score: 53.03 Size: 58.95 Loss: 0.39 Win: 0 valueNorm: 5 stepSize: 0.0005
Iteration 9400 Time: 11339 Score: 55.065 Size: 60.29 Loss: 0.32 Win: 0 valueNorm: 5 stepSize: 0.0005
Iteration 9600 Time: 11596 Score: 54.8475 Size: 60.375 Loss: 0.35 Win: 0 valueNorm: 5 stepSize: 0.0005
Iteration 9800 Time: 11844 Score: 53.3925 Size: 59.2225 Loss: 0.38 Win: 0 valueNorm: 5 stepSize: 0.0005
Iteration 10000 Time: 12097 Score: 54.4525 Size: 60.265 Loss: 0.3775 Win: 0 valueNorm: 5 stepSize: 0.0005
Iteration 10200 Time: 12344 Score: 53.495 Size: 59.41 Loss: 0.3875 Win: 0 valueNorm: 5 stepSize: 0.0005
Iteration 10400 Time: 12585 Score: 51.6325 Size: 57.97 Loss: 0.43 Win: 0 valueNorm: 5 stepSize: 0.0005
Iteration 10600 Time: 12829 Score: 52.1175 Size: 58.7775 Loss: 0.4625 Win: 0 valueNorm: 5 stepSize: 0.0005
Iteration 10800 Time: 13086 Score: 55.715 Size: 61.2125 Loss: 0.3475 Win: 0 valueNorm: 5 stepSize: 0.0005
Iteration 11000 Time: 13337 Score: 54.995 Size: 60.3975 Loss: 0.3375 Win: 0 valueNorm: 5 stepSize: 0.0005
Iteration 11200 Time: 13585 Score: 54.375 Size: 60.1175 Loss: 0.37 Win: 0 valueNorm: 5 stepSize: 0.0005
Iteration 11400 Time: 13838 Score: 56.175 Size: 61.43 Loss: 0.3225 Win: 0 valueNorm: 5 stepSize: 0.0005
Iteration 11600 Time: 14087 Score: 55.6925 Size: 61.2575 Loss: 0.355 Win: 0.0025 valueNorm: 5 stepSize: 0.0005 Win Time: 1141
Iteration 11800 Time: 14338 Score: 56.47 Size: 61.8375 Loss: 0.3325 Win: 0 valueNorm: 5 stepSize: 0.0005
Iteration 12000 Time: 14586 Score: 57.89 Size: 63.25 Loss: 0.3325 Win: 0 valueNorm: 5 stepSize: 0.0005
Iteration 12200 Time: 14826 Score: 55.54 Size: 61.12 Loss: 0.355 Win: 0 valueNorm: 5 stepSize: 0.0005
Iteration 12400 Time: 15074 Score: 57.7681 Size: 63.217 Loss: 0.341646 Win: 0 valueNorm: 5 stepSize: 0.0005
Iteration 12600 Time: 15315 Score: 56.295 Size: 61.97 Loss: 0.365 Win: 0 valueNorm: 5 stepSize: 0.0005
Iteration 12800 Time: 15562 Score: 57.62 Size: 63.3525 Loss: 0.37 Win: 0 valueNorm: 5 stepSize: 0.0005
Iteration 13000 Time: 15799 Score: 55.5675 Size: 61.1925 Loss: 0.36 Win: 0 valueNorm: 5 stepSize: 0.0005
Iteration 13200 Time: 16032 Score: 55.38 Size: 61.585 Loss: 0.4175 Win: 0 valueNorm: 5 stepSize: 0.0005
Iteration 13400 Time: 16271 Score: 57.345 Size: 62.9675 Loss: 0.36 Win: 0 valueNorm: 5 stepSize: 0.0005
Iteration 13600 Time: 16506 Score: 56.0775 Size: 61.825 Loss: 0.375 Win: 0.005 valueNorm: 5 stepSize: 0.0005 Win Time: 1176.5
Iteration 13800 Time: 16750 Score: 56.255 Size: 62.125 Loss: 0.3825 Win: 0 valueNorm: 5 stepSize: 0.0005
Iteration 14000 Time: 16989 Score: 55.5175 Size: 61.66 Loss: 0.41 Win: 0 valueNorm: 5 stepSize: 0.0005
Iteration 14200 Time: 17229 Score: 56.21 Size: 62.7875 Loss: 0.4575 Win: 0.005 valueNorm: 5 stepSize: 0.0005 Win Time: 1125.5
Iteration 14400 Time: 17471 Score: 56.9075 Size: 62.8 Loss: 0.385 Win: 0 valueNorm: 5 stepSize: 0.0005
Iteration 14600 Time: 17702 Score: 53.8354 Size: 60.3192 Loss: 0.448878 Win: 0.00498753 valueNorm: 5 stepSize: 0.0005 Win Time: 1169
Iteration 14800 Time: 17951 Score: 58.7 Size: 64.09 Loss: 0.34 Win: 0.005 valueNorm: 5 stepSize: 0.0005 Win Time: 1184
Iteration 15000 Time: 18193 Score: 57.7225 Size: 63.9325 Loss: 0.4275 Win: 0.0125 valueNorm: 5 stepSize: 0.0005 Win Time: 1136.6
Iteration 15200 Time: 18424 Score: 55.9 Size: 61.8725 Loss: 0.41 Win: 0.0175 valueNorm: 5 stepSize: 0.0005 Win Time: 1145.71
Iteration 15400 Time: 18663 Score: 58.5925 Size: 64.5575 Loss: 0.42 Win: 0.03 valueNorm: 5 stepSize: 0.0005 Win Time: 1148.42
Iteration 15600 Time: 18892 Score: 56.645 Size: 62.5775 Loss: 0.4175 Win: 0.03 valueNorm: 5 stepSize: 0.0005 Win Time: 1145.42
Iteration 15800 Time: 19117 Score: 57.0525 Size: 63.345 Loss: 0.4375 Win: 0.015 valueNorm: 5 stepSize: 0.0005 Win Time: 1155.83
Iteration 16000 Time: 19353 Score: 59.9525 Size: 65.4175 Loss: 0.37 Win: 0.03 valueNorm: 5 stepSize: 0.0005 Win Time: 1163.58
Iteration 16200 Time: 19577 Score: 57.5925 Size: 63.76 Loss: 0.4475 Win: 0.0375 valueNorm: 5 stepSize: 0.0005 Win Time: 1158.6
Iteration 16400 Time: 19807 Score: 60.0225 Size: 65.0925 Loss: 0.35 Win: 0.0525 valueNorm: 5 stepSize: 0.0005 Win Time: 1154.81
Iteration 16600 Time: 20038 Score: 59.2975 Size: 64.4725 Loss: 0.3425 Win: 0.03 valueNorm: 5 stepSize: 0.0005 Win Time: 1143.75
Iteration 16800 Time: 20265 Score: 59.14 Size: 64.4525 Loss: 0.3825 Win: 0.0625 valueNorm: 5 stepSize: 0.0005 Win Time: 1156.84
Iteration 17000 Time: 20492 Score: 57.825 Size: 63.7 Loss: 0.4175 Win: 0.0375 valueNorm: 5 stepSize: 0.0005 Win Time: 1151.6
Iteration 17200 Time: 20713 Score: 56.7082 Size: 62.5337 Loss: 0.413965 Win: 0.0374065 valueNorm: 5 stepSize: 0.0005 Win Time: 1134
Iteration 17400 Time: 20940 Score: 59.005 Size: 64.3075 Loss: 0.3675 Win: 0.045 valueNorm: 5 stepSize: 0.0005 Win Time: 1153.83
Iteration 17600 Time: 21178 Score: 62.835 Size: 67.495 Loss: 0.31 Win: 0.0525 valueNorm: 5 stepSize: 0.0005 Win Time: 1157.48
Iteration 17800 Time: 21411 Score: 63.2975 Size: 67.76 Loss: 0.32 Win: 0.085 valueNorm: 5 stepSize: 0.0005 Win Time: 1157.47
Iteration 18000 Time: 21643 Score: 62.64 Size: 67.265 Loss: 0.325 Win: 0.0725 valueNorm: 5 stepSize: 0.0005 Win Time: 1147.14
Iteration 18200 Time: 21878 Score: 63.0125 Size: 67.5625 Loss: 0.3125 Win: 0.0675 valueNorm: 5 stepSize: 0.0005 Win Time: 1163.63
Iteration 18400 Time: 22118 Score: 66.21 Size: 70.12 Loss: 0.2775 Win: 0.1 valueNorm: 5 stepSize: 0.0005 Win Time: 1153.65
Iteration 18600 Time: 22350 Score: 64.2025 Size: 68.7975 Loss: 0.345 Win: 0.1 valueNorm: 5 stepSize: 0.0005 Win Time: 1148.4
Iteration 18800 Time: 22592 Score: 67.4925 Size: 71.3725 Loss: 0.2825 Win: 0.1075 valueNorm: 5 stepSize: 0.0005 Win Time: 1143.67
Iteration 19000 Time: 22829 Score: 64.8025 Size: 69.3525 Loss: 0.335 Win: 0.0925 valueNorm: 5 stepSize: 0.0005 Win Time: 1147.7
Iteration 19200 Time: 23063 Score: 65.9875 Size: 70.27 Loss: 0.3325 Win: 0.1175 valueNorm: 5 stepSize: 0.0005 Win Time: 1150.45
Iteration 19400 Time: 23302 Score: 67.9825 Size: 71.675 Loss: 0.285 Win: 0.1325 valueNorm: 5 stepSize: 0.0005 Win Time: 1142.04
Iteration 19600 Time: 23540 Score: 66.5475 Size: 70.4675 Loss: 0.2925 Win: 0.115 valueNorm: 5 stepSize: 0.0005 Win Time: 1152.13
Iteration 19800 Time: 23782 Score: 64.56 Size: 68.78 Loss: 0.3075 Win: 0.0975 valueNorm: 5 stepSize: 0.0005 Win Time: 1153.26
Iteration 20000 Time: 24022 Score: 65.375 Size: 69.4 Loss: 0.295 Win: 0.105 valueNorm: 5 stepSize: 0.0005 Win Time: 1153.17
Iteration 20200 Time: 24261 Score: 61.54 Size: 66.76 Loss: 0.3675 Win: 0.055 valueNorm: 5 stepSize: 0.0005 Win Time: 1154.18
Iteration 20400 Time: 24506 Score: 64.95 Size: 69.275 Loss: 0.3 Win: 0.0775 valueNorm: 5 stepSize: 0.0005 Win Time: 1152.81
Iteration 20600 Time: 24751 Score: 65.7675 Size: 69.9225 Loss: 0.3025 Win: 0.1 valueNorm: 5 stepSize: 0.0005 Win Time: 1155.42
Iteration 20800 Time: 24992 Score: 66.6 Size: 70.615 Loss: 0.3175 Win: 0.1325 valueNorm: 5 stepSize: 0.0005 Win Time: 1124.34
Iteration 21000 Time: 25236 Score: 66.23 Size: 70.27 Loss: 0.315 Win: 0.125 valueNorm: 5 stepSize: 0.0005 Win Time: 1148.86
Iteration 21200 Time: 25469 Score: 62.9775 Size: 67.7375 Loss: 0.3625 Win: 0.1 valueNorm: 5 stepSize: 0.0005 Win Time: 1137.83
Iteration 21400 Time: 25707 Score: 65.4825 Size: 69.8 Loss: 0.3375 Win: 0.12 valueNorm: 5 stepSize: 0.0005 Win Time: 1148.33
Iteration 21600 Time: 25952 Score: 68.1875 Size: 71.86 Loss: 0.2725 Win: 0.12 valueNorm: 5 stepSize: 0.0005 Win Time: 1141.02
Iteration 21800 Time: 26196 Score: 69.02 Size: 72.625 Loss: 0.3025 Win: 0.16 valueNorm: 5 stepSize: 0.0005 Win Time: 1152.84
Iteration 22000 Time: 26424 Score: 61.845 Size: 67.1175 Loss: 0.425 Win: 0.1125 valueNorm: 5 stepSize: 0.0005 Win Time: 1150.78
Iteration 22200 Time: 26663 Score: 68.5925 Size: 71.995 Loss: 0.3 Win: 0.18 valueNorm: 5 stepSize: 0.0005 Win Time: 1149.42
Iteration 22400 Time: 26908 Score: 66.765 Size: 71.0025 Loss: 0.305 Win: 0.0925 valueNorm: 5 stepSize: 0.0005 Win Time: 1154.38
Iteration 22600 Time: 27143 Score: 65.2875 Size: 70.07 Loss: 0.37 Win: 0.1075 valueNorm: 5 stepSize: 0.0005 Win Time: 1156.33
Iteration 22800 Time: 27388 Score: 68.4675 Size: 72.245 Loss: 0.3125 Win: 0.1525 valueNorm: 5 stepSize: 0.0005 Win Time: 1149.16
Iteration 23000 Time: 27628 Score: 66.705 Size: 70.645 Loss: 0.315 Win: 0.1375 valueNorm: 5 stepSize: 0.0005 Win Time: 1156.6
Iteration 23200 Time: 27870 Score: 68.4325 Size: 72.115 Loss: 0.2975 Win: 0.1475 valueNorm: 5 stepSize: 0.0005 Win Time: 1151.66
Iteration 23400 Time: 28110 Score: 67.19 Size: 70.915 Loss: 0.305 Win: 0.15 valueNorm: 5 stepSize: 0.0005 Win Time: 1149.6
Iteration 23600 Time: 28345 Score: 63.52 Size: 68.5725 Loss: 0.385 Win: 0.0925 valueNorm: 5 stepSize: 0.0005 Win Time: 1154.32
Iteration 23800 Time: 28585 Score: 67.155 Size: 70.86 Loss: 0.3125 Win: 0.16 valueNorm: 5 stepSize: 0.0005 Win Time: 1147.09
Iteration 24000 Time: 28833 Score: 69.755 Size: 73.055 Loss: 0.2825 Win: 0.1725 valueNorm: 5 stepSize: 0.0005 Win Time: 1152.78
Iteration 24200 Time: 29068 Score: 68.82 Size: 72.3175 Loss: 0.3325 Win: 0.205 valueNorm: 5 stepSize: 0.0005 Win Time: 1146.07
Iteration 24400 Time: 29312 Score: 71.2675 Size: 74.45 Loss: 0.2925 Win: 0.1975 valueNorm: 5 stepSize: 0.0005 Win Time: 1144.96
Iteration 24600 Time: 29544 Score: 61.635 Size: 67.2875 Loss: 0.4225 Win: 0.0675 valueNorm: 5 stepSize: 0.0005 Win Time: 1133.56
Iteration 24800 Time: 29782 Score: 69.245 Size: 72.9025 Loss: 0.3175 Win: 0.1725 valueNorm: 5 stepSize: 0.0005 Win Time: 1138.43
Iteration 25000 Time: 30013 Score: 65.8075 Size: 70.3475 Loss: 0.3775 Win: 0.1425 valueNorm: 5 stepSize: 0.0005 Win Time: 1144.51
Iteration 25200 Time: 30258 Score: 70.13 Size: 73.985 Loss: 0.3275 Win: 0.1625 valueNorm: 5 stepSize: 0.0005 Win Time: 1139.94
Iteration 25400 Time: 30497 Score: 69.9075 Size: 73.2475 Loss: 0.295 Win: 0.1825 valueNorm: 5 stepSize: 0.0005 Win Time: 1124.79
Iteration 25600 Time: 30744 Score: 73.455 Size: 75.8125 Loss: 0.255 Win: 0.245 valueNorm: 5 stepSize: 0.0005 Win Time: 1131.82
Iteration 25800 Time: 30986 Score: 70.8475 Size: 73.88 Loss: 0.2925 Win: 0.2125 valueNorm: 5 stepSize: 0.0005 Win Time: 1142.29
Iteration 26000 Time: 31226 Score: 70.165 Size: 73.6725 Loss: 0.3275 Win: 0.2025 valueNorm: 5 stepSize: 0.0005 Win Time: 1138.12
Iteration 26200 Time: 31457 Score: 67.1525 Size: 71.185 Loss: 0.36 Win: 0.1775 valueNorm: 5 stepSize: 0.0005 Win Time: 1135.7
Iteration 26400 Time: 31697 Score: 71.3475 Size: 74.5 Loss: 0.3125 Win: 0.2225 valueNorm: 5 stepSize: 0.0005 Win Time: 1139.03
Iteration 26600 Time: 31944 Score: 73.8825 Size: 76.6225 Loss: 0.2775 Win: 0.23 valueNorm: 5 stepSize: 0.0005 Win Time: 1139.18
Iteration 26800 Time: 32174 Score: 66.585 Size: 70.65 Loss: 0.37 Win: 0.1875 valueNorm: 5 stepSize: 0.0005 Win Time: 1140.8
Iteration 27000 Time: 32411 Score: 71.6725 Size: 74.5925 Loss: 0.32 Win: 0.2575 valueNorm: 5 stepSize: 0.0005 Win Time: 1134.85
Iteration 27200 Time: 32646 Score: 71.9 Size: 74.715 Loss: 0.33 Win: 0.28 valueNorm: 5 stepSize: 0.0005 Win Time: 1136.36
Iteration 27400 Time: 32881 Score: 67.7425 Size: 71.685 Loss: 0.355 Win: 0.1825 valueNorm: 5 stepSize: 0.0005 Win Time: 1140.48
Iteration 27600 Time: 33118 Score: 70.2325 Size: 73.48 Loss: 0.32 Win: 0.22 valueNorm: 5 stepSize: 0.0005 Win Time: 1137.68
Iteration 27800 Time: 33356 Score: 68.77 Size: 72.8175 Loss: 0.3675 Win: 0.185 valueNorm: 5 stepSize: 0.0005 Win Time: 1145.3
Iteration 28000 Time: 33583 Score: 67.8925 Size: 71.6775 Loss: 0.3825 Win: 0.23 valueNorm: 5 stepSize: 0.0005 Win Time: 1126.62
Iteration 28200 Time: 33821 Score: 72.94 Size: 75.755 Loss: 0.3075 Win: 0.255 valueNorm: 5 stepSize: 0.0005 Win Time: 1127.18
Iteration 28400 Time: 34062 Score: 73.0525 Size: 75.7875 Loss: 0.2975 Win: 0.2525 valueNorm: 5 stepSize: 0.0005 Win Time: 1120.7
Iteration 28600 Time: 34290 Score: 68.8 Size: 72.69 Loss: 0.3925 Win: 0.23 valueNorm: 5 stepSize: 0.0005 Win Time: 1132.14
Iteration 28800 Time: 34532 Score: 72.735 Size: 75.655 Loss: 0.3225 Win: 0.26 valueNorm: 5 stepSize: 0.0005 Win Time: 1144.18
Iteration 29000 Time: 34776 Score: 72.225 Size: 74.8275 Loss: 0.275 Win: 0.2425 valueNorm: 5 stepSize: 0.0005 Win Time: 1136.24
Iteration 29200 Time: 35011 Score: 71.485 Size: 74.265 Loss: 0.3175 Win: 0.2675 valueNorm: 5 stepSize: 0.0005 Win Time: 1129.78
Iteration 29400 Time: 35255 Score: 73.1625 Size: 75.725 Loss: 0.2875 Win: 0.26 valueNorm: 5 stepSize: 0.0005 Win Time: 1134.43
Iteration 29600 Time: 35493 Score: 73.005 Size: 75.69 Loss: 0.3225 Win: 0.285 valueNorm: 5 stepSize: 0.0005 Win Time: 1127.34
Iteration 29800 Time: 35734 Score: 72.7525 Size: 75.475 Loss: 0.3025 Win: 0.26 valueNorm: 5 stepSize: 0.0005 Win Time: 1135.13
Iteration 30000 Time: 35975 Score: 73.5625 Size: 76.055 Loss: 0.2875 Win: 0.2675 valueNorm: 5 stepSize: 0.0005 Win Time: 1133.75
Iteration 30200 Time: 36215 Score: 73.09 Size: 75.9525 Loss: 0.3175 Win: 0.26 valueNorm: 5 stepSize: 0.0005 Win Time: 1130.45
Iteration 30400 Time: 36461 Score: 76.9675 Size: 78.5675 Loss: 0.25 Win: 0.325 valueNorm: 5 stepSize: 0.0005 Win Time: 1132.44
Iteration 30600 Time: 36693 Score: 71.905 Size: 74.6525 Loss: 0.3225 Win: 0.28 valueNorm: 5 stepSize: 0.0005 Win Time: 1129.68
Iteration 30800 Time: 36930 Score: 75.075 Size: 77.4225 Loss: 0.315 Win: 0.315 valueNorm: 5 stepSize: 0.0005 Win Time: 1125.93
Iteration 31000 Time: 37165 Score: 74.43 Size: 76.775 Loss: 0.3175 Win: 0.3175 valueNorm: 5 stepSize: 0.0005 Win Time: 1128.06
Iteration 31200 Time: 37391 Score: 71.5525 Size: 74.375 Loss: 0.355 Win: 0.3075 valueNorm: 5 stepSize: 0.0005 Win Time: 1124.49
Iteration 31400 Time: 37622 Score: 72.9875 Size: 76.11 Loss: 0.3775 Win: 0.3 valueNorm: 5 stepSize: 0.0005 Win Time: 1129.3
Iteration 31600 Time: 37855 Score: 72.45 Size: 75.3475 Loss: 0.34 Win: 0.2825 valueNorm: 5 stepSize: 0.0005 Win Time: 1129.96
Iteration 31800 Time: 38097 Score: 74.935 Size: 77.5225 Loss: 0.3275 Win: 0.305 valueNorm: 5 stepSize: 0.0005 Win Time: 1128.73
Iteration 32000 Time: 38336 Score: 74.6725 Size: 77.0175 Loss: 0.31 Win: 0.31 valueNorm: 5 stepSize: 0.0005 Win Time: 1119.2
Iteration 32200 Time: 38571 Score: 73.8325 Size: 76.335 Loss: 0.3275 Win: 0.3125 valueNorm: 5 stepSize: 0.0005 Win Time: 1124.82
Iteration 32400 Time: 38811 Score: 76.2375 Size: 78.4325 Loss: 0.3175 Win: 0.335 valueNorm: 5 stepSize: 0.0005 Win Time: 1121.39
Iteration 32600 Time: 39051 Score: 75.8825 Size: 78.245 Loss: 0.335 Win: 0.335 valueNorm: 5 stepSize: 0.0005 Win Time: 1123.87
Iteration 32800 Time: 39286 Score: 75.535 Size: 77.6725 Loss: 0.335 Win: 0.3625 valueNorm: 5 stepSize: 0.0005 Win Time: 1116.5
Iteration 33000 Time: 39533 Score: 78.6075 Size: 80.24 Loss: 0.275 Win: 0.35 valueNorm: 5 stepSize: 0.0005 Win Time: 1129.08
Iteration 33200 Time: 39765 Score: 75.2275 Size: 77.3 Loss: 0.325 Win: 0.3575 valueNorm: 5 stepSize: 0.0005 Win Time: 1108.76
Iteration 33400 Time: 39999 Score: 75.0275 Size: 76.9025 Loss: 0.3325 Win: 0.3875 valueNorm: 5 stepSize: 0.0005 Win Time: 1125.34
Iteration 33600 Time: 40247 Score: 78.6975 Size: 79.975 Loss: 0.2825 Win: 0.3975 valueNorm: 5 stepSize: 0.0005 Win Time: 1119.87
Iteration 33800 Time: 40487 Score: 76.3625 Size: 78.2075 Loss: 0.3425 Win: 0.4025 valueNorm: 5 stepSize: 0.0005 Win Time: 1102.31
Iteration 34000 Time: 40730 Score: 75.33 Size: 77.62 Loss: 0.35 Win: 0.36 valueNorm: 5 stepSize: 0.0005 Win Time: 1120.12
Iteration 34200 Time: 40976 Score: 78.3575 Size: 79.885 Loss: 0.315 Win: 0.4075 valueNorm: 5 stepSize: 0.0005 Win Time: 1117.36
Iteration 34400 Time: 41215 Score: 75.955 Size: 77.78 Loss: 0.335 Win: 0.395 valueNorm: 5 stepSize: 0.0005 Win Time: 1113.55
Iteration 34600 Time: 41448 Score: 74.3025 Size: 76.265 Loss: 0.35 Win: 0.3975 valueNorm: 5 stepSize: 0.0005 Win Time: 1110.62
Iteration 34800 Time: 41697 Score: 80.2025 Size: 81.1075 Loss: 0.2925 Win: 0.45 valueNorm: 5 stepSize: 0.0005 Win Time: 1111.91
Iteration 35000 Time: 41938 Score: 75.605 Size: 77.6025 Loss: 0.3325 Win: 0.3725 valueNorm: 5 stepSize: 0.0005 Win Time: 1117.75
Iteration 35200 Time: 42175 Score: 74.635 Size: 76.775 Loss: 0.37 Win: 0.4 valueNorm: 5 stepSize: 0.0005 Win Time: 1116.93
Iteration 35400 Time: 42414 Score: 76.0875 Size: 77.8075 Loss: 0.335 Win: 0.4075 valueNorm: 5 stepSize: 0.0005 Win Time: 1103.64
Iteration 35600 Time: 42660 Score: 77.4375 Size: 78.975 Loss: 0.305 Win: 0.3925 valueNorm: 5 stepSize: 0.0005 Win Time: 1112.08
Iteration 35800 Time: 42899 Score: 75.7375 Size: 77.6925 Loss: 0.3575 Win: 0.4075 valueNorm: 5 stepSize: 0.0005 Win Time: 1116.21
Iteration 36000 Time: 43138 Score: 77.1225 Size: 78.7575 Loss: 0.3375 Win: 0.42 valueNorm: 5 stepSize: 0.0005 Win Time: 1108.71
Iteration 36200 Time: 43375 Score: 76.035 Size: 78.01 Loss: 0.36 Win: 0.4075 valueNorm: 5 stepSize: 0.0005 Win Time: 1111.91
Iteration 36400 Time: 43611 Score: 80.165 Size: 80.785 Loss: 0.3075 Win: 0.4975 valueNorm: 5 stepSize: 0.0005 Win Time: 1103.35
Iteration 36600 Time: 43847 Score: 78.2125 Size: 79.8025 Loss: 0.375 Win: 0.4675 valueNorm: 5 stepSize: 0.0005 Win Time: 1104.43
Iteration 36800 Time: 44090 Score: 79.7425 Size: 80.545 Loss: 0.3025 Win: 0.475 valueNorm: 5 stepSize: 0.0005 Win Time: 1100.74
Iteration 37000 Time: 44331 Score: 77.0725 Size: 78.795 Loss: 0.3375 Win: 0.41 valueNorm: 5 stepSize: 0.0005 Win Time: 1099.66
Iteration 37200 Time: 44572 Score: 77.9575 Size: 79.155 Loss: 0.3225 Win: 0.45 valueNorm: 5 stepSize: 0.0005 Win Time: 1105.78
Iteration 37400 Time: 44816 Score: 77.39 Size: 79.375 Loss: 0.3525 Win: 0.4 valueNorm: 5 stepSize: 0.0005 Win Time: 1113.76
Iteration 37600 Time: 45058 Score: 78.7025 Size: 79.835 Loss: 0.3075 Win: 0.4425 valueNorm: 5 stepSize: 0.0005 Win Time: 1103.03
Iteration 37800 Time: 45296 Score: 76.46 Size: 78.2725 Loss: 0.36 Win: 0.4275 valueNorm: 5 stepSize: 0.0005 Win Time: 1105.67
Iteration 38000 Time: 45540 Score: 80.325 Size: 81.015 Loss: 0.2975 Win: 0.48 valueNorm: 5 stepSize: 0.0005 Win Time: 1099.16
Iteration 38200 Time: 45782 Score: 79.705 Size: 80.665 Loss: 0.3225 Win: 0.48 valueNorm: 5 stepSize: 0.0005 Win Time: 1107.04
Iteration 38400 Time: 46021 Score: 77.7425 Size: 79.3375 Loss: 0.35 Win: 0.4375 valueNorm: 5 stepSize: 0.0005 Win Time: 1101.1
Iteration 38600 Time: 46264 Score: 82.2 Size: 82.3575 Loss: 0.305 Win: 0.5475 valueNorm: 5 stepSize: 0.0005 Win Time: 1097.8
Iteration 38800 Time: 46500 Score: 77.3575 Size: 79.12 Loss: 0.375 Win: 0.45 valueNorm: 5 stepSize: 0.0005 Win Time: 1096.11
Iteration 39000 Time: 46731 Score: 75.315 Size: 77.3675 Loss: 0.3875 Win: 0.43 valueNorm: 5 stepSize: 0.0005 Win Time: 1090.28
Iteration 39200 Time: 46969 Score: 79.58 Size: 80.2675 Loss: 0.3175 Win: 0.5025 valueNorm: 5 stepSize: 0.0005 Win Time: 1094.09
Iteration 39400 Time: 47206 Score: 75.705 Size: 78.24 Loss: 0.4025 Win: 0.395 valueNorm: 5 stepSize: 0.0005 Win Time: 1100.45
Iteration 39600 Time: 47449 Score: 80.8525 Size: 81.2925 Loss: 0.3025 Win: 0.5125 valueNorm: 5 stepSize: 0.0005 Win Time: 1113.03
Iteration 39800 Time: 47694 Score: 81.9425 Size: 82.175 Loss: 0.2925 Win: 0.525 valueNorm: 5 stepSize: 0.0005 Win Time: 1100.71
Iteration 40000 Time: 47941 Score: 83.305 Size: 83.5225 Loss: 0.29 Win: 0.5275 valueNorm: 5 stepSize: 0.0005 Win Time: 1098.21
Iteration 40200 Time: 48182 Score: 82.46 Size: 82.5425 Loss: 0.295 Win: 0.545 valueNorm: 5 stepSize: 0.0005 Win Time: 1089.9
Iteration 40400 Time: 48419 Score: 79.345 Size: 79.955 Loss: 0.3075 Win: 0.5 valueNorm: 5 stepSize: 0.0005 Win Time: 1099.64
Iteration 40600 Time: 48666 Score: 81.1875 Size: 81.8475 Loss: 0.295 Win: 0.48 valueNorm: 5 stepSize: 0.0005 Win Time: 1102.69
Iteration 40800 Time: 48903 Score: 76.3375 Size: 77.93 Loss: 0.3375 Win: 0.425 valueNorm: 5 stepSize: 0.0005 Win Time: 1114.2
Iteration 41000 Time: 49142 Score: 77.4975 Size: 79.2425 Loss: 0.365 Win: 0.44 valueNorm: 5 stepSize: 0.0005 Win Time: 1101.67
Iteration 41200 Time: 49376 Score: 76.395 Size: 78.4525 Loss: 0.4 Win: 0.4425 valueNorm: 5 stepSize: 0.0005 Win Time: 1097.88
Iteration 41400 Time: 49628 Score: 84.6675 Size: 84.5175 Loss: 0.255 Win: 0.5275 valueNorm: 5 stepSize: 0.0005 Win Time: 1092.17
Iteration 41600 Time: 49874 Score: 81.6825 Size: 82.1825 Loss: 0.3125 Win: 0.52 valueNorm: 5 stepSize: 0.0005 Win Time: 1100.03
Iteration 41800 Time: 50113 Score: 81.555 Size: 81.6575 Loss: 0.305 Win: 0.5525 valueNorm: 5 stepSize: 0.0005 Win Time: 1095.52
Iteration 42000 Time: 50351 Score: 79.425 Size: 80.32 Loss: 0.345 Win: 0.51 valueNorm: 5 stepSize: 0.0005 Win Time: 1101.63
Iteration 42200 Time: 50589 Score: 82.005 Size: 82.3075 Loss: 0.3275 Win: 0.5575 valueNorm: 5 stepSize: 0.0005 Win Time: 1085.49
Iteration 42400 Time: 50819 Score: 77.6325 Size: 79.055 Loss: 0.3825 Win: 0.4925 valueNorm: 5 stepSize: 0.0005 Win Time: 1086.36
Iteration 42600 Time: 51058 Score: 81.375 Size: 81.9775 Loss: 0.3375 Win: 0.5375 valueNorm: 5 stepSize: 0.0005 Win Time: 1091.78
Iteration 42800 Time: 51302 Score: 84.595 Size: 84.3 Loss: 0.29 Win: 0.5825 valueNorm: 5 stepSize: 0.0005 Win Time: 1092.43
Iteration 43000 Time: 51538 Score: 80.75 Size: 81.27 Loss: 0.335 Win: 0.5425 valueNorm: 5 stepSize: 0.0005 Win Time: 1091.46
Iteration 43200 Time: 51776 Score: 80.735 Size: 81.45 Loss: 0.3375 Win: 0.5225 valueNorm: 5 stepSize: 0.0005 Win Time: 1091.33
Iteration 43400 Time: 52019 Score: 83.21 Size: 83.1125 Loss: 0.2975 Win: 0.5675 valueNorm: 5 stepSize: 0.0005 Win Time: 1088.87
Iteration 43600 Time: 52261 Score: 85.23 Size: 84.51 Loss: 0.2775 Win: 0.615 valueNorm: 5 stepSize: 0.0005 Win Time: 1086.48
Iteration 43800 Time: 52498 Score: 84.985 Size: 84.0575 Loss: 0.27 Win: 0.6275 valueNorm: 5 stepSize: 0.0005 Win Time: 1080.8
Iteration 44000 Time: 52731 Score: 84.125 Size: 83.425 Loss: 0.295 Win: 0.6325 valueNorm: 5 stepSize: 0.0005 Win Time: 1082.69
Iteration 44200 Time: 52966 Score: 82.8325 Size: 82.9375 Loss: 0.3075 Win: 0.5575 valueNorm: 5 stepSize: 0.0005 Win Time: 1077.59
Iteration 44400 Time: 53205 Score: 81.6275 Size: 82.3125 Loss: 0.33 Win: 0.5175 valueNorm: 5 stepSize: 0.0005 Win Time: 1092.42
Iteration 44600 Time: 53439 Score: 82.435 Size: 82.6425 Loss: 0.325 Win: 0.5675 valueNorm: 5 stepSize: 0.0005 Win Time: 1077.77
Iteration 44800 Time: 53668 Score: 80.3025 Size: 80.71 Loss: 0.34 Win: 0.56 valueNorm: 5 stepSize: 0.0005 Win Time: 1094.24
Iteration 45000 Time: 53909 Score: 85.5575 Size: 84.9475 Loss: 0.285 Win: 0.6125 valueNorm: 5 stepSize: 0.0005 Win Time: 1082.49
Iteration 45200 Time: 54148 Score: 85.7375 Size: 84.7 Loss: 0.2575 Win: 0.6275 valueNorm: 5 stepSize: 0.0005 Win Time: 1082.82
Iteration 45400 Time: 54379 Score: 78.225 Size: 79.785 Loss: 0.385 Win: 0.4825 valueNorm: 5 stepSize: 0.0005 Win Time: 1087.19
Iteration 45600 Time: 54620 Score: 85.69 Size: 85.485 Loss: 0.3 Win: 0.585 valueNorm: 5 stepSize: 0.0005 Win Time: 1071.07
Iteration 45800 Time: 54855 Score: 83.3625 Size: 83.35 Loss: 0.3175 Win: 0.5825 valueNorm: 5 stepSize: 0.0005 Win Time: 1085.93
Iteration 46000 Time: 55085 Score: 81.765 Size: 82.075 Loss: 0.33 Win: 0.56 valueNorm: 5 stepSize: 0.0005 Win Time: 1079.29
Iteration 46200 Time: 55321 Score: 82.7625 Size: 82.725 Loss: 0.31 Win: 0.575 valueNorm: 5 stepSize: 0.0005 Win Time: 1087.27
Iteration 46400 Time: 55561 Score: 85.33 Size: 84.645 Loss: 0.2775 Win: 0.6125 valueNorm: 5 stepSize: 0.0005 Win Time: 1089.04
Iteration 46600 Time: 55796 Score: 83.7325 Size: 83.3875 Loss: 0.295 Win: 0.5925 valueNorm: 5 stepSize: 0.0005 Win Time: 1080.84
Iteration 46800 Time: 56027 Score: 82.955 Size: 82.7625 Loss: 0.3075 Win: 0.59 valueNorm: 5 stepSize: 0.0005 Win Time: 1077.11
Iteration 47000 Time: 56258 Score: 82.5825 Size: 82.3025 Loss: 0.3025 Win: 0.595 valueNorm: 5 stepSize: 0.0005 Win Time: 1080.74
Iteration 47200 Time: 56492 Score: 85.325 Size: 84.555 Loss: 0.295 Win: 0.64 valueNorm: 5 stepSize: 0.0005 Win Time: 1073.72
Iteration 47400 Time: 56725 Score: 86.1025 Size: 85.1375 Loss: 0.275 Win: 0.64 valueNorm: 5 stepSize: 0.0005 Win Time: 1066.66
Iteration 47600 Time: 56953 Score: 83.7925 Size: 83.8725 Loss: 0.335 Win: 0.5925 valueNorm: 5 stepSize: 0.0005 Win Time: 1071.89
Iteration 47800 Time: 57180 Score: 82.2975 Size: 81.98 Loss: 0.3075 Win: 0.6025 valueNorm: 5 stepSize: 0.0005 Win Time: 1082.56
Iteration 48000 Time: 57408 Score: 81.495 Size: 82.0125 Loss: 0.34 Win: 0.55 valueNorm: 5 stepSize: 0.0005 Win Time: 1084.04
Iteration 48200 Time: 57639 Score: 81.8875 Size: 82.3075 Loss: 0.3325 Win: 0.55 valueNorm: 5 stepSize: 0.0005 Win Time: 1087.88
Iteration 48400 Time: 57847 Score: 68.435 Size: 72.0225 Loss: 0.5025 Win: 0.3875 valueNorm: 5 stepSize: 0.0005 Win Time: 1098
Iteration 48600 Time: 58074 Score: 81.005 Size: 81.375 Loss: 0.3475 Win: 0.5725 valueNorm: 5 stepSize: 0.0005 Win Time: 1076.1
Iteration 48800 Time: 58299 Score: 78.5725 Size: 79.435 Loss: 0.365 Win: 0.535 valueNorm: 5 stepSize: 0.0005 Win Time: 1084.71
Iteration 49000 Time: 58529 Score: 81.905 Size: 82.18 Loss: 0.3275 Win: 0.56 valueNorm: 5 stepSize: 0.0005 Win Time: 1075.6
Iteration 49200 Time: 58751 Score: 78.685 Size: 79.6575 Loss: 0.3775 Win: 0.54 valueNorm: 5 stepSize: 0.0005 Win Time: 1085.44
Iteration 49400 Time: 58975 Score: 79.995 Size: 81.02 Loss: 0.3425 Win: 0.495 valueNorm: 5 stepSize: 0.0005 Win Time: 1087.68
Iteration 49600 Time: 59200 Score: 80.2975 Size: 80.8775 Loss: 0.345 Win: 0.545 valueNorm: 5 stepSize: 0.0005 Win Time: 1083.49
Iteration 49800 Time: 59426 Score: 82.485 Size: 82.32 Loss: 0.3075 Win: 0.585 valueNorm: 5 stepSize: 0.0005 Win Time: 1081.05
Iteration 50000 Time: 59648 Score: 81.49 Size: 81.76 Loss: 0.35 Win: 0.59 valueNorm: 5 stepSize: 0.0005 Win Time: 1084.34
Evaluation score: 77.5942
