Training control Time: 1715011497
Hyperparameters: numRollouts: 4 batchSize: 512 numEpochs: 1 numIter: 25000 evalPeriod: 100 savePeriod: 100 alpha: 0.001000 GAEParam: 0.950000 
Iteration 100 Time: 222 Score: -0.861386 Size: 7.31436 Loss: 0.616337 Win: 0 valueNorm: 5 stepSize: 0.001
Iteration 200 Time: 434 Score: 2.92 Size: 11.165 Loss: 0.62 Win: 0 valueNorm: 5 stepSize: 0.001
Iteration 300 Time: 646 Score: 7.88 Size: 15.8525 Loss: 0.5925 Win: 0 valueNorm: 5 stepSize: 0.001
Iteration 400 Time: 851 Score: 10.0975 Size: 18.2225 Loss: 0.61 Win: 0 valueNorm: 5 stepSize: 0.001
Iteration 500 Time: 1070 Score: 13.2075 Size: 21.21 Loss: 0.5975 Win: 0 valueNorm: 5 stepSize: 0.001
Iteration 600 Time: 1282 Score: 14.045 Size: 22.0175 Loss: 0.5925 Win: 0 valueNorm: 5 stepSize: 0.001
Iteration 700 Time: 1506 Score: 14.71 Size: 23.375 Loss: 0.665 Win: 0 valueNorm: 5 stepSize: 0.001
Iteration 800 Time: 1728 Score: 15.585 Size: 23.9875 Loss: 0.6375 Win: 0 valueNorm: 5 stepSize: 0.001
Iteration 900 Time: 1954 Score: 16.78 Size: 24.8475 Loss: 0.6025 Win: 0 valueNorm: 5 stepSize: 0.001
Iteration 1000 Time: 2190 Score: 18.32 Size: 26.4375 Loss: 0.61 Win: 0 valueNorm: 5 stepSize: 0.001
Iteration 1100 Time: 2434 Score: 20.505 Size: 28.5975 Loss: 0.6075 Win: 0 valueNorm: 5 stepSize: 0.001
Iteration 1200 Time: 2667 Score: 22.2825 Size: 31.3475 Loss: 0.705 Win: 0 valueNorm: 5 stepSize: 0.001
Iteration 1300 Time: 2909 Score: 26.985 Size: 35.5 Loss: 0.65 Win: 0 valueNorm: 5 stepSize: 0.001
Iteration 1400 Time: 3160 Score: 30.5325 Size: 38.695 Loss: 0.615 Win: 0 valueNorm: 5 stepSize: 0.001
Iteration 1500 Time: 3418 Score: 34.9975 Size: 42.975 Loss: 0.5975 Win: 0 valueNorm: 5 stepSize: 0.001
Iteration 1600 Time: 3673 Score: 37.3275 Size: 45.495 Loss: 0.615 Win: 0 valueNorm: 5 stepSize: 0.001
Iteration 1700 Time: 3941 Score: 42.1525 Size: 49.7775 Loss: 0.56 Win: 0 valueNorm: 5 stepSize: 0.001
Iteration 1800 Time: 4204 Score: 42.62 Size: 50.2125 Loss: 0.5575 Win: 0 valueNorm: 5 stepSize: 0.001
Iteration 1900 Time: 4473 Score: 46.0775 Size: 52.265 Loss: 0.4175 Win: 0 valueNorm: 5 stepSize: 0.001
Iteration 2000 Time: 4739 Score: 47.545 Size: 53.7825 Loss: 0.4225 Win: 0 valueNorm: 5 stepSize: 0.001
Iteration 2100 Time: 4994 Score: 47.7525 Size: 54.0775 Loss: 0.43 Win: 0 valueNorm: 5 stepSize: 0.001
Iteration 2200 Time: 5257 Score: 50.165 Size: 56.0475 Loss: 0.3875 Win: 0 valueNorm: 5 stepSize: 0.001
Iteration 2300 Time: 5519 Score: 50.615 Size: 56.225 Loss: 0.36 Win: 0 valueNorm: 5 stepSize: 0.001
Iteration 2400 Time: 5778 Score: 51.0125 Size: 56.655 Loss: 0.3625 Win: 0 valueNorm: 5 stepSize: 0.001
Iteration 2500 Time: 6040 Score: 51.5425 Size: 57.02 Loss: 0.345 Win: 0 valueNorm: 5 stepSize: 0.001
Iteration 2600 Time: 6296 Score: 51.165 Size: 56.755 Loss: 0.3575 Win: 0 valueNorm: 5 stepSize: 0.001
Iteration 2700 Time: 6541 Score: 50.345 Size: 56.025 Loss: 0.3675 Win: 0 valueNorm: 5 stepSize: 0.001
Iteration 2800 Time: 6801 Score: 53.6575 Size: 58.865 Loss: 0.32 Win: 0 valueNorm: 5 stepSize: 0.001
Iteration 2900 Time: 7061 Score: 53.735 Size: 59.4 Loss: 0.365 Win: 0 valueNorm: 5 stepSize: 0.001
Iteration 3000 Time: 7318 Score: 53.78 Size: 59.2975 Loss: 0.35 Win: 0 valueNorm: 5 stepSize: 0.001
Iteration 3100 Time: 7571 Score: 53.31 Size: 59.0025 Loss: 0.3675 Win: 0 valueNorm: 5 stepSize: 0.001
Iteration 3200 Time: 7828 Score: 54.1175 Size: 59.68 Loss: 0.355 Win: 0 valueNorm: 5 stepSize: 0.001
Iteration 3300 Time: 8083 Score: 54.09 Size: 59.375 Loss: 0.3275 Win: 0 valueNorm: 5 stepSize: 0.001
Iteration 3400 Time: 8331 Score: 53.075 Size: 59.12 Loss: 0.4025 Win: 0 valueNorm: 5 stepSize: 0.001
Iteration 3500 Time: 8579 Score: 53.4575 Size: 59.3725 Loss: 0.39 Win: 0 valueNorm: 5 stepSize: 0.001
Iteration 3600 Time: 8831 Score: 54.37 Size: 59.72 Loss: 0.3325 Win: 0 valueNorm: 5 stepSize: 0.001
Iteration 3700 Time: 9087 Score: 55.39 Size: 60.9075 Loss: 0.35 Win: 0 valueNorm: 5 stepSize: 0.001
Iteration 3800 Time: 9345 Score: 56.335 Size: 61.86 Loss: 0.35 Win: 0 valueNorm: 5 stepSize: 0.001
Iteration 3900 Time: 9595 Score: 54.5975 Size: 60.4925 Loss: 0.3875 Win: 0 valueNorm: 5 stepSize: 0.001
Iteration 4000 Time: 9852 Score: 56.8 Size: 62.045 Loss: 0.3225 Win: 0 valueNorm: 5 stepSize: 0.001
Iteration 4100 Time: 10106 Score: 56.2825 Size: 61.7425 Loss: 0.345 Win: 0 valueNorm: 5 stepSize: 0.001
Iteration 4200 Time: 10352 Score: 54.4225 Size: 60.1975 Loss: 0.375 Win: 0 valueNorm: 5 stepSize: 0.001
Iteration 4300 Time: 10606 Score: 56.27 Size: 61.885 Loss: 0.36 Win: 0 valueNorm: 5 stepSize: 0.001
Iteration 4400 Time: 10864 Score: 56.9 Size: 62.1125 Loss: 0.32 Win: 0 valueNorm: 5 stepSize: 0.001
Iteration 4500 Time: 11126 Score: 58.7725 Size: 63.9425 Loss: 0.315 Win: 0 valueNorm: 5 stepSize: 0.001
Iteration 4600 Time: 11388 Score: 57.8075 Size: 63.155 Loss: 0.3325 Win: 0 valueNorm: 5 stepSize: 0.001
Iteration 4700 Time: 11648 Score: 58.1125 Size: 63.565 Loss: 0.3425 Win: 0 valueNorm: 5 stepSize: 0.001
Iteration 4800 Time: 11904 Score: 56.395 Size: 61.8775 Loss: 0.345 Win: 0 valueNorm: 5 stepSize: 0.001
Iteration 4900 Time: 12163 Score: 57.8375 Size: 63.1575 Loss: 0.33 Win: 0 valueNorm: 5 stepSize: 0.001
Iteration 5000 Time: 12424 Score: 58.5075 Size: 64.01 Loss: 0.3475 Win: 0 valueNorm: 5 stepSize: 0.001
Iteration 5100 Time: 12686 Score: 59.34 Size: 64.6575 Loss: 0.33 Win: 0 valueNorm: 5 stepSize: 0.001
Iteration 5200 Time: 12942 Score: 57.3375 Size: 63.1925 Loss: 0.3825 Win: 0 valueNorm: 5 stepSize: 0.001
Iteration 5300 Time: 13202 Score: 59.7975 Size: 65.1875 Loss: 0.335 Win: 0 valueNorm: 5 stepSize: 0.001
Iteration 5400 Time: 13453 Score: 57.9125 Size: 63.645 Loss: 0.37 Win: 0 valueNorm: 5 stepSize: 0.001
Iteration 5500 Time: 13713 Score: 59.33 Size: 64.7375 Loss: 0.3375 Win: 0 valueNorm: 5 stepSize: 0.001
Iteration 5600 Time: 13966 Score: 57.895 Size: 63.6475 Loss: 0.3725 Win: 0 valueNorm: 5 stepSize: 0.001
Iteration 5700 Time: 14229 Score: 60.8625 Size: 66.26 Loss: 0.34 Win: 0.0025 valueNorm: 5 stepSize: 0.001 Win Time: 1100
Iteration 5800 Time: 14485 Score: 59.6375 Size: 65.11 Loss: 0.345 Win: 0 valueNorm: 5 stepSize: 0.001
Iteration 5900 Time: 14745 Score: 61.0625 Size: 66.465 Loss: 0.34 Win: 0.0025 valueNorm: 5 stepSize: 0.001 Win Time: 1159
Iteration 6000 Time: 15003 Score: 60.25 Size: 65.82 Loss: 0.3525 Win: 0 valueNorm: 5 stepSize: 0.001
Iteration 6100 Time: 15257 Score: 59.835 Size: 65.4925 Loss: 0.3625 Win: 0 valueNorm: 5 stepSize: 0.001
Iteration 6200 Time: 15510 Score: 59.5875 Size: 65.425 Loss: 0.3825 Win: 0 valueNorm: 5 stepSize: 0.001
Iteration 6300 Time: 15764 Score: 59.3075 Size: 65.0125 Loss: 0.3675 Win: 0 valueNorm: 5 stepSize: 0.001
Iteration 6400 Time: 16018 Score: 59.3075 Size: 65.005 Loss: 0.3675 Win: 0 valueNorm: 5 stepSize: 0.001
Iteration 6500 Time: 16275 Score: 60.9025 Size: 66.2975 Loss: 0.335 Win: 0 valueNorm: 5 stepSize: 0.001
Iteration 6600 Time: 16525 Score: 59.2725 Size: 65 Loss: 0.3725 Win: 0.0025 valueNorm: 5 stepSize: 0.001 Win Time: 1119
Iteration 6700 Time: 16775 Score: 60.3825 Size: 66.32 Loss: 0.39 Win: 0 valueNorm: 5 stepSize: 0.001
Iteration 6800 Time: 17033 Score: 63.1125 Size: 68.31 Loss: 0.32 Win: 0.0025 valueNorm: 5 stepSize: 0.001 Win Time: 1168
Iteration 6900 Time: 17289 Score: 61.785 Size: 67.1425 Loss: 0.3325 Win: 0 valueNorm: 5 stepSize: 0.001
Iteration 7000 Time: 17541 Score: 60.5675 Size: 66.17 Loss: 0.36 Win: 0.0025 valueNorm: 5 stepSize: 0.001 Win Time: 1197
Iteration 7100 Time: 17784 Score: 58.8575 Size: 65.025 Loss: 0.4175 Win: 0.005 valueNorm: 5 stepSize: 0.001 Win Time: 1135.5
Iteration 7200 Time: 18037 Score: 61.48 Size: 67.125 Loss: 0.3625 Win: 0.0025 valueNorm: 5 stepSize: 0.001 Win Time: 1144
Iteration 7300 Time: 18287 Score: 61.895 Size: 67.6475 Loss: 0.375 Win: 0.005 valueNorm: 5 stepSize: 0.001 Win Time: 1138.5
Iteration 7400 Time: 18541 Score: 63.37 Size: 68.825 Loss: 0.3525 Win: 0.01 valueNorm: 5 stepSize: 0.001 Win Time: 1137.75
Iteration 7500 Time: 18790 Score: 61.2875 Size: 67.1175 Loss: 0.3825 Win: 0.0025 valueNorm: 5 stepSize: 0.001 Win Time: 1191
Iteration 7600 Time: 19047 Score: 62.7725 Size: 68.5425 Loss: 0.3825 Win: 0.01 valueNorm: 5 stepSize: 0.001 Win Time: 1165.5
Iteration 7700 Time: 19303 Score: 63.435 Size: 68.9675 Loss: 0.3525 Win: 0.005 valueNorm: 5 stepSize: 0.001 Win Time: 1118.5
Iteration 7800 Time: 19555 Score: 61.525 Size: 67.0075 Loss: 0.345 Win: 0 valueNorm: 5 stepSize: 0.001
Iteration 7900 Time: 19797 Score: 60.2925 Size: 66.4775 Loss: 0.4225 Win: 0.0075 valueNorm: 5 stepSize: 0.001 Win Time: 1137.67
Iteration 8000 Time: 20044 Score: 61.41 Size: 67.3575 Loss: 0.395 Win: 0.005 valueNorm: 5 stepSize: 0.001 Win Time: 1127
Iteration 8100 Time: 20295 Score: 62.72 Size: 68.1225 Loss: 0.3425 Win: 0.005 valueNorm: 5 stepSize: 0.001 Win Time: 1176
Iteration 8200 Time: 20541 Score: 60.9425 Size: 66.81 Loss: 0.3875 Win: 0.005 valueNorm: 5 stepSize: 0.001 Win Time: 1174.5
Iteration 8300 Time: 20794 Score: 62.6775 Size: 68.3 Loss: 0.36 Win: 0.0025 valueNorm: 5 stepSize: 0.001 Win Time: 1190
Iteration 8400 Time: 21041 Score: 62.955 Size: 68.94 Loss: 0.4175 Win: 0.025 valueNorm: 5 stepSize: 0.001 Win Time: 1175.8
Iteration 8500 Time: 21290 Score: 62.965 Size: 68.7475 Loss: 0.385 Win: 0.0125 valueNorm: 5 stepSize: 0.001 Win Time: 1164
Iteration 8600 Time: 21539 Score: 63.965 Size: 69.285 Loss: 0.3525 Win: 0.0275 valueNorm: 5 stepSize: 0.001 Win Time: 1141
Iteration 8700 Time: 21789 Score: 64.1325 Size: 69.4425 Loss: 0.35 Win: 0.025 valueNorm: 5 stepSize: 0.001 Win Time: 1150.6
Iteration 8800 Time: 22033 Score: 63.045 Size: 68.5175 Loss: 0.38 Win: 0.04 valueNorm: 5 stepSize: 0.001 Win Time: 1157.69
Iteration 8900 Time: 22269 Score: 61.3825 Size: 66.6 Loss: 0.3925 Win: 0.0825 valueNorm: 5 stepSize: 0.001 Win Time: 1141.06
Iteration 9000 Time: 22515 Score: 65.8275 Size: 70.155 Loss: 0.325 Win: 0.105 valueNorm: 5 stepSize: 0.001 Win Time: 1144.71
Iteration 9100 Time: 22761 Score: 67.065 Size: 71.33 Loss: 0.345 Win: 0.135 valueNorm: 5 stepSize: 0.001 Win Time: 1145.93
Iteration 9200 Time: 23012 Score: 69.775 Size: 73.1975 Loss: 0.275 Win: 0.15 valueNorm: 5 stepSize: 0.001 Win Time: 1145.57
Iteration 9300 Time: 23260 Score: 67.77 Size: 71.95 Loss: 0.3225 Win: 0.12 valueNorm: 5 stepSize: 0.001 Win Time: 1133.12
Iteration 9400 Time: 23502 Score: 66.635 Size: 70.6775 Loss: 0.33 Win: 0.1425 valueNorm: 5 stepSize: 0.001 Win Time: 1146.23
Iteration 9500 Time: 23753 Score: 68.8375 Size: 72.7125 Loss: 0.3025 Win: 0.13 valueNorm: 5 stepSize: 0.001 Win Time: 1139.96
Iteration 9600 Time: 24001 Score: 66.8325 Size: 71.3 Loss: 0.3475 Win: 0.1175 valueNorm: 5 stepSize: 0.001 Win Time: 1136.96
Iteration 9700 Time: 24252 Score: 66.02 Size: 70.8225 Loss: 0.3625 Win: 0.095 valueNorm: 5 stepSize: 0.001 Win Time: 1142.16
Iteration 9800 Time: 24502 Score: 67.3925 Size: 71.3275 Loss: 0.2975 Win: 0.1175 valueNorm: 5 stepSize: 0.001 Win Time: 1155.26
Iteration 9900 Time: 24758 Score: 68.92 Size: 73.365 Loss: 0.3375 Win: 0.1075 valueNorm: 5 stepSize: 0.001 Win Time: 1134.4
Iteration 10000 Time: 25015 Score: 70.7175 Size: 74.18 Loss: 0.295 Win: 0.1675 valueNorm: 5 stepSize: 0.001 Win Time: 1149.67
Iteration 10100 Time: 25270 Score: 74.0575 Size: 76.59 Loss: 0.26 Win: 0.2325 valueNorm: 5 stepSize: 0.001 Win Time: 1146.75
Iteration 10200 Time: 25521 Score: 70.9375 Size: 73.9825 Loss: 0.2925 Win: 0.2125 valueNorm: 5 stepSize: 0.001 Win Time: 1135.26
Iteration 10300 Time: 25771 Score: 69.16 Size: 72.9825 Loss: 0.3275 Win: 0.165 valueNorm: 5 stepSize: 0.001 Win Time: 1139.77
Iteration 10400 Time: 26017 Score: 68.295 Size: 72.3825 Loss: 0.345 Win: 0.155 valueNorm: 5 stepSize: 0.001 Win Time: 1138.19
Iteration 10500 Time: 26271 Score: 72.46 Size: 75.3475 Loss: 0.265 Win: 0.1975 valueNorm: 5 stepSize: 0.001 Win Time: 1138.18
Iteration 10600 Time: 26521 Score: 73.155 Size: 76.005 Loss: 0.3025 Win: 0.245 valueNorm: 5 stepSize: 0.001 Win Time: 1138.16
Iteration 10700 Time: 26762 Score: 70.54 Size: 74.03 Loss: 0.3225 Win: 0.195 valueNorm: 5 stepSize: 0.001 Win Time: 1132.23
Iteration 10800 Time: 27008 Score: 71.995 Size: 74.945 Loss: 0.29 Win: 0.22 valueNorm: 5 stepSize: 0.001 Win Time: 1141.58
Iteration 10900 Time: 27253 Score: 71.965 Size: 75.1775 Loss: 0.31 Win: 0.2125 valueNorm: 5 stepSize: 0.001 Win Time: 1134.6
Iteration 11000 Time: 27503 Score: 71.0325 Size: 74.415 Loss: 0.295 Win: 0.1775 valueNorm: 5 stepSize: 0.001 Win Time: 1141.07
Iteration 11100 Time: 27757 Score: 75.2775 Size: 77.65 Loss: 0.2475 Win: 0.2375 valueNorm: 5 stepSize: 0.001 Win Time: 1140.36
Iteration 11200 Time: 27998 Score: 70.79 Size: 74.2375 Loss: 0.33 Win: 0.2075 valueNorm: 5 stepSize: 0.001 Win Time: 1135.57
Iteration 11300 Time: 28239 Score: 72.4725 Size: 75.585 Loss: 0.3225 Win: 0.2375 valueNorm: 5 stepSize: 0.001 Win Time: 1137.37
Iteration 11400 Time: 28486 Score: 74.3275 Size: 77.085 Loss: 0.295 Win: 0.2475 valueNorm: 5 stepSize: 0.001 Win Time: 1124.28
Iteration 11500 Time: 28730 Score: 73.0975 Size: 75.8975 Loss: 0.31 Win: 0.2575 valueNorm: 5 stepSize: 0.001 Win Time: 1122.97
Iteration 11600 Time: 28970 Score: 71.03 Size: 74.52 Loss: 0.345 Win: 0.2225 valueNorm: 5 stepSize: 0.001 Win Time: 1135.27
Iteration 11700 Time: 29213 Score: 71.2825 Size: 74.9275 Loss: 0.35 Win: 0.21 valueNorm: 5 stepSize: 0.001 Win Time: 1130.92
Iteration 11800 Time: 29456 Score: 74.1675 Size: 76.765 Loss: 0.32 Win: 0.2925 valueNorm: 5 stepSize: 0.001 Win Time: 1127.28
Iteration 11900 Time: 29700 Score: 75.18 Size: 77.4925 Loss: 0.2875 Win: 0.2875 valueNorm: 5 stepSize: 0.001 Win Time: 1125.97
Iteration 12000 Time: 29939 Score: 72.585 Size: 75.6425 Loss: 0.325 Win: 0.2475 valueNorm: 5 stepSize: 0.001 Win Time: 1123.97
Iteration 12100 Time: 30188 Score: 78.415 Size: 80.11 Loss: 0.2675 Win: 0.335 valueNorm: 5 stepSize: 0.001 Win Time: 1122.02
Iteration 12200 Time: 30425 Score: 72.5325 Size: 75.635 Loss: 0.34 Win: 0.26 valueNorm: 5 stepSize: 0.001 Win Time: 1123.02
Iteration 12300 Time: 30660 Score: 72.65 Size: 75.77 Loss: 0.3525 Win: 0.2725 valueNorm: 5 stepSize: 0.001 Win Time: 1118.18
Iteration 12400 Time: 30898 Score: 74.17 Size: 76.8725 Loss: 0.325 Win: 0.2875 valueNorm: 5 stepSize: 0.001 Win Time: 1127.83
Iteration 12500 Time: 31142 Score: 77.2375 Size: 79.0575 Loss: 0.2825 Win: 0.3375 valueNorm: 5 stepSize: 0.001 Win Time: 1127.5
Iteration 12600 Time: 31386 Score: 79.35 Size: 80.5525 Loss: 0.27 Win: 0.3925 valueNorm: 5 stepSize: 0.001 Win Time: 1119.94
Iteration 12700 Time: 31628 Score: 80.3225 Size: 81.0575 Loss: 0.2575 Win: 0.43 valueNorm: 5 stepSize: 0.001 Win Time: 1114.59
Iteration 12800 Time: 31870 Score: 78.8575 Size: 80.31 Loss: 0.295 Win: 0.3925 valueNorm: 5 stepSize: 0.001 Win Time: 1118.52
Iteration 12900 Time: 32112 Score: 76.915 Size: 78.75 Loss: 0.295 Win: 0.35 valueNorm: 5 stepSize: 0.001 Win Time: 1127.41
Iteration 13000 Time: 32353 Score: 76.2675 Size: 78.4075 Loss: 0.305 Win: 0.3275 valueNorm: 5 stepSize: 0.001 Win Time: 1117.17
Iteration 13100 Time: 32589 Score: 77 Size: 78.5325 Loss: 0.295 Win: 0.3825 valueNorm: 5 stepSize: 0.001 Win Time: 1118.31
Iteration 13200 Time: 32839 Score: 80.95 Size: 81.7475 Loss: 0.2325 Win: 0.395 valueNorm: 5 stepSize: 0.001 Win Time: 1124.25
Iteration 13300 Time: 33080 Score: 75.775 Size: 78.2 Loss: 0.325 Win: 0.3175 valueNorm: 5 stepSize: 0.001 Win Time: 1129.87
Iteration 13400 Time: 33322 Score: 77.34 Size: 79.4875 Loss: 0.3125 Win: 0.335 valueNorm: 5 stepSize: 0.001 Win Time: 1118.12
Iteration 13500 Time: 33564 Score: 74.435 Size: 77.455 Loss: 0.355 Win: 0.285 valueNorm: 5 stepSize: 0.001 Win Time: 1133.95
Iteration 13600 Time: 33811 Score: 78.8675 Size: 80.3 Loss: 0.26 Win: 0.355 valueNorm: 5 stepSize: 0.001 Win Time: 1116.91
Iteration 13700 Time: 34062 Score: 80.21 Size: 81.4875 Loss: 0.245 Win: 0.355 valueNorm: 5 stepSize: 0.001 Win Time: 1119.89
Iteration 13800 Time: 34310 Score: 81.9125 Size: 82.6925 Loss: 0.2625 Win: 0.43 valueNorm: 5 stepSize: 0.001 Win Time: 1123.87
Iteration 13900 Time: 34553 Score: 79.3275 Size: 80.535 Loss: 0.28 Win: 0.4025 valueNorm: 5 stepSize: 0.001 Win Time: 1118.24
Iteration 14000 Time: 34797 Score: 79.74 Size: 81.205 Loss: 0.295 Win: 0.3925 valueNorm: 5 stepSize: 0.001 Win Time: 1110.78
Iteration 14100 Time: 35036 Score: 79.3075 Size: 80.74 Loss: 0.33 Win: 0.4325 valueNorm: 5 stepSize: 0.001 Win Time: 1110.67
Iteration 14200 Time: 35275 Score: 79.845 Size: 80.75 Loss: 0.285 Win: 0.44 valueNorm: 5 stepSize: 0.001 Win Time: 1119.81
Iteration 14300 Time: 35510 Score: 73.065 Size: 76.46 Loss: 0.395 Win: 0.2875 valueNorm: 5 stepSize: 0.001 Win Time: 1119.97
Iteration 14400 Time: 35745 Score: 76.9175 Size: 78.6925 Loss: 0.3225 Win: 0.3875 valueNorm: 5 stepSize: 0.001 Win Time: 1108.25
Iteration 14500 Time: 35990 Score: 79.26 Size: 80.6625 Loss: 0.2825 Win: 0.385 valueNorm: 5 stepSize: 0.001 Win Time: 1113.83
Iteration 14600 Time: 36226 Score: 76.7125 Size: 78.895 Loss: 0.35 Win: 0.3725 valueNorm: 5 stepSize: 0.001 Win Time: 1116.93
Iteration 14700 Time: 36462 Score: 77.2425 Size: 78.8225 Loss: 0.31 Win: 0.395 valueNorm: 5 stepSize: 0.001 Win Time: 1117.45
Iteration 14800 Time: 36701 Score: 77.5225 Size: 79.5725 Loss: 0.3475 Win: 0.385 valueNorm: 5 stepSize: 0.001 Win Time: 1119.64
Iteration 14900 Time: 36949 Score: 82.34 Size: 83.21 Loss: 0.285 Win: 0.445 valueNorm: 5 stepSize: 0.001 Win Time: 1114.49
Iteration 15000 Time: 37191 Score: 81.3975 Size: 81.975 Loss: 0.2775 Win: 0.47 valueNorm: 5 stepSize: 0.001 Win Time: 1111.72
Iteration 15100 Time: 37428 Score: 79.2825 Size: 80.635 Loss: 0.3275 Win: 0.44 valueNorm: 5 stepSize: 0.001 Win Time: 1109.87
Iteration 15200 Time: 37668 Score: 83.135 Size: 83.4 Loss: 0.28 Win: 0.5075 valueNorm: 5 stepSize: 0.001 Win Time: 1089.79
Iteration 15300 Time: 37913 Score: 81.0375 Size: 81.8975 Loss: 0.27 Win: 0.43 valueNorm: 5 stepSize: 0.001 Win Time: 1116.11
Iteration 15400 Time: 38154 Score: 81.59 Size: 82.11 Loss: 0.2725 Win: 0.47 valueNorm: 5 stepSize: 0.001 Win Time: 1114.06
Iteration 15500 Time: 38391 Score: 80.05 Size: 80.9375 Loss: 0.2925 Win: 0.4525 valueNorm: 5 stepSize: 0.001 Win Time: 1115.99
Iteration 15600 Time: 38622 Score: 78.585 Size: 79.8325 Loss: 0.315 Win: 0.4375 valueNorm: 5 stepSize: 0.001 Win Time: 1095.99
Iteration 15700 Time: 38854 Score: 78.0425 Size: 79.585 Loss: 0.3425 Win: 0.435 valueNorm: 5 stepSize: 0.001 Win Time: 1107.75
Iteration 15800 Time: 39097 Score: 80.9925 Size: 82.0475 Loss: 0.3 Win: 0.4425 valueNorm: 5 stepSize: 0.001 Win Time: 1111.36
Iteration 15900 Time: 39336 Score: 80.32 Size: 81.3975 Loss: 0.3 Win: 0.44 valueNorm: 5 stepSize: 0.001 Win Time: 1109.94
Iteration 16000 Time: 39581 Score: 83.46 Size: 83.8 Loss: 0.2675 Win: 0.4875 valueNorm: 5 stepSize: 0.001 Win Time: 1108.35
Iteration 16100 Time: 39813 Score: 78.8525 Size: 79.9825 Loss: 0.3175 Win: 0.4525 valueNorm: 5 stepSize: 0.001 Win Time: 1100.59
Iteration 16200 Time: 40057 Score: 72.6375 Size: 75.5575 Loss: 0.34 Win: 0.2775 valueNorm: 5 stepSize: 0.001 Win Time: 1114.34
Iteration 16300 Time: 40307 Score: 80.845 Size: 81.6375 Loss: 0.26 Win: 0.4275 valueNorm: 5 stepSize: 0.001 Win Time: 1115.26
Iteration 16400 Time: 40556 Score: 82.0675 Size: 82.3975 Loss: 0.275 Win: 0.495 valueNorm: 5 stepSize: 0.001 Win Time: 1118.31
Iteration 16500 Time: 40807 Score: 85.6725 Size: 84.8375 Loss: 0.225 Win: 0.5675 valueNorm: 5 stepSize: 0.001 Win Time: 1101.08
Iteration 16600 Time: 41045 Score: 78.1075 Size: 79.475 Loss: 0.345 Win: 0.4575 valueNorm: 5 stepSize: 0.001 Win Time: 1105.51
Iteration 16700 Time: 41279 Score: 74.2325 Size: 76.9775 Loss: 0.385 Win: 0.35 valueNorm: 5 stepSize: 0.001 Win Time: 1106.31
Iteration 16800 Time: 41522 Score: 82.4375 Size: 82.6925 Loss: 0.2875 Win: 0.5175 valueNorm: 5 stepSize: 0.001 Win Time: 1092.82
Iteration 16900 Time: 41774 Score: 85.695 Size: 84.955 Loss: 0.2275 Win: 0.56 valueNorm: 5 stepSize: 0.001 Win Time: 1106.15
Iteration 17000 Time: 42017 Score: 80.8725 Size: 81.61 Loss: 0.3075 Win: 0.485 valueNorm: 5 stepSize: 0.001 Win Time: 1104.02
Iteration 17100 Time: 42258 Score: 78.84 Size: 80.48 Loss: 0.3525 Win: 0.4375 valueNorm: 5 stepSize: 0.001 Win Time: 1100.95
Iteration 17200 Time: 42509 Score: 85.05 Size: 84.945 Loss: 0.28 Win: 0.5475 valueNorm: 5 stepSize: 0.001 Win Time: 1098.4
Iteration 17300 Time: 42754 Score: 83.39 Size: 83.455 Loss: 0.2975 Win: 0.5475 valueNorm: 5 stepSize: 0.001 Win Time: 1098.05
Iteration 17400 Time: 43001 Score: 86.8125 Size: 85.6475 Loss: 0.235 Win: 0.615 valueNorm: 5 stepSize: 0.001 Win Time: 1094.24
Iteration 17500 Time: 43247 Score: 84.6775 Size: 84.2175 Loss: 0.255 Win: 0.5625 valueNorm: 5 stepSize: 0.001 Win Time: 1096.3
Iteration 17600 Time: 43491 Score: 84.625 Size: 84.355 Loss: 0.2675 Win: 0.5525 valueNorm: 5 stepSize: 0.001 Win Time: 1084.09
Iteration 17700 Time: 43736 Score: 82.2925 Size: 82.675 Loss: 0.2925 Win: 0.5075 valueNorm: 5 stepSize: 0.001 Win Time: 1098.48
Iteration 17800 Time: 43987 Score: 88.025 Size: 86.84 Loss: 0.2375 Win: 0.6225 valueNorm: 5 stepSize: 0.001 Win Time: 1087.23
Iteration 17900 Time: 44233 Score: 85.7575 Size: 85.0525 Loss: 0.2625 Win: 0.5975 valueNorm: 5 stepSize: 0.001 Win Time: 1090.52
Iteration 18000 Time: 44473 Score: 83.5125 Size: 83.195 Loss: 0.2875 Win: 0.58 valueNorm: 5 stepSize: 0.001 Win Time: 1088.49
Iteration 18100 Time: 44715 Score: 84.485 Size: 83.84 Loss: 0.2675 Win: 0.595 valueNorm: 5 stepSize: 0.001 Win Time: 1092.38
Iteration 18200 Time: 44965 Score: 87.215 Size: 86.2425 Loss: 0.25 Win: 0.6125 valueNorm: 5 stepSize: 0.001 Win Time: 1086.55
Iteration 18300 Time: 45204 Score: 82.145 Size: 82.66 Loss: 0.335 Win: 0.5425 valueNorm: 5 stepSize: 0.001 Win Time: 1088.16
Iteration 18400 Time: 45447 Score: 82.825 Size: 83.59 Loss: 0.3425 Win: 0.525 valueNorm: 5 stepSize: 0.001 Win Time: 1096.15
Iteration 18500 Time: 45696 Score: 85.8275 Size: 85.2625 Loss: 0.265 Win: 0.5825 valueNorm: 5 stepSize: 0.001 Win Time: 1093.45
Iteration 18600 Time: 45938 Score: 84.56 Size: 84.155 Loss: 0.28 Win: 0.5825 valueNorm: 5 stepSize: 0.001 Win Time: 1089.2
Iteration 18700 Time: 46178 Score: 82.865 Size: 83.0375 Loss: 0.305 Win: 0.545 valueNorm: 5 stepSize: 0.001 Win Time: 1095.19
Iteration 18800 Time: 46418 Score: 82.4775 Size: 82.585 Loss: 0.3025 Win: 0.55 valueNorm: 5 stepSize: 0.001 Win Time: 1091.08
Iteration 18900 Time: 46658 Score: 81.5875 Size: 82.1975 Loss: 0.3275 Win: 0.5225 valueNorm: 5 stepSize: 0.001 Win Time: 1097.92
Iteration 19000 Time: 46905 Score: 85.8325 Size: 85.0925 Loss: 0.2525 Win: 0.5875 valueNorm: 5 stepSize: 0.001 Win Time: 1094.94
Iteration 19100 Time: 47149 Score: 87.05 Size: 86.0125 Loss: 0.2575 Win: 0.6275 valueNorm: 5 stepSize: 0.001 Win Time: 1082.84
Iteration 19200 Time: 47394 Score: 88.1925 Size: 86.815 Loss: 0.245 Win: 0.6525 valueNorm: 5 stepSize: 0.001 Win Time: 1080.61
Iteration 19300 Time: 47642 Score: 87.9075 Size: 86.535 Loss: 0.225 Win: 0.6275 valueNorm: 5 stepSize: 0.001 Win Time: 1081.31
Iteration 19400 Time: 47889 Score: 86.6075 Size: 85.9675 Loss: 0.2725 Win: 0.6 valueNorm: 5 stepSize: 0.001 Win Time: 1082.72
Iteration 19500 Time: 48130 Score: 84.815 Size: 84.2575 Loss: 0.2875 Win: 0.6075 valueNorm: 5 stepSize: 0.001 Win Time: 1092.34
Iteration 19600 Time: 48373 Score: 85.8725 Size: 84.92 Loss: 0.2675 Win: 0.6275 valueNorm: 5 stepSize: 0.001 Win Time: 1089.69
Iteration 19700 Time: 48622 Score: 88.62 Size: 87.3675 Loss: 0.2475 Win: 0.64 valueNorm: 5 stepSize: 0.001 Win Time: 1083.55
Iteration 19800 Time: 48870 Score: 86.8725 Size: 86.16 Loss: 0.26 Win: 0.595 valueNorm: 5 stepSize: 0.001 Win Time: 1088.28
Iteration 19900 Time: 49121 Score: 89.715 Size: 88.2225 Loss: 0.2325 Win: 0.65 valueNorm: 5 stepSize: 0.001 Win Time: 1075.48
Iteration 20000 Time: 49358 Score: 83.455 Size: 83.2625 Loss: 0.2975 Win: 0.58 valueNorm: 5 stepSize: 0.001 Win Time: 1082.3
Iteration 20100 Time: 49595 Score: 83.6025 Size: 83.38 Loss: 0.305 Win: 0.59 valueNorm: 5 stepSize: 0.001 Win Time: 1083.5
Iteration 20200 Time: 49837 Score: 84.91 Size: 84.595 Loss: 0.295 Win: 0.59 valueNorm: 5 stepSize: 0.001 Win Time: 1080.63
Iteration 20300 Time: 50073 Score: 84.4525 Size: 84.33 Loss: 0.3175 Win: 0.595 valueNorm: 5 stepSize: 0.001 Win Time: 1068.8
Iteration 20400 Time: 50316 Score: 86.085 Size: 85.2675 Loss: 0.2675 Win: 0.615 valueNorm: 5 stepSize: 0.001 Win Time: 1079.77
Iteration 20500 Time: 50557 Score: 86.1625 Size: 85.4875 Loss: 0.2925 Win: 0.6275 valueNorm: 5 stepSize: 0.001 Win Time: 1076.32
Iteration 20600 Time: 50795 Score: 83.3425 Size: 83.63 Loss: 0.335 Win: 0.5675 valueNorm: 5 stepSize: 0.001 Win Time: 1078.85
Iteration 20700 Time: 51035 Score: 86.8375 Size: 86.0175 Loss: 0.2925 Win: 0.6425 valueNorm: 5 stepSize: 0.001 Win Time: 1074.92
Iteration 20800 Time: 51280 Score: 74.42 Size: 77.4125 Loss: 0.385 Win: 0.3225 valueNorm: 5 stepSize: 0.001 Win Time: 1072.03
Iteration 20900 Time: 51535 Score: 89.075 Size: 87.635 Loss: 0.2125 Win: 0.6225 valueNorm: 5 stepSize: 0.001 Win Time: 1089.22
Iteration 21000 Time: 51781 Score: 87.765 Size: 86.5425 Loss: 0.245 Win: 0.6325 valueNorm: 5 stepSize: 0.001 Win Time: 1077.1
Iteration 21100 Time: 52030 Score: 89.05 Size: 87.69 Loss: 0.245 Win: 0.65 valueNorm: 5 stepSize: 0.001 Win Time: 1069.65
Iteration 21200 Time: 52276 Score: 88.5275 Size: 87.35 Loss: 0.255 Win: 0.64 valueNorm: 5 stepSize: 0.001 Win Time: 1078.39
Iteration 21300 Time: 52516 Score: 87.285 Size: 86.14 Loss: 0.2525 Win: 0.635 valueNorm: 5 stepSize: 0.001 Win Time: 1075.16
Iteration 21400 Time: 52763 Score: 92.0725 Size: 89.7225 Loss: 0.205 Win: 0.715 valueNorm: 5 stepSize: 0.001 Win Time: 1069.84
Iteration 21500 Time: 53001 Score: 86.52 Size: 86.0225 Loss: 0.3075 Win: 0.625 valueNorm: 5 stepSize: 0.001 Win Time: 1068.75
Iteration 21600 Time: 53242 Score: 89.305 Size: 87.785 Loss: 0.2525 Win: 0.6775 valueNorm: 5 stepSize: 0.001 Win Time: 1073.23
Iteration 21700 Time: 53477 Score: 85.285 Size: 84.7125 Loss: 0.2975 Win: 0.62 valueNorm: 5 stepSize: 0.001 Win Time: 1075.02
Iteration 21800 Time: 53713 Score: 85.1625 Size: 84.93 Loss: 0.305 Win: 0.5925 valueNorm: 5 stepSize: 0.001 Win Time: 1072.14
Iteration 21900 Time: 53949 Score: 87.3 Size: 85.905 Loss: 0.27 Win: 0.68 valueNorm: 5 stepSize: 0.001 Win Time: 1072.67
Iteration 22000 Time: 54186 Score: 88.0025 Size: 87.005 Loss: 0.2875 Win: 0.6575 valueNorm: 5 stepSize: 0.001 Win Time: 1064.75
Iteration 22100 Time: 54426 Score: 87.5025 Size: 86.5475 Loss: 0.27 Win: 0.6325 valueNorm: 5 stepSize: 0.001 Win Time: 1066.97
Iteration 22200 Time: 54659 Score: 88.1775 Size: 86.53 Loss: 0.2475 Win: 0.685 valueNorm: 5 stepSize: 0.001 Win Time: 1054.16
Iteration 22300 Time: 54900 Score: 88.975 Size: 87.745 Loss: 0.26 Win: 0.6525 valueNorm: 5 stepSize: 0.001 Win Time: 1061.84
Iteration 22400 Time: 55137 Score: 87.2775 Size: 86.6625 Loss: 0.3125 Win: 0.645 valueNorm: 5 stepSize: 0.001 Win Time: 1071.31
Iteration 22500 Time: 55374 Score: 90.0575 Size: 87.99 Loss: 0.24 Win: 0.7225 valueNorm: 5 stepSize: 0.001 Win Time: 1059.66
Iteration 22600 Time: 55609 Score: 88.9175 Size: 87.5375 Loss: 0.275 Win: 0.685 valueNorm: 5 stepSize: 0.001 Win Time: 1049.22
Iteration 22700 Time: 55849 Score: 89.9525 Size: 88.3875 Loss: 0.2575 Win: 0.6875 valueNorm: 5 stepSize: 0.001 Win Time: 1062.22
Iteration 22800 Time: 56086 Score: 88.085 Size: 86.7175 Loss: 0.265 Win: 0.6725 valueNorm: 5 stepSize: 0.001 Win Time: 1066.5
Iteration 22900 Time: 56327 Score: 87.9925 Size: 86.96 Loss: 0.265 Win: 0.635 valueNorm: 5 stepSize: 0.001 Win Time: 1062.26
Iteration 23000 Time: 56568 Score: 92.6175 Size: 90.015 Loss: 0.21 Win: 0.7475 valueNorm: 5 stepSize: 0.001 Win Time: 1052.5
Iteration 23100 Time: 56806 Score: 89.2525 Size: 88.0975 Loss: 0.27 Win: 0.6575 valueNorm: 5 stepSize: 0.001 Win Time: 1058.05
Iteration 23200 Time: 57039 Score: 89.9125 Size: 88.09 Loss: 0.2475 Win: 0.705 valueNorm: 5 stepSize: 0.001 Win Time: 1055.01
Iteration 23300 Time: 57270 Score: 88.7225 Size: 87.285 Loss: 0.2725 Win: 0.6875 valueNorm: 5 stepSize: 0.001 Win Time: 1051.08
Iteration 23400 Time: 57508 Score: 91.0775 Size: 89.185 Loss: 0.2425 Win: 0.7075 valueNorm: 5 stepSize: 0.001 Win Time: 1058.95
Iteration 23500 Time: 57746 Score: 89.25 Size: 87.9825 Loss: 0.2675 Win: 0.665 valueNorm: 5 stepSize: 0.001 Win Time: 1061.32
Iteration 23600 Time: 57980 Score: 88.2625 Size: 87.31 Loss: 0.2825 Win: 0.65 valueNorm: 5 stepSize: 0.001 Win Time: 1055.05
Iteration 23700 Time: 58211 Score: 86.695 Size: 85.72 Loss: 0.29 Win: 0.6575 valueNorm: 5 stepSize: 0.001 Win Time: 1061.11
Iteration 23800 Time: 58454 Score: 92.1525 Size: 89.9825 Loss: 0.22 Win: 0.7125 valueNorm: 5 stepSize: 0.001 Win Time: 1066.39
Iteration 23900 Time: 58691 Score: 90.3575 Size: 88.4525 Loss: 0.24 Win: 0.705 valueNorm: 5 stepSize: 0.001 Win Time: 1049.04
Iteration 24000 Time: 58921 Score: 89.705 Size: 88.01 Loss: 0.2575 Win: 0.7025 valueNorm: 5 stepSize: 0.001 Win Time: 1050.62
Iteration 24100 Time: 59150 Score: 89.875 Size: 88.17 Loss: 0.2575 Win: 0.7025 valueNorm: 5 stepSize: 0.001 Win Time: 1048.68
Iteration 24200 Time: 59383 Score: 90.5675 Size: 88.8225 Loss: 0.25 Win: 0.7 valueNorm: 5 stepSize: 0.001 Win Time: 1054.55
Iteration 24300 Time: 59604 Score: 85.5475 Size: 85.0925 Loss: 0.3275 Win: 0.6425 valueNorm: 5 stepSize: 0.001 Win Time: 1044.99
Iteration 24400 Time: 59827 Score: 87.3375 Size: 86.1475 Loss: 0.2875 Win: 0.68 valueNorm: 5 stepSize: 0.001 Win Time: 1052.74
Iteration 24500 Time: 60051 Score: 88.2375 Size: 86.9575 Loss: 0.27 Win: 0.67 valueNorm: 5 stepSize: 0.001 Win Time: 1049.69
Iteration 24600 Time: 60275 Score: 89.375 Size: 87.955 Loss: 0.2675 Win: 0.6825 valueNorm: 5 stepSize: 0.001 Win Time: 1039.99
Iteration 24700 Time: 60497 Score: 85.485 Size: 85.3025 Loss: 0.33 Win: 0.615 valueNorm: 5 stepSize: 0.001 Win Time: 1054.84
Iteration 24800 Time: 60722 Score: 89.905 Size: 88.465 Loss: 0.27 Win: 0.69 valueNorm: 5 stepSize: 0.001 Win Time: 1038.26
Iteration 24900 Time: 60945 Score: 88.11 Size: 86.8325 Loss: 0.28 Win: 0.68 valueNorm: 5 stepSize: 0.001 Win Time: 1053.01
Iteration 25000 Time: 61173 Score: 88.5275 Size: 87.5425 Loss: 0.2725 Win: 0.6425 valueNorm: 5 stepSize: 0.001 Win Time: 1050.61
Evaluation score: 84.1102
