Training control Time: 1715011497
Hyperparameters: numRollouts: 1 batchSize: 512 numEpochs: 1 numIter: 100000 evalPeriod: 400 savePeriod: 400 alpha: 0.000500 GAEParam: 0.950000 
Iteration 400 Time: 245 Score: -2.16633 Size: 6.96755 Loss: 0.711968 Win: 0 valueNorm: 5 stepSize: 0.0005
Iteration 800 Time: 519 Score: 1.98423 Size: 8.29505 Loss: 0.43018 Win: 0 valueNorm: 5 stepSize: 0.0005
Iteration 1200 Time: 786 Score: 5.198 Size: 12.806 Loss: 0.558 Win: 0 valueNorm: 5 stepSize: 0.0005
Iteration 1600 Time: 1063 Score: 8.83804 Size: 16.3861 Loss: 0.551789 Win: 0 valueNorm: 5 stepSize: 0.0005
Iteration 2000 Time: 1343 Score: 10.4307 Size: 18.129 Loss: 0.567362 Win: 0 valueNorm: 5 stepSize: 0.0005
Iteration 2400 Time: 1636 Score: 11.9248 Size: 19.6752 Loss: 0.572277 Win: 0 valueNorm: 5 stepSize: 0.0005
Iteration 2800 Time: 1936 Score: 12.833 Size: 20.6334 Loss: 0.577735 Win: 0 valueNorm: 5 stepSize: 0.0005
Iteration 3200 Time: 2237 Score: 14.346 Size: 21.464 Loss: 0.51 Win: 0 valueNorm: 5 stepSize: 0.0005
Iteration 3600 Time: 2542 Score: 16.0209 Size: 22.977 Loss: 0.494781 Win: 0 valueNorm: 5 stepSize: 0.0005
Iteration 4000 Time: 2850 Score: 15.5368 Size: 23.1686 Loss: 0.562016 Win: 0 valueNorm: 5 stepSize: 0.0005
Iteration 4400 Time: 3153 Score: 16.9385 Size: 24.2817 Loss: 0.531746 Win: 0 valueNorm: 5 stepSize: 0.0005
Iteration 4800 Time: 3462 Score: 19.0729 Size: 25.7976 Loss: 0.47166 Win: 0 valueNorm: 5 stepSize: 0.0005
Iteration 5200 Time: 3767 Score: 20.6521 Size: 27.7271 Loss: 0.50625 Win: 0 valueNorm: 5 stepSize: 0.0005
Iteration 5600 Time: 4066 Score: 22.5817 Size: 29.8047 Loss: 0.52017 Win: 0 valueNorm: 5 stepSize: 0.0005
Iteration 6000 Time: 4361 Score: 24.3895 Size: 31.8147 Loss: 0.541053 Win: 0 valueNorm: 5 stepSize: 0.0005
Iteration 6400 Time: 4653 Score: 27.262 Size: 34.8275 Loss: 0.554585 Win: 0 valueNorm: 5 stepSize: 0.0005
Iteration 6800 Time: 4935 Score: 30.2 Size: 37.8066 Loss: 0.558242 Win: 0 valueNorm: 5 stepSize: 0.0005
Iteration 7200 Time: 5219 Score: 32.7439 Size: 40.0486 Loss: 0.527594 Win: 0 valueNorm: 5 stepSize: 0.0005
Iteration 7600 Time: 5506 Score: 34.8665 Size: 41.7112 Loss: 0.4814 Win: 0 valueNorm: 5 stepSize: 0.0005
Iteration 8000 Time: 5794 Score: 37.7253 Size: 44.556 Loss: 0.481319 Win: 0 valueNorm: 5 stepSize: 0.0005
Iteration 8400 Time: 6081 Score: 40.6606 Size: 47.1617 Loss: 0.448747 Win: 0 valueNorm: 5 stepSize: 0.0005
Iteration 8800 Time: 6370 Score: 42.5395 Size: 48.8623 Loss: 0.431151 Win: 0 valueNorm: 5 stepSize: 0.0005
Iteration 9200 Time: 6650 Score: 44.3122 Size: 50.5226 Loss: 0.418552 Win: 0 valueNorm: 5 stepSize: 0.0005
Iteration 9600 Time: 6934 Score: 45.8764 Size: 51.991 Loss: 0.408989 Win: 0 valueNorm: 5 stepSize: 0.0005
Iteration 10000 Time: 7222 Score: 46.7162 Size: 52.7073 Loss: 0.396896 Win: 0 valueNorm: 5 stepSize: 0.0005
Iteration 10400 Time: 7509 Score: 47.6414 Size: 53.5612 Loss: 0.389755 Win: 0 valueNorm: 5 stepSize: 0.0005
Iteration 10800 Time: 7797 Score: 49.1851 Size: 54.7065 Loss: 0.349887 Win: 0 valueNorm: 5 stepSize: 0.0005
Iteration 11200 Time: 8089 Score: 48.8899 Size: 54.5463 Loss: 0.363436 Win: 0 valueNorm: 5 stepSize: 0.0005
Iteration 11600 Time: 8376 Score: 49.9396 Size: 55.6711 Loss: 0.371365 Win: 0 valueNorm: 5 stepSize: 0.0005
Iteration 12000 Time: 8668 Score: 50.0875 Size: 55.4595 Loss: 0.334792 Win: 0 valueNorm: 5 stepSize: 0.0005
Iteration 12400 Time: 8955 Score: 51.3196 Size: 56.7877 Loss: 0.344749 Win: 0 valueNorm: 5 stepSize: 0.0005
Iteration 12800 Time: 9243 Score: 51.4843 Size: 57.0247 Loss: 0.352018 Win: 0 valueNorm: 5 stepSize: 0.0005
Iteration 13200 Time: 9529 Score: 50.5133 Size: 56.281 Loss: 0.373894 Win: 0 valueNorm: 5 stepSize: 0.0005
Iteration 13600 Time: 9817 Score: 53.3037 Size: 58.5228 Loss: 0.319635 Win: 0 valueNorm: 5 stepSize: 0.0005
Iteration 14000 Time: 10107 Score: 53.0901 Size: 58.2883 Loss: 0.317568 Win: 0 valueNorm: 5 stepSize: 0.0005
Iteration 14400 Time: 10393 Score: 50.7845 Size: 56.8793 Loss: 0.407328 Win: 0 valueNorm: 5 stepSize: 0.0005
Iteration 14800 Time: 10684 Score: 52 Size: 57.5264 Loss: 0.35022 Win: 0 valueNorm: 5 stepSize: 0.0005
Iteration 15200 Time: 10973 Score: 51.5595 Size: 57.0793 Loss: 0.35022 Win: 0 valueNorm: 5 stepSize: 0.0005
Iteration 15600 Time: 11259 Score: 51.6868 Size: 57.528 Loss: 0.38255 Win: 0 valueNorm: 5 stepSize: 0.0005
Iteration 16000 Time: 11546 Score: 52.8581 Size: 58.259 Loss: 0.337838 Win: 0 valueNorm: 5 stepSize: 0.0005
Iteration 16400 Time: 11833 Score: 51.0463 Size: 57.0132 Loss: 0.394273 Win: 0 valueNorm: 5 stepSize: 0.0005
Iteration 16800 Time: 12122 Score: 51.9059 Size: 57.5077 Loss: 0.358862 Win: 0 valueNorm: 5 stepSize: 0.0005
Iteration 17200 Time: 12413 Score: 52.1174 Size: 57.6587 Loss: 0.352174 Win: 0 valueNorm: 5 stepSize: 0.0005
Iteration 17600 Time: 12701 Score: 53.3011 Size: 58.6135 Loss: 0.330337 Win: 0 valueNorm: 5 stepSize: 0.0005
Iteration 18000 Time: 12995 Score: 55.711 Size: 60.4977 Loss: 0.277523 Win: 0 valueNorm: 5 stepSize: 0.0005
Iteration 18400 Time: 13283 Score: 53.2225 Size: 58.8135 Loss: 0.357303 Win: 0 valueNorm: 5 stepSize: 0.0005
Iteration 18800 Time: 13574 Score: 54.1497 Size: 59.4603 Loss: 0.328798 Win: 0 valueNorm: 5 stepSize: 0.0005
Iteration 19200 Time: 13864 Score: 54.6568 Size: 60.0275 Loss: 0.334096 Win: 0 valueNorm: 5 stepSize: 0.0005
Iteration 19600 Time: 14154 Score: 54.0517 Size: 59.0022 Loss: 0.292135 Win: 0 valueNorm: 5 stepSize: 0.0005
Iteration 20000 Time: 14442 Score: 54.4315 Size: 59.5191 Loss: 0.305618 Win: 0 valueNorm: 5 stepSize: 0.0005
Iteration 20400 Time: 14731 Score: 54.0976 Size: 59.2949 Loss: 0.317073 Win: 0 valueNorm: 5 stepSize: 0.0005
Iteration 20800 Time: 15017 Score: 54.932 Size: 60.0385 Loss: 0.30839 Win: 0 valueNorm: 5 stepSize: 0.0005
Iteration 21200 Time: 15306 Score: 55.5034 Size: 60.5308 Loss: 0.300683 Win: 0 valueNorm: 5 stepSize: 0.0005
Iteration 21600 Time: 15597 Score: 55.1483 Size: 60.2292 Loss: 0.305618 Win: 0 valueNorm: 5 stepSize: 0.0005
Iteration 22000 Time: 15884 Score: 55.9954 Size: 60.9402 Loss: 0.291954 Win: 0 valueNorm: 5 stepSize: 0.0005
Iteration 22400 Time: 16170 Score: 56.1452 Size: 61.0415 Loss: 0.288018 Win: 0 valueNorm: 5 stepSize: 0.0005
Iteration 22800 Time: 16459 Score: 55.0737 Size: 59.9821 Loss: 0.287946 Win: 0 valueNorm: 5 stepSize: 0.0005
Iteration 23200 Time: 16746 Score: 56.2938 Size: 61.0706 Loss: 0.275626 Win: 0 valueNorm: 5 stepSize: 0.0005
Iteration 23600 Time: 17034 Score: 55.0735 Size: 60.2405 Loss: 0.314031 Win: 0 valueNorm: 5 stepSize: 0.0005
Iteration 24000 Time: 17321 Score: 55.1812 Size: 60.4497 Loss: 0.322148 Win: 0 valueNorm: 5 stepSize: 0.0005
Iteration 24400 Time: 17610 Score: 56.4786 Size: 61.4628 Loss: 0.295711 Win: 0 valueNorm: 5 stepSize: 0.0005
Iteration 24800 Time: 17900 Score: 56.7326 Size: 61.2449 Loss: 0.249438 Win: 0 valueNorm: 5 stepSize: 0.0005
Iteration 25200 Time: 18188 Score: 56.5158 Size: 61.2262 Loss: 0.269231 Win: 0 valueNorm: 5 stepSize: 0.0005
Iteration 25600 Time: 18478 Score: 56.4452 Size: 61.1767 Loss: 0.270694 Win: 0 valueNorm: 5 stepSize: 0.0005
Iteration 26000 Time: 18763 Score: 56.6259 Size: 61.4226 Loss: 0.277136 Win: 0 valueNorm: 5 stepSize: 0.0005
Iteration 26400 Time: 19052 Score: 55.478 Size: 60.3194 Loss: 0.281938 Win: 0 valueNorm: 5 stepSize: 0.0005
Iteration 26800 Time: 19337 Score: 57.4569 Size: 62.3427 Loss: 0.286713 Win: 0 valueNorm: 5 stepSize: 0.0005
Iteration 27200 Time: 19626 Score: 56.0895 Size: 61.2819 Loss: 0.315436 Win: 0 valueNorm: 5 stepSize: 0.0005
Iteration 27600 Time: 19919 Score: 56.7911 Size: 61.5889 Loss: 0.277778 Win: 0 valueNorm: 5 stepSize: 0.0005
Iteration 28000 Time: 20209 Score: 58.325 Size: 62.7773 Loss: 0.243182 Win: 0 valueNorm: 5 stepSize: 0.0005
Iteration 28400 Time: 20501 Score: 56.8698 Size: 61.5872 Loss: 0.269316 Win: 0 valueNorm: 5 stepSize: 0.0005
Iteration 28800 Time: 20789 Score: 58.1419 Size: 62.7803 Loss: 0.26087 Win: 0 valueNorm: 5 stepSize: 0.0005
Iteration 29200 Time: 21076 Score: 57.1098 Size: 62.0549 Loss: 0.292906 Win: 0 valueNorm: 5 stepSize: 0.0005
Iteration 29600 Time: 21363 Score: 56.8484 Size: 62.2104 Loss: 0.332579 Win: 0 valueNorm: 5 stepSize: 0.0005
Iteration 30000 Time: 21650 Score: 57.0705 Size: 62.1182 Loss: 0.302273 Win: 0 valueNorm: 5 stepSize: 0.0005
Iteration 30400 Time: 21937 Score: 57.5523 Size: 62.4909 Loss: 0.290909 Win: 0 valueNorm: 5 stepSize: 0.0005
Iteration 30800 Time: 22225 Score: 59.1465 Size: 63.8 Loss: 0.262791 Win: 0 valueNorm: 5 stepSize: 0.0005
Iteration 31200 Time: 22517 Score: 57.558 Size: 62.4018 Loss: 0.28125 Win: 0 valueNorm: 5 stepSize: 0.0005
Iteration 31600 Time: 22804 Score: 58.8601 Size: 63.5505 Loss: 0.266055 Win: 0 valueNorm: 5 stepSize: 0.0005
Iteration 32000 Time: 23093 Score: 57.5733 Size: 62.3733 Loss: 0.277778 Win: 0 valueNorm: 5 stepSize: 0.0005
Iteration 32400 Time: 23382 Score: 57.3468 Size: 62.3266 Loss: 0.295302 Win: 0 valueNorm: 5 stepSize: 0.0005
Iteration 32800 Time: 23666 Score: 58.3611 Size: 63.4259 Loss: 0.303241 Win: 0 valueNorm: 5 stepSize: 0.0005
Iteration 33200 Time: 23963 Score: 58.1876 Size: 62.9713 Loss: 0.275938 Win: 0 valueNorm: 5 stepSize: 0.0005
Iteration 33600 Time: 24254 Score: 58.5057 Size: 63.3764 Loss: 0.283447 Win: 0 valueNorm: 5 stepSize: 0.0005
Iteration 34000 Time: 24547 Score: 57.3031 Size: 62.3363 Loss: 0.300885 Win: 0 valueNorm: 5 stepSize: 0.0005
Iteration 34400 Time: 24831 Score: 56.1614 Size: 61.8705 Loss: 0.365909 Win: 0 valueNorm: 5 stepSize: 0.0005
Iteration 34800 Time: 25124 Score: 58.4005 Size: 63.3416 Loss: 0.291855 Win: 0 valueNorm: 5 stepSize: 0.0005
Iteration 35200 Time: 25420 Score: 59.4257 Size: 64.018 Loss: 0.256757 Win: 0 valueNorm: 5 stepSize: 0.0005
Iteration 35600 Time: 25707 Score: 58.3059 Size: 63.5251 Loss: 0.319635 Win: 0 valueNorm: 5 stepSize: 0.0005
Iteration 36000 Time: 25999 Score: 59.3158 Size: 64.135 Loss: 0.279176 Win: 0 valueNorm: 5 stepSize: 0.0005
Iteration 36400 Time: 26287 Score: 58.5216 Size: 63.8907 Loss: 0.332574 Win: 0 valueNorm: 5 stepSize: 0.0005
Iteration 36800 Time: 26574 Score: 59.15 Size: 64.0045 Loss: 0.281818 Win: 0 valueNorm: 5 stepSize: 0.0005
Iteration 37200 Time: 26864 Score: 60.8991 Size: 65.383 Loss: 0.245413 Win: 0 valueNorm: 5 stepSize: 0.0005
Iteration 37600 Time: 27150 Score: 60.2574 Size: 64.9772 Loss: 0.268793 Win: 0 valueNorm: 5 stepSize: 0.0005
Iteration 38000 Time: 27438 Score: 59.4009 Size: 64.3176 Loss: 0.288288 Win: 0 valueNorm: 5 stepSize: 0.0005
Iteration 38400 Time: 27724 Score: 59.9954 Size: 64.621 Loss: 0.260274 Win: 0 valueNorm: 5 stepSize: 0.0005
Iteration 38800 Time: 28010 Score: 60.906 Size: 65.5963 Loss: 0.268349 Win: 0.00229358 valueNorm: 5 stepSize: 0.0005 Win Time: 1194
Iteration 39200 Time: 28295 Score: 59.9478 Size: 64.8844 Loss: 0.290249 Win: 0 valueNorm: 5 stepSize: 0.0005
Iteration 39600 Time: 28584 Score: 60.1141 Size: 65.038 Loss: 0.288591 Win: 0 valueNorm: 5 stepSize: 0.0005
Iteration 40000 Time: 28872 Score: 59.7642 Size: 64.542 Loss: 0.278912 Win: 0.00226757 valueNorm: 5 stepSize: 0.0005 Win Time: 1165
Iteration 40400 Time: 29161 Score: 60.3016 Size: 65.0068 Loss: 0.267574 Win: 0 valueNorm: 5 stepSize: 0.0005
Iteration 40800 Time: 29451 Score: 60.1196 Size: 64.8533 Loss: 0.27088 Win: 0 valueNorm: 5 stepSize: 0.0005
Iteration 41200 Time: 29737 Score: 59.0494 Size: 64.209 Loss: 0.31236 Win: 0 valueNorm: 5 stepSize: 0.0005
Iteration 41600 Time: 30024 Score: 61.4416 Size: 66.238 Loss: 0.276888 Win: 0 valueNorm: 5 stepSize: 0.0005
Iteration 42000 Time: 30306 Score: 60.924 Size: 65.8502 Loss: 0.292627 Win: 0.00230415 valueNorm: 5 stepSize: 0.0005 Win Time: 1198
Iteration 42400 Time: 30589 Score: 60.8634 Size: 65.7731 Loss: 0.287037 Win: 0 valueNorm: 5 stepSize: 0.0005
Iteration 42800 Time: 30875 Score: 62.303 Size: 66.8065 Loss: 0.247086 Win: 0 valueNorm: 5 stepSize: 0.0005
Iteration 43200 Time: 31163 Score: 60.6441 Size: 65.5676 Loss: 0.288288 Win: 0 valueNorm: 5 stepSize: 0.0005
Iteration 43600 Time: 31452 Score: 62.5505 Size: 67.0711 Loss: 0.252294 Win: 0.00229358 valueNorm: 5 stepSize: 0.0005 Win Time: 1185
Iteration 44000 Time: 31744 Score: 62.5079 Size: 66.9391 Loss: 0.239278 Win: 0 valueNorm: 5 stepSize: 0.0005
Iteration 44400 Time: 32033 Score: 61.0674 Size: 65.7596 Loss: 0.265169 Win: 0 valueNorm: 5 stepSize: 0.0005
Iteration 44800 Time: 32318 Score: 61.4864 Size: 66.4273 Loss: 0.290909 Win: 0 valueNorm: 5 stepSize: 0.0005
Iteration 45200 Time: 32604 Score: 60.7329 Size: 65.653 Loss: 0.287671 Win: 0 valueNorm: 5 stepSize: 0.0005
Iteration 45600 Time: 32889 Score: 60.2063 Size: 65.5135 Loss: 0.327354 Win: 0.00224215 valueNorm: 5 stepSize: 0.0005 Win Time: 1184
Iteration 46000 Time: 33177 Score: 60.6053 Size: 65.7317 Loss: 0.308204 Win: 0 valueNorm: 5 stepSize: 0.0005
Iteration 46400 Time: 33467 Score: 61.321 Size: 66.1475 Loss: 0.290672 Win: 0.0130152 valueNorm: 5 stepSize: 0.0005 Win Time: 1176.67
Iteration 46800 Time: 33755 Score: 60.178 Size: 65.2505 Loss: 0.303297 Win: 0 valueNorm: 5 stepSize: 0.0005
Iteration 47200 Time: 34044 Score: 63.6796 Size: 68.0092 Loss: 0.23341 Win: 0.00228833 valueNorm: 5 stepSize: 0.0005 Win Time: 1128
Iteration 47600 Time: 34329 Score: 62.424 Size: 67.2926 Loss: 0.28341 Win: 0 valueNorm: 5 stepSize: 0.0005
Iteration 48000 Time: 34620 Score: 61.8196 Size: 66.5412 Loss: 0.269488 Win: 0 valueNorm: 5 stepSize: 0.0005
Iteration 48400 Time: 34911 Score: 63.7402 Size: 68.1195 Loss: 0.234483 Win: 0 valueNorm: 5 stepSize: 0.0005
Iteration 48800 Time: 35195 Score: 61.954 Size: 66.8506 Loss: 0.287356 Win: 0 valueNorm: 5 stepSize: 0.0005
Iteration 49200 Time: 35481 Score: 62.8607 Size: 67.5868 Loss: 0.273973 Win: 0.00456621 valueNorm: 5 stepSize: 0.0005 Win Time: 1154
Iteration 49600 Time: 35770 Score: 63.8571 Size: 68.3272 Loss: 0.24424 Win: 0 valueNorm: 5 stepSize: 0.0005
Iteration 50000 Time: 36058 Score: 62.692 Size: 67.4069 Loss: 0.268966 Win: 0 valueNorm: 5 stepSize: 0.0005
Iteration 50400 Time: 36347 Score: 64.3641 Size: 68.8157 Loss: 0.241935 Win: 0 valueNorm: 5 stepSize: 0.0005
Iteration 50800 Time: 36634 Score: 64.9908 Size: 69.4862 Loss: 0.251152 Win: 0.00460829 valueNorm: 5 stepSize: 0.0005 Win Time: 1173
Iteration 51200 Time: 36923 Score: 62.2449 Size: 67.0517 Loss: 0.278652 Win: 0.00224719 valueNorm: 5 stepSize: 0.0005 Win Time: 1183
Iteration 51600 Time: 37216 Score: 64.2 Size: 68.4 Loss: 0.224719 Win: 0.00898876 valueNorm: 5 stepSize: 0.0005 Win Time: 1136.25
Iteration 52000 Time: 37508 Score: 64.6816 Size: 69.1413 Loss: 0.251121 Win: 0.00896861 valueNorm: 5 stepSize: 0.0005 Win Time: 1172.25
Iteration 52400 Time: 37796 Score: 63.773 Size: 68.5753 Loss: 0.283146 Win: 0.00674157 valueNorm: 5 stepSize: 0.0005 Win Time: 1151.67
Iteration 52800 Time: 38079 Score: 64.3991 Size: 69 Loss: 0.262181 Win: 0.00464037 valueNorm: 5 stepSize: 0.0005 Win Time: 1184.5
Iteration 53200 Time: 38369 Score: 64.088 Size: 68.6117 Loss: 0.255079 Win: 0.00677201 valueNorm: 5 stepSize: 0.0005 Win Time: 1163
Iteration 53600 Time: 38654 Score: 63.2472 Size: 68.2045 Loss: 0.298876 Win: 0.00674157 valueNorm: 5 stepSize: 0.0005 Win Time: 1158.33
Iteration 54000 Time: 38945 Score: 66.1386 Size: 70.2409 Loss: 0.218182 Win: 0.0113636 valueNorm: 5 stepSize: 0.0005 Win Time: 1173
Iteration 54400 Time: 39230 Score: 63.3634 Size: 68.2596 Loss: 0.291196 Win: 0.00451467 valueNorm: 5 stepSize: 0.0005 Win Time: 1136.5
Iteration 54800 Time: 39517 Score: 64.2517 Size: 68.7256 Loss: 0.256236 Win: 0.0113379 valueNorm: 5 stepSize: 0.0005 Win Time: 1171
Iteration 55200 Time: 39805 Score: 67.2715 Size: 70.9745 Loss: 0.183295 Win: 0.0162413 valueNorm: 5 stepSize: 0.0005 Win Time: 1132.57
Iteration 55600 Time: 40095 Score: 62.5135 Size: 67.1951 Loss: 0.2713 Win: 0.00672646 valueNorm: 5 stepSize: 0.0005 Win Time: 1157
Iteration 56000 Time: 40388 Score: 65.1991 Size: 69.6957 Loss: 0.270023 Win: 0.0251716 valueNorm: 5 stepSize: 0.0005 Win Time: 1165
Iteration 56400 Time: 40680 Score: 64.1766 Size: 68.8853 Loss: 0.270642 Win: 0.00458716 valueNorm: 5 stepSize: 0.0005 Win Time: 1119
Iteration 56800 Time: 40974 Score: 64.8074 Size: 69.3016 Loss: 0.2529 Win: 0.00696056 valueNorm: 5 stepSize: 0.0005 Win Time: 1149.67
Iteration 57200 Time: 41271 Score: 65.9448 Size: 70.0897 Loss: 0.22069 Win: 0.0091954 valueNorm: 5 stepSize: 0.0005 Win Time: 1138.25
Iteration 57600 Time: 41570 Score: 70.1854 Size: 73.5798 Loss: 0.180751 Win: 0.0492958 valueNorm: 5 stepSize: 0.0005 Win Time: 1148.05
Iteration 58000 Time: 41868 Score: 65.7523 Size: 70.0114 Loss: 0.229545 Win: 0.00681818 valueNorm: 5 stepSize: 0.0005 Win Time: 1175
Iteration 58400 Time: 42166 Score: 65.4399 Size: 69.8889 Loss: 0.249433 Win: 0.00907029 valueNorm: 5 stepSize: 0.0005 Win Time: 1132
Iteration 58800 Time: 42464 Score: 69.0924 Size: 72.6559 Loss: 0.198614 Win: 0.0484988 valueNorm: 5 stepSize: 0.0005 Win Time: 1145.1
Iteration 59200 Time: 42766 Score: 68.1802 Size: 71.7815 Loss: 0.207207 Win: 0.0563063 valueNorm: 5 stepSize: 0.0005 Win Time: 1157.88
Iteration 59600 Time: 43059 Score: 66.7619 Size: 71.0136 Loss: 0.251701 Win: 0.031746 valueNorm: 5 stepSize: 0.0005 Win Time: 1133.43
Iteration 60000 Time: 43357 Score: 68.2005 Size: 72.0811 Loss: 0.225225 Win: 0.045045 valueNorm: 5 stepSize: 0.0005 Win Time: 1149.5
Iteration 60400 Time: 43650 Score: 68.9544 Size: 72.5809 Loss: 0.230068 Win: 0.0774487 valueNorm: 5 stepSize: 0.0005 Win Time: 1151.44
Iteration 60800 Time: 43950 Score: 70.5506 Size: 73.8022 Loss: 0.229213 Win: 0.119101 valueNorm: 5 stepSize: 0.0005 Win Time: 1152.7
Iteration 61200 Time: 44248 Score: 67.0644 Size: 70.9556 Loss: 0.246667 Win: 0.0666667 valueNorm: 5 stepSize: 0.0005 Win Time: 1151.23
Iteration 61600 Time: 44544 Score: 68.3281 Size: 72.0737 Loss: 0.25 Win: 0.0870536 valueNorm: 5 stepSize: 0.0005 Win Time: 1158.18
Iteration 62000 Time: 44840 Score: 71.4022 Size: 74.4764 Loss: 0.224719 Win: 0.134831 valueNorm: 5 stepSize: 0.0005 Win Time: 1143.07
Iteration 62400 Time: 45138 Score: 72.1581 Size: 74.9911 Loss: 0.218263 Win: 0.153675 valueNorm: 5 stepSize: 0.0005 Win Time: 1145.86
Iteration 62800 Time: 45438 Score: 69.9119 Size: 73.207 Loss: 0.231278 Win: 0.11674 valueNorm: 5 stepSize: 0.0005 Win Time: 1132.72
Iteration 63200 Time: 45739 Score: 70.5241 Size: 73.693 Loss: 0.225877 Win: 0.125 valueNorm: 5 stepSize: 0.0005 Win Time: 1150.93
Iteration 63600 Time: 46032 Score: 70.3724 Size: 73.9655 Loss: 0.216092 Win: 0.0666667 valueNorm: 5 stepSize: 0.0005 Win Time: 1139.9
Iteration 64000 Time: 46330 Score: 70.6259 Size: 73.9569 Loss: 0.210884 Win: 0.0907029 valueNorm: 5 stepSize: 0.0005 Win Time: 1136.58
Iteration 64400 Time: 46627 Score: 71.8571 Size: 74.932 Loss: 0.213152 Win: 0.120181 valueNorm: 5 stepSize: 0.0005 Win Time: 1134.72
Iteration 64800 Time: 46922 Score: 71.7545 Size: 74.7812 Loss: 0.238839 Win: 0.154018 valueNorm: 5 stepSize: 0.0005 Win Time: 1141.59
Iteration 65200 Time: 47219 Score: 72.1995 Size: 75.2766 Loss: 0.208617 Win: 0.113379 valueNorm: 5 stepSize: 0.0005 Win Time: 1148.7
Iteration 65600 Time: 47515 Score: 73.007 Size: 75.9606 Loss: 0.197216 Win: 0.116009 valueNorm: 5 stepSize: 0.0005 Win Time: 1139.58
Iteration 66000 Time: 47813 Score: 73.7101 Size: 76.373 Loss: 0.206742 Win: 0.159551 valueNorm: 5 stepSize: 0.0005 Win Time: 1137.24
Iteration 66400 Time: 48109 Score: 72.4283 Size: 75.4753 Loss: 0.230942 Win: 0.143498 valueNorm: 5 stepSize: 0.0005 Win Time: 1143.22
Iteration 66800 Time: 48404 Score: 72.8118 Size: 75.4943 Loss: 0.208617 Win: 0.15873 valueNorm: 5 stepSize: 0.0005 Win Time: 1144.04
Iteration 67200 Time: 48699 Score: 74.0757 Size: 76.5711 Loss: 0.188073 Win: 0.155963 valueNorm: 5 stepSize: 0.0005 Win Time: 1142.29
Iteration 67600 Time: 48995 Score: 74.7659 Size: 77.0955 Loss: 0.206818 Win: 0.195455 valueNorm: 5 stepSize: 0.0005 Win Time: 1140.51
Iteration 68000 Time: 49291 Score: 73.7108 Size: 76.4821 Loss: 0.221973 Win: 0.163677 valueNorm: 5 stepSize: 0.0005 Win Time: 1140.37
Iteration 68400 Time: 49585 Score: 75.3119 Size: 77.5826 Loss: 0.208716 Win: 0.204128 valueNorm: 5 stepSize: 0.0005 Win Time: 1142.6
Iteration 68800 Time: 49881 Score: 74.6324 Size: 77.0457 Loss: 0.200913 Win: 0.180365 valueNorm: 5 stepSize: 0.0005 Win Time: 1135.43
Iteration 69200 Time: 50175 Score: 76.8428 Size: 78.59 Loss: 0.198178 Win: 0.250569 valueNorm: 5 stepSize: 0.0005 Win Time: 1137.05
Iteration 69600 Time: 50469 Score: 73.6696 Size: 76.1496 Loss: 0.238839 Win: 0.214286 valueNorm: 5 stepSize: 0.0005 Win Time: 1137.3
Iteration 70000 Time: 50766 Score: 73.7169 Size: 76.4517 Loss: 0.222472 Win: 0.168539 valueNorm: 5 stepSize: 0.0005 Win Time: 1136.59
Iteration 70400 Time: 51063 Score: 75.1354 Size: 77.3228 Loss: 0.196388 Win: 0.200903 valueNorm: 5 stepSize: 0.0005 Win Time: 1140.92
Iteration 70800 Time: 51359 Score: 76.4419 Size: 78.3144 Loss: 0.1959 Win: 0.234624 valueNorm: 5 stepSize: 0.0005 Win Time: 1134.78
Iteration 71200 Time: 51654 Score: 76.2415 Size: 78.149 Loss: 0.205418 Win: 0.241535 valueNorm: 5 stepSize: 0.0005 Win Time: 1136.78
Iteration 71600 Time: 51950 Score: 72.1156 Size: 75.1 Loss: 0.242222 Win: 0.162222 valueNorm: 5 stepSize: 0.0005 Win Time: 1141.32
Iteration 72000 Time: 52244 Score: 76.0158 Size: 78.1757 Loss: 0.216216 Win: 0.227477 valueNorm: 5 stepSize: 0.0005 Win Time: 1136.17
Iteration 72400 Time: 52533 Score: 75.7732 Size: 78.0385 Loss: 0.231293 Win: 0.231293 valueNorm: 5 stepSize: 0.0005 Win Time: 1141.42
Iteration 72800 Time: 52825 Score: 77.5181 Size: 79.319 Loss: 0.20362 Win: 0.251131 valueNorm: 5 stepSize: 0.0005 Win Time: 1135.19
Iteration 73200 Time: 53118 Score: 75.149 Size: 77.3589 Loss: 0.205418 Win: 0.207675 valueNorm: 5 stepSize: 0.0005 Win Time: 1143.39
Iteration 73600 Time: 53412 Score: 75.5991 Size: 77.6837 Loss: 0.209354 Win: 0.227171 valueNorm: 5 stepSize: 0.0005 Win Time: 1133.17
Iteration 74000 Time: 53703 Score: 76.1951 Size: 77.969 Loss: 0.217295 Win: 0.268293 valueNorm: 5 stepSize: 0.0005 Win Time: 1133.17
Iteration 74400 Time: 53995 Score: 73.9425 Size: 76.6482 Loss: 0.245575 Win: 0.199115 valueNorm: 5 stepSize: 0.0005 Win Time: 1124.93
Iteration 74800 Time: 54286 Score: 77.6009 Size: 79.051 Loss: 0.21286 Win: 0.299335 valueNorm: 5 stepSize: 0.0005 Win Time: 1132.4
Iteration 75200 Time: 54578 Score: 77.3602 Size: 79.1432 Loss: 0.223714 Win: 0.275168 valueNorm: 5 stepSize: 0.0005 Win Time: 1137.98
Iteration 75600 Time: 54867 Score: 78.4273 Size: 79.9409 Loss: 0.204545 Win: 0.284091 valueNorm: 5 stepSize: 0.0005 Win Time: 1137.81
Iteration 76000 Time: 55160 Score: 75.3987 Size: 77.6322 Loss: 0.229075 Win: 0.231278 valueNorm: 5 stepSize: 0.0005 Win Time: 1126.68
Iteration 76400 Time: 55451 Score: 78.7978 Size: 80.2247 Loss: 0.208989 Win: 0.301124 valueNorm: 5 stepSize: 0.0005 Win Time: 1130.78
Iteration 76800 Time: 55739 Score: 77.1247 Size: 78.971 Loss: 0.240535 Win: 0.287305 valueNorm: 5 stepSize: 0.0005 Win Time: 1127.53
Iteration 77200 Time: 56024 Score: 78.347 Size: 79.9338 Loss: 0.216895 Win: 0.289954 valueNorm: 5 stepSize: 0.0005 Win Time: 1127.97
Iteration 77600 Time: 56318 Score: 78.4614 Size: 79.755 Loss: 0.19426 Win: 0.295806 valueNorm: 5 stepSize: 0.0005 Win Time: 1135.15
Iteration 78000 Time: 56606 Score: 77.3424 Size: 79.2041 Loss: 0.222222 Win: 0.265306 valueNorm: 5 stepSize: 0.0005 Win Time: 1141.73
Iteration 78400 Time: 56891 Score: 77.4556 Size: 79.4396 Loss: 0.22779 Win: 0.257403 valueNorm: 5 stepSize: 0.0005 Win Time: 1138.72
Iteration 78800 Time: 57177 Score: 79.6463 Size: 80.8821 Loss: 0.204082 Win: 0.315193 valueNorm: 5 stepSize: 0.0005 Win Time: 1137.86
Iteration 79200 Time: 57460 Score: 77.2721 Size: 78.9845 Loss: 0.24115 Win: 0.30531 valueNorm: 5 stepSize: 0.0005 Win Time: 1128.17
Iteration 79600 Time: 57741 Score: 76.9034 Size: 79.0472 Loss: 0.249438 Win: 0.265169 valueNorm: 5 stepSize: 0.0005 Win Time: 1125.7
Iteration 80000 Time: 58025 Score: 77.3924 Size: 79.1682 Loss: 0.2287 Win: 0.282511 valueNorm: 5 stepSize: 0.0005 Win Time: 1126.77
Iteration 80400 Time: 58313 Score: 78.5305 Size: 80.079 Loss: 0.207675 Win: 0.284424 valueNorm: 5 stepSize: 0.0005 Win Time: 1124.29
Iteration 80800 Time: 58598 Score: 79.5057 Size: 80.8503 Loss: 0.208617 Win: 0.306122 valueNorm: 5 stepSize: 0.0005 Win Time: 1131.24
Iteration 81200 Time: 58879 Score: 76.612 Size: 78.4612 Loss: 0.263858 Win: 0.312639 valueNorm: 5 stepSize: 0.0005 Win Time: 1126.26
Iteration 81600 Time: 59162 Score: 82.1544 Size: 82.7742 Loss: 0.170507 Win: 0.345622 valueNorm: 5 stepSize: 0.0005 Win Time: 1133.85
Iteration 82000 Time: 59443 Score: 80.6135 Size: 81.5011 Loss: 0.213483 Win: 0.364045 valueNorm: 5 stepSize: 0.0005 Win Time: 1124.3
Iteration 82400 Time: 59720 Score: 76.4957 Size: 78.3413 Loss: 0.282609 Win: 0.334783 valueNorm: 5 stepSize: 0.0005 Win Time: 1136.54
Iteration 82800 Time: 59995 Score: 78.0935 Size: 79.3717 Loss: 0.265217 Win: 0.378261 valueNorm: 5 stepSize: 0.0005 Win Time: 1131.8
Iteration 83200 Time: 60269 Score: 78.9231 Size: 80.1582 Loss: 0.246154 Win: 0.362637 valueNorm: 5 stepSize: 0.0005 Win Time: 1123.35
Iteration 83600 Time: 60546 Score: 81.5158 Size: 82.3348 Loss: 0.199095 Win: 0.355204 valueNorm: 5 stepSize: 0.0005 Win Time: 1131.03
Iteration 84000 Time: 60818 Score: 79.6372 Size: 80.9025 Loss: 0.222222 Win: 0.331066 valueNorm: 5 stepSize: 0.0005 Win Time: 1129.33
Iteration 84400 Time: 61092 Score: 79.7007 Size: 80.8776 Loss: 0.208617 Win: 0.326531 valueNorm: 5 stepSize: 0.0005 Win Time: 1119.55
Iteration 84800 Time: 61362 Score: 75.7002 Size: 78.0425 Loss: 0.270694 Win: 0.266219 valueNorm: 5 stepSize: 0.0005 Win Time: 1135.26
Iteration 85200 Time: 61638 Score: 82.5158 Size: 82.8559 Loss: 0.173423 Win: 0.378378 valueNorm: 5 stepSize: 0.0005 Win Time: 1127.02
Iteration 85600 Time: 61910 Score: 81.605 Size: 82.2212 Loss: 0.200903 Win: 0.379233 valueNorm: 5 stepSize: 0.0005 Win Time: 1126.4
Iteration 86000 Time: 62181 Score: 80.6756 Size: 81.6067 Loss: 0.24 Win: 0.388889 valueNorm: 5 stepSize: 0.0005 Win Time: 1125.29
Iteration 86400 Time: 62447 Score: 82.3441 Size: 82.9677 Loss: 0.207852 Win: 0.385681 valueNorm: 5 stepSize: 0.0005 Win Time: 1130.91
Iteration 86800 Time: 62715 Score: 79.4539 Size: 80.7416 Loss: 0.224719 Win: 0.332584 valueNorm: 5 stepSize: 0.0005 Win Time: 1131.27
Iteration 87200 Time: 62982 Score: 80.8468 Size: 81.6779 Loss: 0.243243 Win: 0.403153 valueNorm: 5 stepSize: 0.0005 Win Time: 1122.16
Iteration 87600 Time: 63251 Score: 82.6503 Size: 82.8552 Loss: 0.22049 Win: 0.447661 valueNorm: 5 stepSize: 0.0005 Win Time: 1123.08
Iteration 88000 Time: 63520 Score: 80.5056 Size: 81.6682 Loss: 0.232506 Win: 0.354402 valueNorm: 5 stepSize: 0.0005 Win Time: 1133.72
Iteration 88400 Time: 63789 Score: 81.8349 Size: 82.7294 Loss: 0.208716 Win: 0.357798 valueNorm: 5 stepSize: 0.0005 Win Time: 1124.38
Iteration 88800 Time: 64055 Score: 82.0722 Size: 82.6072 Loss: 0.225734 Win: 0.417607 valueNorm: 5 stepSize: 0.0005 Win Time: 1123.72
Iteration 89200 Time: 64319 Score: 83.1506 Size: 83.4494 Loss: 0.235955 Win: 0.453933 valueNorm: 5 stepSize: 0.0005 Win Time: 1117.15
Iteration 89600 Time: 64585 Score: 81.9048 Size: 82.6236 Loss: 0.229025 Win: 0.399093 valueNorm: 5 stepSize: 0.0005 Win Time: 1121.49
Iteration 90000 Time: 64854 Score: 80.3512 Size: 81.4519 Loss: 0.239374 Win: 0.369128 valueNorm: 5 stepSize: 0.0005 Win Time: 1130.78
Iteration 90400 Time: 65122 Score: 81.4825 Size: 82.0154 Loss: 0.236842 Win: 0.427632 valueNorm: 5 stepSize: 0.0005 Win Time: 1119.22
Iteration 90800 Time: 65392 Score: 85.0023 Size: 84.8702 Loss: 0.182232 Win: 0.441913 valueNorm: 5 stepSize: 0.0005 Win Time: 1118.63
Iteration 91200 Time: 65661 Score: 84.6795 Size: 84.4515 Loss: 0.198646 Win: 0.469526 valueNorm: 5 stepSize: 0.0005 Win Time: 1116.88
Iteration 91600 Time: 65928 Score: 82.5147 Size: 83.0519 Loss: 0.227991 Win: 0.419865 valueNorm: 5 stepSize: 0.0005 Win Time: 1114.93
Iteration 92000 Time: 66194 Score: 83.1787 Size: 83.5611 Loss: 0.217195 Win: 0.423077 valueNorm: 5 stepSize: 0.0005 Win Time: 1109.63
Iteration 92400 Time: 66459 Score: 83.1528 Size: 83.3056 Loss: 0.21573 Win: 0.447191 valueNorm: 5 stepSize: 0.0005 Win Time: 1108.76
Iteration 92800 Time: 66722 Score: 80.2368 Size: 81.0833 Loss: 0.265351 Win: 0.427632 valueNorm: 5 stepSize: 0.0005 Win Time: 1125.1
Iteration 93200 Time: 66985 Score: 81.1879 Size: 82.0336 Loss: 0.241611 Win: 0.400447 valueNorm: 5 stepSize: 0.0005 Win Time: 1113.5
Iteration 93600 Time: 67248 Score: 82.7723 Size: 83.0491 Loss: 0.236607 Win: 0.457589 valueNorm: 5 stepSize: 0.0005 Win Time: 1121.3
Iteration 94000 Time: 67508 Score: 80.2346 Size: 81.385 Loss: 0.264237 Win: 0.3918 valueNorm: 5 stepSize: 0.0005 Win Time: 1126.87
Iteration 94400 Time: 67766 Score: 83.088 Size: 83.3138 Loss: 0.230248 Win: 0.455982 valueNorm: 5 stepSize: 0.0005 Win Time: 1119.3
Iteration 94800 Time: 68023 Score: 83.078 Size: 83.6995 Loss: 0.240826 Win: 0.424312 valueNorm: 5 stepSize: 0.0005 Win Time: 1115.42
Iteration 95200 Time: 68283 Score: 81.8239 Size: 82.3973 Loss: 0.216704 Win: 0.401806 valueNorm: 5 stepSize: 0.0005 Win Time: 1114.84
Iteration 95600 Time: 68543 Score: 83.526 Size: 83.7878 Loss: 0.223476 Win: 0.444695 valueNorm: 5 stepSize: 0.0005 Win Time: 1114.54
Iteration 96000 Time: 68801 Score: 86.8991 Size: 86.1812 Loss: 0.201835 Win: 0.529817 valueNorm: 5 stepSize: 0.0005 Win Time: 1108.08
Iteration 96400 Time: 69055 Score: 81.3946 Size: 81.9529 Loss: 0.264574 Win: 0.457399 valueNorm: 5 stepSize: 0.0005 Win Time: 1110.49
Iteration 96800 Time: 69311 Score: 84.7455 Size: 84.6886 Loss: 0.229545 Win: 0.486364 valueNorm: 5 stepSize: 0.0005 Win Time: 1109.07
Iteration 97200 Time: 69571 Score: 83.9955 Size: 83.8971 Loss: 0.225951 Win: 0.487696 valueNorm: 5 stepSize: 0.0005 Win Time: 1116.09
Iteration 97600 Time: 69830 Score: 86.2387 Size: 85.2658 Loss: 0.202703 Win: 0.558559 valueNorm: 5 stepSize: 0.0005 Win Time: 1113.67
Iteration 98000 Time: 70092 Score: 86.5923 Size: 86.0068 Loss: 0.1959 Win: 0.507973 valueNorm: 5 stepSize: 0.0005 Win Time: 1112.56
Iteration 98400 Time: 70353 Score: 83.9341 Size: 84.3182 Loss: 0.231818 Win: 0.440909 valueNorm: 5 stepSize: 0.0005 Win Time: 1114.67
Iteration 98800 Time: 70611 Score: 84.4226 Size: 84.0642 Loss: 0.236726 Win: 0.528761 valueNorm: 5 stepSize: 0.0005 Win Time: 1104.01
Iteration 99200 Time: 70871 Score: 86.0762 Size: 85.3408 Loss: 0.213004 Win: 0.544843 valueNorm: 5 stepSize: 0.0005 Win Time: 1109.07
Iteration 99600 Time: 71130 Score: 86.6492 Size: 86.0934 Loss: 0.202733 Win: 0.512528 valueNorm: 5 stepSize: 0.0005 Win Time: 1111.46
Iteration 100000 Time: 71384 Score: 84.685 Size: 84.2203 Loss: 0.229075 Win: 0.530837 valueNorm: 5 stepSize: 0.0005 Win Time: 1104.67
Evaluation score: 75.6344
