Training control Time: 1715011497
Hyperparameters: numRollouts: 4 batchSize: 0 numEpochs: 1 numIter: 25000 evalPeriod: 100 savePeriod: 100 alpha: 0.000500 GAEParam: 0.950000 
Iteration 100 Time: 153 Score: -5.06436 Size: 6.36139 Loss: 0.940594 Win: 0 valueNorm: 5 stepSize: 0.0005
Iteration 200 Time: 382 Score: -0.7375 Size: 7.2025 Loss: 0.5925 Win: 0 valueNorm: 5 stepSize: 0.0005
Iteration 300 Time: 639 Score: 1.4775 Size: 6.7575 Loss: 0.3275 Win: 0 valueNorm: 5 stepSize: 0.0005
Iteration 400 Time: 888 Score: 1.0725 Size: 6.805 Loss: 0.3725 Win: 0 valueNorm: 5 stepSize: 0.0005
Iteration 500 Time: 1145 Score: 1.395 Size: 7.0725 Loss: 0.3675 Win: 0 valueNorm: 5 stepSize: 0.0005
Iteration 600 Time: 1408 Score: 1.5825 Size: 7.2175 Loss: 0.3625 Win: 0 valueNorm: 5 stepSize: 0.0005
Iteration 700 Time: 1673 Score: 1.665 Size: 7.72 Loss: 0.405 Win: 0 valueNorm: 5 stepSize: 0.0005
Iteration 800 Time: 1930 Score: 1.98 Size: 8.6975 Loss: 0.47 Win: 0 valueNorm: 5 stepSize: 0.0005
Iteration 900 Time: 2184 Score: 2.5975 Size: 9.79 Loss: 0.5175 Win: 0 valueNorm: 5 stepSize: 0.0005
Iteration 1000 Time: 2431 Score: 3.9575 Size: 10.995 Loss: 0.5025 Win: 0 valueNorm: 5 stepSize: 0.0005
Iteration 1100 Time: 2685 Score: 6.6575 Size: 12.7775 Loss: 0.41 Win: 0 valueNorm: 5 stepSize: 0.0005
Iteration 1200 Time: 2933 Score: 7.715 Size: 14.1375 Loss: 0.44 Win: 0 valueNorm: 5 stepSize: 0.0005
Iteration 1300 Time: 3163 Score: 7.5475 Size: 14.485 Loss: 0.4925 Win: 0 valueNorm: 5 stepSize: 0.0005
Iteration 1400 Time: 3397 Score: 9.06 Size: 15.5825 Loss: 0.45 Win: 0 valueNorm: 5 stepSize: 0.0005
Iteration 1500 Time: 3623 Score: 8.835 Size: 16.005 Loss: 0.515 Win: 0 valueNorm: 5 stepSize: 0.0005
Iteration 1600 Time: 3848 Score: 9.9575 Size: 17.005 Loss: 0.5025 Win: 0 valueNorm: 5 stepSize: 0.0005
Iteration 1700 Time: 4073 Score: 9.6625 Size: 16.925 Loss: 0.5225 Win: 0 valueNorm: 5 stepSize: 0.0005
Iteration 1800 Time: 4295 Score: 10.9825 Size: 18.3 Loss: 0.53 Win: 0 valueNorm: 5 stepSize: 0.0005
Iteration 1900 Time: 4524 Score: 11.295 Size: 18.7475 Loss: 0.5425 Win: 0 valueNorm: 5 stepSize: 0.0005
Iteration 2000 Time: 4749 Score: 12.23 Size: 19.6225 Loss: 0.5375 Win: 0 valueNorm: 5 stepSize: 0.0005
Iteration 2100 Time: 4968 Score: 12.67 Size: 20.095 Loss: 0.54 Win: 0 valueNorm: 5 stepSize: 0.0005
Iteration 2200 Time: 5190 Score: 13.8575 Size: 20.9875 Loss: 0.51 Win: 0 valueNorm: 5 stepSize: 0.0005
Iteration 2300 Time: 5412 Score: 13.87 Size: 21.545 Loss: 0.565 Win: 0 valueNorm: 5 stepSize: 0.0005
Iteration 2400 Time: 5627 Score: 13.4025 Size: 21.135 Loss: 0.57 Win: 0 valueNorm: 5 stepSize: 0.0005
Iteration 2500 Time: 5844 Score: 13.9425 Size: 21.3575 Loss: 0.54 Win: 0 valueNorm: 5 stepSize: 0.0005
Iteration 2600 Time: 6068 Score: 14.94 Size: 22.425 Loss: 0.545 Win: 0 valueNorm: 5 stepSize: 0.0005
Iteration 2700 Time: 6283 Score: 14.7025 Size: 22.42 Loss: 0.57 Win: 0 valueNorm: 5 stepSize: 0.0005
Iteration 2800 Time: 6498 Score: 15.72 Size: 22.8175 Loss: 0.5075 Win: 0 valueNorm: 5 stepSize: 0.0005
Iteration 2900 Time: 6721 Score: 16.35 Size: 23.5425 Loss: 0.5175 Win: 0 valueNorm: 5 stepSize: 0.0005
Iteration 3000 Time: 6949 Score: 17.6925 Size: 24.1875 Loss: 0.4475 Win: 0 valueNorm: 5 stepSize: 0.0005
Iteration 3100 Time: 7181 Score: 17.9925 Size: 25.055 Loss: 0.505 Win: 0 valueNorm: 5 stepSize: 0.0005
Iteration 3200 Time: 7399 Score: 16.93 Size: 24.3625 Loss: 0.54 Win: 0 valueNorm: 5 stepSize: 0.0005
Iteration 3300 Time: 7625 Score: 18.0925 Size: 24.8525 Loss: 0.475 Win: 0 valueNorm: 5 stepSize: 0.0005
Iteration 3400 Time: 7859 Score: 19.7875 Size: 26.265 Loss: 0.445 Win: 0 valueNorm: 5 stepSize: 0.0005
Iteration 3500 Time: 8098 Score: 20.21 Size: 26.6 Loss: 0.4375 Win: 0 valueNorm: 5 stepSize: 0.0005
Iteration 3600 Time: 8331 Score: 19.8675 Size: 26.545 Loss: 0.465 Win: 0 valueNorm: 5 stepSize: 0.0005
Iteration 3700 Time: 8570 Score: 21.2575 Size: 27.74 Loss: 0.4475 Win: 0 valueNorm: 5 stepSize: 0.0005
Iteration 3800 Time: 8812 Score: 22.0925 Size: 28.455 Loss: 0.435 Win: 0 valueNorm: 5 stepSize: 0.0005
Iteration 3900 Time: 9043 Score: 21.395 Size: 28.335 Loss: 0.4925 Win: 0 valueNorm: 5 stepSize: 0.0005
Iteration 4000 Time: 9278 Score: 22.3775 Size: 29.085 Loss: 0.47 Win: 0 valueNorm: 5 stepSize: 0.0005
Iteration 4100 Time: 9520 Score: 23.35 Size: 29.69 Loss: 0.4325 Win: 0 valueNorm: 5 stepSize: 0.0005
Iteration 4200 Time: 9756 Score: 23.1225 Size: 29.7675 Loss: 0.4625 Win: 0 valueNorm: 5 stepSize: 0.0005
Iteration 4300 Time: 9995 Score: 24.285 Size: 30.7225 Loss: 0.4425 Win: 0 valueNorm: 5 stepSize: 0.0005
Iteration 4400 Time: 10239 Score: 24.64 Size: 30.93 Loss: 0.4275 Win: 0 valueNorm: 5 stepSize: 0.0005
Iteration 4500 Time: 10492 Score: 26.1 Size: 32.4775 Loss: 0.4375 Win: 0 valueNorm: 5 stepSize: 0.0005
Iteration 4600 Time: 10752 Score: 26.955 Size: 32.9225 Loss: 0.395 Win: 0 valueNorm: 5 stepSize: 0.0005
Iteration 4700 Time: 11006 Score: 26.805 Size: 32.7275 Loss: 0.39 Win: 0 valueNorm: 5 stepSize: 0.0005
Iteration 4800 Time: 11266 Score: 28.155 Size: 34.455 Loss: 0.4275 Win: 0 valueNorm: 5 stepSize: 0.0005
Iteration 4900 Time: 11518 Score: 27.6625 Size: 34.3025 Loss: 0.4625 Win: 0 valueNorm: 5 stepSize: 0.0005
Iteration 5000 Time: 11772 Score: 29.1125 Size: 35.68 Loss: 0.455 Win: 0 valueNorm: 5 stepSize: 0.0005
Iteration 5100 Time: 12028 Score: 29.555 Size: 36.6875 Loss: 0.5125 Win: 0 valueNorm: 5 stepSize: 0.0005
Iteration 5200 Time: 12285 Score: 30.46 Size: 36.8525 Loss: 0.4375 Win: 0 valueNorm: 5 stepSize: 0.0005
Iteration 5300 Time: 12551 Score: 32.1675 Size: 38.255 Loss: 0.4075 Win: 0 valueNorm: 5 stepSize: 0.0005
Iteration 5400 Time: 12809 Score: 31.77 Size: 38.4225 Loss: 0.4625 Win: 0 valueNorm: 5 stepSize: 0.0005
Iteration 5500 Time: 13069 Score: 33.1175 Size: 39.63 Loss: 0.45 Win: 0 valueNorm: 5 stepSize: 0.0005
Iteration 5600 Time: 13323 Score: 33.395 Size: 40.01 Loss: 0.46 Win: 0 valueNorm: 5 stepSize: 0.0005
Iteration 5700 Time: 13586 Score: 34.4975 Size: 40.5325 Loss: 0.4025 Win: 0 valueNorm: 5 stepSize: 0.0005
Iteration 5800 Time: 13850 Score: 36.08 Size: 42.3575 Loss: 0.425 Win: 0 valueNorm: 5 stepSize: 0.0005
Iteration 5900 Time: 14114 Score: 37.07 Size: 43.4875 Loss: 0.44 Win: 0 valueNorm: 5 stepSize: 0.0005
Iteration 6000 Time: 14375 Score: 37.7925 Size: 43.6675 Loss: 0.385 Win: 0 valueNorm: 5 stepSize: 0.0005
Iteration 6100 Time: 14625 Score: 38.425 Size: 43.83 Loss: 0.34 Win: 0 valueNorm: 5 stepSize: 0.0005
Iteration 6200 Time: 14874 Score: 39.0825 Size: 45.12 Loss: 0.4025 Win: 0 valueNorm: 5 stepSize: 0.0005
Iteration 6300 Time: 15129 Score: 41.145 Size: 46.6275 Loss: 0.3475 Win: 0 valueNorm: 5 stepSize: 0.0005
Iteration 6400 Time: 15380 Score: 40.525 Size: 46.2225 Loss: 0.3675 Win: 0 valueNorm: 5 stepSize: 0.0005
Iteration 6500 Time: 15632 Score: 42.0575 Size: 47.5975 Loss: 0.3525 Win: 0 valueNorm: 5 stepSize: 0.0005
Iteration 6600 Time: 15878 Score: 41.55 Size: 47.335 Loss: 0.3775 Win: 0 valueNorm: 5 stepSize: 0.0005
Iteration 6700 Time: 16127 Score: 42.7425 Size: 48.3575 Loss: 0.36 Win: 0 valueNorm: 5 stepSize: 0.0005
Iteration 6800 Time: 16380 Score: 43.38 Size: 48.9875 Loss: 0.36 Win: 0 valueNorm: 5 stepSize: 0.0005
Iteration 6900 Time: 16633 Score: 42.8925 Size: 48.8675 Loss: 0.395 Win: 0 valueNorm: 5 stepSize: 0.0005
Iteration 7000 Time: 16893 Score: 43.705 Size: 49.6725 Loss: 0.395 Win: 0 valueNorm: 5 stepSize: 0.0005
Iteration 7100 Time: 17158 Score: 44.47 Size: 50.1175 Loss: 0.3625 Win: 0 valueNorm: 5 stepSize: 0.0005
Iteration 7200 Time: 17418 Score: 44.7 Size: 50.7125 Loss: 0.4 Win: 0 valueNorm: 5 stepSize: 0.0005
Iteration 7300 Time: 17683 Score: 45.33 Size: 50.8225 Loss: 0.3475 Win: 0 valueNorm: 5 stepSize: 0.0005
Iteration 7400 Time: 17951 Score: 46.39 Size: 51.8275 Loss: 0.3425 Win: 0 valueNorm: 5 stepSize: 0.0005
Iteration 7500 Time: 18222 Score: 47.685 Size: 52.7675 Loss: 0.3075 Win: 0 valueNorm: 5 stepSize: 0.0005
Iteration 7600 Time: 18491 Score: 47.215 Size: 52.6325 Loss: 0.34 Win: 0 valueNorm: 5 stepSize: 0.0005
Iteration 7700 Time: 18759 Score: 47.795 Size: 52.9325 Loss: 0.3125 Win: 0 valueNorm: 5 stepSize: 0.0005
Iteration 7800 Time: 19020 Score: 47.615 Size: 53.21 Loss: 0.3575 Win: 0 valueNorm: 5 stepSize: 0.0005
Iteration 7900 Time: 19277 Score: 48.3175 Size: 53.63 Loss: 0.33 Win: 0 valueNorm: 5 stepSize: 0.0005
Iteration 8000 Time: 19529 Score: 47.415 Size: 52.8425 Loss: 0.34 Win: 0 valueNorm: 5 stepSize: 0.0005
Iteration 8100 Time: 19787 Score: 49.4525 Size: 54.5675 Loss: 0.31 Win: 0 valueNorm: 5 stepSize: 0.0005
Iteration 8200 Time: 20040 Score: 48.665 Size: 54.11 Loss: 0.3425 Win: 0 valueNorm: 5 stepSize: 0.0005
Iteration 8300 Time: 20290 Score: 46.9 Size: 52.93 Loss: 0.4 Win: 0 valueNorm: 5 stepSize: 0.0005
Iteration 8400 Time: 20545 Score: 49.4075 Size: 54.635 Loss: 0.32 Win: 0 valueNorm: 5 stepSize: 0.0005
Iteration 8500 Time: 20802 Score: 49.2725 Size: 54.45 Loss: 0.315 Win: 0 valueNorm: 5 stepSize: 0.0005
Iteration 8600 Time: 21056 Score: 49.495 Size: 54.3425 Loss: 0.2825 Win: 0 valueNorm: 5 stepSize: 0.0005
Iteration 8700 Time: 21309 Score: 49.54 Size: 54.505 Loss: 0.295 Win: 0 valueNorm: 5 stepSize: 0.0005
Iteration 8800 Time: 21568 Score: 50.965 Size: 56.265 Loss: 0.3275 Win: 0 valueNorm: 5 stepSize: 0.0005
Iteration 8900 Time: 21822 Score: 50.475 Size: 55.6775 Loss: 0.3175 Win: 0 valueNorm: 5 stepSize: 0.0005
Iteration 9000 Time: 22077 Score: 50.045 Size: 55.4325 Loss: 0.335 Win: 0 valueNorm: 5 stepSize: 0.0005
Iteration 9100 Time: 22331 Score: 50.7075 Size: 55.555 Loss: 0.2825 Win: 0 valueNorm: 5 stepSize: 0.0005
Iteration 9200 Time: 22585 Score: 50.9275 Size: 55.825 Loss: 0.2875 Win: 0 valueNorm: 5 stepSize: 0.0005
Iteration 9300 Time: 22838 Score: 50.61 Size: 55.62 Loss: 0.3 Win: 0 valueNorm: 5 stepSize: 0.0005
Iteration 9400 Time: 23089 Score: 50.195 Size: 55.3925 Loss: 0.3175 Win: 0 valueNorm: 5 stepSize: 0.0005
Iteration 9500 Time: 23348 Score: 52.6 Size: 57.27 Loss: 0.265 Win: 0 valueNorm: 5 stepSize: 0.0005
Iteration 9600 Time: 23601 Score: 50.3225 Size: 55.55 Loss: 0.32 Win: 0 valueNorm: 5 stepSize: 0.0005
Iteration 9700 Time: 23862 Score: 52.0075 Size: 57.1 Loss: 0.3075 Win: 0 valueNorm: 5 stepSize: 0.0005
Iteration 9800 Time: 24117 Score: 50.815 Size: 56.1875 Loss: 0.335 Win: 0 valueNorm: 5 stepSize: 0.0005
Iteration 9900 Time: 24382 Score: 52.8375 Size: 57.6175 Loss: 0.275 Win: 0 valueNorm: 5 stepSize: 0.0005
Iteration 10000 Time: 24651 Score: 53.36 Size: 58.085 Loss: 0.27 Win: 0 valueNorm: 5 stepSize: 0.0005
Iteration 10100 Time: 24917 Score: 53.39 Size: 57.9625 Loss: 0.255 Win: 0 valueNorm: 5 stepSize: 0.0005
Iteration 10200 Time: 25175 Score: 51.7825 Size: 56.5775 Loss: 0.2775 Win: 0 valueNorm: 5 stepSize: 0.0005
Iteration 10300 Time: 25437 Score: 52.91 Size: 57.635 Loss: 0.27 Win: 0 valueNorm: 5 stepSize: 0.0005
Iteration 10400 Time: 25702 Score: 52.83 Size: 57.7575 Loss: 0.29 Win: 0 valueNorm: 5 stepSize: 0.0005
Iteration 10500 Time: 25960 Score: 52.235 Size: 57.3375 Loss: 0.3075 Win: 0 valueNorm: 5 stepSize: 0.0005
Iteration 10600 Time: 26223 Score: 52.7575 Size: 57.93 Loss: 0.315 Win: 0 valueNorm: 5 stepSize: 0.0005
Iteration 10700 Time: 26488 Score: 53.6525 Size: 58.52 Loss: 0.285 Win: 0 valueNorm: 5 stepSize: 0.0005
Iteration 10800 Time: 26751 Score: 53.3575 Size: 58.2075 Loss: 0.2825 Win: 0 valueNorm: 5 stepSize: 0.0005
Iteration 10900 Time: 27006 Score: 51.77 Size: 56.7375 Loss: 0.295 Win: 0 valueNorm: 5 stepSize: 0.0005
Iteration 11000 Time: 27270 Score: 53.3 Size: 58.185 Loss: 0.2875 Win: 0 valueNorm: 5 stepSize: 0.0005
Iteration 11100 Time: 27535 Score: 53.73 Size: 58.5725 Loss: 0.2825 Win: 0 valueNorm: 5 stepSize: 0.0005
Iteration 11200 Time: 27793 Score: 52.4475 Size: 57.6025 Loss: 0.3125 Win: 0 valueNorm: 5 stepSize: 0.0005
Iteration 11300 Time: 28051 Score: 52.505 Size: 57.5125 Loss: 0.2975 Win: 0 valueNorm: 5 stepSize: 0.0005
Iteration 11400 Time: 28315 Score: 54.2875 Size: 59.03 Loss: 0.2725 Win: 0 valueNorm: 5 stepSize: 0.0005
Iteration 11500 Time: 28585 Score: 55.0875 Size: 59.6275 Loss: 0.2525 Win: 0 valueNorm: 5 stepSize: 0.0005
Iteration 11600 Time: 28844 Score: 53.44 Size: 57.9375 Loss: 0.2475 Win: 0 valueNorm: 5 stepSize: 0.0005
Iteration 11700 Time: 29106 Score: 54.5275 Size: 59.3825 Loss: 0.2825 Win: 0 valueNorm: 5 stepSize: 0.0005
Iteration 11800 Time: 29377 Score: 55.44 Size: 60.1625 Loss: 0.27 Win: 0 valueNorm: 5 stepSize: 0.0005
Iteration 11900 Time: 29633 Score: 52.4225 Size: 57.38 Loss: 0.2925 Win: 0 valueNorm: 5 stepSize: 0.0005
Iteration 12000 Time: 29893 Score: 54.05 Size: 58.835 Loss: 0.275 Win: 0 valueNorm: 5 stepSize: 0.0005
Iteration 12100 Time: 30152 Score: 53.41 Size: 58.3275 Loss: 0.29 Win: 0 valueNorm: 5 stepSize: 0.0005
Iteration 12200 Time: 30413 Score: 53.8225 Size: 58.4225 Loss: 0.2575 Win: 0 valueNorm: 5 stepSize: 0.0005
Iteration 12300 Time: 30682 Score: 55.525 Size: 59.8025 Loss: 0.225 Win: 0 valueNorm: 5 stepSize: 0.0005
Iteration 12400 Time: 30941 Score: 53.6075 Size: 58.5925 Loss: 0.295 Win: 0 valueNorm: 5 stepSize: 0.0005
Iteration 12500 Time: 31209 Score: 55.4025 Size: 60.19 Loss: 0.275 Win: 0 valueNorm: 5 stepSize: 0.0005
Iteration 12600 Time: 31473 Score: 55.295 Size: 60.065 Loss: 0.275 Win: 0 valueNorm: 5 stepSize: 0.0005
Iteration 12700 Time: 31735 Score: 54.645 Size: 59.3725 Loss: 0.27 Win: 0 valueNorm: 5 stepSize: 0.0005
Iteration 12800 Time: 32005 Score: 56.425 Size: 60.9025 Loss: 0.245 Win: 0 valueNorm: 5 stepSize: 0.0005
Iteration 12900 Time: 32266 Score: 54.53 Size: 59.08 Loss: 0.2525 Win: 0 valueNorm: 5 stepSize: 0.0005
Iteration 13000 Time: 32534 Score: 56.0375 Size: 60.5375 Loss: 0.2475 Win: 0 valueNorm: 5 stepSize: 0.0005
Iteration 13100 Time: 32800 Score: 55.57 Size: 60.0775 Loss: 0.2475 Win: 0 valueNorm: 5 stepSize: 0.0005
Iteration 13200 Time: 33067 Score: 56.51 Size: 60.885 Loss: 0.235 Win: 0 valueNorm: 5 stepSize: 0.0005
Iteration 13300 Time: 33332 Score: 55.505 Size: 60.3425 Loss: 0.28 Win: 0 valueNorm: 5 stepSize: 0.0005
Iteration 13400 Time: 33591 Score: 54.405 Size: 59.2075 Loss: 0.2775 Win: 0 valueNorm: 5 stepSize: 0.0005
Iteration 13500 Time: 33854 Score: 55.0225 Size: 59.5 Loss: 0.245 Win: 0 valueNorm: 5 stepSize: 0.0005
Iteration 13600 Time: 34112 Score: 54.3075 Size: 59.115 Loss: 0.28 Win: 0 valueNorm: 5 stepSize: 0.0005
Iteration 13700 Time: 34383 Score: 57.38 Size: 61.885 Loss: 0.2475 Win: 0 valueNorm: 5 stepSize: 0.0005
Iteration 13800 Time: 34642 Score: 54.46 Size: 59.44 Loss: 0.295 Win: 0 valueNorm: 5 stepSize: 0.0005
Iteration 13900 Time: 34900 Score: 53.99 Size: 58.9125 Loss: 0.29 Win: 0 valueNorm: 5 stepSize: 0.0005
Iteration 14000 Time: 35161 Score: 55.21 Size: 59.8925 Loss: 0.265 Win: 0 valueNorm: 5 stepSize: 0.0005
Iteration 14100 Time: 35422 Score: 55.045 Size: 60.0175 Loss: 0.2925 Win: 0 valueNorm: 5 stepSize: 0.0005
Iteration 14200 Time: 35685 Score: 56.1875 Size: 60.7275 Loss: 0.2525 Win: 0 valueNorm: 5 stepSize: 0.0005
Iteration 14300 Time: 35945 Score: 55.15 Size: 59.955 Loss: 0.2775 Win: 0 valueNorm: 5 stepSize: 0.0005
Iteration 14400 Time: 36209 Score: 56.2075 Size: 60.655 Loss: 0.2425 Win: 0 valueNorm: 5 stepSize: 0.0005
Iteration 14500 Time: 36475 Score: 56.48 Size: 61.2125 Loss: 0.27 Win: 0 valueNorm: 5 stepSize: 0.0005
Iteration 14600 Time: 36740 Score: 56.43 Size: 61.1525 Loss: 0.27 Win: 0 valueNorm: 5 stepSize: 0.0005
Iteration 14700 Time: 37008 Score: 57.225 Size: 61.61 Loss: 0.2375 Win: 0 valueNorm: 5 stepSize: 0.0005
Iteration 14800 Time: 37267 Score: 55.46 Size: 60.4875 Loss: 0.2975 Win: 0 valueNorm: 5 stepSize: 0.0005
Iteration 14900 Time: 37529 Score: 56.2725 Size: 60.7275 Loss: 0.2425 Win: 0 valueNorm: 5 stepSize: 0.0005
Iteration 15000 Time: 37788 Score: 55.1425 Size: 59.7675 Loss: 0.26 Win: 0 valueNorm: 5 stepSize: 0.0005
Iteration 15100 Time: 38051 Score: 56.0975 Size: 60.5525 Loss: 0.2425 Win: 0 valueNorm: 5 stepSize: 0.0005
Iteration 15200 Time: 38312 Score: 55.06 Size: 59.595 Loss: 0.25 Win: 0 valueNorm: 5 stepSize: 0.0005
Iteration 15300 Time: 38579 Score: 56.955 Size: 61.2825 Loss: 0.23 Win: 0 valueNorm: 5 stepSize: 0.0005
Iteration 15400 Time: 38840 Score: 55.3525 Size: 59.915 Loss: 0.2525 Win: 0 valueNorm: 5 stepSize: 0.0005
Iteration 15500 Time: 39103 Score: 55.92 Size: 60.41 Loss: 0.245 Win: 0 valueNorm: 5 stepSize: 0.0005
Iteration 15600 Time: 39368 Score: 56.93 Size: 61.5075 Loss: 0.255 Win: 0 valueNorm: 5 stepSize: 0.0005
Iteration 15700 Time: 39630 Score: 56.505 Size: 61.005 Loss: 0.2475 Win: 0 valueNorm: 5 stepSize: 0.0005
Iteration 15800 Time: 39894 Score: 56.0125 Size: 60.7825 Loss: 0.275 Win: 0 valueNorm: 5 stepSize: 0.0005
Iteration 15900 Time: 40165 Score: 56.485 Size: 61.1725 Loss: 0.2675 Win: 0 valueNorm: 5 stepSize: 0.0005
Iteration 16000 Time: 40439 Score: 56.3475 Size: 60.97 Loss: 0.26 Win: 0 valueNorm: 5 stepSize: 0.0005
Iteration 16100 Time: 40710 Score: 56.3275 Size: 60.8425 Loss: 0.2475 Win: 0 valueNorm: 5 stepSize: 0.0005
Iteration 16200 Time: 40986 Score: 57.55 Size: 61.9475 Loss: 0.2375 Win: 0 valueNorm: 5 stepSize: 0.0005
Iteration 16300 Time: 41259 Score: 56.525 Size: 61.2025 Loss: 0.265 Win: 0 valueNorm: 5 stepSize: 0.0005
Iteration 16400 Time: 41524 Score: 55.065 Size: 59.9275 Loss: 0.2825 Win: 0 valueNorm: 5 stepSize: 0.0005
Iteration 16500 Time: 41791 Score: 55.8175 Size: 60.54 Loss: 0.27 Win: 0 valueNorm: 5 stepSize: 0.0005
Iteration 16600 Time: 42061 Score: 56.15 Size: 60.7925 Loss: 0.2625 Win: 0 valueNorm: 5 stepSize: 0.0005
Iteration 16700 Time: 42328 Score: 55.7375 Size: 60.4425 Loss: 0.2675 Win: 0 valueNorm: 5 stepSize: 0.0005
Iteration 16800 Time: 42594 Score: 55.035 Size: 59.9425 Loss: 0.2875 Win: 0 valueNorm: 5 stepSize: 0.0005
Iteration 16900 Time: 42863 Score: 56.3075 Size: 61.2 Loss: 0.285 Win: 0 valueNorm: 5 stepSize: 0.0005
Iteration 17000 Time: 43140 Score: 58.6425 Size: 63.02 Loss: 0.235 Win: 0 valueNorm: 5 stepSize: 0.0005
Iteration 17100 Time: 43407 Score: 55.96 Size: 60.6075 Loss: 0.2625 Win: 0 valueNorm: 5 stepSize: 0.0005
Iteration 17200 Time: 43674 Score: 55.455 Size: 60.3575 Loss: 0.2875 Win: 0 valueNorm: 5 stepSize: 0.0005
Iteration 17300 Time: 43941 Score: 56.8475 Size: 61.3475 Loss: 0.2475 Win: 0 valueNorm: 5 stepSize: 0.0005
Iteration 17400 Time: 44213 Score: 56.7125 Size: 61.2425 Loss: 0.25 Win: 0 valueNorm: 5 stepSize: 0.0005
Iteration 17500 Time: 44490 Score: 58.4175 Size: 62.7425 Loss: 0.23 Win: 0 valueNorm: 5 stepSize: 0.0005
Iteration 17600 Time: 44755 Score: 55.4725 Size: 60.1825 Loss: 0.2675 Win: 0 valueNorm: 5 stepSize: 0.0005
Iteration 17700 Time: 45028 Score: 57.58 Size: 62.015 Loss: 0.2425 Win: 0 valueNorm: 5 stepSize: 0.0005
Iteration 17800 Time: 45302 Score: 57.665 Size: 62.19 Loss: 0.25 Win: 0 valueNorm: 5 stepSize: 0.0005
Iteration 17900 Time: 45573 Score: 57.0625 Size: 61.82 Loss: 0.2725 Win: 0 valueNorm: 5 stepSize: 0.0005
Iteration 18000 Time: 45839 Score: 55.78 Size: 60.77 Loss: 0.295 Win: 0 valueNorm: 5 stepSize: 0.0005
Iteration 18100 Time: 46111 Score: 57.355 Size: 61.9375 Loss: 0.255 Win: 0 valueNorm: 5 stepSize: 0.0005
Iteration 18200 Time: 46391 Score: 59.7525 Size: 63.8775 Loss: 0.21 Win: 0 valueNorm: 5 stepSize: 0.0005
Iteration 18300 Time: 46665 Score: 57.9475 Size: 62.4975 Loss: 0.2525 Win: 0 valueNorm: 5 stepSize: 0.0005
Iteration 18400 Time: 46932 Score: 56.6275 Size: 61.4925 Loss: 0.2825 Win: 0 valueNorm: 5 stepSize: 0.0005
Iteration 18500 Time: 47210 Score: 59.365 Size: 63.7425 Loss: 0.235 Win: 0 valueNorm: 5 stepSize: 0.0005
Iteration 18600 Time: 47480 Score: 57.425 Size: 62.425 Loss: 0.2975 Win: 0 valueNorm: 5 stepSize: 0.0005
Iteration 18700 Time: 47755 Score: 58.3775 Size: 62.9175 Loss: 0.25 Win: 0 valueNorm: 5 stepSize: 0.0005
Iteration 18800 Time: 48027 Score: 58.47 Size: 62.7 Loss: 0.22 Win: 0 valueNorm: 5 stepSize: 0.0005
Iteration 18900 Time: 48298 Score: 58.3975 Size: 63.06 Loss: 0.2625 Win: 0 valueNorm: 5 stepSize: 0.0005
Iteration 19000 Time: 48573 Score: 59.075 Size: 63.69 Loss: 0.26 Win: 0 valueNorm: 5 stepSize: 0.0005
Iteration 19100 Time: 48842 Score: 57.4575 Size: 62.0125 Loss: 0.2525 Win: 0 valueNorm: 5 stepSize: 0.0005
Iteration 19200 Time: 49114 Score: 57.7625 Size: 62.36 Loss: 0.2575 Win: 0 valueNorm: 5 stepSize: 0.0005
Iteration 19300 Time: 49382 Score: 56.9275 Size: 61.695 Loss: 0.2725 Win: 0 valueNorm: 5 stepSize: 0.0005
Iteration 19400 Time: 49647 Score: 56.2575 Size: 61.2 Loss: 0.29 Win: 0 valueNorm: 5 stepSize: 0.0005
Iteration 19500 Time: 49921 Score: 58.8325 Size: 63.18 Loss: 0.2325 Win: 0 valueNorm: 5 stepSize: 0.0005
Iteration 19600 Time: 50192 Score: 57.9975 Size: 62.48 Loss: 0.245 Win: 0 valueNorm: 5 stepSize: 0.0005
Iteration 19700 Time: 50459 Score: 56.69 Size: 61.5675 Loss: 0.285 Win: 0 valueNorm: 5 stepSize: 0.0005
Iteration 19800 Time: 50728 Score: 57.4925 Size: 62.1775 Loss: 0.265 Win: 0 valueNorm: 5 stepSize: 0.0005
Iteration 19900 Time: 51001 Score: 58.525 Size: 63.325 Loss: 0.2775 Win: 0 valueNorm: 5 stepSize: 0.0005
Iteration 20000 Time: 51277 Score: 59.3075 Size: 63.67 Loss: 0.2325 Win: 0 valueNorm: 5 stepSize: 0.0005
Iteration 20100 Time: 51550 Score: 58.76 Size: 63.2325 Loss: 0.245 Win: 0 valueNorm: 5 stepSize: 0.0005
Iteration 20200 Time: 51821 Score: 58.67 Size: 63.095 Loss: 0.24 Win: 0 valueNorm: 5 stepSize: 0.0005
Iteration 20300 Time: 52091 Score: 57.6825 Size: 62.3775 Loss: 0.2675 Win: 0 valueNorm: 5 stepSize: 0.0005
Iteration 20400 Time: 52359 Score: 58.03 Size: 62.745 Loss: 0.2675 Win: 0 valueNorm: 5 stepSize: 0.0005
Iteration 20500 Time: 52626 Score: 58.22 Size: 62.8875 Loss: 0.2625 Win: 0 valueNorm: 5 stepSize: 0.0005
Iteration 20600 Time: 52891 Score: 57.915 Size: 62.7225 Loss: 0.2775 Win: 0 valueNorm: 5 stepSize: 0.0005
Iteration 20700 Time: 53162 Score: 59.2425 Size: 63.9125 Loss: 0.2625 Win: 0 valueNorm: 5 stepSize: 0.0005
Iteration 20800 Time: 53428 Score: 57.9775 Size: 62.675 Loss: 0.2675 Win: 0 valueNorm: 5 stepSize: 0.0005
Iteration 20900 Time: 53696 Score: 59.1875 Size: 63.6825 Loss: 0.2475 Win: 0 valueNorm: 5 stepSize: 0.0005
Iteration 21000 Time: 53962 Score: 58.1075 Size: 62.605 Loss: 0.2475 Win: 0 valueNorm: 5 stepSize: 0.0005
Iteration 21100 Time: 54234 Score: 59.855 Size: 64.315 Loss: 0.2425 Win: 0 valueNorm: 5 stepSize: 0.0005
Iteration 21200 Time: 54506 Score: 59.9725 Size: 64.485 Loss: 0.2475 Win: 0 valueNorm: 5 stepSize: 0.0005
Iteration 21300 Time: 54774 Score: 59.43 Size: 63.755 Loss: 0.23 Win: 0 valueNorm: 5 stepSize: 0.0005
Iteration 21400 Time: 55041 Score: 59.2725 Size: 63.7325 Loss: 0.2425 Win: 0 valueNorm: 5 stepSize: 0.0005
Iteration 21500 Time: 55302 Score: 58.05 Size: 62.695 Loss: 0.26 Win: 0 valueNorm: 5 stepSize: 0.0005
Iteration 21600 Time: 55577 Score: 61.025 Size: 65.1575 Loss: 0.21 Win: 0 valueNorm: 5 stepSize: 0.0005
Iteration 21700 Time: 55844 Score: 59.4625 Size: 63.965 Loss: 0.25 Win: 0.0025 valueNorm: 5 stepSize: 0.0005 Win Time: 1135
Iteration 21800 Time: 56113 Score: 59.5775 Size: 64.04 Loss: 0.2425 Win: 0 valueNorm: 5 stepSize: 0.0005
Iteration 21900 Time: 56383 Score: 59.5725 Size: 63.98 Loss: 0.2375 Win: 0 valueNorm: 5 stepSize: 0.0005
Iteration 22000 Time: 56641 Score: 56.8925 Size: 61.8425 Loss: 0.29 Win: 0 valueNorm: 5 stepSize: 0.0005
Iteration 22100 Time: 56907 Score: 59.9925 Size: 64.2925 Loss: 0.2275 Win: 0 valueNorm: 5 stepSize: 0.0005
Iteration 22200 Time: 57179 Score: 61.5225 Size: 65.6125 Loss: 0.2075 Win: 0 valueNorm: 5 stepSize: 0.0005
Iteration 22300 Time: 57436 Score: 57.84 Size: 62.4275 Loss: 0.255 Win: 0 valueNorm: 5 stepSize: 0.0005
Iteration 22400 Time: 57694 Score: 57.775 Size: 62.735 Loss: 0.2925 Win: 0 valueNorm: 5 stepSize: 0.0005
Iteration 22500 Time: 57965 Score: 60.8425 Size: 65.3225 Loss: 0.245 Win: 0 valueNorm: 5 stepSize: 0.0005
Iteration 22600 Time: 58231 Score: 59.4675 Size: 63.9875 Loss: 0.25 Win: 0 valueNorm: 5 stepSize: 0.0005
Iteration 22700 Time: 58491 Score: 58.1575 Size: 62.7275 Loss: 0.255 Win: 0 valueNorm: 5 stepSize: 0.0005
Iteration 22800 Time: 58765 Score: 61.9075 Size: 65.9275 Loss: 0.2 Win: 0 valueNorm: 5 stepSize: 0.0005
Iteration 22900 Time: 59022 Score: 58.2825 Size: 63.0025 Loss: 0.2675 Win: 0 valueNorm: 5 stepSize: 0.0005
Iteration 23000 Time: 59284 Score: 60.0075 Size: 64.5575 Loss: 0.2525 Win: 0 valueNorm: 5 stepSize: 0.0005
Iteration 23100 Time: 59550 Score: 61.6375 Size: 65.7425 Loss: 0.2075 Win: 0 valueNorm: 5 stepSize: 0.0005
Iteration 23200 Time: 59804 Score: 58.425 Size: 63.2375 Loss: 0.2775 Win: 0 valueNorm: 5 stepSize: 0.0005
Iteration 23300 Time: 60062 Score: 60.2425 Size: 64.44 Loss: 0.2175 Win: 0 valueNorm: 5 stepSize: 0.0005
Iteration 23400 Time: 60319 Score: 60.2425 Size: 64.685 Loss: 0.2425 Win: 0 valueNorm: 5 stepSize: 0.0005
Iteration 23500 Time: 60576 Score: 60.6825 Size: 64.965 Loss: 0.2275 Win: 0.0025 valueNorm: 5 stepSize: 0.0005 Win Time: 1166
Iteration 23600 Time: 60828 Score: 58.985 Size: 63.8075 Loss: 0.28 Win: 0 valueNorm: 5 stepSize: 0.0005
Iteration 23700 Time: 61084 Score: 59.8 Size: 64.63 Loss: 0.28 Win: 0 valueNorm: 5 stepSize: 0.0005
Iteration 23800 Time: 61340 Score: 60.6525 Size: 64.91 Loss: 0.225 Win: 0.0025 valueNorm: 5 stepSize: 0.0005 Win Time: 1185
Iteration 23900 Time: 61597 Score: 61.5425 Size: 65.9 Loss: 0.2325 Win: 0 valueNorm: 5 stepSize: 0.0005
Iteration 24000 Time: 61853 Score: 60.8175 Size: 65.07 Loss: 0.2225 Win: 0 valueNorm: 5 stepSize: 0.0005
Iteration 24100 Time: 62112 Score: 62.0375 Size: 66.325 Loss: 0.225 Win: 0 valueNorm: 5 stepSize: 0.0005
Iteration 24200 Time: 62364 Score: 60.4925 Size: 64.8975 Loss: 0.2375 Win: 0 valueNorm: 5 stepSize: 0.0005
Iteration 24300 Time: 62624 Score: 62.3575 Size: 66.4625 Loss: 0.21 Win: 0.0025 valueNorm: 5 stepSize: 0.0005 Win Time: 1177
Iteration 24400 Time: 62873 Score: 59.765 Size: 64.3875 Loss: 0.26 Win: 0 valueNorm: 5 stepSize: 0.0005
Iteration 24500 Time: 63123 Score: 60.21 Size: 64.74 Loss: 0.25 Win: 0 valueNorm: 5 stepSize: 0.0005
Iteration 24600 Time: 63374 Score: 60.73 Size: 65.09 Loss: 0.2325 Win: 0 valueNorm: 5 stepSize: 0.0005
Iteration 24700 Time: 63623 Score: 60.03 Size: 64.71 Loss: 0.265 Win: 0 valueNorm: 5 stepSize: 0.0005
Iteration 24800 Time: 63874 Score: 60.9 Size: 65.1475 Loss: 0.2225 Win: 0 valueNorm: 5 stepSize: 0.0005
Iteration 24900 Time: 64126 Score: 61.3225 Size: 65.815 Loss: 0.2475 Win: 0 valueNorm: 5 stepSize: 0.0005
Iteration 25000 Time: 64376 Score: 60.9925 Size: 65.605 Loss: 0.26 Win: 0.0025 valueNorm: 5 stepSize: 0.0005 Win Time: 1179
Evaluation score: 57.8022
