Training control Time: 1715011497
Hyperparameters: numRollouts: 4 batchSize: 0 numEpochs: 1 numIter: 25000 evalPeriod: 100 savePeriod: 100 alpha: 0.001000 GAEParam: 1.000000 
Iteration 100 Time: 167 Score: -4.34406 Size: 6.69059 Loss: 0.90099 Win: 0 valueNorm: 5 stepSize: 0.001
Iteration 200 Time: 415 Score: 0.1875 Size: 7.55 Loss: 0.535 Win: 0 valueNorm: 5 stepSize: 0.001
Iteration 300 Time: 667 Score: 1.53 Size: 7.695 Loss: 0.415 Win: 0 valueNorm: 5 stepSize: 0.001
Iteration 400 Time: 929 Score: 3.38 Size: 8.36 Loss: 0.2975 Win: 0 valueNorm: 5 stepSize: 0.001
Iteration 500 Time: 1182 Score: 2.6875 Size: 8.785 Loss: 0.4075 Win: 0 valueNorm: 5 stepSize: 0.001
Iteration 600 Time: 1443 Score: 4.17 Size: 10.4375 Loss: 0.425 Win: 0 valueNorm: 5 stepSize: 0.001
Iteration 700 Time: 1700 Score: 5.1275 Size: 11.8 Loss: 0.465 Win: 0 valueNorm: 5 stepSize: 0.001
Iteration 800 Time: 1957 Score: 7.235 Size: 13.605 Loss: 0.435 Win: 0 valueNorm: 5 stepSize: 0.001
Iteration 900 Time: 2199 Score: 7.2075 Size: 14.0825 Loss: 0.485 Win: 0 valueNorm: 5 stepSize: 0.001
Iteration 1000 Time: 2429 Score: 7.475 Size: 14.5775 Loss: 0.505 Win: 0 valueNorm: 5 stepSize: 0.001
Iteration 1100 Time: 2669 Score: 10.1425 Size: 16.745 Loss: 0.4575 Win: 0 valueNorm: 5 stepSize: 0.001
Iteration 1200 Time: 2926 Score: 11.81 Size: 17.61 Loss: 0.3775 Win: 0 valueNorm: 5 stepSize: 0.001
Iteration 1300 Time: 3178 Score: 11.89 Size: 18.0375 Loss: 0.4125 Win: 0 valueNorm: 5 stepSize: 0.001
Iteration 1400 Time: 3434 Score: 13.225 Size: 19.115 Loss: 0.3875 Win: 0 valueNorm: 5 stepSize: 0.001
Iteration 1500 Time: 3692 Score: 13.9475 Size: 19.595 Loss: 0.3625 Win: 0 valueNorm: 5 stepSize: 0.001
Iteration 1600 Time: 3962 Score: 15.48 Size: 20.455 Loss: 0.295 Win: 0 valueNorm: 5 stepSize: 0.001
Iteration 1700 Time: 4222 Score: 14.8075 Size: 20.47 Loss: 0.3625 Win: 0 valueNorm: 5 stepSize: 0.001
Iteration 1800 Time: 4486 Score: 16.0475 Size: 21.32 Loss: 0.325 Win: 0 valueNorm: 5 stepSize: 0.001
Iteration 1900 Time: 4752 Score: 16.2375 Size: 21.2325 Loss: 0.2975 Win: 0 valueNorm: 5 stepSize: 0.001
Iteration 2000 Time: 5005 Score: 16.2875 Size: 22.2775 Loss: 0.3975 Win: 0 valueNorm: 5 stepSize: 0.001
Iteration 2100 Time: 5260 Score: 16.705 Size: 22.4575 Loss: 0.3725 Win: 0 valueNorm: 5 stepSize: 0.001
Iteration 2200 Time: 5515 Score: 17.8875 Size: 23.2275 Loss: 0.3325 Win: 0 valueNorm: 5 stepSize: 0.001
Iteration 2300 Time: 5763 Score: 17.6575 Size: 23.5375 Loss: 0.385 Win: 0 valueNorm: 5 stepSize: 0.001
Iteration 2400 Time: 6023 Score: 18.585 Size: 23.7725 Loss: 0.3175 Win: 0 valueNorm: 5 stepSize: 0.001
Iteration 2500 Time: 6276 Score: 18.2175 Size: 24.2225 Loss: 0.3975 Win: 0 valueNorm: 5 stepSize: 0.001
Iteration 2600 Time: 6533 Score: 20.125 Size: 25.395 Loss: 0.325 Win: 0 valueNorm: 5 stepSize: 0.001
Iteration 2700 Time: 6772 Score: 18.6475 Size: 25.08 Loss: 0.4425 Win: 0 valueNorm: 5 stepSize: 0.001
Iteration 2800 Time: 7020 Score: 20.1075 Size: 25.8925 Loss: 0.3775 Win: 0 valueNorm: 5 stepSize: 0.001
Iteration 2900 Time: 7257 Score: 19.95 Size: 26.045 Loss: 0.4075 Win: 0 valueNorm: 5 stepSize: 0.001
Iteration 3000 Time: 7512 Score: 22.2525 Size: 27.775 Loss: 0.35 Win: 0 valueNorm: 5 stepSize: 0.001
Iteration 3100 Time: 7769 Score: 23.1475 Size: 28.765 Loss: 0.36 Win: 0 valueNorm: 5 stepSize: 0.001
Iteration 3200 Time: 8011 Score: 22.3875 Size: 28.1725 Loss: 0.3775 Win: 0 valueNorm: 5 stepSize: 0.001
Iteration 3300 Time: 8268 Score: 24.8575 Size: 30.4475 Loss: 0.3575 Win: 0 valueNorm: 5 stepSize: 0.001
Iteration 3400 Time: 8534 Score: 27.35 Size: 32.295 Loss: 0.2925 Win: 0 valueNorm: 5 stepSize: 0.001
Iteration 3500 Time: 8796 Score: 27.8175 Size: 32.89 Loss: 0.305 Win: 0 valueNorm: 5 stepSize: 0.001
Iteration 3600 Time: 9049 Score: 28.2625 Size: 33.9275 Loss: 0.365 Win: 0 valueNorm: 5 stepSize: 0.001
Iteration 3700 Time: 9312 Score: 31.0725 Size: 36.515 Loss: 0.3425 Win: 0 valueNorm: 5 stepSize: 0.001
Iteration 3800 Time: 9571 Score: 32.085 Size: 37.7275 Loss: 0.3625 Win: 0 valueNorm: 5 stepSize: 0.001
Iteration 3900 Time: 9825 Score: 32.58 Size: 38.895 Loss: 0.43 Win: 0 valueNorm: 5 stepSize: 0.001
Iteration 4000 Time: 10079 Score: 33.52 Size: 39.78 Loss: 0.425 Win: 0 valueNorm: 5 stepSize: 0.001
Iteration 4100 Time: 10344 Score: 36.7675 Size: 42.415 Loss: 0.3625 Win: 0 valueNorm: 5 stepSize: 0.001
Iteration 4200 Time: 10606 Score: 37.6025 Size: 43.4925 Loss: 0.3875 Win: 0 valueNorm: 5 stepSize: 0.001
Iteration 4300 Time: 10864 Score: 37.8925 Size: 44.0175 Loss: 0.41 Win: 0 valueNorm: 5 stepSize: 0.001
Iteration 4400 Time: 11124 Score: 39.595 Size: 45.365 Loss: 0.375 Win: 0 valueNorm: 5 stepSize: 0.001
Iteration 4500 Time: 11388 Score: 40.8975 Size: 46.51 Loss: 0.36 Win: 0 valueNorm: 5 stepSize: 0.001
Iteration 4600 Time: 11652 Score: 41.6525 Size: 47.515 Loss: 0.385 Win: 0 valueNorm: 5 stepSize: 0.001
Iteration 4700 Time: 11919 Score: 42.67 Size: 47.835 Loss: 0.315 Win: 0 valueNorm: 5 stepSize: 0.001
Iteration 4800 Time: 12186 Score: 43.275 Size: 48.5225 Loss: 0.3225 Win: 0 valueNorm: 5 stepSize: 0.001
Iteration 4900 Time: 12451 Score: 43.5025 Size: 49.1325 Loss: 0.36 Win: 0 valueNorm: 5 stepSize: 0.001
Iteration 5000 Time: 12712 Score: 43.7025 Size: 49.3 Loss: 0.3575 Win: 0 valueNorm: 5 stepSize: 0.001
Iteration 5100 Time: 12982 Score: 45.5275 Size: 50.715 Loss: 0.3175 Win: 0 valueNorm: 5 stepSize: 0.001
Iteration 5200 Time: 13249 Score: 46.0525 Size: 51.3075 Loss: 0.325 Win: 0 valueNorm: 5 stepSize: 0.001
Iteration 5300 Time: 13513 Score: 45.1575 Size: 50.575 Loss: 0.34 Win: 0 valueNorm: 5 stepSize: 0.001
Iteration 5400 Time: 13778 Score: 46.165 Size: 51.455 Loss: 0.3275 Win: 0 valueNorm: 5 stepSize: 0.001
Iteration 5500 Time: 14048 Score: 47.795 Size: 52.91 Loss: 0.31 Win: 0 valueNorm: 5 stepSize: 0.001
Iteration 5600 Time: 14309 Score: 46.9175 Size: 52.72 Loss: 0.3775 Win: 0 valueNorm: 5 stepSize: 0.001
Iteration 5700 Time: 14573 Score: 48.15 Size: 53.795 Loss: 0.3625 Win: 0 valueNorm: 5 stepSize: 0.001
Iteration 5800 Time: 14833 Score: 47.585 Size: 52.755 Loss: 0.315 Win: 0 valueNorm: 5 stepSize: 0.001
Iteration 5900 Time: 15101 Score: 48.785 Size: 53.665 Loss: 0.2875 Win: 0 valueNorm: 5 stepSize: 0.001
Iteration 6000 Time: 15371 Score: 49.445 Size: 54.555 Loss: 0.31 Win: 0 valueNorm: 5 stepSize: 0.001
Iteration 6100 Time: 15632 Score: 49.4025 Size: 54.415 Loss: 0.3 Win: 0 valueNorm: 5 stepSize: 0.001
Iteration 6200 Time: 15903 Score: 51.65 Size: 56.15 Loss: 0.2475 Win: 0 valueNorm: 5 stepSize: 0.001
Iteration 6300 Time: 16174 Score: 51.7625 Size: 56.275 Loss: 0.25 Win: 0 valueNorm: 5 stepSize: 0.001
Iteration 6400 Time: 16438 Score: 50.62 Size: 55.5075 Loss: 0.2875 Win: 0 valueNorm: 5 stepSize: 0.001
Iteration 6500 Time: 16694 Score: 49.355 Size: 54.66 Loss: 0.33 Win: 0 valueNorm: 5 stepSize: 0.001
Iteration 6600 Time: 16961 Score: 52.415 Size: 57.1925 Loss: 0.275 Win: 0 valueNorm: 5 stepSize: 0.001
Iteration 6700 Time: 17224 Score: 52.48 Size: 57.3675 Loss: 0.2875 Win: 0 valueNorm: 5 stepSize: 0.001
Iteration 6800 Time: 17495 Score: 53.66 Size: 58.025 Loss: 0.235 Win: 0 valueNorm: 5 stepSize: 0.001
Iteration 6900 Time: 17760 Score: 53.5425 Size: 58.4425 Loss: 0.2875 Win: 0 valueNorm: 5 stepSize: 0.001
Iteration 7000 Time: 18028 Score: 54.0425 Size: 58.405 Loss: 0.235 Win: 0 valueNorm: 5 stepSize: 0.001
Iteration 7100 Time: 18289 Score: 52.055 Size: 57.0225 Loss: 0.295 Win: 0 valueNorm: 5 stepSize: 0.001
Iteration 7200 Time: 18541 Score: 49.85 Size: 55.045 Loss: 0.3175 Win: 0 valueNorm: 5 stepSize: 0.001
Iteration 7300 Time: 18801 Score: 52.4575 Size: 57.4225 Loss: 0.295 Win: 0 valueNorm: 5 stepSize: 0.001
Iteration 7400 Time: 19066 Score: 54.1875 Size: 58.5025 Loss: 0.23 Win: 0 valueNorm: 5 stepSize: 0.001
Iteration 7500 Time: 19325 Score: 52.935 Size: 57.6275 Loss: 0.2675 Win: 0 valueNorm: 5 stepSize: 0.001
Iteration 7600 Time: 19591 Score: 54.795 Size: 59.4425 Loss: 0.2625 Win: 0 valueNorm: 5 stepSize: 0.001
Iteration 7700 Time: 19859 Score: 54.425 Size: 58.9925 Loss: 0.255 Win: 0 valueNorm: 5 stepSize: 0.001
Iteration 7800 Time: 20120 Score: 51.3175 Size: 56.905 Loss: 0.3575 Win: 0 valueNorm: 5 stepSize: 0.001
Iteration 7900 Time: 20384 Score: 53.995 Size: 58.9875 Loss: 0.2975 Win: 0 valueNorm: 5 stepSize: 0.001
Iteration 8000 Time: 20650 Score: 54.485 Size: 59.2 Loss: 0.27 Win: 0 valueNorm: 5 stepSize: 0.001
Iteration 8100 Time: 20921 Score: 56.2925 Size: 60.9625 Loss: 0.265 Win: 0 valueNorm: 5 stepSize: 0.001
Iteration 8200 Time: 21186 Score: 55.3975 Size: 59.9425 Loss: 0.2525 Win: 0 valueNorm: 5 stepSize: 0.001
Iteration 8300 Time: 21446 Score: 53.9875 Size: 58.6725 Loss: 0.2675 Win: 0 valueNorm: 5 stepSize: 0.001
Iteration 8400 Time: 21720 Score: 56.1975 Size: 60.3375 Loss: 0.2125 Win: 0 valueNorm: 5 stepSize: 0.001
Iteration 8500 Time: 21990 Score: 56.285 Size: 60.7275 Loss: 0.2425 Win: 0 valueNorm: 5 stepSize: 0.001
Iteration 8600 Time: 22263 Score: 57.3625 Size: 61.3275 Loss: 0.195 Win: 0 valueNorm: 5 stepSize: 0.001
Iteration 8700 Time: 22528 Score: 55.68 Size: 59.875 Loss: 0.2175 Win: 0 valueNorm: 5 stepSize: 0.001
Iteration 8800 Time: 22791 Score: 55.39 Size: 59.8725 Loss: 0.245 Win: 0 valueNorm: 5 stepSize: 0.001
Iteration 8900 Time: 23056 Score: 55.6525 Size: 60.2725 Loss: 0.26 Win: 0 valueNorm: 5 stepSize: 0.001
Iteration 9000 Time: 23322 Score: 56.7575 Size: 61.335 Loss: 0.255 Win: 0 valueNorm: 5 stepSize: 0.001
Iteration 9100 Time: 23593 Score: 57.6 Size: 61.9125 Loss: 0.23 Win: 0 valueNorm: 5 stepSize: 0.001
Iteration 9200 Time: 23863 Score: 57.5225 Size: 61.9925 Loss: 0.245 Win: 0 valueNorm: 5 stepSize: 0.001
Iteration 9300 Time: 24130 Score: 56.325 Size: 60.7175 Loss: 0.2375 Win: 0 valueNorm: 5 stepSize: 0.001
Iteration 9400 Time: 24395 Score: 54.7625 Size: 59.5 Loss: 0.27 Win: 0 valueNorm: 5 stepSize: 0.001
Iteration 9500 Time: 24659 Score: 55.32 Size: 59.9625 Loss: 0.2625 Win: 0 valueNorm: 5 stepSize: 0.001
Iteration 9600 Time: 24927 Score: 56.27 Size: 61.0675 Loss: 0.28 Win: 0.0025 valueNorm: 5 stepSize: 0.001 Win Time: 1197
Iteration 9700 Time: 25201 Score: 57.4475 Size: 61.8275 Loss: 0.235 Win: 0 valueNorm: 5 stepSize: 0.001
Iteration 9800 Time: 25468 Score: 56.825 Size: 61.3275 Loss: 0.2475 Win: 0 valueNorm: 5 stepSize: 0.001
Iteration 9900 Time: 25732 Score: 56.6 Size: 61.2675 Loss: 0.265 Win: 0 valueNorm: 5 stepSize: 0.001
Iteration 10000 Time: 26012 Score: 60.0175 Size: 63.705 Loss: 0.1675 Win: 0 valueNorm: 5 stepSize: 0.001
Iteration 10100 Time: 26280 Score: 58.285 Size: 62.8225 Loss: 0.255 Win: 0.005 valueNorm: 5 stepSize: 0.001 Win Time: 1174.5
Iteration 10200 Time: 26545 Score: 57.7475 Size: 62.345 Loss: 0.2625 Win: 0.005 valueNorm: 5 stepSize: 0.001 Win Time: 1159
Iteration 10300 Time: 26806 Score: 56.485 Size: 60.9625 Loss: 0.245 Win: 0 valueNorm: 5 stepSize: 0.001
Iteration 10400 Time: 27072 Score: 57.8075 Size: 62.055 Loss: 0.2225 Win: 0 valueNorm: 5 stepSize: 0.001
Iteration 10500 Time: 27330 Score: 56.57 Size: 61.25 Loss: 0.27 Win: 0.005 valueNorm: 5 stepSize: 0.001 Win Time: 1172.5
Iteration 10600 Time: 27592 Score: 57.3 Size: 61.4275 Loss: 0.21 Win: 0 valueNorm: 5 stepSize: 0.001
Iteration 10700 Time: 27861 Score: 59.3775 Size: 63.51 Loss: 0.2175 Win: 0.005 valueNorm: 5 stepSize: 0.001 Win Time: 1179.5
Iteration 10800 Time: 28127 Score: 58.9425 Size: 63.1175 Loss: 0.22 Win: 0.005 valueNorm: 5 stepSize: 0.001 Win Time: 1134.5
Iteration 10900 Time: 28385 Score: 56.82 Size: 61.265 Loss: 0.2425 Win: 0 valueNorm: 5 stepSize: 0.001
Iteration 11000 Time: 28650 Score: 58.6 Size: 62.7875 Loss: 0.22 Win: 0.0025 valueNorm: 5 stepSize: 0.001 Win Time: 1184
Iteration 11100 Time: 28921 Score: 58.5375 Size: 62.915 Loss: 0.235 Win: 0 valueNorm: 5 stepSize: 0.001
Iteration 11200 Time: 29194 Score: 59.6225 Size: 63.44 Loss: 0.18 Win: 0 valueNorm: 5 stepSize: 0.001
Iteration 11300 Time: 29459 Score: 59.1425 Size: 63.3325 Loss: 0.2225 Win: 0.005 valueNorm: 5 stepSize: 0.001 Win Time: 1126.5
Iteration 11400 Time: 29725 Score: 59.7425 Size: 63.6725 Loss: 0.2025 Win: 0.0125 valueNorm: 5 stepSize: 0.001 Win Time: 1169.8
Iteration 11500 Time: 29982 Score: 57.245 Size: 61.72 Loss: 0.2575 Win: 0.0125 valueNorm: 5 stepSize: 0.001 Win Time: 1153
Iteration 11600 Time: 30248 Score: 58.94 Size: 63.155 Loss: 0.22 Win: 0 valueNorm: 5 stepSize: 0.001
Iteration 11700 Time: 30514 Score: 60.42 Size: 64.485 Loss: 0.21 Win: 0.005 valueNorm: 5 stepSize: 0.001 Win Time: 1172
Iteration 11800 Time: 30783 Score: 60.865 Size: 64.9125 Loss: 0.215 Win: 0.0125 valueNorm: 5 stepSize: 0.001 Win Time: 1157.6
Iteration 11900 Time: 31052 Score: 60.6325 Size: 64.575 Loss: 0.1925 Win: 0 valueNorm: 5 stepSize: 0.001
Iteration 12000 Time: 31316 Score: 58.405 Size: 62.855 Loss: 0.2425 Win: 0 valueNorm: 5 stepSize: 0.001
Iteration 12100 Time: 31578 Score: 59.5675 Size: 63.67 Loss: 0.2125 Win: 0.005 valueNorm: 5 stepSize: 0.001 Win Time: 1158.5
Iteration 12200 Time: 31847 Score: 61.7925 Size: 65.77 Loss: 0.2 Win: 0.005 valueNorm: 5 stepSize: 0.001 Win Time: 1153
Iteration 12300 Time: 32108 Score: 59.33 Size: 63.57 Loss: 0.23 Win: 0.01 valueNorm: 5 stepSize: 0.001 Win Time: 1168.75
Iteration 12400 Time: 32372 Score: 60.6325 Size: 64.705 Loss: 0.2075 Win: 0.0025 valueNorm: 5 stepSize: 0.001 Win Time: 1108
Iteration 12500 Time: 32645 Score: 63.485 Size: 66.84 Loss: 0.145 Win: 0.0125 valueNorm: 5 stepSize: 0.001 Win Time: 1171
Iteration 12600 Time: 32914 Score: 61.0925 Size: 65.1375 Loss: 0.205 Win: 0.0025 valueNorm: 5 stepSize: 0.001 Win Time: 1117
Iteration 12700 Time: 33183 Score: 64.21 Size: 67.6825 Loss: 0.1775 Win: 0.035 valueNorm: 5 stepSize: 0.001 Win Time: 1164.5
Iteration 12800 Time: 33449 Score: 62.8 Size: 66.3575 Loss: 0.1725 Win: 0.02 valueNorm: 5 stepSize: 0.001 Win Time: 1165.88
Iteration 12900 Time: 33717 Score: 62.6175 Size: 66.245 Loss: 0.1775 Win: 0.0175 valueNorm: 5 stepSize: 0.001 Win Time: 1160.57
Iteration 13000 Time: 33988 Score: 63.1925 Size: 66.87 Loss: 0.18 Win: 0.015 valueNorm: 5 stepSize: 0.001 Win Time: 1159.67
Iteration 13100 Time: 34255 Score: 62.7675 Size: 66.6075 Loss: 0.1975 Win: 0.0175 valueNorm: 5 stepSize: 0.001 Win Time: 1171
Iteration 13200 Time: 34523 Score: 63.3775 Size: 66.83 Loss: 0.1575 Win: 0.015 valueNorm: 5 stepSize: 0.001 Win Time: 1150
Iteration 13300 Time: 34782 Score: 60.6775 Size: 64.71 Loss: 0.22 Win: 0.02 valueNorm: 5 stepSize: 0.001 Win Time: 1156.5
Iteration 13400 Time: 35053 Score: 64.1925 Size: 67.8875 Loss: 0.18 Win: 0.015 valueNorm: 5 stepSize: 0.001 Win Time: 1126.5
Iteration 13500 Time: 35318 Score: 64.1625 Size: 67.685 Loss: 0.1825 Win: 0.0375 valueNorm: 5 stepSize: 0.001 Win Time: 1157.8
Iteration 13600 Time: 35584 Score: 63.2025 Size: 66.9725 Loss: 0.2 Win: 0.0275 valueNorm: 5 stepSize: 0.001 Win Time: 1168
Iteration 13700 Time: 35841 Score: 60.3025 Size: 64.8275 Loss: 0.26 Win: 0.01 valueNorm: 5 stepSize: 0.001 Win Time: 1137.5
Iteration 13800 Time: 36100 Score: 60.7825 Size: 65.0175 Loss: 0.23 Win: 0.01 valueNorm: 5 stepSize: 0.001 Win Time: 1153.5
Iteration 13900 Time: 36368 Score: 63.9925 Size: 67.755 Loss: 0.1875 Win: 0.015 valueNorm: 5 stepSize: 0.001 Win Time: 1173.67
Iteration 14000 Time: 36635 Score: 65.825 Size: 69.14 Loss: 0.16 Win: 0.0325 valueNorm: 5 stepSize: 0.001 Win Time: 1136.54
Iteration 14100 Time: 36910 Score: 67.965 Size: 71.0875 Loss: 0.155 Win: 0.05 valueNorm: 5 stepSize: 0.001 Win Time: 1161.15
Iteration 14200 Time: 37173 Score: 63.4875 Size: 67.16 Loss: 0.19 Win: 0.0275 valueNorm: 5 stepSize: 0.001 Win Time: 1179.18
Iteration 14300 Time: 37442 Score: 65.31 Size: 68.81 Loss: 0.1775 Win: 0.0325 valueNorm: 5 stepSize: 0.001 Win Time: 1169.08
Iteration 14400 Time: 37698 Score: 60.7275 Size: 64.965 Loss: 0.24 Win: 0.02 valueNorm: 5 stepSize: 0.001 Win Time: 1151
Iteration 14500 Time: 37966 Score: 64.2325 Size: 67.955 Loss: 0.195 Win: 0.0275 valueNorm: 5 stepSize: 0.001 Win Time: 1173.55
Iteration 14600 Time: 38211 Score: 56.2225 Size: 61.635 Loss: 0.3475 Win: 0.01 valueNorm: 5 stepSize: 0.001 Win Time: 1180
Iteration 14700 Time: 38478 Score: 64.5925 Size: 68.115 Loss: 0.18 Win: 0.0325 valueNorm: 5 stepSize: 0.001 Win Time: 1141.69
Iteration 14800 Time: 38754 Score: 67.6725 Size: 70.5675 Loss: 0.115 Win: 0.03 valueNorm: 5 stepSize: 0.001 Win Time: 1173.75
Iteration 14900 Time: 39027 Score: 66.215 Size: 69.2475 Loss: 0.135 Win: 0.0375 valueNorm: 5 stepSize: 0.001 Win Time: 1173.93
Iteration 15000 Time: 39287 Score: 62.525 Size: 66.47 Loss: 0.21 Win: 0.02 valueNorm: 5 stepSize: 0.001 Win Time: 1132.25
Iteration 15100 Time: 39555 Score: 65.025 Size: 68.62 Loss: 0.18 Win: 0.025 valueNorm: 5 stepSize: 0.001 Win Time: 1165.3
Iteration 15200 Time: 39827 Score: 67.2675 Size: 70.3775 Loss: 0.1475 Win: 0.0425 valueNorm: 5 stepSize: 0.001 Win Time: 1153.29
Iteration 15300 Time: 40103 Score: 66.125 Size: 69.54 Loss: 0.17 Win: 0.0325 valueNorm: 5 stepSize: 0.001 Win Time: 1155.46
Iteration 15400 Time: 40376 Score: 63.5225 Size: 67.34 Loss: 0.1975 Win: 0.02 valueNorm: 5 stepSize: 0.001 Win Time: 1128
Iteration 15500 Time: 40653 Score: 66.275 Size: 69.55 Loss: 0.155 Win: 0.0325 valueNorm: 5 stepSize: 0.001 Win Time: 1150.08
Iteration 15600 Time: 40933 Score: 67.045 Size: 70.34 Loss: 0.1575 Win: 0.0325 valueNorm: 5 stepSize: 0.001 Win Time: 1142.92
Iteration 15700 Time: 41207 Score: 66.4975 Size: 69.8825 Loss: 0.1775 Win: 0.045 valueNorm: 5 stepSize: 0.001 Win Time: 1154.67
Iteration 15800 Time: 41482 Score: 67.3675 Size: 70.6175 Loss: 0.175 Win: 0.0575 valueNorm: 5 stepSize: 0.001 Win Time: 1150.48
Iteration 15900 Time: 41751 Score: 63.1825 Size: 66.9775 Loss: 0.1925 Win: 0.0175 valueNorm: 5 stepSize: 0.001 Win Time: 1168.14
Iteration 16000 Time: 42025 Score: 65.4625 Size: 68.91 Loss: 0.1675 Win: 0.0275 valueNorm: 5 stepSize: 0.001 Win Time: 1142.82
Iteration 16100 Time: 42306 Score: 67.4475 Size: 70.4775 Loss: 0.14 Win: 0.0425 valueNorm: 5 stepSize: 0.001 Win Time: 1166.59
Iteration 16200 Time: 42580 Score: 64.695 Size: 68.2725 Loss: 0.1925 Win: 0.04 valueNorm: 5 stepSize: 0.001 Win Time: 1157.12
Iteration 16300 Time: 42855 Score: 66.135 Size: 69.545 Loss: 0.18 Win: 0.045 valueNorm: 5 stepSize: 0.001 Win Time: 1166.5
Iteration 16400 Time: 43121 Score: 64.04 Size: 67.8925 Loss: 0.215 Win: 0.035 valueNorm: 5 stepSize: 0.001 Win Time: 1162.07
Iteration 16500 Time: 43399 Score: 65.7475 Size: 69.3425 Loss: 0.175 Win: 0.02 valueNorm: 5 stepSize: 0.001 Win Time: 1149.88
Iteration 16600 Time: 43678 Score: 66.9275 Size: 70.32 Loss: 0.1775 Win: 0.045 valueNorm: 5 stepSize: 0.001 Win Time: 1166.61
Iteration 16700 Time: 43951 Score: 64.9175 Size: 68.5175 Loss: 0.18 Win: 0.025 valueNorm: 5 stepSize: 0.001 Win Time: 1158.3
Iteration 16800 Time: 44226 Score: 65.055 Size: 68.78 Loss: 0.195 Win: 0.0275 valueNorm: 5 stepSize: 0.001 Win Time: 1169.91
Iteration 16900 Time: 44506 Score: 67.95 Size: 70.9075 Loss: 0.145 Win: 0.0575 valueNorm: 5 stepSize: 0.001 Win Time: 1144.91
Iteration 17000 Time: 44766 Score: 64.335 Size: 68.1425 Loss: 0.21 Win: 0.035 valueNorm: 5 stepSize: 0.001 Win Time: 1143.14
Iteration 17100 Time: 45046 Score: 69 Size: 72.105 Loss: 0.145 Win: 0.04 valueNorm: 5 stepSize: 0.001 Win Time: 1158.81
Iteration 17200 Time: 45318 Score: 64.54 Size: 68.3575 Loss: 0.22 Win: 0.045 valueNorm: 5 stepSize: 0.001 Win Time: 1172.83
Iteration 17300 Time: 45604 Score: 71.025 Size: 73.4175 Loss: 0.1075 Win: 0.0775 valueNorm: 5 stepSize: 0.001 Win Time: 1164.9
Iteration 17400 Time: 45885 Score: 68.4975 Size: 71.66 Loss: 0.155 Win: 0.045 valueNorm: 5 stepSize: 0.001 Win Time: 1166.17
Iteration 17500 Time: 46159 Score: 65.9075 Size: 69.3925 Loss: 0.1825 Win: 0.04 valueNorm: 5 stepSize: 0.001 Win Time: 1172.69
Iteration 17600 Time: 46430 Score: 65.67 Size: 69.3625 Loss: 0.2025 Win: 0.04 valueNorm: 5 stepSize: 0.001 Win Time: 1150.31
Iteration 17700 Time: 46708 Score: 69.175 Size: 72.0975 Loss: 0.1475 Win: 0.0625 valueNorm: 5 stepSize: 0.001 Win Time: 1149.32
Iteration 17800 Time: 46982 Score: 68.3325 Size: 71.5375 Loss: 0.1825 Win: 0.07 valueNorm: 5 stepSize: 0.001 Win Time: 1156.29
Iteration 17900 Time: 47260 Score: 69.5275 Size: 72.32 Loss: 0.15 Win: 0.08 valueNorm: 5 stepSize: 0.001 Win Time: 1159.12
Iteration 18000 Time: 47532 Score: 68.2075 Size: 71.2175 Loss: 0.1625 Win: 0.07 valueNorm: 5 stepSize: 0.001 Win Time: 1150.29
Iteration 18100 Time: 47809 Score: 68.26 Size: 71.23 Loss: 0.1475 Win: 0.0575 valueNorm: 5 stepSize: 0.001 Win Time: 1164.52
Iteration 18200 Time: 48083 Score: 66.37 Size: 69.8725 Loss: 0.1775 Win: 0.0325 valueNorm: 5 stepSize: 0.001 Win Time: 1157.38
Iteration 18300 Time: 48359 Score: 65.665 Size: 69.0375 Loss: 0.165 Win: 0.0325 valueNorm: 5 stepSize: 0.001 Win Time: 1170.38
Iteration 18400 Time: 48638 Score: 68.5675 Size: 71.505 Loss: 0.14 Win: 0.0525 valueNorm: 5 stepSize: 0.001 Win Time: 1154.24
Iteration 18500 Time: 48912 Score: 67.0625 Size: 70.395 Loss: 0.1775 Win: 0.0525 valueNorm: 5 stepSize: 0.001 Win Time: 1139.62
Iteration 18600 Time: 49196 Score: 69.815 Size: 72.3975 Loss: 0.1175 Win: 0.0675 valueNorm: 5 stepSize: 0.001 Win Time: 1162.89
Iteration 18700 Time: 49468 Score: 67.5375 Size: 70.675 Loss: 0.1725 Win: 0.0675 valueNorm: 5 stepSize: 0.001 Win Time: 1158.56
Iteration 18800 Time: 49731 Score: 65.125 Size: 68.8625 Loss: 0.2325 Win: 0.0675 valueNorm: 5 stepSize: 0.001 Win Time: 1153.26
Iteration 18900 Time: 50003 Score: 65.8525 Size: 69.2625 Loss: 0.1775 Win: 0.0425 valueNorm: 5 stepSize: 0.001 Win Time: 1158.59
Iteration 19000 Time: 50276 Score: 65.7925 Size: 69.0425 Loss: 0.1675 Win: 0.05 valueNorm: 5 stepSize: 0.001 Win Time: 1165.75
Iteration 19100 Time: 50562 Score: 69.8325 Size: 72.4625 Loss: 0.12 Win: 0.065 valueNorm: 5 stepSize: 0.001 Win Time: 1161.96
Iteration 19200 Time: 50846 Score: 70.3125 Size: 73.0275 Loss: 0.1225 Win: 0.0575 valueNorm: 5 stepSize: 0.001 Win Time: 1158.3
Iteration 19300 Time: 51118 Score: 64.8525 Size: 68.53 Loss: 0.2 Win: 0.0375 valueNorm: 5 stepSize: 0.001 Win Time: 1148.2
Iteration 19400 Time: 51398 Score: 68.925 Size: 71.83 Loss: 0.1425 Win: 0.06 valueNorm: 5 stepSize: 0.001 Win Time: 1161.12
Iteration 19500 Time: 51681 Score: 70.4175 Size: 72.905 Loss: 0.115 Win: 0.075 valueNorm: 5 stepSize: 0.001 Win Time: 1161.6
Iteration 19600 Time: 51961 Score: 68.4275 Size: 71.5675 Loss: 0.1575 Win: 0.05 valueNorm: 5 stepSize: 0.001 Win Time: 1150
Iteration 19700 Time: 52236 Score: 68.6825 Size: 71.8075 Loss: 0.1675 Win: 0.065 valueNorm: 5 stepSize: 0.001 Win Time: 1159.04
Iteration 19800 Time: 52509 Score: 67.97 Size: 70.985 Loss: 0.1625 Win: 0.07 valueNorm: 5 stepSize: 0.001 Win Time: 1150.39
Iteration 19900 Time: 52788 Score: 71.7225 Size: 74.2225 Loss: 0.1275 Win: 0.0875 valueNorm: 5 stepSize: 0.001 Win Time: 1149.91
Iteration 20000 Time: 53064 Score: 69.705 Size: 72.535 Loss: 0.14 Win: 0.065 valueNorm: 5 stepSize: 0.001 Win Time: 1159.42
Iteration 20100 Time: 53334 Score: 66.81 Size: 70.3 Loss: 0.1925 Win: 0.05 valueNorm: 5 stepSize: 0.001 Win Time: 1160.15
Iteration 20200 Time: 53602 Score: 66.91 Size: 70.4425 Loss: 0.19 Win: 0.045 valueNorm: 5 stepSize: 0.001 Win Time: 1143
Iteration 20300 Time: 53877 Score: 68.535 Size: 71.4875 Loss: 0.1475 Win: 0.06 valueNorm: 5 stepSize: 0.001 Win Time: 1143.58
Iteration 20400 Time: 54151 Score: 69.8725 Size: 72.8025 Loss: 0.165 Win: 0.0825 valueNorm: 5 stepSize: 0.001 Win Time: 1156.33
Iteration 20500 Time: 54423 Score: 68.65 Size: 71.795 Loss: 0.165 Win: 0.0575 valueNorm: 5 stepSize: 0.001 Win Time: 1158.17
Iteration 20600 Time: 54698 Score: 69.9925 Size: 72.71 Loss: 0.1425 Win: 0.08 valueNorm: 5 stepSize: 0.001 Win Time: 1166.94
Iteration 20700 Time: 54970 Score: 70.03 Size: 72.825 Loss: 0.155 Win: 0.085 valueNorm: 5 stepSize: 0.001 Win Time: 1146.53
Iteration 20800 Time: 55239 Score: 68.72 Size: 71.6925 Loss: 0.1625 Win: 0.075 valueNorm: 5 stepSize: 0.001 Win Time: 1158.93
Iteration 20900 Time: 55517 Score: 73.785 Size: 75.9075 Loss: 0.125 Win: 0.1275 valueNorm: 5 stepSize: 0.001 Win Time: 1162.04
Iteration 21000 Time: 55789 Score: 71.4725 Size: 74.0225 Loss: 0.1525 Win: 0.11 valueNorm: 5 stepSize: 0.001 Win Time: 1161.45
Iteration 21100 Time: 56065 Score: 70.35 Size: 73.1 Loss: 0.1325 Win: 0.065 valueNorm: 5 stepSize: 0.001 Win Time: 1150.12
Iteration 21200 Time: 56333 Score: 68.0175 Size: 71.35 Loss: 0.2 Win: 0.0775 valueNorm: 5 stepSize: 0.001 Win Time: 1148.1
Iteration 21300 Time: 56599 Score: 68.025 Size: 71.2025 Loss: 0.195 Win: 0.0875 valueNorm: 5 stepSize: 0.001 Win Time: 1163.8
Iteration 21400 Time: 56864 Score: 69.1325 Size: 72.3575 Loss: 0.195 Win: 0.085 valueNorm: 5 stepSize: 0.001 Win Time: 1149.82
Iteration 21500 Time: 57128 Score: 68.405 Size: 71.5475 Loss: 0.185 Win: 0.08 valueNorm: 5 stepSize: 0.001 Win Time: 1157.72
Iteration 21600 Time: 57393 Score: 67.5725 Size: 70.7575 Loss: 0.1625 Win: 0.05 valueNorm: 5 stepSize: 0.001 Win Time: 1134.35
Iteration 21700 Time: 57663 Score: 69.9175 Size: 72.8025 Loss: 0.15 Win: 0.07 valueNorm: 5 stepSize: 0.001 Win Time: 1152.43
Iteration 21800 Time: 57936 Score: 71.0475 Size: 73.7575 Loss: 0.1425 Win: 0.0825 valueNorm: 5 stepSize: 0.001 Win Time: 1157.94
Iteration 21900 Time: 58205 Score: 70.245 Size: 73.365 Loss: 0.1775 Win: 0.075 valueNorm: 5 stepSize: 0.001 Win Time: 1147.83
Iteration 22000 Time: 58478 Score: 72.295 Size: 74.71 Loss: 0.1375 Win: 0.1075 valueNorm: 5 stepSize: 0.001 Win Time: 1158.3
Iteration 22100 Time: 58734 Score: 65.6275 Size: 69.4575 Loss: 0.2475 Win: 0.075 valueNorm: 5 stepSize: 0.001 Win Time: 1144.97
Iteration 22200 Time: 58995 Score: 69.0625 Size: 71.9575 Loss: 0.16 Win: 0.08 valueNorm: 5 stepSize: 0.001 Win Time: 1162.5
Iteration 22300 Time: 59261 Score: 71.4275 Size: 74.005 Loss: 0.1425 Win: 0.0975 valueNorm: 5 stepSize: 0.001 Win Time: 1168.03
Iteration 22400 Time: 59530 Score: 69.9675 Size: 73.045 Loss: 0.1575 Win: 0.0575 valueNorm: 5 stepSize: 0.001 Win Time: 1161.65
Iteration 22500 Time: 59801 Score: 73.3075 Size: 75.4725 Loss: 0.125 Win: 0.1225 valueNorm: 5 stepSize: 0.001 Win Time: 1147.45
Iteration 22600 Time: 60061 Score: 70.22 Size: 72.92 Loss: 0.1475 Win: 0.0875 valueNorm: 5 stepSize: 0.001 Win Time: 1146.97
Iteration 22700 Time: 60319 Score: 68.7725 Size: 71.8825 Loss: 0.185 Win: 0.085 valueNorm: 5 stepSize: 0.001 Win Time: 1151.44
Iteration 22800 Time: 60585 Score: 72.375 Size: 74.9 Loss: 0.135 Win: 0.0925 valueNorm: 5 stepSize: 0.001 Win Time: 1159.11
Iteration 22900 Time: 60841 Score: 68.56 Size: 71.8575 Loss: 0.2075 Win: 0.0875 valueNorm: 5 stepSize: 0.001 Win Time: 1157.03
Iteration 23000 Time: 61100 Score: 70.745 Size: 73.48 Loss: 0.165 Win: 0.1025 valueNorm: 5 stepSize: 0.001 Win Time: 1155.07
Iteration 23100 Time: 61366 Score: 73.455 Size: 75.9125 Loss: 0.13 Win: 0.095 valueNorm: 5 stepSize: 0.001 Win Time: 1139.71
Iteration 23200 Time: 61621 Score: 68.77 Size: 71.95 Loss: 0.1925 Win: 0.085 valueNorm: 5 stepSize: 0.001 Win Time: 1153.56
Iteration 23300 Time: 61878 Score: 70.86 Size: 73.535 Loss: 0.1675 Win: 0.1125 valueNorm: 5 stepSize: 0.001 Win Time: 1148.49
Iteration 23400 Time: 62135 Score: 69.5775 Size: 72.535 Loss: 0.165 Win: 0.08 valueNorm: 5 stepSize: 0.001 Win Time: 1150.31
Iteration 23500 Time: 62393 Score: 70.8125 Size: 73.4025 Loss: 0.1325 Win: 0.0825 valueNorm: 5 stepSize: 0.001 Win Time: 1156.61
Iteration 23600 Time: 62647 Score: 69.5875 Size: 72.6675 Loss: 0.1875 Win: 0.09 valueNorm: 5 stepSize: 0.001 Win Time: 1148.47
Iteration 23700 Time: 62905 Score: 70.885 Size: 73.5975 Loss: 0.1575 Win: 0.0975 valueNorm: 5 stepSize: 0.001 Win Time: 1147.38
Iteration 23800 Time: 63162 Score: 71.6375 Size: 74.1075 Loss: 0.1375 Win: 0.1025 valueNorm: 5 stepSize: 0.001 Win Time: 1151.66
Iteration 23900 Time: 63414 Score: 70.4175 Size: 73.1125 Loss: 0.1575 Win: 0.1 valueNorm: 5 stepSize: 0.001 Win Time: 1157.97
Iteration 24000 Time: 63667 Score: 71.3775 Size: 74.035 Loss: 0.1675 Win: 0.115 valueNorm: 5 stepSize: 0.001 Win Time: 1151.63
Iteration 24100 Time: 63925 Score: 72.4875 Size: 75.1325 Loss: 0.145 Win: 0.0925 valueNorm: 5 stepSize: 0.001 Win Time: 1161.62
Iteration 24200 Time: 64178 Score: 69.67 Size: 72.71 Loss: 0.1725 Win: 0.0775 valueNorm: 5 stepSize: 0.001 Win Time: 1165.29
Iteration 24300 Time: 64427 Score: 68.7 Size: 71.6575 Loss: 0.18 Win: 0.095 valueNorm: 5 stepSize: 0.001 Win Time: 1155.26
Iteration 24400 Time: 64676 Score: 67.74 Size: 71.1 Loss: 0.2075 Win: 0.0825 valueNorm: 5 stepSize: 0.001 Win Time: 1144.85
Iteration 24500 Time: 64933 Score: 70.4875 Size: 73.185 Loss: 0.145 Win: 0.085 valueNorm: 5 stepSize: 0.001 Win Time: 1144.29
Iteration 24600 Time: 65187 Score: 70.9475 Size: 73.5575 Loss: 0.16 Win: 0.1125 valueNorm: 5 stepSize: 0.001 Win Time: 1160.69
Iteration 24700 Time: 65442 Score: 70.3575 Size: 73.24 Loss: 0.165 Win: 0.0875 valueNorm: 5 stepSize: 0.001 Win Time: 1139.14
Iteration 24800 Time: 65703 Score: 72.0975 Size: 74.685 Loss: 0.1375 Win: 0.09 valueNorm: 5 stepSize: 0.001 Win Time: 1153.83
Iteration 24900 Time: 65966 Score: 73.565 Size: 75.855 Loss: 0.1225 Win: 0.105 valueNorm: 5 stepSize: 0.001 Win Time: 1161.93
Iteration 25000 Time: 66223 Score: 70.57 Size: 73.51 Loss: 0.1575 Win: 0.0725 valueNorm: 5 stepSize: 0.001 Win Time: 1155.52
Evaluation score: 67.5344
