Training control Time: 1715011497
Hyperparameters: numRollouts: 4 batchSize: 512 numEpochs: 1 numIter: 25000 evalPeriod: 100 savePeriod: 100 alpha: 0.001000 GAEParam: 1.000000 
Iteration 100 Time: 210 Score: -1.87129 Size: 7.07921 Loss: 0.693069 Win: 0 valueNorm: 5 stepSize: 0.001
Iteration 200 Time: 467 Score: 1.9575 Size: 8.2925 Loss: 0.4325 Win: 0 valueNorm: 5 stepSize: 0.001
Iteration 300 Time: 729 Score: 2.99 Size: 9.5125 Loss: 0.45 Win: 0 valueNorm: 5 stepSize: 0.001
Iteration 400 Time: 983 Score: 4.26 Size: 10.7725 Loss: 0.45 Win: 0 valueNorm: 5 stepSize: 0.001
Iteration 500 Time: 1243 Score: 6.15 Size: 11.8825 Loss: 0.37 Win: 0 valueNorm: 5 stepSize: 0.001
Iteration 600 Time: 1507 Score: 7.37 Size: 13.405 Loss: 0.4 Win: 0 valueNorm: 5 stepSize: 0.001
Iteration 700 Time: 1776 Score: 8.9375 Size: 14.84 Loss: 0.3875 Win: 0 valueNorm: 5 stepSize: 0.001
Iteration 800 Time: 2037 Score: 9.2125 Size: 15.74 Loss: 0.4475 Win: 0 valueNorm: 5 stepSize: 0.001
Iteration 900 Time: 2288 Score: 10.44 Size: 16.99 Loss: 0.45 Win: 0 valueNorm: 5 stepSize: 0.001
Iteration 1000 Time: 2552 Score: 11.9125 Size: 17.7175 Loss: 0.375 Win: 0 valueNorm: 5 stepSize: 0.001
Iteration 1100 Time: 2813 Score: 12.775 Size: 18.7525 Loss: 0.3925 Win: 0 valueNorm: 5 stepSize: 0.001
Iteration 1200 Time: 3082 Score: 14.4 Size: 20.11 Loss: 0.3675 Win: 0 valueNorm: 5 stepSize: 0.001
Iteration 1300 Time: 3337 Score: 13.8475 Size: 20.54 Loss: 0.4625 Win: 0 valueNorm: 5 stepSize: 0.001
Iteration 1400 Time: 3593 Score: 14.9575 Size: 21.32 Loss: 0.43 Win: 0 valueNorm: 5 stepSize: 0.001
Iteration 1500 Time: 3847 Score: 16.15 Size: 23.305 Loss: 0.51 Win: 0 valueNorm: 5 stepSize: 0.001
Iteration 1600 Time: 4113 Score: 17.86 Size: 24.155 Loss: 0.425 Win: 0 valueNorm: 5 stepSize: 0.001
Iteration 1700 Time: 4355 Score: 17.8075 Size: 25.2625 Loss: 0.5375 Win: 0 valueNorm: 5 stepSize: 0.001
Iteration 1800 Time: 4604 Score: 19.2425 Size: 26.6175 Loss: 0.53 Win: 0 valueNorm: 5 stepSize: 0.001
Iteration 1900 Time: 4840 Score: 19.655 Size: 27.705 Loss: 0.6 Win: 0 valueNorm: 5 stepSize: 0.001
Iteration 2000 Time: 5079 Score: 22.0925 Size: 29.8925 Loss: 0.5725 Win: 0 valueNorm: 5 stepSize: 0.001
Iteration 2100 Time: 5319 Score: 22.755 Size: 31.075 Loss: 0.625 Win: 0 valueNorm: 5 stepSize: 0.001
Iteration 2200 Time: 5556 Score: 24.4925 Size: 33.1725 Loss: 0.66 Win: 0 valueNorm: 5 stepSize: 0.001
Iteration 2300 Time: 5788 Score: 26.145 Size: 35.4925 Loss: 0.7275 Win: 0 valueNorm: 5 stepSize: 0.001
Iteration 2400 Time: 6021 Score: 28.13 Size: 36.97 Loss: 0.675 Win: 0 valueNorm: 5 stepSize: 0.001
Iteration 2500 Time: 6256 Score: 30.8225 Size: 39.3875 Loss: 0.6475 Win: 0 valueNorm: 5 stepSize: 0.001
Iteration 2600 Time: 6467 Score: 30.94 Size: 40.73 Loss: 0.77 Win: 0 valueNorm: 5 stepSize: 0.001
Iteration 2700 Time: 6699 Score: 36.1725 Size: 45.015 Loss: 0.675 Win: 0 valueNorm: 5 stepSize: 0.001
Iteration 2800 Time: 6921 Score: 35.84 Size: 45.0575 Loss: 0.7125 Win: 0 valueNorm: 5 stepSize: 0.001
Iteration 2900 Time: 7150 Score: 38.3025 Size: 46.6 Loss: 0.6225 Win: 0 valueNorm: 5 stepSize: 0.001
Iteration 3000 Time: 7398 Score: 42.6575 Size: 49.7125 Loss: 0.5 Win: 0 valueNorm: 5 stepSize: 0.001
Iteration 3100 Time: 7631 Score: 40.6825 Size: 48.7325 Loss: 0.5975 Win: 0 valueNorm: 5 stepSize: 0.001
Iteration 3200 Time: 7882 Score: 45.3125 Size: 52.7375 Loss: 0.535 Win: 0 valueNorm: 5 stepSize: 0.001
Iteration 3300 Time: 8121 Score: 44.0525 Size: 51.3475 Loss: 0.5225 Win: 0 valueNorm: 5 stepSize: 0.001
Iteration 3400 Time: 8363 Score: 45.1575 Size: 52.665 Loss: 0.545 Win: 0 valueNorm: 5 stepSize: 0.001
Iteration 3500 Time: 8610 Score: 47.315 Size: 54.0975 Loss: 0.4725 Win: 0 valueNorm: 5 stepSize: 0.001
Iteration 3600 Time: 8862 Score: 47.665 Size: 54.235 Loss: 0.45 Win: 0 valueNorm: 5 stepSize: 0.001
Iteration 3700 Time: 9115 Score: 48.9925 Size: 55.6025 Loss: 0.455 Win: 0 valueNorm: 5 stepSize: 0.001
Iteration 3800 Time: 9353 Score: 46.3625 Size: 53.445 Loss: 0.5025 Win: 0 valueNorm: 5 stepSize: 0.001
Iteration 3900 Time: 9600 Score: 48.4625 Size: 55.35 Loss: 0.4825 Win: 0 valueNorm: 5 stepSize: 0.001
Iteration 4000 Time: 9849 Score: 49.045 Size: 55.5575 Loss: 0.445 Win: 0 valueNorm: 5 stepSize: 0.001
Iteration 4100 Time: 10099 Score: 49.78 Size: 55.7225 Loss: 0.3875 Win: 0 valueNorm: 5 stepSize: 0.001
Iteration 4200 Time: 10351 Score: 51.47 Size: 57.7525 Loss: 0.4225 Win: 0 valueNorm: 5 stepSize: 0.001
Iteration 4300 Time: 10600 Score: 50.6875 Size: 57.0875 Loss: 0.435 Win: 0 valueNorm: 5 stepSize: 0.001
Iteration 4400 Time: 10850 Score: 50.6875 Size: 56.76 Loss: 0.4 Win: 0 valueNorm: 5 stepSize: 0.001
Iteration 4500 Time: 11100 Score: 50.8075 Size: 57 Loss: 0.4125 Win: 0 valueNorm: 5 stepSize: 0.001
Iteration 4600 Time: 11359 Score: 52.035 Size: 58.2425 Loss: 0.415 Win: 0 valueNorm: 5 stepSize: 0.001
Iteration 4700 Time: 11616 Score: 51.9275 Size: 58.0375 Loss: 0.405 Win: 0 valueNorm: 5 stepSize: 0.001
Iteration 4800 Time: 11855 Score: 48.7925 Size: 55.735 Loss: 0.4875 Win: 0 valueNorm: 5 stepSize: 0.001
Iteration 4900 Time: 12109 Score: 52.5775 Size: 58.95 Loss: 0.43 Win: 0 valueNorm: 5 stepSize: 0.001
Iteration 5000 Time: 12352 Score: 50.0425 Size: 56.6675 Loss: 0.455 Win: 0 valueNorm: 5 stepSize: 0.001
Iteration 5100 Time: 12604 Score: 51.3275 Size: 57.95 Loss: 0.4575 Win: 0 valueNorm: 5 stepSize: 0.001
Iteration 5200 Time: 12853 Score: 51.8375 Size: 58.4175 Loss: 0.4525 Win: 0 valueNorm: 5 stepSize: 0.001
Iteration 5300 Time: 13108 Score: 53.33 Size: 59.1825 Loss: 0.38 Win: 0 valueNorm: 5 stepSize: 0.001
Iteration 5400 Time: 13357 Score: 50.9825 Size: 57.5875 Loss: 0.4525 Win: 0 valueNorm: 5 stepSize: 0.001
Iteration 5500 Time: 13604 Score: 49.8225 Size: 57.2875 Loss: 0.54 Win: 0 valueNorm: 5 stepSize: 0.001
Iteration 5600 Time: 13855 Score: 52.385 Size: 58.7275 Loss: 0.43 Win: 0 valueNorm: 5 stepSize: 0.001
Iteration 5700 Time: 14104 Score: 52.2525 Size: 58.27 Loss: 0.395 Win: 0 valueNorm: 5 stepSize: 0.001
Iteration 5800 Time: 14358 Score: 53.46 Size: 59.6525 Loss: 0.4125 Win: 0 valueNorm: 5 stepSize: 0.001
Iteration 5900 Time: 14604 Score: 53.3075 Size: 59.53 Loss: 0.4175 Win: 0 valueNorm: 5 stepSize: 0.001
Iteration 6000 Time: 14851 Score: 52.7725 Size: 59.0225 Loss: 0.42 Win: 0 valueNorm: 5 stepSize: 0.001
Iteration 6100 Time: 15103 Score: 53.91 Size: 59.56 Loss: 0.3575 Win: 0 valueNorm: 5 stepSize: 0.001
Iteration 6200 Time: 15360 Score: 55.175 Size: 60.92 Loss: 0.37 Win: 0 valueNorm: 5 stepSize: 0.001
Iteration 6300 Time: 15606 Score: 52.42 Size: 58.8775 Loss: 0.44 Win: 0 valueNorm: 5 stepSize: 0.001
Iteration 6400 Time: 15852 Score: 52.745 Size: 59 Loss: 0.42 Win: 0 valueNorm: 5 stepSize: 0.001
Iteration 6500 Time: 16097 Score: 53.2575 Size: 59.8125 Loss: 0.45 Win: 0 valueNorm: 5 stepSize: 0.001
Iteration 6600 Time: 16348 Score: 54.71 Size: 60.505 Loss: 0.375 Win: 0 valueNorm: 5 stepSize: 0.001
Iteration 6700 Time: 16611 Score: 57.025 Size: 62.155 Loss: 0.31 Win: 0 valueNorm: 5 stepSize: 0.001
Iteration 6800 Time: 16858 Score: 54.01 Size: 59.9425 Loss: 0.3875 Win: 0 valueNorm: 5 stepSize: 0.001
Iteration 6900 Time: 17104 Score: 53.665 Size: 59.85 Loss: 0.415 Win: 0 valueNorm: 5 stepSize: 0.001
Iteration 7000 Time: 17357 Score: 55.2225 Size: 60.85 Loss: 0.3575 Win: 0 valueNorm: 5 stepSize: 0.001
Iteration 7100 Time: 17608 Score: 55.8825 Size: 61.3675 Loss: 0.345 Win: 0 valueNorm: 5 stepSize: 0.001
Iteration 7200 Time: 17860 Score: 56.1875 Size: 61.5175 Loss: 0.3275 Win: 0 valueNorm: 5 stepSize: 0.001
Iteration 7300 Time: 18121 Score: 58.71 Size: 63.5175 Loss: 0.275 Win: 0 valueNorm: 5 stepSize: 0.001
Iteration 7400 Time: 18364 Score: 53.705 Size: 59.595 Loss: 0.3825 Win: 0 valueNorm: 5 stepSize: 0.001
Iteration 7500 Time: 18602 Score: 52.5675 Size: 58.8775 Loss: 0.425 Win: 0 valueNorm: 5 stepSize: 0.001
Iteration 7600 Time: 18848 Score: 54.2825 Size: 60.125 Loss: 0.38 Win: 0 valueNorm: 5 stepSize: 0.001
Iteration 7700 Time: 19093 Score: 54.215 Size: 60.1975 Loss: 0.395 Win: 0 valueNorm: 5 stepSize: 0.001
Iteration 7800 Time: 19344 Score: 55.6425 Size: 61.1275 Loss: 0.345 Win: 0 valueNorm: 5 stepSize: 0.001
Iteration 7900 Time: 19593 Score: 56.23 Size: 62.0975 Loss: 0.38 Win: 0 valueNorm: 5 stepSize: 0.001
Iteration 8000 Time: 19828 Score: 52.1125 Size: 58.655 Loss: 0.45 Win: 0 valueNorm: 5 stepSize: 0.001
Iteration 8100 Time: 20076 Score: 55.875 Size: 61.5975 Loss: 0.3675 Win: 0 valueNorm: 5 stepSize: 0.001
Iteration 8200 Time: 20318 Score: 55.12 Size: 60.735 Loss: 0.36 Win: 0.0025 valueNorm: 5 stepSize: 0.001 Win Time: 1200
Iteration 8300 Time: 20568 Score: 56.045 Size: 61.4 Loss: 0.3325 Win: 0 valueNorm: 5 stepSize: 0.001
Iteration 8400 Time: 20809 Score: 54.73 Size: 60.425 Loss: 0.365 Win: 0 valueNorm: 5 stepSize: 0.001
Iteration 8500 Time: 21060 Score: 57.0825 Size: 62.46 Loss: 0.3325 Win: 0 valueNorm: 5 stepSize: 0.001
Iteration 8600 Time: 21305 Score: 56.31 Size: 61.8925 Loss: 0.355 Win: 0 valueNorm: 5 stepSize: 0.001
Iteration 8700 Time: 21550 Score: 54.69 Size: 60.39 Loss: 0.365 Win: 0 valueNorm: 5 stepSize: 0.001
Iteration 8800 Time: 21808 Score: 57.655 Size: 62.675 Loss: 0.2975 Win: 0 valueNorm: 5 stepSize: 0.001
Iteration 8900 Time: 22058 Score: 56.125 Size: 61.8475 Loss: 0.3675 Win: 0 valueNorm: 5 stepSize: 0.001
Iteration 9000 Time: 22311 Score: 57.5 Size: 62.3425 Loss: 0.28 Win: 0 valueNorm: 5 stepSize: 0.001
Iteration 9100 Time: 22568 Score: 57.81 Size: 62.615 Loss: 0.2775 Win: 0 valueNorm: 5 stepSize: 0.001
Iteration 9200 Time: 22824 Score: 58.245 Size: 63.05 Loss: 0.28 Win: 0.0025 valueNorm: 5 stepSize: 0.001 Win Time: 1117
Iteration 9300 Time: 23079 Score: 58.915 Size: 63.7775 Loss: 0.28 Win: 0 valueNorm: 5 stepSize: 0.001
Iteration 9400 Time: 23323 Score: 54.5725 Size: 60.525 Loss: 0.39 Win: 0 valueNorm: 5 stepSize: 0.001
Iteration 9500 Time: 23564 Score: 53.4625 Size: 59.5225 Loss: 0.4 Win: 0 valueNorm: 5 stepSize: 0.001
Iteration 9600 Time: 23824 Score: 58.415 Size: 63.2725 Loss: 0.2825 Win: 0 valueNorm: 5 stepSize: 0.001
Iteration 9700 Time: 24073 Score: 55.8625 Size: 61.6 Loss: 0.3675 Win: 0 valueNorm: 5 stepSize: 0.001
Iteration 9800 Time: 24323 Score: 55.7025 Size: 61.5525 Loss: 0.38 Win: 0 valueNorm: 5 stepSize: 0.001
Iteration 9900 Time: 24579 Score: 58.3225 Size: 63.2975 Loss: 0.2925 Win: 0 valueNorm: 5 stepSize: 0.001
Iteration 10000 Time: 24824 Score: 54.6825 Size: 60.5975 Loss: 0.3875 Win: 0 valueNorm: 5 stepSize: 0.001
Iteration 10100 Time: 25072 Score: 56.9375 Size: 62.75 Loss: 0.3775 Win: 0.0025 valueNorm: 5 stepSize: 0.001 Win Time: 1160
Iteration 10200 Time: 25310 Score: 54.21 Size: 60.47 Loss: 0.4225 Win: 0.0025 valueNorm: 5 stepSize: 0.001 Win Time: 1097
Iteration 10300 Time: 25554 Score: 56.085 Size: 62.14 Loss: 0.3975 Win: 0 valueNorm: 5 stepSize: 0.001
Iteration 10400 Time: 25796 Score: 55.3375 Size: 61.5575 Loss: 0.415 Win: 0 valueNorm: 5 stepSize: 0.001
Iteration 10500 Time: 26045 Score: 57.8975 Size: 63.575 Loss: 0.3625 Win: 0 valueNorm: 5 stepSize: 0.001
Iteration 10600 Time: 26289 Score: 57.185 Size: 62.935 Loss: 0.37 Win: 0 valueNorm: 5 stepSize: 0.001
Iteration 10700 Time: 26533 Score: 58.65 Size: 63.7075 Loss: 0.3125 Win: 0.0125 valueNorm: 5 stepSize: 0.001 Win Time: 1157.2
Iteration 10800 Time: 26766 Score: 56.5975 Size: 62.43 Loss: 0.395 Win: 0.0175 valueNorm: 5 stepSize: 0.001 Win Time: 1172.14
Iteration 10900 Time: 27004 Score: 57.5575 Size: 63.5225 Loss: 0.405 Win: 0.0175 valueNorm: 5 stepSize: 0.001 Win Time: 1171.57
Iteration 11000 Time: 27246 Score: 58.7025 Size: 64.0375 Loss: 0.3475 Win: 0.02 valueNorm: 5 stepSize: 0.001 Win Time: 1171.88
Iteration 11100 Time: 27493 Score: 60.54 Size: 65.61 Loss: 0.3225 Win: 0.02 valueNorm: 5 stepSize: 0.001 Win Time: 1166.38
Iteration 11200 Time: 27723 Score: 56.0475 Size: 61.8275 Loss: 0.4 Win: 0.03 valueNorm: 5 stepSize: 0.001 Win Time: 1160.83
Iteration 11300 Time: 27969 Score: 59.295 Size: 64.2175 Loss: 0.2925 Win: 0.0075 valueNorm: 5 stepSize: 0.001 Win Time: 1158.67
Iteration 11400 Time: 28223 Score: 62.1425 Size: 66.59 Loss: 0.2525 Win: 0.0125 valueNorm: 5 stepSize: 0.001 Win Time: 1119.6
Iteration 11500 Time: 28479 Score: 63.0425 Size: 67.2575 Loss: 0.2375 Win: 0.02 valueNorm: 5 stepSize: 0.001 Win Time: 1168
Iteration 11600 Time: 28727 Score: 61.0125 Size: 65.85 Loss: 0.305 Win: 0.0275 valueNorm: 5 stepSize: 0.001 Win Time: 1151
Iteration 11700 Time: 28971 Score: 60.2025 Size: 65.425 Loss: 0.34 Win: 0.025 valueNorm: 5 stepSize: 0.001 Win Time: 1157.8
Iteration 11800 Time: 29214 Score: 59.6675 Size: 64.75 Loss: 0.325 Win: 0.025 valueNorm: 5 stepSize: 0.001 Win Time: 1154.5
Iteration 11900 Time: 29465 Score: 62.775 Size: 67.23 Loss: 0.2825 Win: 0.0475 valueNorm: 5 stepSize: 0.001 Win Time: 1151.37
Iteration 12000 Time: 29715 Score: 60.615 Size: 65.3425 Loss: 0.2775 Win: 0.01 valueNorm: 5 stepSize: 0.001 Win Time: 1138.75
Iteration 12100 Time: 29974 Score: 63.14 Size: 67.38 Loss: 0.2425 Win: 0.025 valueNorm: 5 stepSize: 0.001 Win Time: 1148.9
Iteration 12200 Time: 30220 Score: 60.575 Size: 65.5375 Loss: 0.315 Win: 0.025 valueNorm: 5 stepSize: 0.001 Win Time: 1154.4
Iteration 12300 Time: 30458 Score: 58.96 Size: 64.16 Loss: 0.34 Win: 0.0275 valueNorm: 5 stepSize: 0.001 Win Time: 1148
Iteration 12400 Time: 30697 Score: 58.51 Size: 63.9425 Loss: 0.365 Win: 0.03 valueNorm: 5 stepSize: 0.001 Win Time: 1172.08
Iteration 12500 Time: 30942 Score: 60.405 Size: 65.5325 Loss: 0.3325 Win: 0.025 valueNorm: 5 stepSize: 0.001 Win Time: 1140.9
Iteration 12600 Time: 31189 Score: 61.6025 Size: 66.3975 Loss: 0.3125 Win: 0.04 valueNorm: 5 stepSize: 0.001 Win Time: 1161.69
Iteration 12700 Time: 31428 Score: 58.435 Size: 63.6075 Loss: 0.3375 Win: 0.0275 valueNorm: 5 stepSize: 0.001 Win Time: 1148
Iteration 12800 Time: 31688 Score: 64.9025 Size: 68.7675 Loss: 0.215 Win: 0.0375 valueNorm: 5 stepSize: 0.001 Win Time: 1159.8
Iteration 12900 Time: 31943 Score: 64.32 Size: 68.525 Loss: 0.255 Win: 0.0425 valueNorm: 5 stepSize: 0.001 Win Time: 1171.94
Iteration 13000 Time: 32192 Score: 63.865 Size: 68.1625 Loss: 0.2775 Win: 0.0575 valueNorm: 5 stepSize: 0.001 Win Time: 1158
Iteration 13100 Time: 32443 Score: 64.1225 Size: 68.45 Loss: 0.27 Win: 0.045 valueNorm: 5 stepSize: 0.001 Win Time: 1170.33
Iteration 13200 Time: 32687 Score: 62.32 Size: 66.965 Loss: 0.295 Win: 0.04 valueNorm: 5 stepSize: 0.001 Win Time: 1160.56
Iteration 13300 Time: 32928 Score: 61.9625 Size: 66.7725 Loss: 0.3375 Win: 0.0675 valueNorm: 5 stepSize: 0.001 Win Time: 1145.26
Iteration 13400 Time: 33168 Score: 60.8475 Size: 65.6475 Loss: 0.3125 Win: 0.04 valueNorm: 5 stepSize: 0.001 Win Time: 1165.12
Iteration 13500 Time: 33418 Score: 65.225 Size: 69.535 Loss: 0.27 Win: 0.0475 valueNorm: 5 stepSize: 0.001 Win Time: 1166.26
Iteration 13600 Time: 33667 Score: 63.71 Size: 68.1025 Loss: 0.2775 Win: 0.0475 valueNorm: 5 stepSize: 0.001 Win Time: 1171.32
Iteration 13700 Time: 33911 Score: 61.905 Size: 66.625 Loss: 0.3125 Win: 0.05 valueNorm: 5 stepSize: 0.001 Win Time: 1152.55
Iteration 13800 Time: 34162 Score: 64.9675 Size: 69.075 Loss: 0.2625 Win: 0.0625 valueNorm: 5 stepSize: 0.001 Win Time: 1147.72
Iteration 13900 Time: 34408 Score: 62.8275 Size: 67.335 Loss: 0.3025 Win: 0.0625 valueNorm: 5 stepSize: 0.001 Win Time: 1161.4
Iteration 14000 Time: 34657 Score: 62.78 Size: 67.455 Loss: 0.2875 Win: 0.0275 valueNorm: 5 stepSize: 0.001 Win Time: 1150.64
Iteration 14100 Time: 34907 Score: 65.2 Size: 69.345 Loss: 0.2725 Win: 0.0675 valueNorm: 5 stepSize: 0.001 Win Time: 1140.85
Iteration 14200 Time: 35161 Score: 66.35 Size: 70.075 Loss: 0.2325 Win: 0.07 valueNorm: 5 stepSize: 0.001 Win Time: 1146.68
Iteration 14300 Time: 35416 Score: 66.5375 Size: 70.4075 Loss: 0.2375 Win: 0.06 valueNorm: 5 stepSize: 0.001 Win Time: 1155.46
Iteration 14400 Time: 35671 Score: 65.0775 Size: 69.07 Loss: 0.2375 Win: 0.0475 valueNorm: 5 stepSize: 0.001 Win Time: 1156.84
Iteration 14500 Time: 35921 Score: 62.4475 Size: 66.94 Loss: 0.275 Win: 0.0325 valueNorm: 5 stepSize: 0.001 Win Time: 1149
Iteration 14600 Time: 36167 Score: 62.7525 Size: 67.4175 Loss: 0.305 Win: 0.0475 valueNorm: 5 stepSize: 0.001 Win Time: 1150.63
Iteration 14700 Time: 36418 Score: 64.485 Size: 68.63 Loss: 0.2575 Win: 0.0525 valueNorm: 5 stepSize: 0.001 Win Time: 1142.81
Iteration 14800 Time: 36666 Score: 63.88 Size: 68.2025 Loss: 0.2775 Win: 0.0525 valueNorm: 5 stepSize: 0.001 Win Time: 1164.1
Iteration 14900 Time: 36907 Score: 62.53 Size: 67.0575 Loss: 0.3075 Win: 0.065 valueNorm: 5 stepSize: 0.001 Win Time: 1149.08
Iteration 15000 Time: 37154 Score: 63.9275 Size: 67.9975 Loss: 0.265 Win: 0.07 valueNorm: 5 stepSize: 0.001 Win Time: 1161.43
Iteration 15100 Time: 37407 Score: 66.69 Size: 70.5375 Loss: 0.2375 Win: 0.0625 valueNorm: 5 stepSize: 0.001 Win Time: 1173.04
Iteration 15200 Time: 37662 Score: 65.4625 Size: 69.4 Loss: 0.2375 Win: 0.0525 valueNorm: 5 stepSize: 0.001 Win Time: 1155.67
Iteration 15300 Time: 37928 Score: 69.0525 Size: 72.3125 Loss: 0.18 Win: 0.065 valueNorm: 5 stepSize: 0.001 Win Time: 1162.15
Iteration 15400 Time: 38179 Score: 65.395 Size: 69.435 Loss: 0.2475 Win: 0.0525 valueNorm: 5 stepSize: 0.001 Win Time: 1164.29
Iteration 15500 Time: 38428 Score: 64.335 Size: 68.51 Loss: 0.2675 Win: 0.06 valueNorm: 5 stepSize: 0.001 Win Time: 1174.62
Iteration 15600 Time: 38686 Score: 66.755 Size: 70.33 Loss: 0.225 Win: 0.0775 valueNorm: 5 stepSize: 0.001 Win Time: 1165.87
Iteration 15700 Time: 38933 Score: 63.52 Size: 67.9425 Loss: 0.29 Win: 0.0575 valueNorm: 5 stepSize: 0.001 Win Time: 1152.96
Iteration 15800 Time: 39182 Score: 66.02 Size: 69.9175 Loss: 0.2575 Win: 0.0775 valueNorm: 5 stepSize: 0.001 Win Time: 1162.58
Iteration 15900 Time: 39424 Score: 63.545 Size: 68.1325 Loss: 0.3175 Win: 0.07 valueNorm: 5 stepSize: 0.001 Win Time: 1157.04
Iteration 16000 Time: 39661 Score: 61.6825 Size: 66.375 Loss: 0.325 Win: 0.065 valueNorm: 5 stepSize: 0.001 Win Time: 1163.69
Iteration 16100 Time: 39898 Score: 61.31 Size: 66.1275 Loss: 0.33 Win: 0.06 valueNorm: 5 stepSize: 0.001 Win Time: 1150.46
Iteration 16200 Time: 40156 Score: 65.0525 Size: 68.9875 Loss: 0.245 Win: 0.06 valueNorm: 5 stepSize: 0.001 Win Time: 1160
Iteration 16300 Time: 40420 Score: 66.4975 Size: 70.25 Loss: 0.2325 Win: 0.0675 valueNorm: 5 stepSize: 0.001 Win Time: 1148.48
Iteration 16400 Time: 40679 Score: 64.05 Size: 68.3925 Loss: 0.265 Win: 0.0375 valueNorm: 5 stepSize: 0.001 Win Time: 1166.47
Iteration 16500 Time: 40933 Score: 63.6275 Size: 68.1375 Loss: 0.295 Win: 0.0525 valueNorm: 5 stepSize: 0.001 Win Time: 1139.67
Iteration 16600 Time: 41187 Score: 64.6675 Size: 68.9225 Loss: 0.2775 Win: 0.06 valueNorm: 5 stepSize: 0.001 Win Time: 1169.46
Iteration 16700 Time: 41445 Score: 65.62 Size: 69.635 Loss: 0.2525 Win: 0.06 valueNorm: 5 stepSize: 0.001 Win Time: 1155.46
Iteration 16800 Time: 41704 Score: 66.9625 Size: 70.6075 Loss: 0.2425 Win: 0.09 valueNorm: 5 stepSize: 0.001 Win Time: 1153.81
Iteration 16900 Time: 41968 Score: 67.4525 Size: 70.895 Loss: 0.2125 Win: 0.08 valueNorm: 5 stepSize: 0.001 Win Time: 1149.94
Iteration 17000 Time: 42228 Score: 66.2425 Size: 70.265 Loss: 0.2625 Win: 0.07 valueNorm: 5 stepSize: 0.001 Win Time: 1154.57
Iteration 17100 Time: 42482 Score: 63.7875 Size: 68.1525 Loss: 0.2875 Win: 0.06 valueNorm: 5 stepSize: 0.001 Win Time: 1144.33
Iteration 17200 Time: 42737 Score: 63.5425 Size: 67.835 Loss: 0.285 Win: 0.065 valueNorm: 5 stepSize: 0.001 Win Time: 1160.46
Iteration 17300 Time: 42997 Score: 65.7625 Size: 69.8275 Loss: 0.255 Win: 0.0575 valueNorm: 5 stepSize: 0.001 Win Time: 1158.3
Iteration 17400 Time: 43252 Score: 63.965 Size: 68.1025 Loss: 0.2625 Win: 0.0575 valueNorm: 5 stepSize: 0.001 Win Time: 1143.91
Iteration 17500 Time: 43491 Score: 60.5575 Size: 65.4225 Loss: 0.3475 Win: 0.0725 valueNorm: 5 stepSize: 0.001 Win Time: 1168.62
Iteration 17600 Time: 43753 Score: 67.52 Size: 71.24 Loss: 0.25 Win: 0.09 valueNorm: 5 stepSize: 0.001 Win Time: 1155.42
Iteration 17700 Time: 44017 Score: 69.2775 Size: 72.7875 Loss: 0.23 Win: 0.09 valueNorm: 5 stepSize: 0.001 Win Time: 1157.97
Iteration 17800 Time: 44273 Score: 66.9425 Size: 70.8175 Loss: 0.2525 Win: 0.075 valueNorm: 5 stepSize: 0.001 Win Time: 1157.8
Iteration 17900 Time: 44530 Score: 66.8375 Size: 70.57 Loss: 0.275 Win: 0.1175 valueNorm: 5 stepSize: 0.001 Win Time: 1148.74
Iteration 18000 Time: 44778 Score: 62.01 Size: 66.7725 Loss: 0.3225 Win: 0.055 valueNorm: 5 stepSize: 0.001 Win Time: 1161.55
Iteration 18100 Time: 45035 Score: 64.95 Size: 68.97 Loss: 0.275 Win: 0.085 valueNorm: 5 stepSize: 0.001 Win Time: 1160.03
Iteration 18200 Time: 45301 Score: 68.9525 Size: 72.2675 Loss: 0.215 Win: 0.0975 valueNorm: 5 stepSize: 0.001 Win Time: 1159.74
Iteration 18300 Time: 45566 Score: 70.89 Size: 73.745 Loss: 0.215 Win: 0.1475 valueNorm: 5 stepSize: 0.001 Win Time: 1151.59
Iteration 18400 Time: 45820 Score: 67.36 Size: 70.8925 Loss: 0.265 Win: 0.1275 valueNorm: 5 stepSize: 0.001 Win Time: 1153.92
Iteration 18500 Time: 46071 Score: 63.4 Size: 67.8175 Loss: 0.2925 Win: 0.06 valueNorm: 5 stepSize: 0.001 Win Time: 1154.5
Iteration 18600 Time: 46322 Score: 62.64 Size: 67.14 Loss: 0.3125 Win: 0.0725 valueNorm: 5 stepSize: 0.001 Win Time: 1155.48
Iteration 18700 Time: 46574 Score: 65.0825 Size: 69.1925 Loss: 0.28 Win: 0.08 valueNorm: 5 stepSize: 0.001 Win Time: 1158.97
Iteration 18800 Time: 46823 Score: 65.245 Size: 69.175 Loss: 0.3025 Win: 0.125 valueNorm: 5 stepSize: 0.001 Win Time: 1153.74
Iteration 18900 Time: 47061 Score: 62.725 Size: 67.0375 Loss: 0.3375 Win: 0.1225 valueNorm: 5 stepSize: 0.001 Win Time: 1154.12
Iteration 19000 Time: 47305 Score: 62.745 Size: 67.1525 Loss: 0.31 Win: 0.08 valueNorm: 5 stepSize: 0.001 Win Time: 1147.94
Iteration 19100 Time: 47558 Score: 65.67 Size: 69.6475 Loss: 0.28 Win: 0.095 valueNorm: 5 stepSize: 0.001 Win Time: 1152.97
Iteration 19200 Time: 47812 Score: 66.565 Size: 70.02 Loss: 0.24 Win: 0.1075 valueNorm: 5 stepSize: 0.001 Win Time: 1157.28
Iteration 19300 Time: 48065 Score: 66.5425 Size: 70.2325 Loss: 0.255 Win: 0.0975 valueNorm: 5 stepSize: 0.001 Win Time: 1146.79
Iteration 19400 Time: 48318 Score: 67.0625 Size: 70.815 Loss: 0.2725 Win: 0.1125 valueNorm: 5 stepSize: 0.001 Win Time: 1157.2
Iteration 19500 Time: 48556 Score: 61.9325 Size: 66.55 Loss: 0.34 Win: 0.0925 valueNorm: 5 stepSize: 0.001 Win Time: 1136.62
Iteration 19600 Time: 48807 Score: 64.0525 Size: 68.2675 Loss: 0.2975 Win: 0.09 valueNorm: 5 stepSize: 0.001 Win Time: 1150.11
Iteration 19700 Time: 49063 Score: 66.51 Size: 70.3075 Loss: 0.255 Win: 0.0875 valueNorm: 5 stepSize: 0.001 Win Time: 1164.09
Iteration 19800 Time: 49316 Score: 65.635 Size: 69.625 Loss: 0.285 Win: 0.1 valueNorm: 5 stepSize: 0.001 Win Time: 1144.53
Iteration 19900 Time: 49569 Score: 66.47 Size: 70.46 Loss: 0.275 Win: 0.0875 valueNorm: 5 stepSize: 0.001 Win Time: 1151.89
Iteration 20000 Time: 49822 Score: 65.7075 Size: 69.445 Loss: 0.26 Win: 0.0975 valueNorm: 5 stepSize: 0.001 Win Time: 1149.1
Iteration 20100 Time: 50073 Score: 66.235 Size: 70.0475 Loss: 0.27 Win: 0.1025 valueNorm: 5 stepSize: 0.001 Win Time: 1156.49
Iteration 20200 Time: 50328 Score: 65.86 Size: 69.575 Loss: 0.255 Win: 0.095 valueNorm: 5 stepSize: 0.001 Win Time: 1164.03
Iteration 20300 Time: 50582 Score: 64.185 Size: 68.4925 Loss: 0.2925 Win: 0.0725 valueNorm: 5 stepSize: 0.001 Win Time: 1148.79
Iteration 20400 Time: 50838 Score: 69.15 Size: 72.525 Loss: 0.265 Win: 0.145 valueNorm: 5 stepSize: 0.001 Win Time: 1144.31
Iteration 20500 Time: 51091 Score: 67.34 Size: 71.005 Loss: 0.2675 Win: 0.115 valueNorm: 5 stepSize: 0.001 Win Time: 1151.61
Iteration 20600 Time: 51355 Score: 71.5225 Size: 74.2425 Loss: 0.1975 Win: 0.1425 valueNorm: 5 stepSize: 0.001 Win Time: 1152.32
Iteration 20700 Time: 51617 Score: 70.2475 Size: 73.3975 Loss: 0.235 Win: 0.135 valueNorm: 5 stepSize: 0.001 Win Time: 1155.43
Iteration 20800 Time: 51859 Score: 64.755 Size: 68.6575 Loss: 0.3125 Win: 0.14 valueNorm: 5 stepSize: 0.001 Win Time: 1146.52
Iteration 20900 Time: 52125 Score: 71.12 Size: 73.71 Loss: 0.1925 Win: 0.15 valueNorm: 5 stepSize: 0.001 Win Time: 1148.98
Iteration 21000 Time: 52381 Score: 70.725 Size: 73.9375 Loss: 0.2575 Win: 0.155 valueNorm: 5 stepSize: 0.001 Win Time: 1147.52
Iteration 21100 Time: 52617 Score: 63.555 Size: 67.78 Loss: 0.3275 Win: 0.12 valueNorm: 5 stepSize: 0.001 Win Time: 1148.27
Iteration 21200 Time: 52873 Score: 70.685 Size: 73.6775 Loss: 0.2375 Win: 0.1575 valueNorm: 5 stepSize: 0.001 Win Time: 1149.9
Iteration 21300 Time: 53114 Score: 67.5425 Size: 71.2675 Loss: 0.315 Win: 0.1625 valueNorm: 5 stepSize: 0.001 Win Time: 1146.35
Iteration 21400 Time: 53356 Score: 67.235 Size: 70.995 Loss: 0.31 Win: 0.1525 valueNorm: 5 stepSize: 0.001 Win Time: 1145.82
Iteration 21500 Time: 53602 Score: 68.8175 Size: 72.1775 Loss: 0.2875 Win: 0.1725 valueNorm: 5 stepSize: 0.001 Win Time: 1145.78
Iteration 21600 Time: 53853 Score: 69.04 Size: 72.235 Loss: 0.25 Win: 0.1475 valueNorm: 5 stepSize: 0.001 Win Time: 1142.51
Iteration 21700 Time: 54113 Score: 73.415 Size: 75.6825 Loss: 0.205 Win: 0.2 valueNorm: 5 stepSize: 0.001 Win Time: 1156.11
Iteration 21800 Time: 54362 Score: 69.1225 Size: 72.5775 Loss: 0.2775 Win: 0.15 valueNorm: 5 stepSize: 0.001 Win Time: 1142.15
Iteration 21900 Time: 54611 Score: 70.3075 Size: 73.505 Loss: 0.2725 Win: 0.1725 valueNorm: 5 stepSize: 0.001 Win Time: 1133.65
Iteration 22000 Time: 54859 Score: 69.6125 Size: 72.9625 Loss: 0.285 Win: 0.17 valueNorm: 5 stepSize: 0.001 Win Time: 1142.59
Iteration 22100 Time: 55112 Score: 70.6875 Size: 73.835 Loss: 0.2625 Win: 0.1675 valueNorm: 5 stepSize: 0.001 Win Time: 1140.91
Iteration 22200 Time: 55365 Score: 71.5975 Size: 74.4375 Loss: 0.2525 Win: 0.19 valueNorm: 5 stepSize: 0.001 Win Time: 1146.7
Iteration 22300 Time: 55613 Score: 69.99 Size: 73.375 Loss: 0.285 Win: 0.1675 valueNorm: 5 stepSize: 0.001 Win Time: 1147.67
Iteration 22400 Time: 55864 Score: 72.0625 Size: 74.9475 Loss: 0.275 Win: 0.2125 valueNorm: 5 stepSize: 0.001 Win Time: 1143.87
Iteration 22500 Time: 56116 Score: 73.4925 Size: 75.955 Loss: 0.2475 Win: 0.2275 valueNorm: 5 stepSize: 0.001 Win Time: 1138.47
Iteration 22600 Time: 56360 Score: 70.4625 Size: 73.3875 Loss: 0.2875 Win: 0.22 valueNorm: 5 stepSize: 0.001 Win Time: 1148.12
Iteration 22700 Time: 56616 Score: 73.215 Size: 75.765 Loss: 0.2325 Win: 0.2 valueNorm: 5 stepSize: 0.001 Win Time: 1153.59
Iteration 22800 Time: 56859 Score: 70.895 Size: 73.8375 Loss: 0.2625 Win: 0.19 valueNorm: 5 stepSize: 0.001 Win Time: 1132.33
Iteration 22900 Time: 57110 Score: 71.355 Size: 74.2125 Loss: 0.235 Win: 0.17 valueNorm: 5 stepSize: 0.001 Win Time: 1144.09
Iteration 23000 Time: 57357 Score: 69.28 Size: 72.58 Loss: 0.25 Win: 0.1375 valueNorm: 5 stepSize: 0.001 Win Time: 1154.45
Iteration 23100 Time: 57601 Score: 66.79 Size: 70.3725 Loss: 0.29 Win: 0.15 valueNorm: 5 stepSize: 0.001 Win Time: 1141.23
Iteration 23200 Time: 57843 Score: 69.4575 Size: 72.6375 Loss: 0.2875 Win: 0.1925 valueNorm: 5 stepSize: 0.001 Win Time: 1143
Iteration 23300 Time: 58090 Score: 72.14 Size: 74.9025 Loss: 0.2675 Win: 0.215 valueNorm: 5 stepSize: 0.001 Win Time: 1138.56
Iteration 23400 Time: 58327 Score: 69.915 Size: 72.87 Loss: 0.3 Win: 0.2325 valueNorm: 5 stepSize: 0.001 Win Time: 1151.92
Iteration 23500 Time: 58568 Score: 69.6575 Size: 72.8425 Loss: 0.2875 Win: 0.1925 valueNorm: 5 stepSize: 0.001 Win Time: 1134.74
Iteration 23600 Time: 58816 Score: 74.355 Size: 76.48 Loss: 0.2325 Win: 0.2475 valueNorm: 5 stepSize: 0.001 Win Time: 1141.6
Iteration 23700 Time: 59071 Score: 76.0375 Size: 77.9975 Loss: 0.1875 Win: 0.215 valueNorm: 5 stepSize: 0.001 Win Time: 1142.72
Iteration 23800 Time: 59314 Score: 71.1475 Size: 74.245 Loss: 0.2875 Win: 0.2025 valueNorm: 5 stepSize: 0.001 Win Time: 1148.58
Iteration 23900 Time: 59551 Score: 70.0475 Size: 73.17 Loss: 0.305 Win: 0.2175 valueNorm: 5 stepSize: 0.001 Win Time: 1136.34
Iteration 24000 Time: 59792 Score: 72.7475 Size: 75.275 Loss: 0.2575 Win: 0.23 valueNorm: 5 stepSize: 0.001 Win Time: 1140.54
Iteration 24100 Time: 60033 Score: 72.3125 Size: 75.1025 Loss: 0.26 Win: 0.205 valueNorm: 5 stepSize: 0.001 Win Time: 1142.2
Iteration 24200 Time: 60280 Score: 73.1725 Size: 75.81 Loss: 0.2175 Win: 0.175 valueNorm: 5 stepSize: 0.001 Win Time: 1145.19
Iteration 24300 Time: 60513 Score: 69.5725 Size: 72.9375 Loss: 0.2975 Win: 0.185 valueNorm: 5 stepSize: 0.001 Win Time: 1134.12
Iteration 24400 Time: 60750 Score: 68.42 Size: 71.8125 Loss: 0.2775 Win: 0.1575 valueNorm: 5 stepSize: 0.001 Win Time: 1150.75
Iteration 24500 Time: 60984 Score: 68.78 Size: 72.11 Loss: 0.2825 Win: 0.17 valueNorm: 5 stepSize: 0.001 Win Time: 1143.59
Iteration 24600 Time: 61216 Score: 70.02 Size: 73.235 Loss: 0.3075 Win: 0.2125 valueNorm: 5 stepSize: 0.001 Win Time: 1142.55
Iteration 24700 Time: 61446 Score: 70.795 Size: 73.5525 Loss: 0.29 Win: 0.2425 valueNorm: 5 stepSize: 0.001 Win Time: 1140.73
Iteration 24800 Time: 61688 Score: 75.4875 Size: 77.39 Loss: 0.2225 Win: 0.26 valueNorm: 5 stepSize: 0.001 Win Time: 1145.87
Iteration 24900 Time: 61933 Score: 75.5975 Size: 77.73 Loss: 0.2175 Win: 0.23 valueNorm: 5 stepSize: 0.001 Win Time: 1141.83
Iteration 25000 Time: 62167 Score: 71.1225 Size: 74.045 Loss: 0.27 Win: 0.2 valueNorm: 5 stepSize: 0.001 Win Time: 1142.03
Evaluation score: 66.8988
