Training control Time: 1715011497
Hyperparameters: numRollouts: 1 batchSize: 128 numEpochs: 1 numIter: 100000 evalPeriod: 400 savePeriod: 400 alpha: 0.001000 GAEParam: 0.950000 
Iteration 400 Time: 216 Score: 0.789216 Size: 8.94853 Loss: 0.612745 Win: 0 valueNorm: 5 stepSize: 0.001
Iteration 800 Time: 430 Score: 8.41568 Size: 16.1829 Loss: 0.572447 Win: 0 valueNorm: 5 stepSize: 0.001
Iteration 1200 Time: 653 Score: 13.0461 Size: 20.7985 Loss: 0.572816 Win: 0 valueNorm: 5 stepSize: 0.001
Iteration 1600 Time: 872 Score: 15.4526 Size: 23.5985 Loss: 0.613139 Win: 0 valueNorm: 5 stepSize: 0.001
Iteration 2000 Time: 1088 Score: 17.4119 Size: 26.2643 Loss: 0.683333 Win: 0 valueNorm: 5 stepSize: 0.001
Iteration 2400 Time: 1316 Score: 20.8964 Size: 29.0795 Loss: 0.616867 Win: 0 valueNorm: 5 stepSize: 0.001
Iteration 2800 Time: 1563 Score: 24.436 Size: 33.3436 Loss: 0.689573 Win: 0 valueNorm: 5 stepSize: 0.001
Iteration 3200 Time: 1825 Score: 32.8759 Size: 40.5134 Loss: 0.562044 Win: 0 valueNorm: 5 stepSize: 0.001
Iteration 3600 Time: 2096 Score: 37.5626 Size: 44.6147 Loss: 0.503546 Win: 0 valueNorm: 5 stepSize: 0.001
Iteration 4000 Time: 2363 Score: 38.8941 Size: 45.8494 Loss: 0.494118 Win: 0 valueNorm: 5 stepSize: 0.001
Iteration 4400 Time: 2632 Score: 42.3962 Size: 49.3795 Loss: 0.49642 Win: 0 valueNorm: 5 stepSize: 0.001
Iteration 4800 Time: 2901 Score: 42.9953 Size: 49.6235 Loss: 0.461176 Win: 0 valueNorm: 5 stepSize: 0.001
Iteration 5200 Time: 3181 Score: 45.684 Size: 52.1368 Loss: 0.443396 Win: 0 valueNorm: 5 stepSize: 0.001
Iteration 5600 Time: 3457 Score: 46.0189 Size: 52.4846 Loss: 0.444444 Win: 0 valueNorm: 5 stepSize: 0.001
Iteration 6000 Time: 3737 Score: 47.7321 Size: 53.5981 Loss: 0.385167 Win: 0 valueNorm: 5 stepSize: 0.001
Iteration 6400 Time: 4016 Score: 47.6824 Size: 53.5035 Loss: 0.381176 Win: 0 valueNorm: 5 stepSize: 0.001
Iteration 6800 Time: 4294 Score: 47.737 Size: 53.7275 Loss: 0.395735 Win: 0 valueNorm: 5 stepSize: 0.001
Iteration 7200 Time: 4569 Score: 48.4727 Size: 54.4869 Loss: 0.39905 Win: 0 valueNorm: 5 stepSize: 0.001
Iteration 7600 Time: 4834 Score: 48.7589 Size: 55.0024 Loss: 0.420048 Win: 0 valueNorm: 5 stepSize: 0.001
Iteration 8000 Time: 5095 Score: 50.3471 Size: 56.1772 Loss: 0.381068 Win: 0 valueNorm: 5 stepSize: 0.001
Iteration 8400 Time: 5350 Score: 49.8417 Size: 55.7146 Loss: 0.383693 Win: 0 valueNorm: 5 stepSize: 0.001
Iteration 8800 Time: 5613 Score: 51.765 Size: 56.9856 Loss: 0.318945 Win: 0 valueNorm: 5 stepSize: 0.001
Iteration 9200 Time: 5870 Score: 52.2659 Size: 57.7171 Loss: 0.341463 Win: 0 valueNorm: 5 stepSize: 0.001
Iteration 9600 Time: 6133 Score: 52.6779 Size: 57.9952 Loss: 0.329327 Win: 0 valueNorm: 5 stepSize: 0.001
Iteration 10000 Time: 6391 Score: 51.9426 Size: 57.6388 Loss: 0.366029 Win: 0 valueNorm: 5 stepSize: 0.001
Iteration 10400 Time: 6644 Score: 50.6888 Size: 56.6675 Loss: 0.394299 Win: 0 valueNorm: 5 stepSize: 0.001
Iteration 10800 Time: 6899 Score: 51.6403 Size: 57.3285 Loss: 0.36211 Win: 0 valueNorm: 5 stepSize: 0.001
Iteration 11200 Time: 7151 Score: 52.8519 Size: 58.5 Loss: 0.36165 Win: 0 valueNorm: 5 stepSize: 0.001
Iteration 11600 Time: 7398 Score: 51.3373 Size: 57.3349 Loss: 0.395181 Win: 0 valueNorm: 5 stepSize: 0.001
Iteration 12000 Time: 7650 Score: 53.0024 Size: 58.6595 Loss: 0.36211 Win: 0 valueNorm: 5 stepSize: 0.001
Iteration 12400 Time: 7896 Score: 53.6529 Size: 59.2233 Loss: 0.354369 Win: 0 valueNorm: 5 stepSize: 0.001
Iteration 12800 Time: 8142 Score: 52.1476 Size: 57.9095 Loss: 0.371429 Win: 0 valueNorm: 5 stepSize: 0.001
Iteration 13200 Time: 8392 Score: 53.5601 Size: 59.0024 Loss: 0.341346 Win: 0 valueNorm: 5 stepSize: 0.001
Iteration 13600 Time: 8640 Score: 55.0512 Size: 60.6951 Loss: 0.360976 Win: 0 valueNorm: 5 stepSize: 0.001
Iteration 14000 Time: 8890 Score: 53.8217 Size: 59.7253 Loss: 0.385542 Win: 0 valueNorm: 5 stepSize: 0.001
Iteration 14400 Time: 9137 Score: 54.1074 Size: 59.5609 Loss: 0.341289 Win: 0 valueNorm: 5 stepSize: 0.001
Iteration 14800 Time: 9382 Score: 54.4818 Size: 60.3947 Loss: 0.387409 Win: 0 valueNorm: 5 stepSize: 0.001
Iteration 15200 Time: 9626 Score: 52.9115 Size: 58.8708 Loss: 0.392344 Win: 0 valueNorm: 5 stepSize: 0.001
Iteration 15600 Time: 9875 Score: 54.7218 Size: 60.3909 Loss: 0.36211 Win: 0 valueNorm: 5 stepSize: 0.001
Iteration 16000 Time: 10112 Score: 51.8029 Size: 58.1971 Loss: 0.435096 Win: 0 valueNorm: 5 stepSize: 0.001
Iteration 16400 Time: 10353 Score: 53.8918 Size: 59.7404 Loss: 0.382212 Win: 0.00240385 valueNorm: 5 stepSize: 0.001 Win Time: 1133
Iteration 16800 Time: 10599 Score: 53.6817 Size: 59.6152 Loss: 0.389549 Win: 0.0023753 valueNorm: 5 stepSize: 0.001 Win Time: 1044
Iteration 17200 Time: 10855 Score: 55.5 Size: 60.9739 Loss: 0.343602 Win: 0 valueNorm: 5 stepSize: 0.001
Iteration 17600 Time: 11110 Score: 58.0172 Size: 63.4373 Loss: 0.34398 Win: 0.00737101 valueNorm: 5 stepSize: 0.001 Win Time: 1176.33
Iteration 18000 Time: 11353 Score: 53.2512 Size: 59.5894 Loss: 0.434783 Win: 0.00241546 valueNorm: 5 stepSize: 0.001 Win Time: 1200
Iteration 18400 Time: 11611 Score: 57.2409 Size: 62.781 Loss: 0.352798 Win: 0.00243309 valueNorm: 5 stepSize: 0.001 Win Time: 1191
Iteration 18800 Time: 11867 Score: 55.4712 Size: 61.0577 Loss: 0.355769 Win: 0 valueNorm: 5 stepSize: 0.001
Iteration 19200 Time: 12123 Score: 55.4369 Size: 61.4733 Loss: 0.400485 Win: 0.00242718 valueNorm: 5 stepSize: 0.001 Win Time: 1152
Iteration 19600 Time: 12380 Score: 56.23 Size: 61.5545 Loss: 0.331719 Win: 0.00484262 valueNorm: 5 stepSize: 0.001 Win Time: 1109.5
Iteration 20000 Time: 12641 Score: 56.5337 Size: 61.9712 Loss: 0.341346 Win: 0 valueNorm: 5 stepSize: 0.001
Iteration 20400 Time: 12907 Score: 59.9831 Size: 64.8261 Loss: 0.28744 Win: 0.00724638 valueNorm: 5 stepSize: 0.001 Win Time: 1162
Iteration 20800 Time: 13160 Score: 57.4387 Size: 63.1814 Loss: 0.375 Win: 0.00490196 valueNorm: 5 stepSize: 0.001 Win Time: 1182.5
Iteration 21200 Time: 13414 Score: 56.4582 Size: 62.1146 Loss: 0.372315 Win: 0.0119332 valueNorm: 5 stepSize: 0.001 Win Time: 1179.4
Iteration 21600 Time: 13671 Score: 58.2 Size: 63.2833 Loss: 0.32619 Win: 0.0238095 valueNorm: 5 stepSize: 0.001 Win Time: 1152
Iteration 22000 Time: 13918 Score: 57.46 Size: 63.1913 Loss: 0.387409 Win: 0.0217918 valueNorm: 5 stepSize: 0.001 Win Time: 1167.33
Iteration 22400 Time: 14165 Score: 56.1746 Size: 61.9976 Loss: 0.401914 Win: 0.0263158 valueNorm: 5 stepSize: 0.001 Win Time: 1172.09
Iteration 22800 Time: 14415 Score: 59.5888 Size: 64.7348 Loss: 0.335766 Win: 0.026764 valueNorm: 5 stepSize: 0.001 Win Time: 1156.36
Iteration 23200 Time: 14656 Score: 59.4351 Size: 64.7644 Loss: 0.355769 Win: 0.03125 valueNorm: 5 stepSize: 0.001 Win Time: 1158.38
Iteration 23600 Time: 14895 Score: 60.4523 Size: 65.7311 Loss: 0.356968 Win: 0.0366748 valueNorm: 5 stepSize: 0.001 Win Time: 1142.13
Iteration 24000 Time: 15140 Score: 60.3261 Size: 65.3889 Loss: 0.342995 Win: 0.0434783 valueNorm: 5 stepSize: 0.001 Win Time: 1155
Iteration 24400 Time: 15387 Score: 64.6538 Size: 68.8547 Loss: 0.283293 Win: 0.0750605 valueNorm: 5 stepSize: 0.001 Win Time: 1160.03
Iteration 24800 Time: 15632 Score: 64.0863 Size: 68.4964 Loss: 0.309353 Win: 0.0791367 valueNorm: 5 stepSize: 0.001 Win Time: 1140.36
Iteration 25200 Time: 15874 Score: 60.9108 Size: 65.7301 Loss: 0.320482 Win: 0.0457831 valueNorm: 5 stepSize: 0.001 Win Time: 1158.16
Iteration 25600 Time: 16115 Score: 62.8848 Size: 67.375 Loss: 0.306373 Win: 0.0686275 valueNorm: 5 stepSize: 0.001 Win Time: 1160.96
Iteration 26000 Time: 16362 Score: 63.4563 Size: 67.7476 Loss: 0.274272 Win: 0.0533981 valueNorm: 5 stepSize: 0.001 Win Time: 1144.91
Iteration 26400 Time: 16613 Score: 65.7883 Size: 69.7178 Loss: 0.270073 Win: 0.0875912 valueNorm: 5 stepSize: 0.001 Win Time: 1144.11
Iteration 26800 Time: 16858 Score: 60.5304 Size: 65.5547 Loss: 0.347932 Win: 0.053528 valueNorm: 5 stepSize: 0.001 Win Time: 1154.77
Iteration 27200 Time: 17108 Score: 61.2177 Size: 66.378 Loss: 0.351675 Win: 0.0430622 valueNorm: 5 stepSize: 0.001 Win Time: 1153.33
Iteration 27600 Time: 17365 Score: 65.5956 Size: 69.724 Loss: 0.290557 Win: 0.0895884 valueNorm: 5 stepSize: 0.001 Win Time: 1134.81
Iteration 28000 Time: 17616 Score: 63.1923 Size: 67.851 Loss: 0.346154 Win: 0.09375 valueNorm: 5 stepSize: 0.001 Win Time: 1151.26
Iteration 28400 Time: 17870 Score: 64.1883 Size: 68.6968 Loss: 0.303178 Win: 0.0611247 valueNorm: 5 stepSize: 0.001 Win Time: 1136.68
Iteration 28800 Time: 18122 Score: 64.7913 Size: 69.0121 Loss: 0.303398 Win: 0.0946602 valueNorm: 5 stepSize: 0.001 Win Time: 1156.82
Iteration 29200 Time: 18377 Score: 67.1453 Size: 70.8935 Loss: 0.2954 Win: 0.135593 valueNorm: 5 stepSize: 0.001 Win Time: 1154.29
Iteration 29600 Time: 18621 Score: 61.8164 Size: 66.9807 Loss: 0.371981 Win: 0.0652174 valueNorm: 5 stepSize: 0.001 Win Time: 1143.3
Iteration 30000 Time: 18869 Score: 62.5759 Size: 67.4072 Loss: 0.349398 Win: 0.0795181 valueNorm: 5 stepSize: 0.001 Win Time: 1138.24
Iteration 30400 Time: 19111 Score: 64.4903 Size: 69 Loss: 0.325243 Win: 0.0873786 valueNorm: 5 stepSize: 0.001 Win Time: 1147.53
Iteration 30800 Time: 19358 Score: 67.934 Size: 71.7506 Loss: 0.259169 Win: 0.0880196 valueNorm: 5 stepSize: 0.001 Win Time: 1147.58
Iteration 31200 Time: 19603 Score: 67.8927 Size: 71.8146 Loss: 0.304878 Win: 0.126829 valueNorm: 5 stepSize: 0.001 Win Time: 1148.83
Iteration 31600 Time: 19834 Score: 59.1786 Size: 64.2667 Loss: 0.37381 Win: 0.0761905 valueNorm: 5 stepSize: 0.001 Win Time: 1160.97
Iteration 32000 Time: 20077 Score: 66.6034 Size: 70.3528 Loss: 0.279805 Win: 0.119221 valueNorm: 5 stepSize: 0.001 Win Time: 1152.2
Iteration 32400 Time: 20325 Score: 66.7488 Size: 70.8585 Loss: 0.285366 Win: 0.0853659 valueNorm: 5 stepSize: 0.001 Win Time: 1145.49
Iteration 32800 Time: 20570 Score: 68.0637 Size: 71.8775 Loss: 0.276961 Win: 0.110294 valueNorm: 5 stepSize: 0.001 Win Time: 1146.33
Iteration 33200 Time: 20807 Score: 66.6496 Size: 70.3528 Loss: 0.301703 Win: 0.148418 valueNorm: 5 stepSize: 0.001 Win Time: 1152
Iteration 33600 Time: 21056 Score: 69.1201 Size: 72.424 Loss: 0.232843 Win: 0.117647 valueNorm: 5 stepSize: 0.001 Win Time: 1142.42
Iteration 34000 Time: 21294 Score: 64.983 Size: 69.5085 Loss: 0.3382 Win: 0.0997567 valueNorm: 5 stepSize: 0.001 Win Time: 1150.95
Iteration 34400 Time: 21536 Score: 66.0657 Size: 70.1703 Loss: 0.301703 Win: 0.104623 valueNorm: 5 stepSize: 0.001 Win Time: 1148.49
Iteration 34800 Time: 21776 Score: 64.9467 Size: 69.1501 Loss: 0.319613 Win: 0.113801 valueNorm: 5 stepSize: 0.001 Win Time: 1147.83
Iteration 35200 Time: 22025 Score: 69.4039 Size: 72.7883 Loss: 0.260341 Win: 0.138686 valueNorm: 5 stepSize: 0.001 Win Time: 1149.89
Iteration 35600 Time: 22261 Score: 66.3007 Size: 70.4939 Loss: 0.339853 Win: 0.136919 valueNorm: 5 stepSize: 0.001 Win Time: 1150.95
Iteration 36000 Time: 22507 Score: 65.6675 Size: 69.8204 Loss: 0.293689 Win: 0.0898058 valueNorm: 5 stepSize: 0.001 Win Time: 1144.62
Iteration 36400 Time: 22749 Score: 67.4688 Size: 71.1178 Loss: 0.300481 Win: 0.153846 valueNorm: 5 stepSize: 0.001 Win Time: 1142.62
Iteration 36800 Time: 22991 Score: 67.7343 Size: 71.2681 Loss: 0.285024 Win: 0.149758 valueNorm: 5 stepSize: 0.001 Win Time: 1139.71
Iteration 37200 Time: 23234 Score: 70.2334 Size: 73.3464 Loss: 0.27027 Win: 0.179361 valueNorm: 5 stepSize: 0.001 Win Time: 1139.95
Iteration 37600 Time: 23472 Score: 67.0535 Size: 71.2384 Loss: 0.3382 Win: 0.136253 valueNorm: 5 stepSize: 0.001 Win Time: 1154.16
Iteration 38000 Time: 23720 Score: 68.4806 Size: 72.165 Loss: 0.298544 Win: 0.148058 valueNorm: 5 stepSize: 0.001 Win Time: 1151.66
Iteration 38400 Time: 23968 Score: 70.8224 Size: 73.9562 Loss: 0.29927 Win: 0.209246 valueNorm: 5 stepSize: 0.001 Win Time: 1139.53
Iteration 38800 Time: 24221 Score: 71.5169 Size: 74.2923 Loss: 0.256039 Win: 0.200483 valueNorm: 5 stepSize: 0.001 Win Time: 1140.17
Iteration 39200 Time: 24466 Score: 67.5937 Size: 71.2628 Loss: 0.304136 Win: 0.155718 valueNorm: 5 stepSize: 0.001 Win Time: 1143.83
Iteration 39600 Time: 24715 Score: 68.5246 Size: 72.0099 Loss: 0.285714 Win: 0.157635 valueNorm: 5 stepSize: 0.001 Win Time: 1136.83
Iteration 40000 Time: 24961 Score: 68.635 Size: 72.3796 Loss: 0.316302 Win: 0.160584 valueNorm: 5 stepSize: 0.001 Win Time: 1133.59
Iteration 40400 Time: 25194 Score: 63.9736 Size: 68.3429 Loss: 0.381295 Win: 0.16307 valueNorm: 5 stepSize: 0.001 Win Time: 1140.75
Iteration 40800 Time: 25437 Score: 70.4083 Size: 73.313 Loss: 0.308068 Win: 0.244499 valueNorm: 5 stepSize: 0.001 Win Time: 1138.18
Iteration 41200 Time: 25689 Score: 71.3077 Size: 74.3413 Loss: 0.283654 Win: 0.204327 valueNorm: 5 stepSize: 0.001 Win Time: 1144.74
Iteration 41600 Time: 25933 Score: 69.1049 Size: 72.561 Loss: 0.309756 Win: 0.185366 valueNorm: 5 stepSize: 0.001 Win Time: 1139.62
Iteration 42000 Time: 26184 Score: 68.6755 Size: 72.5553 Loss: 0.334135 Win: 0.165865 valueNorm: 5 stepSize: 0.001 Win Time: 1143
Iteration 42400 Time: 26431 Score: 67.9199 Size: 71.7985 Loss: 0.315534 Win: 0.145631 valueNorm: 5 stepSize: 0.001 Win Time: 1133.47
Iteration 42800 Time: 26679 Score: 70 Size: 73.276 Loss: 0.2954 Win: 0.188862 valueNorm: 5 stepSize: 0.001 Win Time: 1135.22
Iteration 43200 Time: 26932 Score: 72.4634 Size: 75.4268 Loss: 0.273171 Win: 0.2 valueNorm: 5 stepSize: 0.001 Win Time: 1136.73
Iteration 43600 Time: 27181 Score: 70.0195 Size: 73.3732 Loss: 0.282927 Win: 0.165854 valueNorm: 5 stepSize: 0.001 Win Time: 1141.75
Iteration 44000 Time: 27434 Score: 72.5742 Size: 75.1387 Loss: 0.253041 Win: 0.221411 valueNorm: 5 stepSize: 0.001 Win Time: 1142.65
Iteration 44400 Time: 27686 Score: 69.9614 Size: 73.1855 Loss: 0.291566 Win: 0.192771 valueNorm: 5 stepSize: 0.001 Win Time: 1143.39
Iteration 44800 Time: 27938 Score: 73.09 Size: 75.8005 Loss: 0.272506 Win: 0.22871 valueNorm: 5 stepSize: 0.001 Win Time: 1139.82
Iteration 45200 Time: 28188 Score: 73.7039 Size: 76.3786 Loss: 0.279126 Win: 0.237864 valueNorm: 5 stepSize: 0.001 Win Time: 1125.51
Iteration 45600 Time: 28438 Score: 70.7947 Size: 74.0894 Loss: 0.311594 Win: 0.205314 valueNorm: 5 stepSize: 0.001 Win Time: 1136.58
Iteration 46000 Time: 28678 Score: 68.6942 Size: 72.2524 Loss: 0.349515 Win: 0.220874 valueNorm: 5 stepSize: 0.001 Win Time: 1144.64
Iteration 46400 Time: 28927 Score: 75.3995 Size: 77.3627 Loss: 0.252451 Win: 0.286765 valueNorm: 5 stepSize: 0.001 Win Time: 1127.2
Iteration 46800 Time: 29173 Score: 73.09 Size: 75.7129 Loss: 0.272506 Win: 0.23601 valueNorm: 5 stepSize: 0.001 Win Time: 1129.76
Iteration 47200 Time: 29421 Score: 70.1259 Size: 73.2567 Loss: 0.312349 Win: 0.225182 valueNorm: 5 stepSize: 0.001 Win Time: 1135.72
Iteration 47600 Time: 29679 Score: 74.5951 Size: 76.978 Loss: 0.239024 Win: 0.226829 valueNorm: 5 stepSize: 0.001 Win Time: 1146.09
Iteration 48000 Time: 29934 Score: 73.5623 Size: 76.4303 Loss: 0.266504 Win: 0.202934 valueNorm: 5 stepSize: 0.001 Win Time: 1135.35
Iteration 48400 Time: 30183 Score: 70.5355 Size: 73.9267 Loss: 0.300733 Win: 0.183374 valueNorm: 5 stepSize: 0.001 Win Time: 1125.71
Iteration 48800 Time: 30428 Score: 71.839 Size: 74.5171 Loss: 0.297561 Win: 0.258537 valueNorm: 5 stepSize: 0.001 Win Time: 1134.74
Iteration 49200 Time: 30671 Score: 69.0925 Size: 72.5791 Loss: 0.321168 Win: 0.194647 valueNorm: 5 stepSize: 0.001 Win Time: 1133.72
Iteration 49600 Time: 30918 Score: 71.1557 Size: 74.2068 Loss: 0.294404 Win: 0.214112 valueNorm: 5 stepSize: 0.001 Win Time: 1144.27
Iteration 50000 Time: 31159 Score: 69.9218 Size: 73.4328 Loss: 0.334963 Win: 0.207824 valueNorm: 5 stepSize: 0.001 Win Time: 1133.39
Iteration 50400 Time: 31407 Score: 72.9878 Size: 75.8321 Loss: 0.309002 Win: 0.253041 valueNorm: 5 stepSize: 0.001 Win Time: 1130.38
Iteration 50800 Time: 31651 Score: 69.6828 Size: 72.9056 Loss: 0.319613 Win: 0.225182 valueNorm: 5 stepSize: 0.001 Win Time: 1134.15
Iteration 51200 Time: 31894 Score: 70.9707 Size: 74.1369 Loss: 0.325183 Win: 0.234719 valueNorm: 5 stepSize: 0.001 Win Time: 1136.21
Iteration 51600 Time: 32142 Score: 74.0858 Size: 76.4706 Loss: 0.27451 Win: 0.267157 valueNorm: 5 stepSize: 0.001 Win Time: 1132.15
Iteration 52000 Time: 32387 Score: 71.2283 Size: 74.5906 Loss: 0.312655 Win: 0.200993 valueNorm: 5 stepSize: 0.001 Win Time: 1136.86
Iteration 52400 Time: 32638 Score: 72.6284 Size: 75.6015 Loss: 0.295844 Win: 0.224939 valueNorm: 5 stepSize: 0.001 Win Time: 1148.17
Iteration 52800 Time: 32887 Score: 75.4865 Size: 77.7813 Loss: 0.282555 Win: 0.285012 valueNorm: 5 stepSize: 0.001 Win Time: 1127.6
Iteration 53200 Time: 33139 Score: 73.6803 Size: 76.25 Loss: 0.293269 Win: 0.266827 valueNorm: 5 stepSize: 0.001 Win Time: 1136
Iteration 53600 Time: 33383 Score: 74.6585 Size: 76.7659 Loss: 0.290244 Win: 0.314634 valueNorm: 5 stepSize: 0.001 Win Time: 1130.9
Iteration 54000 Time: 33629 Score: 75.1642 Size: 77.3235 Loss: 0.291667 Win: 0.311275 valueNorm: 5 stepSize: 0.001 Win Time: 1134.95
Iteration 54400 Time: 33866 Score: 69.6626 Size: 73.4879 Loss: 0.390777 Win: 0.237864 valueNorm: 5 stepSize: 0.001 Win Time: 1130.68
Iteration 54800 Time: 34105 Score: 71.2078 Size: 74.5672 Loss: 0.359413 Win: 0.251834 valueNorm: 5 stepSize: 0.001 Win Time: 1137.97
Iteration 55200 Time: 34357 Score: 74.2295 Size: 76.6184 Loss: 0.277778 Win: 0.268116 valueNorm: 5 stepSize: 0.001 Win Time: 1133.07
Iteration 55600 Time: 34599 Score: 72.988 Size: 75.8819 Loss: 0.349398 Win: 0.293976 valueNorm: 5 stepSize: 0.001 Win Time: 1125.58
Iteration 56000 Time: 34843 Score: 68.8096 Size: 73.1422 Loss: 0.395181 Win: 0.185542 valueNorm: 5 stepSize: 0.001 Win Time: 1123.77
Iteration 56400 Time: 35096 Score: 75.3519 Size: 77.6748 Loss: 0.276699 Win: 0.274272 valueNorm: 5 stepSize: 0.001 Win Time: 1135.16
Iteration 56800 Time: 35343 Score: 74.4358 Size: 76.9249 Loss: 0.31477 Win: 0.300242 valueNorm: 5 stepSize: 0.001 Win Time: 1131.18
Iteration 57200 Time: 35597 Score: 77.2078 Size: 79.3594 Loss: 0.278729 Win: 0.298289 valueNorm: 5 stepSize: 0.001 Win Time: 1123.49
Iteration 57600 Time: 35847 Score: 74.7966 Size: 77.6667 Loss: 0.311275 Win: 0.254902 valueNorm: 5 stepSize: 0.001 Win Time: 1133.93
Iteration 58000 Time: 36101 Score: 77.8362 Size: 79.5379 Loss: 0.264059 Win: 0.330073 valueNorm: 5 stepSize: 0.001 Win Time: 1128.37
Iteration 58400 Time: 36348 Score: 73.9878 Size: 76.8215 Loss: 0.334963 Win: 0.283619 valueNorm: 5 stepSize: 0.001 Win Time: 1131.28
Iteration 58800 Time: 36599 Score: 73.8107 Size: 76.5097 Loss: 0.288835 Win: 0.247573 valueNorm: 5 stepSize: 0.001 Win Time: 1134.82
Iteration 59200 Time: 36839 Score: 70.7361 Size: 74.1598 Loss: 0.375303 Win: 0.263923 valueNorm: 5 stepSize: 0.001 Win Time: 1134.2
Iteration 59600 Time: 37090 Score: 73.1302 Size: 76.6708 Loss: 0.346437 Win: 0.218673 valueNorm: 5 stepSize: 0.001 Win Time: 1133.02
Iteration 60000 Time: 37336 Score: 73.8894 Size: 76.855 Loss: 0.331695 Win: 0.267813 valueNorm: 5 stepSize: 0.001 Win Time: 1132.64
Iteration 60400 Time: 37579 Score: 74.3125 Size: 76.9423 Loss: 0.34375 Win: 0.317308 valueNorm: 5 stepSize: 0.001 Win Time: 1120.66
Iteration 60800 Time: 37825 Score: 74.0973 Size: 76.6764 Loss: 0.296837 Win: 0.270073 valueNorm: 5 stepSize: 0.001 Win Time: 1113.16
Iteration 61200 Time: 38067 Score: 76.1889 Size: 77.9782 Loss: 0.31477 Win: 0.377724 valueNorm: 5 stepSize: 0.001 Win Time: 1119.02
Iteration 61600 Time: 38308 Score: 78.8059 Size: 80.0835 Loss: 0.302211 Win: 0.420147 valueNorm: 5 stepSize: 0.001 Win Time: 1110.43
Iteration 62000 Time: 38555 Score: 78.0168 Size: 79.5841 Loss: 0.310096 Win: 0.399038 valueNorm: 5 stepSize: 0.001 Win Time: 1115.71
Iteration 62400 Time: 38801 Score: 77.2311 Size: 78.8564 Loss: 0.301703 Win: 0.379562 valueNorm: 5 stepSize: 0.001 Win Time: 1121.88
Iteration 62800 Time: 39043 Score: 74.966 Size: 77.2549 Loss: 0.32767 Win: 0.334951 valueNorm: 5 stepSize: 0.001 Win Time: 1121.52
Iteration 63200 Time: 39292 Score: 78.0918 Size: 79.4227 Loss: 0.275362 Win: 0.384058 valueNorm: 5 stepSize: 0.001 Win Time: 1119.76
Iteration 63600 Time: 39538 Score: 76.3844 Size: 78.4404 Loss: 0.304136 Win: 0.335766 valueNorm: 5 stepSize: 0.001 Win Time: 1129.4
Iteration 64000 Time: 39780 Score: 78.5392 Size: 79.6225 Loss: 0.296569 Win: 0.436275 valueNorm: 5 stepSize: 0.001 Win Time: 1120.12
Iteration 64400 Time: 40028 Score: 78.4672 Size: 79.9319 Loss: 0.306569 Win: 0.403893 valueNorm: 5 stepSize: 0.001 Win Time: 1114.98
Iteration 64800 Time: 40272 Score: 71.853 Size: 75.0506 Loss: 0.392771 Win: 0.308434 valueNorm: 5 stepSize: 0.001 Win Time: 1116.8
Iteration 65200 Time: 40533 Score: 80.1422 Size: 80.9639 Loss: 0.26988 Win: 0.436145 valueNorm: 5 stepSize: 0.001 Win Time: 1113.14
Iteration 65600 Time: 40795 Score: 81.2652 Size: 81.9343 Loss: 0.255474 Win: 0.435523 valueNorm: 5 stepSize: 0.001 Win Time: 1118.75
Iteration 66000 Time: 41048 Score: 78.7335 Size: 79.8875 Loss: 0.298289 Win: 0.430318 valueNorm: 5 stepSize: 0.001 Win Time: 1122.3
Iteration 66400 Time: 41296 Score: 75.8617 Size: 78.0049 Loss: 0.342233 Win: 0.371359 valueNorm: 5 stepSize: 0.001 Win Time: 1112.23
Iteration 66800 Time: 41541 Score: 74.5572 Size: 76.9757 Loss: 0.372263 Win: 0.374696 valueNorm: 5 stepSize: 0.001 Win Time: 1116.14
Iteration 67200 Time: 41791 Score: 78.3333 Size: 80.1103 Loss: 0.335784 Win: 0.401961 valueNorm: 5 stepSize: 0.001 Win Time: 1110.79
Iteration 67600 Time: 42044 Score: 79.3521 Size: 80.7506 Loss: 0.305623 Win: 0.410758 valueNorm: 5 stepSize: 0.001 Win Time: 1106.11
Iteration 68000 Time: 42299 Score: 77.8337 Size: 79.6919 Loss: 0.325183 Win: 0.381418 valueNorm: 5 stepSize: 0.001 Win Time: 1113.07
Iteration 68400 Time: 42548 Score: 74.1443 Size: 76.8875 Loss: 0.378973 Win: 0.344743 valueNorm: 5 stepSize: 0.001 Win Time: 1115.27
Iteration 68800 Time: 42796 Score: 77.3511 Size: 78.8571 Loss: 0.331719 Win: 0.428571 valueNorm: 5 stepSize: 0.001 Win Time: 1112
Iteration 69200 Time: 43049 Score: 79.3714 Size: 80.4296 Loss: 0.291262 Win: 0.432039 valueNorm: 5 stepSize: 0.001 Win Time: 1120.04
Iteration 69600 Time: 43299 Score: 76.2672 Size: 78.4167 Loss: 0.330882 Win: 0.355392 valueNorm: 5 stepSize: 0.001 Win Time: 1121.36
Iteration 70000 Time: 43556 Score: 80.1495 Size: 81.2353 Loss: 0.269608 Win: 0.404412 valueNorm: 5 stepSize: 0.001 Win Time: 1114.47
Iteration 70400 Time: 43811 Score: 80.1168 Size: 81.1363 Loss: 0.29927 Win: 0.445255 valueNorm: 5 stepSize: 0.001 Win Time: 1116.3
Iteration 70800 Time: 44057 Score: 74.3498 Size: 76.9089 Loss: 0.362069 Win: 0.344828 valueNorm: 5 stepSize: 0.001 Win Time: 1113.95
Iteration 71200 Time: 44305 Score: 78.5931 Size: 80.1324 Loss: 0.318627 Win: 0.409314 valueNorm: 5 stepSize: 0.001 Win Time: 1113.65
Iteration 71600 Time: 44547 Score: 79.3512 Size: 80.261 Loss: 0.302439 Win: 0.460976 valueNorm: 5 stepSize: 0.001 Win Time: 1109.23
Iteration 72000 Time: 44804 Score: 84.9606 Size: 84.5025 Loss: 0.253695 Win: 0.559113 valueNorm: 5 stepSize: 0.001 Win Time: 1110.89
Iteration 72400 Time: 45055 Score: 82.4324 Size: 82.7764 Loss: 0.289926 Win: 0.511057 valueNorm: 5 stepSize: 0.001 Win Time: 1099.64
Iteration 72800 Time: 45309 Score: 81.8778 Size: 82.1687 Loss: 0.266504 Win: 0.488998 valueNorm: 5 stepSize: 0.001 Win Time: 1107.4
Iteration 73200 Time: 45559 Score: 79.3188 Size: 80.5894 Loss: 0.338164 Win: 0.461353 valueNorm: 5 stepSize: 0.001 Win Time: 1103.83
Iteration 73600 Time: 45807 Score: 79.6609 Size: 80.6413 Loss: 0.297297 Win: 0.447174 valueNorm: 5 stepSize: 0.001 Win Time: 1108.23
Iteration 74000 Time: 46054 Score: 79.2968 Size: 80.2725 Loss: 0.323601 Win: 0.476886 valueNorm: 5 stepSize: 0.001 Win Time: 1105.64
Iteration 74400 Time: 46305 Score: 78.7843 Size: 80.4265 Loss: 0.338235 Win: 0.421569 valueNorm: 5 stepSize: 0.001 Win Time: 1108.93
Iteration 74800 Time: 46554 Score: 81.1185 Size: 81.7951 Loss: 0.298765 Win: 0.483951 valueNorm: 5 stepSize: 0.001 Win Time: 1110.79
Iteration 75200 Time: 46805 Score: 78.7604 Size: 80.3325 Loss: 0.334963 Win: 0.425428 valueNorm: 5 stepSize: 0.001 Win Time: 1106.14
Iteration 75600 Time: 47058 Score: 82.5222 Size: 82.7857 Loss: 0.268473 Win: 0.495074 valueNorm: 5 stepSize: 0.001 Win Time: 1105.45
Iteration 76000 Time: 47314 Score: 81.7277 Size: 82.6782 Loss: 0.284653 Win: 0.435644 valueNorm: 5 stepSize: 0.001 Win Time: 1110.81
Iteration 76400 Time: 47565 Score: 81.6553 Size: 82.0954 Loss: 0.300733 Win: 0.511002 valueNorm: 5 stepSize: 0.001 Win Time: 1114.86
Iteration 76800 Time: 47819 Score: 81.4683 Size: 81.8098 Loss: 0.265854 Win: 0.482927 valueNorm: 5 stepSize: 0.001 Win Time: 1110.9
Iteration 77200 Time: 48066 Score: 80.1204 Size: 81.2285 Loss: 0.329238 Win: 0.469287 valueNorm: 5 stepSize: 0.001 Win Time: 1097.1
Iteration 77600 Time: 48318 Score: 84.5025 Size: 84.5224 Loss: 0.268657 Win: 0.522388 valueNorm: 5 stepSize: 0.001 Win Time: 1095.76
Iteration 78000 Time: 48570 Score: 82.0145 Size: 82.3971 Loss: 0.2954 Win: 0.510896 valueNorm: 5 stepSize: 0.001 Win Time: 1100.51
Iteration 78400 Time: 48800 Score: 70.7928 Size: 73.7084 Loss: 0.440964 Win: 0.392771 valueNorm: 5 stepSize: 0.001 Win Time: 1102.52
Iteration 78800 Time: 49044 Score: 79.5607 Size: 80.3277 Loss: 0.330097 Win: 0.507282 valueNorm: 5 stepSize: 0.001 Win Time: 1100.65
Iteration 79200 Time: 49289 Score: 81.069 Size: 81.6429 Loss: 0.310345 Win: 0.507389 valueNorm: 5 stepSize: 0.001 Win Time: 1094.16
Iteration 79600 Time: 49536 Score: 76.7549 Size: 78.7233 Loss: 0.359223 Win: 0.407767 valueNorm: 5 stepSize: 0.001 Win Time: 1106.18
Iteration 80000 Time: 49780 Score: 77.4583 Size: 79.3137 Loss: 0.348039 Win: 0.409314 valueNorm: 5 stepSize: 0.001 Win Time: 1098.15
Iteration 80400 Time: 50030 Score: 78.5931 Size: 80.4853 Loss: 0.360294 Win: 0.416667 valueNorm: 5 stepSize: 0.001 Win Time: 1099.89
Iteration 80800 Time: 50284 Score: 81.3221 Size: 81.9447 Loss: 0.310096 Win: 0.502404 valueNorm: 5 stepSize: 0.001 Win Time: 1095.29
Iteration 81200 Time: 50538 Score: 81.9345 Size: 82.4733 Loss: 0.296117 Win: 0.495146 valueNorm: 5 stepSize: 0.001 Win Time: 1104.39
Iteration 81600 Time: 50781 Score: 75.0747 Size: 77.6 Loss: 0.40241 Win: 0.395181 valueNorm: 5 stepSize: 0.001 Win Time: 1104.61
Iteration 82000 Time: 51024 Score: 76.8641 Size: 79.3665 Loss: 0.429612 Win: 0.427184 valueNorm: 5 stepSize: 0.001 Win Time: 1094.32
Iteration 82400 Time: 51277 Score: 85 Size: 84.7883 Loss: 0.289538 Win: 0.571776 valueNorm: 5 stepSize: 0.001 Win Time: 1086.41
Iteration 82800 Time: 51515 Score: 75.6311 Size: 78.0922 Loss: 0.419903 Win: 0.42233 valueNorm: 5 stepSize: 0.001 Win Time: 1092.88
Iteration 83200 Time: 51752 Score: 76.022 Size: 78.1902 Loss: 0.392683 Win: 0.421951 valueNorm: 5 stepSize: 0.001 Win Time: 1089.53
Iteration 83600 Time: 51998 Score: 81.4621 Size: 81.9315 Loss: 0.308068 Win: 0.515892 valueNorm: 5 stepSize: 0.001 Win Time: 1095.19
Iteration 84000 Time: 52233 Score: 76.6626 Size: 78.4612 Loss: 0.398058 Win: 0.468447 valueNorm: 5 stepSize: 0.001 Win Time: 1089.73
Iteration 84400 Time: 52482 Score: 85.4109 Size: 85.5149 Loss: 0.311881 Win: 0.564356 valueNorm: 5 stepSize: 0.001 Win Time: 1094.62
Iteration 84800 Time: 52724 Score: 80.3325 Size: 81.6112 Loss: 0.354523 Win: 0.481663 valueNorm: 5 stepSize: 0.001 Win Time: 1094.7
Iteration 85200 Time: 52981 Score: 85.5947 Size: 84.9709 Loss: 0.237864 Win: 0.558252 valueNorm: 5 stepSize: 0.001 Win Time: 1101.28
Iteration 85600 Time: 53218 Score: 77.5864 Size: 79.5888 Loss: 0.408759 Win: 0.459854 valueNorm: 5 stepSize: 0.001 Win Time: 1093.64
Iteration 86000 Time: 53461 Score: 78.9638 Size: 80.558 Loss: 0.371981 Win: 0.466184 valueNorm: 5 stepSize: 0.001 Win Time: 1097.04
Iteration 86400 Time: 53702 Score: 82.5882 Size: 82.8995 Loss: 0.321078 Win: 0.551471 valueNorm: 5 stepSize: 0.001 Win Time: 1091.6
Iteration 86800 Time: 53942 Score: 84.0833 Size: 83.5588 Loss: 0.294118 Win: 0.610294 valueNorm: 5 stepSize: 0.001 Win Time: 1085.16
Iteration 87200 Time: 54191 Score: 83.5327 Size: 83.6005 Loss: 0.297821 Win: 0.549637 valueNorm: 5 stepSize: 0.001 Win Time: 1092.23
Iteration 87600 Time: 54431 Score: 79.9073 Size: 81.3415 Loss: 0.387805 Win: 0.5 valueNorm: 5 stepSize: 0.001 Win Time: 1092.38
Iteration 88000 Time: 54673 Score: 80.6863 Size: 82.0221 Loss: 0.360294 Win: 0.482843 valueNorm: 5 stepSize: 0.001 Win Time: 1090.84
Iteration 88400 Time: 54912 Score: 80.3867 Size: 81.6305 Loss: 0.362069 Win: 0.492611 valueNorm: 5 stepSize: 0.001 Win Time: 1086.47
Iteration 88800 Time: 55152 Score: 80.0634 Size: 80.7561 Loss: 0.317073 Win: 0.5 valueNorm: 5 stepSize: 0.001 Win Time: 1089.44
Iteration 89200 Time: 55389 Score: 78.534 Size: 79.5777 Loss: 0.349515 Win: 0.497573 valueNorm: 5 stepSize: 0.001 Win Time: 1090.45
Iteration 89600 Time: 55635 Score: 85.098 Size: 84.7279 Loss: 0.294118 Win: 0.593137 valueNorm: 5 stepSize: 0.001 Win Time: 1087.17
Iteration 90000 Time: 55879 Score: 79.1171 Size: 80.6878 Loss: 0.358537 Win: 0.45122 valueNorm: 5 stepSize: 0.001 Win Time: 1096.53
Iteration 90400 Time: 56120 Score: 79.0437 Size: 80.551 Loss: 0.36165 Win: 0.463592 valueNorm: 5 stepSize: 0.001 Win Time: 1085.37
Iteration 90800 Time: 56364 Score: 84.4247 Size: 84.2099 Loss: 0.293827 Win: 0.577778 valueNorm: 5 stepSize: 0.001 Win Time: 1089.48
Iteration 91200 Time: 56605 Score: 84.4631 Size: 84.0764 Loss: 0.29803 Win: 0.600985 valueNorm: 5 stepSize: 0.001 Win Time: 1083.23
Iteration 91600 Time: 56842 Score: 80.0704 Size: 81.534 Loss: 0.376214 Win: 0.48301 valueNorm: 5 stepSize: 0.001 Win Time: 1086.97
Iteration 92000 Time: 57076 Score: 86.0963 Size: 85.4864 Loss: 0.281481 Win: 0.607407 valueNorm: 5 stepSize: 0.001 Win Time: 1077.86
Iteration 92400 Time: 57308 Score: 85.899 Size: 85.3251 Loss: 0.29803 Win: 0.623153 valueNorm: 5 stepSize: 0.001 Win Time: 1073.17
Iteration 92800 Time: 57545 Score: 84.8407 Size: 84.3971 Loss: 0.281863 Win: 0.588235 valueNorm: 5 stepSize: 0.001 Win Time: 1090.77
Iteration 93200 Time: 57771 Score: 82.527 Size: 82.848 Loss: 0.328431 Win: 0.556373 valueNorm: 5 stepSize: 0.001 Win Time: 1071.88
Iteration 93600 Time: 57997 Score: 81.0756 Size: 82.1512 Loss: 0.37561 Win: 0.526829 valueNorm: 5 stepSize: 0.001 Win Time: 1079.22
Iteration 94000 Time: 58222 Score: 78.9975 Size: 80.6658 Loss: 0.391089 Win: 0.480198 valueNorm: 5 stepSize: 0.001 Win Time: 1085.71
Iteration 94400 Time: 58448 Score: 83.7568 Size: 83.5553 Loss: 0.314496 Win: 0.599509 valueNorm: 5 stepSize: 0.001 Win Time: 1076.75
Iteration 94800 Time: 58676 Score: 82.9558 Size: 83.5307 Loss: 0.336609 Win: 0.538084 valueNorm: 5 stepSize: 0.001 Win Time: 1080.57
Iteration 95200 Time: 58914 Score: 80.8862 Size: 81.7676 Loss: 0.331719 Win: 0.496368 valueNorm: 5 stepSize: 0.001 Win Time: 1093.2
Iteration 95600 Time: 59142 Score: 82.0929 Size: 82.4841 Loss: 0.322738 Win: 0.542787 valueNorm: 5 stepSize: 0.001 Win Time: 1083.71
Iteration 96000 Time: 59373 Score: 84.7366 Size: 84.339 Loss: 0.3 Win: 0.604878 valueNorm: 5 stepSize: 0.001 Win Time: 1086.26
Iteration 96400 Time: 59603 Score: 84.6482 Size: 83.9952 Loss: 0.279518 Win: 0.609639 valueNorm: 5 stepSize: 0.001 Win Time: 1073.96
Iteration 96800 Time: 59829 Score: 83.2745 Size: 83.2598 Loss: 0.323529 Win: 0.588235 valueNorm: 5 stepSize: 0.001 Win Time: 1076.51
Iteration 97200 Time: 60051 Score: 76.4098 Size: 78.0902 Loss: 0.380488 Win: 0.460976 valueNorm: 5 stepSize: 0.001 Win Time: 1084.08
Iteration 97600 Time: 60276 Score: 80.1955 Size: 81.6287 Loss: 0.381188 Win: 0.492574 valueNorm: 5 stepSize: 0.001 Win Time: 1081.79
Iteration 98000 Time: 60509 Score: 84.6847 Size: 84.4951 Loss: 0.293103 Win: 0.573892 valueNorm: 5 stepSize: 0.001 Win Time: 1086.72
Iteration 98400 Time: 60735 Score: 85.6594 Size: 84.4331 Loss: 0.260341 Win: 0.652068 valueNorm: 5 stepSize: 0.001 Win Time: 1074.41
Iteration 98800 Time: 60961 Score: 84.826 Size: 84.0956 Loss: 0.296569 Win: 0.637255 valueNorm: 5 stepSize: 0.001 Win Time: 1078.47
Iteration 99200 Time: 61189 Score: 85.6114 Size: 84.9208 Loss: 0.289604 Win: 0.623762 valueNorm: 5 stepSize: 0.001 Win Time: 1090.46
Iteration 99600 Time: 61417 Score: 84.2494 Size: 83.9951 Loss: 0.288889 Win: 0.575309 valueNorm: 5 stepSize: 0.001 Win Time: 1071.2
Iteration 100000 Time: 61639 Score: 83.5965 Size: 83.6931 Loss: 0.329208 Win: 0.584158 valueNorm: 5 stepSize: 0.001 Win Time: 1070.43
Evaluation score: 78.7737
